[2023-10-29T16:25:22.892+0000] {taskinstance.py:1159} INFO - Dependencies all met for dep_context=non-requeueable deps ti=<TaskInstance: our_dag_with_python_operator_v5.first_task scheduled__2022-01-13T00:00:00+00:00 [queued]>
[2023-10-29T16:25:22.900+0000] {taskinstance.py:1159} INFO - Dependencies all met for dep_context=requeueable deps ti=<TaskInstance: our_dag_with_python_operator_v5.first_task scheduled__2022-01-13T00:00:00+00:00 [queued]>
[2023-10-29T16:25:22.902+0000] {taskinstance.py:1361} INFO - Starting attempt 1 of 6
[2023-10-29T16:25:22.926+0000] {taskinstance.py:1382} INFO - Executing <Task(PythonOperator): first_task> on 2022-01-13 00:00:00+00:00
[2023-10-29T16:25:22.935+0000] {standard_task_runner.py:57} INFO - Started process 9308 to run task
[2023-10-29T16:25:22.945+0000] {standard_task_runner.py:84} INFO - Running: ['***', 'tasks', 'run', 'our_dag_with_python_operator_v5', 'first_task', 'scheduled__2022-01-13T00:00:00+00:00', '--job-id', '2572', '--raw', '--subdir', 'DAGS_FOLDER/create_dag_with_python_operator.py', '--cfg-path', '/tmp/tmprs6px5jo']
[2023-10-29T16:25:22.958+0000] {standard_task_runner.py:85} INFO - Job 2572: Subtask first_task
[2023-10-29T16:25:23.088+0000] {task_command.py:416} INFO - Running <TaskInstance: our_dag_with_python_operator_v5.first_task scheduled__2022-01-13T00:00:00+00:00 [running]> on host 9bb87dc64328
[2023-10-29T16:25:23.236+0000] {taskinstance.py:1662} INFO - Exporting env vars: AIRFLOW_CTX_DAG_OWNER='coder3j' AIRFLOW_CTX_DAG_ID='our_dag_with_python_operator_v5' AIRFLOW_CTX_TASK_ID='first_task' AIRFLOW_CTX_EXECUTION_DATE='2022-01-13T00:00:00+00:00' AIRFLOW_CTX_TRY_NUMBER='1' AIRFLOW_CTX_DAG_RUN_ID='scheduled__2022-01-13T00:00:00+00:00'
[2023-10-29T16:25:23.237+0000] {logging_mixin.py:151} INFO - Hello world!
[2023-10-29T16:25:23.238+0000] {python.py:194} INFO - Done. Returned value was: None
[2023-10-29T16:25:23.263+0000] {taskinstance.py:1400} INFO - Marking task as SUCCESS. dag_id=our_dag_with_python_operator_v5, task_id=first_task, execution_date=20220113T000000, start_date=20231029T162522, end_date=20231029T162523
[2023-10-29T16:25:23.318+0000] {local_task_job_runner.py:228} INFO - Task exited with return code 0
[2023-10-29T16:25:23.337+0000] {taskinstance.py:2778} INFO - 0 downstream tasks scheduled from follow-on schedule check
[2023-10-30T14:20:50.976+0000] {taskinstance.py:1159} INFO - Dependencies all met for dep_context=non-requeueable deps ti=<TaskInstance: our_dag_with_python_operator_v5.first_task scheduled__2022-01-13T00:00:00+00:00 [queued]>
[2023-10-30T14:20:50.989+0000] {taskinstance.py:1159} INFO - Dependencies all met for dep_context=requeueable deps ti=<TaskInstance: our_dag_with_python_operator_v5.first_task scheduled__2022-01-13T00:00:00+00:00 [queued]>
[2023-10-30T14:20:50.990+0000] {taskinstance.py:1361} INFO - Starting attempt 1 of 6
[2023-10-30T14:20:51.055+0000] {taskinstance.py:1382} INFO - Executing <Task(PythonOperator): first_task> on 2022-01-13 00:00:00+00:00
[2023-10-30T14:20:51.077+0000] {standard_task_runner.py:57} INFO - Started process 1512 to run task
[2023-10-30T14:20:51.116+0000] {standard_task_runner.py:84} INFO - Running: ['***', 'tasks', 'run', 'our_dag_with_python_operator_v5', 'first_task', 'scheduled__2022-01-13T00:00:00+00:00', '--job-id', '3956', '--raw', '--subdir', 'DAGS_FOLDER/create_dag_with_python_operator.py', '--cfg-path', '/tmp/tmpeg0mnat1']
[2023-10-30T14:20:51.137+0000] {standard_task_runner.py:85} INFO - Job 3956: Subtask first_task
[2023-10-30T14:20:51.257+0000] {task_command.py:416} INFO - Running <TaskInstance: our_dag_with_python_operator_v5.first_task scheduled__2022-01-13T00:00:00+00:00 [running]> on host 9bb87dc64328
[2023-10-30T14:20:51.641+0000] {taskinstance.py:1662} INFO - Exporting env vars: AIRFLOW_CTX_DAG_OWNER='coder3j' AIRFLOW_CTX_DAG_ID='our_dag_with_python_operator_v5' AIRFLOW_CTX_TASK_ID='first_task' AIRFLOW_CTX_EXECUTION_DATE='2022-01-13T00:00:00+00:00' AIRFLOW_CTX_TRY_NUMBER='1' AIRFLOW_CTX_DAG_RUN_ID='scheduled__2022-01-13T00:00:00+00:00'
[2023-10-30T14:20:51.699+0000] {logging_mixin.py:151} INFO - Hello world! name Jerry age: 23
[2023-10-30T14:20:51.715+0000] {python.py:194} INFO - Done. Returned value was: None
[2023-10-30T14:20:51.759+0000] {taskinstance.py:1400} INFO - Marking task as SUCCESS. dag_id=our_dag_with_python_operator_v5, task_id=first_task, execution_date=20220113T000000, start_date=20231030T142050, end_date=20231030T142051
[2023-10-30T14:20:52.292+0000] {local_task_job_runner.py:228} INFO - Task exited with return code 0
[2023-10-30T14:20:52.416+0000] {taskinstance.py:2778} INFO - 0 downstream tasks scheduled from follow-on schedule check
