[2023-10-29T16:25:17.995+0000] {taskinstance.py:1159} INFO - Dependencies all met for dep_context=non-requeueable deps ti=<TaskInstance: our_dag_with_python_operator_v5.first_task scheduled__2021-12-29T00:00:00+00:00 [queued]>
[2023-10-29T16:25:18.017+0000] {taskinstance.py:1159} INFO - Dependencies all met for dep_context=requeueable deps ti=<TaskInstance: our_dag_with_python_operator_v5.first_task scheduled__2021-12-29T00:00:00+00:00 [queued]>
[2023-10-29T16:25:18.018+0000] {taskinstance.py:1361} INFO - Starting attempt 1 of 6
[2023-10-29T16:25:18.094+0000] {taskinstance.py:1382} INFO - Executing <Task(PythonOperator): first_task> on 2021-12-29 00:00:00+00:00
[2023-10-29T16:25:18.113+0000] {standard_task_runner.py:57} INFO - Started process 9279 to run task
[2023-10-29T16:25:18.130+0000] {standard_task_runner.py:84} INFO - Running: ['***', 'tasks', 'run', 'our_dag_with_python_operator_v5', 'first_task', 'scheduled__2021-12-29T00:00:00+00:00', '--job-id', '2557', '--raw', '--subdir', 'DAGS_FOLDER/create_dag_with_python_operator.py', '--cfg-path', '/tmp/tmpnrfgdkz7']
[2023-10-29T16:25:18.153+0000] {standard_task_runner.py:85} INFO - Job 2557: Subtask first_task
[2023-10-29T16:25:18.320+0000] {task_command.py:416} INFO - Running <TaskInstance: our_dag_with_python_operator_v5.first_task scheduled__2021-12-29T00:00:00+00:00 [running]> on host 9bb87dc64328
[2023-10-29T16:25:18.630+0000] {taskinstance.py:1662} INFO - Exporting env vars: AIRFLOW_CTX_DAG_OWNER='coder3j' AIRFLOW_CTX_DAG_ID='our_dag_with_python_operator_v5' AIRFLOW_CTX_TASK_ID='first_task' AIRFLOW_CTX_EXECUTION_DATE='2021-12-29T00:00:00+00:00' AIRFLOW_CTX_TRY_NUMBER='1' AIRFLOW_CTX_DAG_RUN_ID='scheduled__2021-12-29T00:00:00+00:00'
[2023-10-29T16:25:18.632+0000] {logging_mixin.py:151} INFO - Hello world!
[2023-10-29T16:25:18.633+0000] {python.py:194} INFO - Done. Returned value was: None
[2023-10-29T16:25:18.654+0000] {taskinstance.py:1400} INFO - Marking task as SUCCESS. dag_id=our_dag_with_python_operator_v5, task_id=first_task, execution_date=20211229T000000, start_date=20231029T162517, end_date=20231029T162518
[2023-10-29T16:25:18.774+0000] {local_task_job_runner.py:228} INFO - Task exited with return code 0
[2023-10-29T16:25:18.804+0000] {taskinstance.py:2778} INFO - 0 downstream tasks scheduled from follow-on schedule check
[2023-10-30T14:20:42.084+0000] {taskinstance.py:1159} INFO - Dependencies all met for dep_context=non-requeueable deps ti=<TaskInstance: our_dag_with_python_operator_v5.first_task scheduled__2021-12-29T00:00:00+00:00 [queued]>
[2023-10-30T14:20:42.113+0000] {taskinstance.py:1159} INFO - Dependencies all met for dep_context=requeueable deps ti=<TaskInstance: our_dag_with_python_operator_v5.first_task scheduled__2021-12-29T00:00:00+00:00 [queued]>
[2023-10-30T14:20:42.114+0000] {taskinstance.py:1361} INFO - Starting attempt 1 of 6
[2023-10-30T14:20:42.214+0000] {taskinstance.py:1382} INFO - Executing <Task(PythonOperator): first_task> on 2021-12-29 00:00:00+00:00
[2023-10-30T14:20:42.219+0000] {standard_task_runner.py:57} INFO - Started process 1432 to run task
[2023-10-30T14:20:42.227+0000] {standard_task_runner.py:84} INFO - Running: ['***', 'tasks', 'run', 'our_dag_with_python_operator_v5', 'first_task', 'scheduled__2021-12-29T00:00:00+00:00', '--job-id', '3920', '--raw', '--subdir', 'DAGS_FOLDER/create_dag_with_python_operator.py', '--cfg-path', '/tmp/tmptdmhep_0']
[2023-10-30T14:20:42.232+0000] {standard_task_runner.py:85} INFO - Job 3920: Subtask first_task
[2023-10-30T14:20:42.314+0000] {task_command.py:416} INFO - Running <TaskInstance: our_dag_with_python_operator_v5.first_task scheduled__2021-12-29T00:00:00+00:00 [running]> on host 9bb87dc64328
[2023-10-30T14:20:42.401+0000] {taskinstance.py:1662} INFO - Exporting env vars: AIRFLOW_CTX_DAG_OWNER='coder3j' AIRFLOW_CTX_DAG_ID='our_dag_with_python_operator_v5' AIRFLOW_CTX_TASK_ID='first_task' AIRFLOW_CTX_EXECUTION_DATE='2021-12-29T00:00:00+00:00' AIRFLOW_CTX_TRY_NUMBER='1' AIRFLOW_CTX_DAG_RUN_ID='scheduled__2021-12-29T00:00:00+00:00'
[2023-10-30T14:20:42.432+0000] {logging_mixin.py:151} INFO - Hello world! name Jerry age: 23
[2023-10-30T14:20:42.435+0000] {python.py:194} INFO - Done. Returned value was: None
[2023-10-30T14:20:42.448+0000] {taskinstance.py:1400} INFO - Marking task as SUCCESS. dag_id=our_dag_with_python_operator_v5, task_id=first_task, execution_date=20211229T000000, start_date=20231030T142042, end_date=20231030T142042
[2023-10-30T14:20:42.475+0000] {local_task_job_runner.py:228} INFO - Task exited with return code 0
[2023-10-30T14:20:42.494+0000] {taskinstance.py:2778} INFO - 0 downstream tasks scheduled from follow-on schedule check
