[2023-10-29T16:25:06.969+0000] {taskinstance.py:1159} INFO - Dependencies all met for dep_context=non-requeueable deps ti=<TaskInstance: our_dag_with_python_operator_v5.first_task scheduled__2021-12-10T00:00:00+00:00 [queued]>
[2023-10-29T16:25:06.999+0000] {taskinstance.py:1159} INFO - Dependencies all met for dep_context=requeueable deps ti=<TaskInstance: our_dag_with_python_operator_v5.first_task scheduled__2021-12-10T00:00:00+00:00 [queued]>
[2023-10-29T16:25:07.008+0000] {taskinstance.py:1361} INFO - Starting attempt 1 of 6
[2023-10-29T16:25:07.052+0000] {taskinstance.py:1382} INFO - Executing <Task(PythonOperator): first_task> on 2021-12-10 00:00:00+00:00
[2023-10-29T16:25:07.072+0000] {standard_task_runner.py:57} INFO - Started process 9229 to run task
[2023-10-29T16:25:07.103+0000] {standard_task_runner.py:84} INFO - Running: ['***', 'tasks', 'run', 'our_dag_with_python_operator_v5', 'first_task', 'scheduled__2021-12-10T00:00:00+00:00', '--job-id', '2538', '--raw', '--subdir', 'DAGS_FOLDER/create_dag_with_python_operator.py', '--cfg-path', '/tmp/tmp1cghdn1f']
[2023-10-29T16:25:07.151+0000] {standard_task_runner.py:85} INFO - Job 2538: Subtask first_task
[2023-10-29T16:25:07.396+0000] {task_command.py:416} INFO - Running <TaskInstance: our_dag_with_python_operator_v5.first_task scheduled__2021-12-10T00:00:00+00:00 [running]> on host 9bb87dc64328
[2023-10-29T16:25:07.746+0000] {taskinstance.py:1662} INFO - Exporting env vars: AIRFLOW_CTX_DAG_OWNER='coder3j' AIRFLOW_CTX_DAG_ID='our_dag_with_python_operator_v5' AIRFLOW_CTX_TASK_ID='first_task' AIRFLOW_CTX_EXECUTION_DATE='2021-12-10T00:00:00+00:00' AIRFLOW_CTX_TRY_NUMBER='1' AIRFLOW_CTX_DAG_RUN_ID='scheduled__2021-12-10T00:00:00+00:00'
[2023-10-29T16:25:07.751+0000] {logging_mixin.py:151} INFO - Hello world!
[2023-10-29T16:25:07.752+0000] {python.py:194} INFO - Done. Returned value was: None
[2023-10-29T16:25:07.783+0000] {taskinstance.py:1400} INFO - Marking task as SUCCESS. dag_id=our_dag_with_python_operator_v5, task_id=first_task, execution_date=20211210T000000, start_date=20231029T162506, end_date=20231029T162507
[2023-10-29T16:25:07.843+0000] {local_task_job_runner.py:228} INFO - Task exited with return code 0
[2023-10-29T16:25:07.971+0000] {taskinstance.py:2778} INFO - 0 downstream tasks scheduled from follow-on schedule check
[2023-10-30T14:20:29.834+0000] {taskinstance.py:1159} INFO - Dependencies all met for dep_context=non-requeueable deps ti=<TaskInstance: our_dag_with_python_operator_v5.first_task scheduled__2021-12-10T00:00:00+00:00 [queued]>
[2023-10-30T14:20:29.842+0000] {taskinstance.py:1159} INFO - Dependencies all met for dep_context=requeueable deps ti=<TaskInstance: our_dag_with_python_operator_v5.first_task scheduled__2021-12-10T00:00:00+00:00 [queued]>
[2023-10-30T14:20:29.843+0000] {taskinstance.py:1361} INFO - Starting attempt 1 of 6
[2023-10-30T14:20:29.856+0000] {taskinstance.py:1382} INFO - Executing <Task(PythonOperator): first_task> on 2021-12-10 00:00:00+00:00
[2023-10-30T14:20:29.860+0000] {standard_task_runner.py:57} INFO - Started process 1343 to run task
[2023-10-30T14:20:29.867+0000] {standard_task_runner.py:84} INFO - Running: ['***', 'tasks', 'run', 'our_dag_with_python_operator_v5', 'first_task', 'scheduled__2021-12-10T00:00:00+00:00', '--job-id', '3881', '--raw', '--subdir', 'DAGS_FOLDER/create_dag_with_python_operator.py', '--cfg-path', '/tmp/tmpjpeabyqo']
[2023-10-30T14:20:29.870+0000] {standard_task_runner.py:85} INFO - Job 3881: Subtask first_task
[2023-10-30T14:20:29.918+0000] {task_command.py:416} INFO - Running <TaskInstance: our_dag_with_python_operator_v5.first_task scheduled__2021-12-10T00:00:00+00:00 [running]> on host 9bb87dc64328
[2023-10-30T14:20:30.028+0000] {taskinstance.py:1662} INFO - Exporting env vars: AIRFLOW_CTX_DAG_OWNER='coder3j' AIRFLOW_CTX_DAG_ID='our_dag_with_python_operator_v5' AIRFLOW_CTX_TASK_ID='first_task' AIRFLOW_CTX_EXECUTION_DATE='2021-12-10T00:00:00+00:00' AIRFLOW_CTX_TRY_NUMBER='1' AIRFLOW_CTX_DAG_RUN_ID='scheduled__2021-12-10T00:00:00+00:00'
[2023-10-30T14:20:30.040+0000] {logging_mixin.py:151} INFO - Hello world! name Jerry age: 23
[2023-10-30T14:20:30.041+0000] {python.py:194} INFO - Done. Returned value was: None
[2023-10-30T14:20:30.050+0000] {taskinstance.py:1400} INFO - Marking task as SUCCESS. dag_id=our_dag_with_python_operator_v5, task_id=first_task, execution_date=20211210T000000, start_date=20231030T142029, end_date=20231030T142030
[2023-10-30T14:20:30.082+0000] {local_task_job_runner.py:228} INFO - Task exited with return code 0
[2023-10-30T14:20:30.097+0000] {taskinstance.py:2778} INFO - 0 downstream tasks scheduled from follow-on schedule check
