[2023-10-29T16:25:11.417+0000] {taskinstance.py:1159} INFO - Dependencies all met for dep_context=non-requeueable deps ti=<TaskInstance: our_dag_with_python_operator_v5.first_task scheduled__2021-12-22T00:00:00+00:00 [queued]>
[2023-10-29T16:25:11.442+0000] {taskinstance.py:1159} INFO - Dependencies all met for dep_context=requeueable deps ti=<TaskInstance: our_dag_with_python_operator_v5.first_task scheduled__2021-12-22T00:00:00+00:00 [queued]>
[2023-10-29T16:25:11.443+0000] {taskinstance.py:1361} INFO - Starting attempt 1 of 6
[2023-10-29T16:25:11.462+0000] {taskinstance.py:1382} INFO - Executing <Task(PythonOperator): first_task> on 2021-12-22 00:00:00+00:00
[2023-10-29T16:25:11.474+0000] {standard_task_runner.py:57} INFO - Started process 9252 to run task
[2023-10-29T16:25:11.482+0000] {standard_task_runner.py:84} INFO - Running: ['***', 'tasks', 'run', 'our_dag_with_python_operator_v5', 'first_task', 'scheduled__2021-12-22T00:00:00+00:00', '--job-id', '2550', '--raw', '--subdir', 'DAGS_FOLDER/create_dag_with_python_operator.py', '--cfg-path', '/tmp/tmp2ntgldu6']
[2023-10-29T16:25:11.487+0000] {standard_task_runner.py:85} INFO - Job 2550: Subtask first_task
[2023-10-29T16:25:11.598+0000] {task_command.py:416} INFO - Running <TaskInstance: our_dag_with_python_operator_v5.first_task scheduled__2021-12-22T00:00:00+00:00 [running]> on host 9bb87dc64328
[2023-10-29T16:25:11.739+0000] {taskinstance.py:1662} INFO - Exporting env vars: AIRFLOW_CTX_DAG_OWNER='coder3j' AIRFLOW_CTX_DAG_ID='our_dag_with_python_operator_v5' AIRFLOW_CTX_TASK_ID='first_task' AIRFLOW_CTX_EXECUTION_DATE='2021-12-22T00:00:00+00:00' AIRFLOW_CTX_TRY_NUMBER='1' AIRFLOW_CTX_DAG_RUN_ID='scheduled__2021-12-22T00:00:00+00:00'
[2023-10-29T16:25:11.741+0000] {logging_mixin.py:151} INFO - Hello world!
[2023-10-29T16:25:11.742+0000] {python.py:194} INFO - Done. Returned value was: None
[2023-10-29T16:25:11.763+0000] {taskinstance.py:1400} INFO - Marking task as SUCCESS. dag_id=our_dag_with_python_operator_v5, task_id=first_task, execution_date=20211222T000000, start_date=20231029T162511, end_date=20231029T162511
[2023-10-29T16:25:11.817+0000] {local_task_job_runner.py:228} INFO - Task exited with return code 0
[2023-10-29T16:25:11.862+0000] {taskinstance.py:2778} INFO - 0 downstream tasks scheduled from follow-on schedule check
[2023-10-30T14:20:39.848+0000] {taskinstance.py:1159} INFO - Dependencies all met for dep_context=non-requeueable deps ti=<TaskInstance: our_dag_with_python_operator_v5.first_task scheduled__2021-12-22T00:00:00+00:00 [queued]>
[2023-10-30T14:20:39.855+0000] {taskinstance.py:1159} INFO - Dependencies all met for dep_context=requeueable deps ti=<TaskInstance: our_dag_with_python_operator_v5.first_task scheduled__2021-12-22T00:00:00+00:00 [queued]>
[2023-10-30T14:20:39.856+0000] {taskinstance.py:1361} INFO - Starting attempt 1 of 6
[2023-10-30T14:20:39.947+0000] {taskinstance.py:1382} INFO - Executing <Task(PythonOperator): first_task> on 2021-12-22 00:00:00+00:00
[2023-10-30T14:20:39.963+0000] {standard_task_runner.py:57} INFO - Started process 1408 to run task
[2023-10-30T14:20:39.976+0000] {standard_task_runner.py:84} INFO - Running: ['***', 'tasks', 'run', 'our_dag_with_python_operator_v5', 'first_task', 'scheduled__2021-12-22T00:00:00+00:00', '--job-id', '3907', '--raw', '--subdir', 'DAGS_FOLDER/create_dag_with_python_operator.py', '--cfg-path', '/tmp/tmp9squhru_']
[2023-10-30T14:20:40.020+0000] {standard_task_runner.py:85} INFO - Job 3907: Subtask first_task
[2023-10-30T14:20:40.118+0000] {task_command.py:416} INFO - Running <TaskInstance: our_dag_with_python_operator_v5.first_task scheduled__2021-12-22T00:00:00+00:00 [running]> on host 9bb87dc64328
[2023-10-30T14:20:40.216+0000] {taskinstance.py:1662} INFO - Exporting env vars: AIRFLOW_CTX_DAG_OWNER='coder3j' AIRFLOW_CTX_DAG_ID='our_dag_with_python_operator_v5' AIRFLOW_CTX_TASK_ID='first_task' AIRFLOW_CTX_EXECUTION_DATE='2021-12-22T00:00:00+00:00' AIRFLOW_CTX_TRY_NUMBER='1' AIRFLOW_CTX_DAG_RUN_ID='scheduled__2021-12-22T00:00:00+00:00'
[2023-10-30T14:20:40.250+0000] {logging_mixin.py:151} INFO - Hello world! name Jerry age: 23
[2023-10-30T14:20:40.251+0000] {python.py:194} INFO - Done. Returned value was: None
[2023-10-30T14:20:40.269+0000] {taskinstance.py:1400} INFO - Marking task as SUCCESS. dag_id=our_dag_with_python_operator_v5, task_id=first_task, execution_date=20211222T000000, start_date=20231030T142039, end_date=20231030T142040
[2023-10-30T14:20:40.477+0000] {local_task_job_runner.py:228} INFO - Task exited with return code 0
[2023-10-30T14:20:40.500+0000] {taskinstance.py:2778} INFO - 0 downstream tasks scheduled from follow-on schedule check
