[2023-10-29T16:25:06.555+0000] {taskinstance.py:1159} INFO - Dependencies all met for dep_context=non-requeueable deps ti=<TaskInstance: our_dag_with_python_operator_v5.first_task scheduled__2021-12-08T00:00:00+00:00 [queued]>
[2023-10-29T16:25:06.580+0000] {taskinstance.py:1159} INFO - Dependencies all met for dep_context=requeueable deps ti=<TaskInstance: our_dag_with_python_operator_v5.first_task scheduled__2021-12-08T00:00:00+00:00 [queued]>
[2023-10-29T16:25:06.581+0000] {taskinstance.py:1361} INFO - Starting attempt 1 of 6
[2023-10-29T16:25:07.031+0000] {taskinstance.py:1382} INFO - Executing <Task(PythonOperator): first_task> on 2021-12-08 00:00:00+00:00
[2023-10-29T16:25:07.062+0000] {standard_task_runner.py:57} INFO - Started process 9227 to run task
[2023-10-29T16:25:07.087+0000] {standard_task_runner.py:84} INFO - Running: ['***', 'tasks', 'run', 'our_dag_with_python_operator_v5', 'first_task', 'scheduled__2021-12-08T00:00:00+00:00', '--job-id', '2536', '--raw', '--subdir', 'DAGS_FOLDER/create_dag_with_python_operator.py', '--cfg-path', '/tmp/tmpc0hjllx3']
[2023-10-29T16:25:07.106+0000] {standard_task_runner.py:85} INFO - Job 2536: Subtask first_task
[2023-10-29T16:25:07.470+0000] {task_command.py:416} INFO - Running <TaskInstance: our_dag_with_python_operator_v5.first_task scheduled__2021-12-08T00:00:00+00:00 [running]> on host 9bb87dc64328
[2023-10-29T16:25:07.781+0000] {taskinstance.py:1662} INFO - Exporting env vars: AIRFLOW_CTX_DAG_OWNER='coder3j' AIRFLOW_CTX_DAG_ID='our_dag_with_python_operator_v5' AIRFLOW_CTX_TASK_ID='first_task' AIRFLOW_CTX_EXECUTION_DATE='2021-12-08T00:00:00+00:00' AIRFLOW_CTX_TRY_NUMBER='1' AIRFLOW_CTX_DAG_RUN_ID='scheduled__2021-12-08T00:00:00+00:00'
[2023-10-29T16:25:07.785+0000] {logging_mixin.py:151} INFO - Hello world!
[2023-10-29T16:25:07.785+0000] {python.py:194} INFO - Done. Returned value was: None
[2023-10-29T16:25:07.807+0000] {taskinstance.py:1400} INFO - Marking task as SUCCESS. dag_id=our_dag_with_python_operator_v5, task_id=first_task, execution_date=20211208T000000, start_date=20231029T162506, end_date=20231029T162507
[2023-10-29T16:25:07.883+0000] {local_task_job_runner.py:228} INFO - Task exited with return code 0
[2023-10-29T16:25:08.014+0000] {taskinstance.py:2778} INFO - 0 downstream tasks scheduled from follow-on schedule check
[2023-10-30T14:20:28.421+0000] {taskinstance.py:1159} INFO - Dependencies all met for dep_context=non-requeueable deps ti=<TaskInstance: our_dag_with_python_operator_v5.first_task scheduled__2021-12-08T00:00:00+00:00 [queued]>
[2023-10-30T14:20:28.432+0000] {taskinstance.py:1159} INFO - Dependencies all met for dep_context=requeueable deps ti=<TaskInstance: our_dag_with_python_operator_v5.first_task scheduled__2021-12-08T00:00:00+00:00 [queued]>
[2023-10-30T14:20:28.433+0000] {taskinstance.py:1361} INFO - Starting attempt 1 of 6
[2023-10-30T14:20:28.445+0000] {taskinstance.py:1382} INFO - Executing <Task(PythonOperator): first_task> on 2021-12-08 00:00:00+00:00
[2023-10-30T14:20:28.449+0000] {standard_task_runner.py:57} INFO - Started process 1336 to run task
[2023-10-30T14:20:28.454+0000] {standard_task_runner.py:84} INFO - Running: ['***', 'tasks', 'run', 'our_dag_with_python_operator_v5', 'first_task', 'scheduled__2021-12-08T00:00:00+00:00', '--job-id', '3876', '--raw', '--subdir', 'DAGS_FOLDER/create_dag_with_python_operator.py', '--cfg-path', '/tmp/tmpccui4vh6']
[2023-10-30T14:20:28.457+0000] {standard_task_runner.py:85} INFO - Job 3876: Subtask first_task
[2023-10-30T14:20:28.525+0000] {task_command.py:416} INFO - Running <TaskInstance: our_dag_with_python_operator_v5.first_task scheduled__2021-12-08T00:00:00+00:00 [running]> on host 9bb87dc64328
[2023-10-30T14:20:28.616+0000] {taskinstance.py:1662} INFO - Exporting env vars: AIRFLOW_CTX_DAG_OWNER='coder3j' AIRFLOW_CTX_DAG_ID='our_dag_with_python_operator_v5' AIRFLOW_CTX_TASK_ID='first_task' AIRFLOW_CTX_EXECUTION_DATE='2021-12-08T00:00:00+00:00' AIRFLOW_CTX_TRY_NUMBER='1' AIRFLOW_CTX_DAG_RUN_ID='scheduled__2021-12-08T00:00:00+00:00'
[2023-10-30T14:20:28.631+0000] {logging_mixin.py:151} INFO - Hello world! name Jerry age: 23
[2023-10-30T14:20:28.632+0000] {python.py:194} INFO - Done. Returned value was: None
[2023-10-30T14:20:28.646+0000] {taskinstance.py:1400} INFO - Marking task as SUCCESS. dag_id=our_dag_with_python_operator_v5, task_id=first_task, execution_date=20211208T000000, start_date=20231030T142028, end_date=20231030T142028
[2023-10-30T14:20:28.667+0000] {local_task_job_runner.py:228} INFO - Task exited with return code 0
[2023-10-30T14:20:28.681+0000] {taskinstance.py:2778} INFO - 0 downstream tasks scheduled from follow-on schedule check
