[2023-10-29T16:24:45.870+0000] {taskinstance.py:1159} INFO - Dependencies all met for dep_context=non-requeueable deps ti=<TaskInstance: our_dag_with_python_operator_v5.first_task scheduled__2021-10-24T00:00:00+00:00 [queued]>
[2023-10-29T16:24:45.878+0000] {taskinstance.py:1159} INFO - Dependencies all met for dep_context=requeueable deps ti=<TaskInstance: our_dag_with_python_operator_v5.first_task scheduled__2021-10-24T00:00:00+00:00 [queued]>
[2023-10-29T16:24:45.878+0000] {taskinstance.py:1361} INFO - Starting attempt 1 of 6
[2023-10-29T16:24:45.901+0000] {taskinstance.py:1382} INFO - Executing <Task(PythonOperator): first_task> on 2021-10-24 00:00:00+00:00
[2023-10-29T16:24:45.915+0000] {standard_task_runner.py:57} INFO - Started process 9124 to run task
[2023-10-29T16:24:45.920+0000] {standard_task_runner.py:84} INFO - Running: ['***', 'tasks', 'run', 'our_dag_with_python_operator_v5', 'first_task', 'scheduled__2021-10-24T00:00:00+00:00', '--job-id', '2491', '--raw', '--subdir', 'DAGS_FOLDER/create_dag_with_python_operator.py', '--cfg-path', '/tmp/tmp1flz5sgx']
[2023-10-29T16:24:45.927+0000] {standard_task_runner.py:85} INFO - Job 2491: Subtask first_task
[2023-10-29T16:24:46.031+0000] {task_command.py:416} INFO - Running <TaskInstance: our_dag_with_python_operator_v5.first_task scheduled__2021-10-24T00:00:00+00:00 [running]> on host 9bb87dc64328
[2023-10-29T16:24:46.176+0000] {taskinstance.py:1662} INFO - Exporting env vars: AIRFLOW_CTX_DAG_OWNER='coder3j' AIRFLOW_CTX_DAG_ID='our_dag_with_python_operator_v5' AIRFLOW_CTX_TASK_ID='first_task' AIRFLOW_CTX_EXECUTION_DATE='2021-10-24T00:00:00+00:00' AIRFLOW_CTX_TRY_NUMBER='1' AIRFLOW_CTX_DAG_RUN_ID='scheduled__2021-10-24T00:00:00+00:00'
[2023-10-29T16:24:46.179+0000] {logging_mixin.py:151} INFO - Hello world!
[2023-10-29T16:24:46.181+0000] {python.py:194} INFO - Done. Returned value was: None
[2023-10-29T16:24:46.196+0000] {taskinstance.py:1400} INFO - Marking task as SUCCESS. dag_id=our_dag_with_python_operator_v5, task_id=first_task, execution_date=20211024T000000, start_date=20231029T162445, end_date=20231029T162446
[2023-10-29T16:24:46.259+0000] {local_task_job_runner.py:228} INFO - Task exited with return code 0
[2023-10-29T16:24:46.289+0000] {taskinstance.py:2778} INFO - 0 downstream tasks scheduled from follow-on schedule check
[2023-10-30T14:19:57.691+0000] {taskinstance.py:1159} INFO - Dependencies all met for dep_context=non-requeueable deps ti=<TaskInstance: our_dag_with_python_operator_v5.first_task scheduled__2021-10-24T00:00:00+00:00 [queued]>
[2023-10-30T14:19:57.697+0000] {taskinstance.py:1159} INFO - Dependencies all met for dep_context=requeueable deps ti=<TaskInstance: our_dag_with_python_operator_v5.first_task scheduled__2021-10-24T00:00:00+00:00 [queued]>
[2023-10-30T14:19:57.698+0000] {taskinstance.py:1361} INFO - Starting attempt 1 of 6
[2023-10-30T14:19:57.705+0000] {taskinstance.py:1382} INFO - Executing <Task(PythonOperator): first_task> on 2021-10-24 00:00:00+00:00
[2023-10-30T14:19:57.711+0000] {standard_task_runner.py:57} INFO - Started process 1137 to run task
[2023-10-30T14:19:57.715+0000] {standard_task_runner.py:84} INFO - Running: ['***', 'tasks', 'run', 'our_dag_with_python_operator_v5', 'first_task', 'scheduled__2021-10-24T00:00:00+00:00', '--job-id', '3787', '--raw', '--subdir', 'DAGS_FOLDER/create_dag_with_python_operator.py', '--cfg-path', '/tmp/tmpomiofae7']
[2023-10-30T14:19:57.718+0000] {standard_task_runner.py:85} INFO - Job 3787: Subtask first_task
[2023-10-30T14:19:57.758+0000] {task_command.py:416} INFO - Running <TaskInstance: our_dag_with_python_operator_v5.first_task scheduled__2021-10-24T00:00:00+00:00 [running]> on host 9bb87dc64328
[2023-10-30T14:19:57.817+0000] {taskinstance.py:1662} INFO - Exporting env vars: AIRFLOW_CTX_DAG_OWNER='coder3j' AIRFLOW_CTX_DAG_ID='our_dag_with_python_operator_v5' AIRFLOW_CTX_TASK_ID='first_task' AIRFLOW_CTX_EXECUTION_DATE='2021-10-24T00:00:00+00:00' AIRFLOW_CTX_TRY_NUMBER='1' AIRFLOW_CTX_DAG_RUN_ID='scheduled__2021-10-24T00:00:00+00:00'
[2023-10-30T14:19:57.827+0000] {logging_mixin.py:151} INFO - Hello world! name Jerry age: 23
[2023-10-30T14:19:57.828+0000] {python.py:194} INFO - Done. Returned value was: None
[2023-10-30T14:19:57.836+0000] {taskinstance.py:1400} INFO - Marking task as SUCCESS. dag_id=our_dag_with_python_operator_v5, task_id=first_task, execution_date=20211024T000000, start_date=20231030T141957, end_date=20231030T141957
[2023-10-30T14:19:57.888+0000] {local_task_job_runner.py:228} INFO - Task exited with return code 0
[2023-10-30T14:19:57.906+0000] {taskinstance.py:2778} INFO - 0 downstream tasks scheduled from follow-on schedule check
