[2023-10-29T16:24:57.430+0000] {taskinstance.py:1159} INFO - Dependencies all met for dep_context=non-requeueable deps ti=<TaskInstance: our_dag_with_python_operator_v5.first_task scheduled__2021-11-20T00:00:00+00:00 [queued]>
[2023-10-29T16:24:57.448+0000] {taskinstance.py:1159} INFO - Dependencies all met for dep_context=requeueable deps ti=<TaskInstance: our_dag_with_python_operator_v5.first_task scheduled__2021-11-20T00:00:00+00:00 [queued]>
[2023-10-29T16:24:57.449+0000] {taskinstance.py:1361} INFO - Starting attempt 1 of 6
[2023-10-29T16:24:57.625+0000] {taskinstance.py:1382} INFO - Executing <Task(PythonOperator): first_task> on 2021-11-20 00:00:00+00:00
[2023-10-29T16:24:57.645+0000] {standard_task_runner.py:57} INFO - Started process 9184 to run task
[2023-10-29T16:24:57.666+0000] {standard_task_runner.py:84} INFO - Running: ['***', 'tasks', 'run', 'our_dag_with_python_operator_v5', 'first_task', 'scheduled__2021-11-20T00:00:00+00:00', '--job-id', '2518', '--raw', '--subdir', 'DAGS_FOLDER/create_dag_with_python_operator.py', '--cfg-path', '/tmp/tmp21pv44_f']
[2023-10-29T16:24:57.674+0000] {standard_task_runner.py:85} INFO - Job 2518: Subtask first_task
[2023-10-29T16:24:57.832+0000] {task_command.py:416} INFO - Running <TaskInstance: our_dag_with_python_operator_v5.first_task scheduled__2021-11-20T00:00:00+00:00 [running]> on host 9bb87dc64328
[2023-10-29T16:24:58.214+0000] {taskinstance.py:1662} INFO - Exporting env vars: AIRFLOW_CTX_DAG_OWNER='coder3j' AIRFLOW_CTX_DAG_ID='our_dag_with_python_operator_v5' AIRFLOW_CTX_TASK_ID='first_task' AIRFLOW_CTX_EXECUTION_DATE='2021-11-20T00:00:00+00:00' AIRFLOW_CTX_TRY_NUMBER='1' AIRFLOW_CTX_DAG_RUN_ID='scheduled__2021-11-20T00:00:00+00:00'
[2023-10-29T16:24:58.216+0000] {logging_mixin.py:151} INFO - Hello world!
[2023-10-29T16:24:58.217+0000] {python.py:194} INFO - Done. Returned value was: None
[2023-10-29T16:24:58.247+0000] {taskinstance.py:1400} INFO - Marking task as SUCCESS. dag_id=our_dag_with_python_operator_v5, task_id=first_task, execution_date=20211120T000000, start_date=20231029T162457, end_date=20231029T162458
[2023-10-29T16:24:58.302+0000] {local_task_job_runner.py:228} INFO - Task exited with return code 0
[2023-10-29T16:24:58.354+0000] {taskinstance.py:2778} INFO - 0 downstream tasks scheduled from follow-on schedule check
[2023-10-30T14:20:18.608+0000] {taskinstance.py:1159} INFO - Dependencies all met for dep_context=non-requeueable deps ti=<TaskInstance: our_dag_with_python_operator_v5.first_task scheduled__2021-11-20T00:00:00+00:00 [queued]>
[2023-10-30T14:20:18.620+0000] {taskinstance.py:1159} INFO - Dependencies all met for dep_context=requeueable deps ti=<TaskInstance: our_dag_with_python_operator_v5.first_task scheduled__2021-11-20T00:00:00+00:00 [queued]>
[2023-10-30T14:20:18.622+0000] {taskinstance.py:1361} INFO - Starting attempt 1 of 6
[2023-10-30T14:20:18.644+0000] {taskinstance.py:1382} INFO - Executing <Task(PythonOperator): first_task> on 2021-11-20 00:00:00+00:00
[2023-10-30T14:20:18.649+0000] {standard_task_runner.py:57} INFO - Started process 1267 to run task
[2023-10-30T14:20:18.656+0000] {standard_task_runner.py:84} INFO - Running: ['***', 'tasks', 'run', 'our_dag_with_python_operator_v5', 'first_task', 'scheduled__2021-11-20T00:00:00+00:00', '--job-id', '3843', '--raw', '--subdir', 'DAGS_FOLDER/create_dag_with_python_operator.py', '--cfg-path', '/tmp/tmp32m23g71']
[2023-10-30T14:20:18.660+0000] {standard_task_runner.py:85} INFO - Job 3843: Subtask first_task
[2023-10-30T14:20:18.730+0000] {task_command.py:416} INFO - Running <TaskInstance: our_dag_with_python_operator_v5.first_task scheduled__2021-11-20T00:00:00+00:00 [running]> on host 9bb87dc64328
[2023-10-30T14:20:18.892+0000] {taskinstance.py:1662} INFO - Exporting env vars: AIRFLOW_CTX_DAG_OWNER='coder3j' AIRFLOW_CTX_DAG_ID='our_dag_with_python_operator_v5' AIRFLOW_CTX_TASK_ID='first_task' AIRFLOW_CTX_EXECUTION_DATE='2021-11-20T00:00:00+00:00' AIRFLOW_CTX_TRY_NUMBER='1' AIRFLOW_CTX_DAG_RUN_ID='scheduled__2021-11-20T00:00:00+00:00'
[2023-10-30T14:20:18.905+0000] {logging_mixin.py:151} INFO - Hello world! name Jerry age: 23
[2023-10-30T14:20:18.907+0000] {python.py:194} INFO - Done. Returned value was: None
[2023-10-30T14:20:18.921+0000] {taskinstance.py:1400} INFO - Marking task as SUCCESS. dag_id=our_dag_with_python_operator_v5, task_id=first_task, execution_date=20211120T000000, start_date=20231030T142018, end_date=20231030T142018
[2023-10-30T14:20:18.951+0000] {local_task_job_runner.py:228} INFO - Task exited with return code 0
[2023-10-30T14:20:18.976+0000] {taskinstance.py:2778} INFO - 0 downstream tasks scheduled from follow-on schedule check
