[2023-10-29T16:25:09.710+0000] {taskinstance.py:1159} INFO - Dependencies all met for dep_context=non-requeueable deps ti=<TaskInstance: our_dag_with_python_operator_v5.first_task scheduled__2021-12-15T00:00:00+00:00 [queued]>
[2023-10-29T16:25:09.722+0000] {taskinstance.py:1159} INFO - Dependencies all met for dep_context=requeueable deps ti=<TaskInstance: our_dag_with_python_operator_v5.first_task scheduled__2021-12-15T00:00:00+00:00 [queued]>
[2023-10-29T16:25:09.725+0000] {taskinstance.py:1361} INFO - Starting attempt 1 of 6
[2023-10-29T16:25:09.768+0000] {taskinstance.py:1382} INFO - Executing <Task(PythonOperator): first_task> on 2021-12-15 00:00:00+00:00
[2023-10-29T16:25:09.775+0000] {standard_task_runner.py:57} INFO - Started process 9241 to run task
[2023-10-29T16:25:09.797+0000] {standard_task_runner.py:84} INFO - Running: ['***', 'tasks', 'run', 'our_dag_with_python_operator_v5', 'first_task', 'scheduled__2021-12-15T00:00:00+00:00', '--job-id', '2543', '--raw', '--subdir', 'DAGS_FOLDER/create_dag_with_python_operator.py', '--cfg-path', '/tmp/tmp3o91nh_d']
[2023-10-29T16:25:09.841+0000] {standard_task_runner.py:85} INFO - Job 2543: Subtask first_task
[2023-10-29T16:25:10.054+0000] {task_command.py:416} INFO - Running <TaskInstance: our_dag_with_python_operator_v5.first_task scheduled__2021-12-15T00:00:00+00:00 [running]> on host 9bb87dc64328
[2023-10-29T16:25:10.403+0000] {taskinstance.py:1662} INFO - Exporting env vars: AIRFLOW_CTX_DAG_OWNER='coder3j' AIRFLOW_CTX_DAG_ID='our_dag_with_python_operator_v5' AIRFLOW_CTX_TASK_ID='first_task' AIRFLOW_CTX_EXECUTION_DATE='2021-12-15T00:00:00+00:00' AIRFLOW_CTX_TRY_NUMBER='1' AIRFLOW_CTX_DAG_RUN_ID='scheduled__2021-12-15T00:00:00+00:00'
[2023-10-29T16:25:10.409+0000] {logging_mixin.py:151} INFO - Hello world!
[2023-10-29T16:25:10.415+0000] {python.py:194} INFO - Done. Returned value was: None
[2023-10-29T16:25:10.486+0000] {taskinstance.py:1400} INFO - Marking task as SUCCESS. dag_id=our_dag_with_python_operator_v5, task_id=first_task, execution_date=20211215T000000, start_date=20231029T162509, end_date=20231029T162510
[2023-10-29T16:25:10.599+0000] {local_task_job_runner.py:228} INFO - Task exited with return code 0
[2023-10-29T16:25:10.751+0000] {taskinstance.py:2778} INFO - 0 downstream tasks scheduled from follow-on schedule check
[2023-10-30T14:20:35.005+0000] {taskinstance.py:1159} INFO - Dependencies all met for dep_context=non-requeueable deps ti=<TaskInstance: our_dag_with_python_operator_v5.first_task scheduled__2021-12-15T00:00:00+00:00 [queued]>
[2023-10-30T14:20:35.027+0000] {taskinstance.py:1159} INFO - Dependencies all met for dep_context=requeueable deps ti=<TaskInstance: our_dag_with_python_operator_v5.first_task scheduled__2021-12-15T00:00:00+00:00 [queued]>
[2023-10-30T14:20:35.027+0000] {taskinstance.py:1361} INFO - Starting attempt 1 of 6
[2023-10-30T14:20:35.071+0000] {taskinstance.py:1382} INFO - Executing <Task(PythonOperator): first_task> on 2021-12-15 00:00:00+00:00
[2023-10-30T14:20:35.078+0000] {standard_task_runner.py:57} INFO - Started process 1370 to run task
[2023-10-30T14:20:35.109+0000] {standard_task_runner.py:84} INFO - Running: ['***', 'tasks', 'run', 'our_dag_with_python_operator_v5', 'first_task', 'scheduled__2021-12-15T00:00:00+00:00', '--job-id', '3892', '--raw', '--subdir', 'DAGS_FOLDER/create_dag_with_python_operator.py', '--cfg-path', '/tmp/tmp8okbxp3k']
[2023-10-30T14:20:35.183+0000] {standard_task_runner.py:85} INFO - Job 3892: Subtask first_task
[2023-10-30T14:20:35.377+0000] {task_command.py:416} INFO - Running <TaskInstance: our_dag_with_python_operator_v5.first_task scheduled__2021-12-15T00:00:00+00:00 [running]> on host 9bb87dc64328
[2023-10-30T14:20:35.638+0000] {taskinstance.py:1662} INFO - Exporting env vars: AIRFLOW_CTX_DAG_OWNER='coder3j' AIRFLOW_CTX_DAG_ID='our_dag_with_python_operator_v5' AIRFLOW_CTX_TASK_ID='first_task' AIRFLOW_CTX_EXECUTION_DATE='2021-12-15T00:00:00+00:00' AIRFLOW_CTX_TRY_NUMBER='1' AIRFLOW_CTX_DAG_RUN_ID='scheduled__2021-12-15T00:00:00+00:00'
[2023-10-30T14:20:35.662+0000] {logging_mixin.py:151} INFO - Hello world! name Jerry age: 23
[2023-10-30T14:20:35.663+0000] {python.py:194} INFO - Done. Returned value was: None
[2023-10-30T14:20:35.680+0000] {taskinstance.py:1400} INFO - Marking task as SUCCESS. dag_id=our_dag_with_python_operator_v5, task_id=first_task, execution_date=20211215T000000, start_date=20231030T142035, end_date=20231030T142035
[2023-10-30T14:20:35.736+0000] {local_task_job_runner.py:228} INFO - Task exited with return code 0
[2023-10-30T14:20:35.785+0000] {taskinstance.py:2778} INFO - 0 downstream tasks scheduled from follow-on schedule check
