[2023-10-29T16:24:48.629+0000] {taskinstance.py:1159} INFO - Dependencies all met for dep_context=non-requeueable deps ti=<TaskInstance: our_dag_with_python_operator_v5.first_task scheduled__2021-10-28T00:00:00+00:00 [queued]>
[2023-10-29T16:24:48.682+0000] {taskinstance.py:1159} INFO - Dependencies all met for dep_context=requeueable deps ti=<TaskInstance: our_dag_with_python_operator_v5.first_task scheduled__2021-10-28T00:00:00+00:00 [queued]>
[2023-10-29T16:24:48.683+0000] {taskinstance.py:1361} INFO - Starting attempt 1 of 6
[2023-10-29T16:24:48.720+0000] {taskinstance.py:1382} INFO - Executing <Task(PythonOperator): first_task> on 2021-10-28 00:00:00+00:00
[2023-10-29T16:24:48.740+0000] {standard_task_runner.py:57} INFO - Started process 9136 to run task
[2023-10-29T16:24:48.796+0000] {standard_task_runner.py:84} INFO - Running: ['***', 'tasks', 'run', 'our_dag_with_python_operator_v5', 'first_task', 'scheduled__2021-10-28T00:00:00+00:00', '--job-id', '2495', '--raw', '--subdir', 'DAGS_FOLDER/create_dag_with_python_operator.py', '--cfg-path', '/tmp/tmpu3voq9q7']
[2023-10-29T16:24:48.814+0000] {standard_task_runner.py:85} INFO - Job 2495: Subtask first_task
[2023-10-29T16:24:48.988+0000] {task_command.py:416} INFO - Running <TaskInstance: our_dag_with_python_operator_v5.first_task scheduled__2021-10-28T00:00:00+00:00 [running]> on host 9bb87dc64328
[2023-10-29T16:24:49.399+0000] {taskinstance.py:1662} INFO - Exporting env vars: AIRFLOW_CTX_DAG_OWNER='coder3j' AIRFLOW_CTX_DAG_ID='our_dag_with_python_operator_v5' AIRFLOW_CTX_TASK_ID='first_task' AIRFLOW_CTX_EXECUTION_DATE='2021-10-28T00:00:00+00:00' AIRFLOW_CTX_TRY_NUMBER='1' AIRFLOW_CTX_DAG_RUN_ID='scheduled__2021-10-28T00:00:00+00:00'
[2023-10-29T16:24:49.401+0000] {logging_mixin.py:151} INFO - Hello world!
[2023-10-29T16:24:49.402+0000] {python.py:194} INFO - Done. Returned value was: None
[2023-10-29T16:24:49.470+0000] {taskinstance.py:1400} INFO - Marking task as SUCCESS. dag_id=our_dag_with_python_operator_v5, task_id=first_task, execution_date=20211028T000000, start_date=20231029T162448, end_date=20231029T162449
[2023-10-29T16:24:49.604+0000] {local_task_job_runner.py:228} INFO - Task exited with return code 0
[2023-10-29T16:24:49.740+0000] {taskinstance.py:2778} INFO - 0 downstream tasks scheduled from follow-on schedule check
[2023-10-30T14:20:02.129+0000] {taskinstance.py:1159} INFO - Dependencies all met for dep_context=non-requeueable deps ti=<TaskInstance: our_dag_with_python_operator_v5.first_task scheduled__2021-10-28T00:00:00+00:00 [queued]>
[2023-10-30T14:20:02.154+0000] {taskinstance.py:1159} INFO - Dependencies all met for dep_context=requeueable deps ti=<TaskInstance: our_dag_with_python_operator_v5.first_task scheduled__2021-10-28T00:00:00+00:00 [queued]>
[2023-10-30T14:20:02.162+0000] {taskinstance.py:1361} INFO - Starting attempt 1 of 6
[2023-10-30T14:20:02.342+0000] {taskinstance.py:1382} INFO - Executing <Task(PythonOperator): first_task> on 2021-10-28 00:00:00+00:00
[2023-10-30T14:20:02.397+0000] {standard_task_runner.py:57} INFO - Started process 1159 to run task
[2023-10-30T14:20:02.442+0000] {standard_task_runner.py:84} INFO - Running: ['***', 'tasks', 'run', 'our_dag_with_python_operator_v5', 'first_task', 'scheduled__2021-10-28T00:00:00+00:00', '--job-id', '3797', '--raw', '--subdir', 'DAGS_FOLDER/create_dag_with_python_operator.py', '--cfg-path', '/tmp/tmpk0g3c_va']
[2023-10-30T14:20:02.469+0000] {standard_task_runner.py:85} INFO - Job 3797: Subtask first_task
[2023-10-30T14:20:02.815+0000] {task_command.py:416} INFO - Running <TaskInstance: our_dag_with_python_operator_v5.first_task scheduled__2021-10-28T00:00:00+00:00 [running]> on host 9bb87dc64328
[2023-10-30T14:20:03.041+0000] {taskinstance.py:1662} INFO - Exporting env vars: AIRFLOW_CTX_DAG_OWNER='coder3j' AIRFLOW_CTX_DAG_ID='our_dag_with_python_operator_v5' AIRFLOW_CTX_TASK_ID='first_task' AIRFLOW_CTX_EXECUTION_DATE='2021-10-28T00:00:00+00:00' AIRFLOW_CTX_TRY_NUMBER='1' AIRFLOW_CTX_DAG_RUN_ID='scheduled__2021-10-28T00:00:00+00:00'
[2023-10-30T14:20:03.064+0000] {logging_mixin.py:151} INFO - Hello world! name Jerry age: 23
[2023-10-30T14:20:03.066+0000] {python.py:194} INFO - Done. Returned value was: None
[2023-10-30T14:20:03.095+0000] {taskinstance.py:1400} INFO - Marking task as SUCCESS. dag_id=our_dag_with_python_operator_v5, task_id=first_task, execution_date=20211028T000000, start_date=20231030T142002, end_date=20231030T142003
[2023-10-30T14:20:03.222+0000] {local_task_job_runner.py:228} INFO - Task exited with return code 0
[2023-10-30T14:20:03.441+0000] {taskinstance.py:2778} INFO - 0 downstream tasks scheduled from follow-on schedule check
