[2023-10-30T18:59:32.491+0000] {processor.py:157} INFO - Started process (PID=21659) to work on /opt/airflow/dags/dag_with_catchup_and_backfill.py
[2023-10-30T18:59:32.494+0000] {processor.py:829} INFO - Processing file /opt/airflow/dags/dag_with_catchup_and_backfill.py for tasks to queue
[2023-10-30T18:59:32.497+0000] {logging_mixin.py:151} INFO - [2023-10-30T18:59:32.496+0000] {dagbag.py:536} INFO - Filling up the DagBag from /opt/airflow/dags/dag_with_catchup_and_backfill.py
[2023-10-30T18:59:32.567+0000] {processor.py:839} INFO - DAG(s) dict_keys(['dag_with_catchup_backfill_v02']) retrieved from /opt/airflow/dags/dag_with_catchup_and_backfill.py
[2023-10-30T18:59:32.881+0000] {logging_mixin.py:151} INFO - [2023-10-30T18:59:32.881+0000] {manager.py:499} INFO - Created Permission View: %s
[2023-10-30T18:59:32.891+0000] {logging_mixin.py:151} INFO - [2023-10-30T18:59:32.891+0000] {manager.py:499} INFO - Created Permission View: %s
[2023-10-30T18:59:32.901+0000] {logging_mixin.py:151} INFO - [2023-10-30T18:59:32.901+0000] {manager.py:499} INFO - Created Permission View: %s
[2023-10-30T18:59:32.904+0000] {logging_mixin.py:151} INFO - [2023-10-30T18:59:32.903+0000] {dag.py:2941} INFO - Sync 1 DAGs
[2023-10-30T18:59:32.935+0000] {logging_mixin.py:151} INFO - [2023-10-30T18:59:32.935+0000] {dag.py:2963} INFO - Creating ORM DAG for dag_with_catchup_backfill_v02
[2023-10-30T18:59:32.953+0000] {logging_mixin.py:151} INFO - [2023-10-30T18:59:32.953+0000] {dag.py:3722} INFO - Setting next_dagrun for dag_with_catchup_backfill_v02 to 2023-10-30T00:00:00+00:00, run_after=2023-10-31T00:00:00+00:00
[2023-10-30T18:59:32.973+0000] {processor.py:179} INFO - Processing /opt/airflow/dags/dag_with_catchup_and_backfill.py took 0.500 seconds
[2023-10-30T19:00:03.930+0000] {processor.py:157} INFO - Started process (PID=21686) to work on /opt/airflow/dags/dag_with_catchup_and_backfill.py
[2023-10-30T19:00:03.936+0000] {processor.py:829} INFO - Processing file /opt/airflow/dags/dag_with_catchup_and_backfill.py for tasks to queue
[2023-10-30T19:00:03.940+0000] {logging_mixin.py:151} INFO - [2023-10-30T19:00:03.938+0000] {dagbag.py:536} INFO - Filling up the DagBag from /opt/airflow/dags/dag_with_catchup_and_backfill.py
[2023-10-30T19:00:04.051+0000] {processor.py:839} INFO - DAG(s) dict_keys(['dag_with_catchup_backfill_v02']) retrieved from /opt/airflow/dags/dag_with_catchup_and_backfill.py
[2023-10-30T19:00:04.137+0000] {logging_mixin.py:151} INFO - [2023-10-30T19:00:04.137+0000] {dag.py:2941} INFO - Sync 1 DAGs
[2023-10-30T19:00:04.182+0000] {logging_mixin.py:151} INFO - [2023-10-30T19:00:04.182+0000] {dag.py:3722} INFO - Setting next_dagrun for dag_with_catchup_backfill_v02 to 2023-10-30T00:00:00+00:00, run_after=2023-10-31T00:00:00+00:00
[2023-10-30T19:00:04.221+0000] {processor.py:179} INFO - Processing /opt/airflow/dags/dag_with_catchup_and_backfill.py took 0.309 seconds
[2023-10-30T19:00:34.742+0000] {processor.py:157} INFO - Started process (PID=21713) to work on /opt/airflow/dags/dag_with_catchup_and_backfill.py
[2023-10-30T19:00:34.747+0000] {processor.py:829} INFO - Processing file /opt/airflow/dags/dag_with_catchup_and_backfill.py for tasks to queue
[2023-10-30T19:00:34.754+0000] {logging_mixin.py:151} INFO - [2023-10-30T19:00:34.752+0000] {dagbag.py:536} INFO - Filling up the DagBag from /opt/airflow/dags/dag_with_catchup_and_backfill.py
[2023-10-30T19:00:34.846+0000] {processor.py:839} INFO - DAG(s) dict_keys(['dag_with_catchup_backfill_v02']) retrieved from /opt/airflow/dags/dag_with_catchup_and_backfill.py
[2023-10-30T19:00:34.936+0000] {logging_mixin.py:151} INFO - [2023-10-30T19:00:34.935+0000] {dag.py:2941} INFO - Sync 1 DAGs
[2023-10-30T19:00:35.009+0000] {logging_mixin.py:151} INFO - [2023-10-30T19:00:35.008+0000] {dag.py:3722} INFO - Setting next_dagrun for dag_with_catchup_backfill_v02 to 2023-10-30T00:00:00+00:00, run_after=2023-10-31T00:00:00+00:00
[2023-10-30T19:00:35.038+0000] {processor.py:179} INFO - Processing /opt/airflow/dags/dag_with_catchup_and_backfill.py took 0.309 seconds
[2023-10-30T19:01:05.505+0000] {processor.py:157} INFO - Started process (PID=21740) to work on /opt/airflow/dags/dag_with_catchup_and_backfill.py
[2023-10-30T19:01:05.509+0000] {processor.py:829} INFO - Processing file /opt/airflow/dags/dag_with_catchup_and_backfill.py for tasks to queue
[2023-10-30T19:01:05.519+0000] {logging_mixin.py:151} INFO - [2023-10-30T19:01:05.517+0000] {dagbag.py:536} INFO - Filling up the DagBag from /opt/airflow/dags/dag_with_catchup_and_backfill.py
[2023-10-30T19:01:05.559+0000] {processor.py:839} INFO - DAG(s) dict_keys(['dag_with_catchup_backfill_v02']) retrieved from /opt/airflow/dags/dag_with_catchup_and_backfill.py
[2023-10-30T19:01:05.613+0000] {logging_mixin.py:151} INFO - [2023-10-30T19:01:05.613+0000] {dag.py:2941} INFO - Sync 1 DAGs
[2023-10-30T19:01:05.646+0000] {logging_mixin.py:151} INFO - [2023-10-30T19:01:05.646+0000] {dag.py:3722} INFO - Setting next_dagrun for dag_with_catchup_backfill_v02 to 2023-10-30T00:00:00+00:00, run_after=2023-10-31T00:00:00+00:00
[2023-10-30T19:01:05.670+0000] {processor.py:179} INFO - Processing /opt/airflow/dags/dag_with_catchup_and_backfill.py took 0.174 seconds
[2023-10-30T19:01:35.744+0000] {processor.py:157} INFO - Started process (PID=21767) to work on /opt/airflow/dags/dag_with_catchup_and_backfill.py
[2023-10-30T19:01:35.747+0000] {processor.py:829} INFO - Processing file /opt/airflow/dags/dag_with_catchup_and_backfill.py for tasks to queue
[2023-10-30T19:01:35.749+0000] {logging_mixin.py:151} INFO - [2023-10-30T19:01:35.748+0000] {dagbag.py:536} INFO - Filling up the DagBag from /opt/airflow/dags/dag_with_catchup_and_backfill.py
[2023-10-30T19:01:35.773+0000] {processor.py:839} INFO - DAG(s) dict_keys(['dag_with_catchup_backfill_v02']) retrieved from /opt/airflow/dags/dag_with_catchup_and_backfill.py
[2023-10-30T19:01:36.210+0000] {logging_mixin.py:151} INFO - [2023-10-30T19:01:36.208+0000] {dag.py:2941} INFO - Sync 1 DAGs
[2023-10-30T19:01:36.326+0000] {logging_mixin.py:151} INFO - [2023-10-30T19:01:36.326+0000] {dag.py:3722} INFO - Setting next_dagrun for dag_with_catchup_backfill_v02 to 2023-10-30T00:00:00+00:00, run_after=2023-10-31T00:00:00+00:00
[2023-10-30T19:01:36.388+0000] {processor.py:179} INFO - Processing /opt/airflow/dags/dag_with_catchup_and_backfill.py took 0.650 seconds
[2023-10-30T19:02:06.532+0000] {processor.py:157} INFO - Started process (PID=21794) to work on /opt/airflow/dags/dag_with_catchup_and_backfill.py
[2023-10-30T19:02:06.535+0000] {processor.py:829} INFO - Processing file /opt/airflow/dags/dag_with_catchup_and_backfill.py for tasks to queue
[2023-10-30T19:02:06.537+0000] {logging_mixin.py:151} INFO - [2023-10-30T19:02:06.537+0000] {dagbag.py:536} INFO - Filling up the DagBag from /opt/airflow/dags/dag_with_catchup_and_backfill.py
[2023-10-30T19:02:06.581+0000] {processor.py:839} INFO - DAG(s) dict_keys(['dag_with_catchup_backfill_v02']) retrieved from /opt/airflow/dags/dag_with_catchup_and_backfill.py
[2023-10-30T19:02:06.658+0000] {logging_mixin.py:151} INFO - [2023-10-30T19:02:06.657+0000] {dag.py:2941} INFO - Sync 1 DAGs
[2023-10-30T19:02:06.695+0000] {logging_mixin.py:151} INFO - [2023-10-30T19:02:06.695+0000] {dag.py:3722} INFO - Setting next_dagrun for dag_with_catchup_backfill_v02 to 2023-10-30T00:00:00+00:00, run_after=2023-10-31T00:00:00+00:00
[2023-10-30T19:02:06.717+0000] {processor.py:179} INFO - Processing /opt/airflow/dags/dag_with_catchup_and_backfill.py took 0.194 seconds
[2023-10-30T19:02:37.460+0000] {processor.py:157} INFO - Started process (PID=21821) to work on /opt/airflow/dags/dag_with_catchup_and_backfill.py
[2023-10-30T19:02:37.464+0000] {processor.py:829} INFO - Processing file /opt/airflow/dags/dag_with_catchup_and_backfill.py for tasks to queue
[2023-10-30T19:02:37.467+0000] {logging_mixin.py:151} INFO - [2023-10-30T19:02:37.466+0000] {dagbag.py:536} INFO - Filling up the DagBag from /opt/airflow/dags/dag_with_catchup_and_backfill.py
[2023-10-30T19:02:37.506+0000] {processor.py:839} INFO - DAG(s) dict_keys(['dag_with_catchup_backfill_v02']) retrieved from /opt/airflow/dags/dag_with_catchup_and_backfill.py
[2023-10-30T19:02:37.605+0000] {logging_mixin.py:151} INFO - [2023-10-30T19:02:37.604+0000] {dag.py:2941} INFO - Sync 1 DAGs
[2023-10-30T19:02:37.665+0000] {logging_mixin.py:151} INFO - [2023-10-30T19:02:37.664+0000] {dag.py:3722} INFO - Setting next_dagrun for dag_with_catchup_backfill_v02 to 2023-10-30T00:00:00+00:00, run_after=2023-10-31T00:00:00+00:00
[2023-10-30T19:02:37.689+0000] {processor.py:179} INFO - Processing /opt/airflow/dags/dag_with_catchup_and_backfill.py took 0.240 seconds
[2023-10-30T19:03:08.256+0000] {processor.py:157} INFO - Started process (PID=21848) to work on /opt/airflow/dags/dag_with_catchup_and_backfill.py
[2023-10-30T19:03:08.261+0000] {processor.py:829} INFO - Processing file /opt/airflow/dags/dag_with_catchup_and_backfill.py for tasks to queue
[2023-10-30T19:03:08.263+0000] {logging_mixin.py:151} INFO - [2023-10-30T19:03:08.263+0000] {dagbag.py:536} INFO - Filling up the DagBag from /opt/airflow/dags/dag_with_catchup_and_backfill.py
[2023-10-30T19:03:08.324+0000] {processor.py:839} INFO - DAG(s) dict_keys(['dag_with_catchup_backfill_v02']) retrieved from /opt/airflow/dags/dag_with_catchup_and_backfill.py
[2023-10-30T19:03:08.417+0000] {logging_mixin.py:151} INFO - [2023-10-30T19:03:08.417+0000] {dag.py:2941} INFO - Sync 1 DAGs
[2023-10-30T19:03:08.468+0000] {logging_mixin.py:151} INFO - [2023-10-30T19:03:08.467+0000] {dag.py:3722} INFO - Setting next_dagrun for dag_with_catchup_backfill_v02 to 2023-10-30T00:00:00+00:00, run_after=2023-10-31T00:00:00+00:00
[2023-10-30T19:03:08.501+0000] {processor.py:179} INFO - Processing /opt/airflow/dags/dag_with_catchup_and_backfill.py took 0.260 seconds
[2023-10-30T19:03:39.275+0000] {processor.py:157} INFO - Started process (PID=21875) to work on /opt/airflow/dags/dag_with_catchup_and_backfill.py
[2023-10-30T19:03:39.280+0000] {processor.py:829} INFO - Processing file /opt/airflow/dags/dag_with_catchup_and_backfill.py for tasks to queue
[2023-10-30T19:03:39.283+0000] {logging_mixin.py:151} INFO - [2023-10-30T19:03:39.282+0000] {dagbag.py:536} INFO - Filling up the DagBag from /opt/airflow/dags/dag_with_catchup_and_backfill.py
[2023-10-30T19:03:39.343+0000] {processor.py:839} INFO - DAG(s) dict_keys(['dag_with_catchup_backfill_v02']) retrieved from /opt/airflow/dags/dag_with_catchup_and_backfill.py
[2023-10-30T19:03:39.428+0000] {logging_mixin.py:151} INFO - [2023-10-30T19:03:39.428+0000] {dag.py:2941} INFO - Sync 1 DAGs
[2023-10-30T19:03:39.470+0000] {logging_mixin.py:151} INFO - [2023-10-30T19:03:39.469+0000] {dag.py:3722} INFO - Setting next_dagrun for dag_with_catchup_backfill_v02 to 2023-10-30T00:00:00+00:00, run_after=2023-10-31T00:00:00+00:00
[2023-10-30T19:03:39.491+0000] {processor.py:179} INFO - Processing /opt/airflow/dags/dag_with_catchup_and_backfill.py took 0.223 seconds
[2023-10-30T19:04:10.140+0000] {processor.py:157} INFO - Started process (PID=21902) to work on /opt/airflow/dags/dag_with_catchup_and_backfill.py
[2023-10-30T19:04:10.144+0000] {processor.py:829} INFO - Processing file /opt/airflow/dags/dag_with_catchup_and_backfill.py for tasks to queue
[2023-10-30T19:04:10.148+0000] {logging_mixin.py:151} INFO - [2023-10-30T19:04:10.147+0000] {dagbag.py:536} INFO - Filling up the DagBag from /opt/airflow/dags/dag_with_catchup_and_backfill.py
[2023-10-30T19:04:10.204+0000] {processor.py:839} INFO - DAG(s) dict_keys(['dag_with_catchup_backfill_v02']) retrieved from /opt/airflow/dags/dag_with_catchup_and_backfill.py
[2023-10-30T19:04:10.300+0000] {logging_mixin.py:151} INFO - [2023-10-30T19:04:10.299+0000] {dag.py:2941} INFO - Sync 1 DAGs
[2023-10-30T19:04:10.345+0000] {logging_mixin.py:151} INFO - [2023-10-30T19:04:10.344+0000] {dag.py:3722} INFO - Setting next_dagrun for dag_with_catchup_backfill_v02 to 2023-10-30T00:00:00+00:00, run_after=2023-10-31T00:00:00+00:00
[2023-10-30T19:04:10.370+0000] {processor.py:179} INFO - Processing /opt/airflow/dags/dag_with_catchup_and_backfill.py took 0.244 seconds
[2023-10-30T19:04:41.372+0000] {processor.py:157} INFO - Started process (PID=21929) to work on /opt/airflow/dags/dag_with_catchup_and_backfill.py
[2023-10-30T19:04:41.377+0000] {processor.py:829} INFO - Processing file /opt/airflow/dags/dag_with_catchup_and_backfill.py for tasks to queue
[2023-10-30T19:04:41.380+0000] {logging_mixin.py:151} INFO - [2023-10-30T19:04:41.379+0000] {dagbag.py:536} INFO - Filling up the DagBag from /opt/airflow/dags/dag_with_catchup_and_backfill.py
[2023-10-30T19:04:41.439+0000] {processor.py:839} INFO - DAG(s) dict_keys(['dag_with_catchup_backfill_v02']) retrieved from /opt/airflow/dags/dag_with_catchup_and_backfill.py
[2023-10-30T19:04:41.522+0000] {logging_mixin.py:151} INFO - [2023-10-30T19:04:41.522+0000] {dag.py:2941} INFO - Sync 1 DAGs
[2023-10-30T19:04:41.557+0000] {logging_mixin.py:151} INFO - [2023-10-30T19:04:41.557+0000] {dag.py:3722} INFO - Setting next_dagrun for dag_with_catchup_backfill_v02 to 2023-10-30T00:00:00+00:00, run_after=2023-10-31T00:00:00+00:00
[2023-10-30T19:04:41.580+0000] {processor.py:179} INFO - Processing /opt/airflow/dags/dag_with_catchup_and_backfill.py took 0.231 seconds
[2023-10-30T19:05:12.462+0000] {processor.py:157} INFO - Started process (PID=21956) to work on /opt/airflow/dags/dag_with_catchup_and_backfill.py
[2023-10-30T19:05:12.468+0000] {processor.py:829} INFO - Processing file /opt/airflow/dags/dag_with_catchup_and_backfill.py for tasks to queue
[2023-10-30T19:05:12.479+0000] {logging_mixin.py:151} INFO - [2023-10-30T19:05:12.475+0000] {dagbag.py:536} INFO - Filling up the DagBag from /opt/airflow/dags/dag_with_catchup_and_backfill.py
[2023-10-30T19:05:12.536+0000] {processor.py:839} INFO - DAG(s) dict_keys(['dag_with_catchup_backfill_v02']) retrieved from /opt/airflow/dags/dag_with_catchup_and_backfill.py
[2023-10-30T19:05:12.634+0000] {logging_mixin.py:151} INFO - [2023-10-30T19:05:12.634+0000] {dag.py:2941} INFO - Sync 1 DAGs
[2023-10-30T19:05:12.681+0000] {logging_mixin.py:151} INFO - [2023-10-30T19:05:12.680+0000] {dag.py:3722} INFO - Setting next_dagrun for dag_with_catchup_backfill_v02 to 2023-10-30T00:00:00+00:00, run_after=2023-10-31T00:00:00+00:00
[2023-10-30T19:05:12.704+0000] {processor.py:179} INFO - Processing /opt/airflow/dags/dag_with_catchup_and_backfill.py took 0.258 seconds
[2023-10-30T19:05:43.005+0000] {processor.py:157} INFO - Started process (PID=21968) to work on /opt/airflow/dags/dag_with_catchup_and_backfill.py
[2023-10-30T19:05:43.010+0000] {processor.py:829} INFO - Processing file /opt/airflow/dags/dag_with_catchup_and_backfill.py for tasks to queue
[2023-10-30T19:05:43.013+0000] {logging_mixin.py:151} INFO - [2023-10-30T19:05:43.012+0000] {dagbag.py:536} INFO - Filling up the DagBag from /opt/airflow/dags/dag_with_catchup_and_backfill.py
[2023-10-30T19:05:43.065+0000] {processor.py:839} INFO - DAG(s) dict_keys(['dag_with_catchup_backfill_v02']) retrieved from /opt/airflow/dags/dag_with_catchup_and_backfill.py
[2023-10-30T19:05:43.172+0000] {logging_mixin.py:151} INFO - [2023-10-30T19:05:43.172+0000] {dag.py:2941} INFO - Sync 1 DAGs
[2023-10-30T19:05:43.223+0000] {logging_mixin.py:151} INFO - [2023-10-30T19:05:43.223+0000] {dag.py:3722} INFO - Setting next_dagrun for dag_with_catchup_backfill_v02 to 2023-10-30T00:00:00+00:00, run_after=2023-10-31T00:00:00+00:00
[2023-10-30T19:05:43.249+0000] {processor.py:179} INFO - Processing /opt/airflow/dags/dag_with_catchup_and_backfill.py took 0.273 seconds
[2023-10-30T19:06:13.811+0000] {processor.py:157} INFO - Started process (PID=21983) to work on /opt/airflow/dags/dag_with_catchup_and_backfill.py
[2023-10-30T19:06:13.816+0000] {processor.py:829} INFO - Processing file /opt/airflow/dags/dag_with_catchup_and_backfill.py for tasks to queue
[2023-10-30T19:06:13.819+0000] {logging_mixin.py:151} INFO - [2023-10-30T19:06:13.818+0000] {dagbag.py:536} INFO - Filling up the DagBag from /opt/airflow/dags/dag_with_catchup_and_backfill.py
[2023-10-30T19:06:13.874+0000] {processor.py:839} INFO - DAG(s) dict_keys(['dag_with_catchup_backfill_v02']) retrieved from /opt/airflow/dags/dag_with_catchup_and_backfill.py
[2023-10-30T19:06:13.961+0000] {logging_mixin.py:151} INFO - [2023-10-30T19:06:13.961+0000] {dag.py:2941} INFO - Sync 1 DAGs
[2023-10-30T19:06:14.008+0000] {logging_mixin.py:151} INFO - [2023-10-30T19:06:14.008+0000] {dag.py:3722} INFO - Setting next_dagrun for dag_with_catchup_backfill_v02 to 2023-10-30T00:00:00+00:00, run_after=2023-10-31T00:00:00+00:00
[2023-10-30T19:06:14.031+0000] {processor.py:179} INFO - Processing /opt/airflow/dags/dag_with_catchup_and_backfill.py took 0.232 seconds
[2023-10-30T19:06:44.667+0000] {processor.py:157} INFO - Started process (PID=21998) to work on /opt/airflow/dags/dag_with_catchup_and_backfill.py
[2023-10-30T19:06:44.671+0000] {processor.py:829} INFO - Processing file /opt/airflow/dags/dag_with_catchup_and_backfill.py for tasks to queue
[2023-10-30T19:06:44.676+0000] {logging_mixin.py:151} INFO - [2023-10-30T19:06:44.675+0000] {dagbag.py:536} INFO - Filling up the DagBag from /opt/airflow/dags/dag_with_catchup_and_backfill.py
[2023-10-30T19:06:44.712+0000] {processor.py:839} INFO - DAG(s) dict_keys(['dag_with_catchup_backfill_v02']) retrieved from /opt/airflow/dags/dag_with_catchup_and_backfill.py
[2023-10-30T19:06:44.775+0000] {logging_mixin.py:151} INFO - [2023-10-30T19:06:44.774+0000] {dag.py:2941} INFO - Sync 1 DAGs
[2023-10-30T19:06:44.808+0000] {logging_mixin.py:151} INFO - [2023-10-30T19:06:44.808+0000] {dag.py:3722} INFO - Setting next_dagrun for dag_with_catchup_backfill_v02 to 2023-10-30T00:00:00+00:00, run_after=2023-10-31T00:00:00+00:00
[2023-10-30T19:06:44.829+0000] {processor.py:179} INFO - Processing /opt/airflow/dags/dag_with_catchup_and_backfill.py took 0.184 seconds
[2023-10-30T19:07:07.022+0000] {processor.py:157} INFO - Started process (PID=22010) to work on /opt/airflow/dags/dag_with_catchup_and_backfill.py
[2023-10-30T19:07:07.025+0000] {processor.py:829} INFO - Processing file /opt/airflow/dags/dag_with_catchup_and_backfill.py for tasks to queue
[2023-10-30T19:07:07.027+0000] {logging_mixin.py:151} INFO - [2023-10-30T19:07:07.026+0000] {dagbag.py:536} INFO - Filling up the DagBag from /opt/airflow/dags/dag_with_catchup_and_backfill.py
[2023-10-30T19:07:07.053+0000] {logging_mixin.py:151} INFO - [2023-10-30T19:07:07.043+0000] {dagbag.py:346} ERROR - Failed to import: /opt/airflow/dags/dag_with_catchup_and_backfill.py
Traceback (most recent call last):
  File "/home/airflow/.local/lib/python3.8/site-packages/airflow/models/dagbag.py", line 342, in parse
    loader.exec_module(new_module)
  File "<frozen importlib._bootstrap_external>", line 843, in exec_module
  File "<frozen importlib._bootstrap>", line 219, in _call_with_frames_removed
  File "/opt/airflow/dags/dag_with_catchup_and_backfill.py", line 18, in <module>
    catchup=false
NameError: name 'false' is not defined
[2023-10-30T19:07:07.054+0000] {processor.py:841} WARNING - No viable dags retrieved from /opt/airflow/dags/dag_with_catchup_and_backfill.py
[2023-10-30T19:07:07.095+0000] {processor.py:179} INFO - Processing /opt/airflow/dags/dag_with_catchup_and_backfill.py took 0.080 seconds
[2023-10-30T19:07:11.203+0000] {processor.py:157} INFO - Started process (PID=22015) to work on /opt/airflow/dags/dag_with_catchup_and_backfill.py
[2023-10-30T19:07:11.206+0000] {processor.py:829} INFO - Processing file /opt/airflow/dags/dag_with_catchup_and_backfill.py for tasks to queue
[2023-10-30T19:07:11.209+0000] {logging_mixin.py:151} INFO - [2023-10-30T19:07:11.208+0000] {dagbag.py:536} INFO - Filling up the DagBag from /opt/airflow/dags/dag_with_catchup_and_backfill.py
[2023-10-30T19:07:11.265+0000] {processor.py:839} INFO - DAG(s) dict_keys(['dag_with_catchup_backfill_v02']) retrieved from /opt/airflow/dags/dag_with_catchup_and_backfill.py
[2023-10-30T19:07:11.523+0000] {logging_mixin.py:151} INFO - [2023-10-30T19:07:11.523+0000] {dag.py:2941} INFO - Sync 1 DAGs
[2023-10-30T19:07:13.432+0000] {logging_mixin.py:151} INFO - [2023-10-30T19:07:13.431+0000] {dag.py:3722} INFO - Setting next_dagrun for dag_with_catchup_backfill_v02 to 2023-10-30T00:00:00+00:00, run_after=2023-10-31T00:00:00+00:00
[2023-10-30T19:07:13.469+0000] {processor.py:179} INFO - Processing /opt/airflow/dags/dag_with_catchup_and_backfill.py took 2.278 seconds
[2023-10-30T19:07:44.134+0000] {processor.py:157} INFO - Started process (PID=22027) to work on /opt/airflow/dags/dag_with_catchup_and_backfill.py
[2023-10-30T19:07:44.139+0000] {processor.py:829} INFO - Processing file /opt/airflow/dags/dag_with_catchup_and_backfill.py for tasks to queue
[2023-10-30T19:07:44.143+0000] {logging_mixin.py:151} INFO - [2023-10-30T19:07:44.142+0000] {dagbag.py:536} INFO - Filling up the DagBag from /opt/airflow/dags/dag_with_catchup_and_backfill.py
[2023-10-30T19:07:44.231+0000] {processor.py:839} INFO - DAG(s) dict_keys(['dag_with_catchup_backfill_v03']) retrieved from /opt/airflow/dags/dag_with_catchup_and_backfill.py
[2023-10-30T19:07:44.468+0000] {logging_mixin.py:151} INFO - [2023-10-30T19:07:44.468+0000] {manager.py:499} INFO - Created Permission View: %s
[2023-10-30T19:07:44.481+0000] {logging_mixin.py:151} INFO - [2023-10-30T19:07:44.480+0000] {manager.py:499} INFO - Created Permission View: %s
[2023-10-30T19:07:44.487+0000] {logging_mixin.py:151} INFO - [2023-10-30T19:07:44.486+0000] {manager.py:499} INFO - Created Permission View: %s
[2023-10-30T19:07:44.488+0000] {logging_mixin.py:151} INFO - [2023-10-30T19:07:44.488+0000] {dag.py:2941} INFO - Sync 1 DAGs
[2023-10-30T19:07:44.884+0000] {logging_mixin.py:151} INFO - [2023-10-30T19:07:44.884+0000] {dag.py:2963} INFO - Creating ORM DAG for dag_with_catchup_backfill_v03
[2023-10-30T19:07:44.895+0000] {logging_mixin.py:151} INFO - [2023-10-30T19:07:44.895+0000] {dag.py:3722} INFO - Setting next_dagrun for dag_with_catchup_backfill_v03 to 2023-10-30T00:00:00+00:00, run_after=2023-10-31T00:00:00+00:00
[2023-10-30T19:07:44.908+0000] {processor.py:179} INFO - Processing /opt/airflow/dags/dag_with_catchup_and_backfill.py took 0.787 seconds
[2023-10-30T19:07:47.171+0000] {processor.py:157} INFO - Started process (PID=22032) to work on /opt/airflow/dags/dag_with_catchup_and_backfill.py
[2023-10-30T19:07:47.175+0000] {processor.py:829} INFO - Processing file /opt/airflow/dags/dag_with_catchup_and_backfill.py for tasks to queue
[2023-10-30T19:07:47.179+0000] {logging_mixin.py:151} INFO - [2023-10-30T19:07:47.178+0000] {dagbag.py:536} INFO - Filling up the DagBag from /opt/airflow/dags/dag_with_catchup_and_backfill.py
[2023-10-30T19:07:47.252+0000] {processor.py:839} INFO - DAG(s) dict_keys(['dag_with_catchup_backfill_v04']) retrieved from /opt/airflow/dags/dag_with_catchup_and_backfill.py
[2023-10-30T19:07:47.479+0000] {logging_mixin.py:151} INFO - [2023-10-30T19:07:47.479+0000] {manager.py:499} INFO - Created Permission View: %s
[2023-10-30T19:07:47.493+0000] {logging_mixin.py:151} INFO - [2023-10-30T19:07:47.493+0000] {manager.py:499} INFO - Created Permission View: %s
[2023-10-30T19:07:47.499+0000] {logging_mixin.py:151} INFO - [2023-10-30T19:07:47.499+0000] {manager.py:499} INFO - Created Permission View: %s
[2023-10-30T19:07:47.500+0000] {logging_mixin.py:151} INFO - [2023-10-30T19:07:47.500+0000] {dag.py:2941} INFO - Sync 1 DAGs
[2023-10-30T19:07:47.969+0000] {logging_mixin.py:151} INFO - [2023-10-30T19:07:47.969+0000] {dag.py:2963} INFO - Creating ORM DAG for dag_with_catchup_backfill_v04
[2023-10-30T19:07:47.989+0000] {logging_mixin.py:151} INFO - [2023-10-30T19:07:47.988+0000] {dag.py:3722} INFO - Setting next_dagrun for dag_with_catchup_backfill_v04 to 2023-10-30T00:00:00+00:00, run_after=2023-10-31T00:00:00+00:00
[2023-10-30T19:07:48.010+0000] {processor.py:179} INFO - Processing /opt/airflow/dags/dag_with_catchup_and_backfill.py took 0.855 seconds
[2023-10-30T19:07:58.575+0000] {processor.py:157} INFO - Started process (PID=22037) to work on /opt/airflow/dags/dag_with_catchup_and_backfill.py
[2023-10-30T19:07:58.580+0000] {processor.py:829} INFO - Processing file /opt/airflow/dags/dag_with_catchup_and_backfill.py for tasks to queue
[2023-10-30T19:07:58.583+0000] {logging_mixin.py:151} INFO - [2023-10-30T19:07:58.582+0000] {dagbag.py:536} INFO - Filling up the DagBag from /opt/airflow/dags/dag_with_catchup_and_backfill.py
[2023-10-30T19:07:58.648+0000] {processor.py:839} INFO - DAG(s) dict_keys(['dag_with_catchup_backfill_v04']) retrieved from /opt/airflow/dags/dag_with_catchup_and_backfill.py
[2023-10-30T19:07:58.697+0000] {logging_mixin.py:151} INFO - [2023-10-30T19:07:58.697+0000] {dag.py:2941} INFO - Sync 1 DAGs
[2023-10-30T19:07:58.837+0000] {logging_mixin.py:151} INFO - [2023-10-30T19:07:58.835+0000] {dag.py:3722} INFO - Setting next_dagrun for dag_with_catchup_backfill_v04 to 2023-10-30T00:00:00+00:00, run_after=2023-10-31T00:00:00+00:00
[2023-10-30T19:07:58.893+0000] {processor.py:179} INFO - Processing /opt/airflow/dags/dag_with_catchup_and_backfill.py took 0.326 seconds
[2023-10-30T19:08:18.906+0000] {processor.py:157} INFO - Started process (PID=22052) to work on /opt/airflow/dags/dag_with_catchup_and_backfill.py
[2023-10-30T19:08:18.910+0000] {processor.py:829} INFO - Processing file /opt/airflow/dags/dag_with_catchup_and_backfill.py for tasks to queue
[2023-10-30T19:08:18.913+0000] {logging_mixin.py:151} INFO - [2023-10-30T19:08:18.912+0000] {dagbag.py:536} INFO - Filling up the DagBag from /opt/airflow/dags/dag_with_catchup_and_backfill.py
[2023-10-30T19:08:18.930+0000] {logging_mixin.py:151} INFO - [2023-10-30T19:08:18.928+0000] {dagbag.py:346} ERROR - Failed to import: /opt/airflow/dags/dag_with_catchup_and_backfill.py
Traceback (most recent call last):
  File "/home/airflow/.local/lib/python3.8/site-packages/airflow/models/dagbag.py", line 342, in parse
    loader.exec_module(new_module)
  File "<frozen importlib._bootstrap_external>", line 843, in exec_module
  File "<frozen importlib._bootstrap>", line 219, in _call_with_frames_removed
  File "/opt/airflow/dags/dag_with_catchup_and_backfill.py", line 16, in <module>
    start_date=datetime(2023, 10, ),
TypeError: function missing required argument 'day' (pos 3)
[2023-10-30T19:08:18.931+0000] {processor.py:841} WARNING - No viable dags retrieved from /opt/airflow/dags/dag_with_catchup_and_backfill.py
[2023-10-30T19:08:18.980+0000] {processor.py:179} INFO - Processing /opt/airflow/dags/dag_with_catchup_and_backfill.py took 0.086 seconds
[2023-10-30T19:08:20.054+0000] {processor.py:157} INFO - Started process (PID=22057) to work on /opt/airflow/dags/dag_with_catchup_and_backfill.py
[2023-10-30T19:08:20.056+0000] {processor.py:829} INFO - Processing file /opt/airflow/dags/dag_with_catchup_and_backfill.py for tasks to queue
[2023-10-30T19:08:20.058+0000] {logging_mixin.py:151} INFO - [2023-10-30T19:08:20.058+0000] {dagbag.py:536} INFO - Filling up the DagBag from /opt/airflow/dags/dag_with_catchup_and_backfill.py
[2023-10-30T19:08:20.092+0000] {processor.py:839} INFO - DAG(s) dict_keys(['dag_with_catchup_backfill_v04']) retrieved from /opt/airflow/dags/dag_with_catchup_and_backfill.py
[2023-10-30T19:08:20.276+0000] {logging_mixin.py:151} INFO - [2023-10-30T19:08:20.275+0000] {dag.py:2941} INFO - Sync 1 DAGs
[2023-10-30T19:08:20.308+0000] {logging_mixin.py:151} INFO - [2023-10-30T19:08:20.308+0000] {dag.py:3722} INFO - Setting next_dagrun for dag_with_catchup_backfill_v04 to 2023-10-29T00:00:00+00:00, run_after=2023-10-30T00:00:00+00:00
[2023-10-30T19:08:20.334+0000] {processor.py:179} INFO - Processing /opt/airflow/dags/dag_with_catchup_and_backfill.py took 0.286 seconds
[2023-10-30T19:08:23.365+0000] {processor.py:157} INFO - Started process (PID=22065) to work on /opt/airflow/dags/dag_with_catchup_and_backfill.py
[2023-10-30T19:08:23.378+0000] {processor.py:829} INFO - Processing file /opt/airflow/dags/dag_with_catchup_and_backfill.py for tasks to queue
[2023-10-30T19:08:23.384+0000] {logging_mixin.py:151} INFO - [2023-10-30T19:08:23.382+0000] {dagbag.py:536} INFO - Filling up the DagBag from /opt/airflow/dags/dag_with_catchup_and_backfill.py
[2023-10-30T19:08:23.483+0000] {processor.py:839} INFO - DAG(s) dict_keys(['dag_with_catchup_backfill_v05']) retrieved from /opt/airflow/dags/dag_with_catchup_and_backfill.py
[2023-10-30T19:08:23.949+0000] {logging_mixin.py:151} INFO - [2023-10-30T19:08:23.947+0000] {manager.py:499} INFO - Created Permission View: %s
[2023-10-30T19:08:23.965+0000] {logging_mixin.py:151} INFO - [2023-10-30T19:08:23.965+0000] {manager.py:499} INFO - Created Permission View: %s
[2023-10-30T19:08:23.994+0000] {logging_mixin.py:151} INFO - [2023-10-30T19:08:23.993+0000] {manager.py:499} INFO - Created Permission View: %s
[2023-10-30T19:08:23.997+0000] {logging_mixin.py:151} INFO - [2023-10-30T19:08:23.997+0000] {dag.py:2941} INFO - Sync 1 DAGs
[2023-10-30T19:08:24.024+0000] {logging_mixin.py:151} INFO - [2023-10-30T19:08:24.024+0000] {dag.py:2963} INFO - Creating ORM DAG for dag_with_catchup_backfill_v05
[2023-10-30T19:08:24.045+0000] {logging_mixin.py:151} INFO - [2023-10-30T19:08:24.045+0000] {dag.py:3722} INFO - Setting next_dagrun for dag_with_catchup_backfill_v05 to 2023-10-29T00:00:00+00:00, run_after=2023-10-30T00:00:00+00:00
[2023-10-30T19:08:24.068+0000] {processor.py:179} INFO - Processing /opt/airflow/dags/dag_with_catchup_and_backfill.py took 0.720 seconds
[2023-10-30T19:08:54.934+0000] {processor.py:157} INFO - Started process (PID=22083) to work on /opt/airflow/dags/dag_with_catchup_and_backfill.py
[2023-10-30T19:08:54.938+0000] {processor.py:829} INFO - Processing file /opt/airflow/dags/dag_with_catchup_and_backfill.py for tasks to queue
[2023-10-30T19:08:54.941+0000] {logging_mixin.py:151} INFO - [2023-10-30T19:08:54.940+0000] {dagbag.py:536} INFO - Filling up the DagBag from /opt/airflow/dags/dag_with_catchup_and_backfill.py
[2023-10-30T19:08:54.996+0000] {processor.py:839} INFO - DAG(s) dict_keys(['dag_with_catchup_backfill_v05']) retrieved from /opt/airflow/dags/dag_with_catchup_and_backfill.py
[2023-10-30T19:08:55.087+0000] {logging_mixin.py:151} INFO - [2023-10-30T19:08:55.087+0000] {dag.py:2941} INFO - Sync 1 DAGs
[2023-10-30T19:08:55.135+0000] {logging_mixin.py:151} INFO - [2023-10-30T19:08:55.135+0000] {dag.py:3722} INFO - Setting next_dagrun for dag_with_catchup_backfill_v05 to 2023-10-30T00:00:00+00:00, run_after=2023-10-31T00:00:00+00:00
[2023-10-30T19:08:55.158+0000] {processor.py:179} INFO - Processing /opt/airflow/dags/dag_with_catchup_and_backfill.py took 0.234 seconds
[2023-10-30T19:09:13.480+0000] {processor.py:157} INFO - Started process (PID=22094) to work on /opt/airflow/dags/dag_with_catchup_and_backfill.py
[2023-10-30T19:09:13.486+0000] {processor.py:829} INFO - Processing file /opt/airflow/dags/dag_with_catchup_and_backfill.py for tasks to queue
[2023-10-30T19:09:13.489+0000] {logging_mixin.py:151} INFO - [2023-10-30T19:09:13.489+0000] {dagbag.py:536} INFO - Filling up the DagBag from /opt/airflow/dags/dag_with_catchup_and_backfill.py
[2023-10-30T19:09:13.556+0000] {processor.py:839} INFO - DAG(s) dict_keys(['dag_with_catchup_backfill_v06']) retrieved from /opt/airflow/dags/dag_with_catchup_and_backfill.py
[2023-10-30T19:09:13.831+0000] {logging_mixin.py:151} INFO - [2023-10-30T19:09:13.831+0000] {manager.py:499} INFO - Created Permission View: %s
[2023-10-30T19:09:13.842+0000] {logging_mixin.py:151} INFO - [2023-10-30T19:09:13.842+0000] {manager.py:499} INFO - Created Permission View: %s
[2023-10-30T19:09:13.848+0000] {logging_mixin.py:151} INFO - [2023-10-30T19:09:13.848+0000] {manager.py:499} INFO - Created Permission View: %s
[2023-10-30T19:09:13.849+0000] {logging_mixin.py:151} INFO - [2023-10-30T19:09:13.849+0000] {dag.py:2941} INFO - Sync 1 DAGs
[2023-10-30T19:09:13.864+0000] {logging_mixin.py:151} INFO - [2023-10-30T19:09:13.864+0000] {dag.py:2963} INFO - Creating ORM DAG for dag_with_catchup_backfill_v06
[2023-10-30T19:09:13.878+0000] {logging_mixin.py:151} INFO - [2023-10-30T19:09:13.878+0000] {dag.py:3722} INFO - Setting next_dagrun for dag_with_catchup_backfill_v06 to 2023-10-29T00:00:00+00:00, run_after=2023-10-30T00:00:00+00:00
[2023-10-30T19:09:13.897+0000] {processor.py:179} INFO - Processing /opt/airflow/dags/dag_with_catchup_and_backfill.py took 0.442 seconds
[2023-10-30T19:09:17.119+0000] {processor.py:157} INFO - Started process (PID=22099) to work on /opt/airflow/dags/dag_with_catchup_and_backfill.py
[2023-10-30T19:09:17.128+0000] {processor.py:829} INFO - Processing file /opt/airflow/dags/dag_with_catchup_and_backfill.py for tasks to queue
[2023-10-30T19:09:17.132+0000] {logging_mixin.py:151} INFO - [2023-10-30T19:09:17.131+0000] {dagbag.py:536} INFO - Filling up the DagBag from /opt/airflow/dags/dag_with_catchup_and_backfill.py
[2023-10-30T19:09:17.198+0000] {processor.py:839} INFO - DAG(s) dict_keys(['dag_with_catchup_backfill_v06']) retrieved from /opt/airflow/dags/dag_with_catchup_and_backfill.py
[2023-10-30T19:09:17.252+0000] {logging_mixin.py:151} INFO - [2023-10-30T19:09:17.251+0000] {dag.py:2941} INFO - Sync 1 DAGs
[2023-10-30T19:09:17.296+0000] {logging_mixin.py:151} INFO - [2023-10-30T19:09:17.295+0000] {dag.py:3722} INFO - Setting next_dagrun for dag_with_catchup_backfill_v06 to 2023-10-27T00:00:00+00:00, run_after=2023-10-28T00:00:00+00:00
[2023-10-30T19:09:17.318+0000] {processor.py:179} INFO - Processing /opt/airflow/dags/dag_with_catchup_and_backfill.py took 0.221 seconds
[2023-10-30T19:09:47.939+0000] {processor.py:157} INFO - Started process (PID=22120) to work on /opt/airflow/dags/dag_with_catchup_and_backfill.py
[2023-10-30T19:09:47.948+0000] {processor.py:829} INFO - Processing file /opt/airflow/dags/dag_with_catchup_and_backfill.py for tasks to queue
[2023-10-30T19:09:47.951+0000] {logging_mixin.py:151} INFO - [2023-10-30T19:09:47.950+0000] {dagbag.py:536} INFO - Filling up the DagBag from /opt/airflow/dags/dag_with_catchup_and_backfill.py
[2023-10-30T19:09:48.002+0000] {processor.py:839} INFO - DAG(s) dict_keys(['dag_with_catchup_backfill_v06']) retrieved from /opt/airflow/dags/dag_with_catchup_and_backfill.py
[2023-10-30T19:09:48.226+0000] {logging_mixin.py:151} INFO - [2023-10-30T19:09:48.225+0000] {dag.py:2941} INFO - Sync 1 DAGs
[2023-10-30T19:09:48.922+0000] {logging_mixin.py:151} INFO - [2023-10-30T19:09:48.922+0000] {dag.py:3722} INFO - Setting next_dagrun for dag_with_catchup_backfill_v06 to 2023-10-30T00:00:00+00:00, run_after=2023-10-31T00:00:00+00:00
[2023-10-30T19:09:48.950+0000] {processor.py:179} INFO - Processing /opt/airflow/dags/dag_with_catchup_and_backfill.py took 1.036 seconds
[2023-10-30T19:10:12.292+0000] {processor.py:157} INFO - Started process (PID=22132) to work on /opt/airflow/dags/dag_with_catchup_and_backfill.py
[2023-10-30T19:10:12.295+0000] {processor.py:829} INFO - Processing file /opt/airflow/dags/dag_with_catchup_and_backfill.py for tasks to queue
[2023-10-30T19:10:12.297+0000] {logging_mixin.py:151} INFO - [2023-10-30T19:10:12.296+0000] {dagbag.py:536} INFO - Filling up the DagBag from /opt/airflow/dags/dag_with_catchup_and_backfill.py
[2023-10-30T19:10:12.333+0000] {processor.py:839} INFO - DAG(s) dict_keys(['dag_with_catchup_backfill_v06']) retrieved from /opt/airflow/dags/dag_with_catchup_and_backfill.py
[2023-10-30T19:10:12.361+0000] {logging_mixin.py:151} INFO - [2023-10-30T19:10:12.360+0000] {dag.py:2941} INFO - Sync 1 DAGs
[2023-10-30T19:10:12.411+0000] {logging_mixin.py:151} INFO - [2023-10-30T19:10:12.411+0000] {dag.py:3722} INFO - Setting next_dagrun for dag_with_catchup_backfill_v06 to 2023-10-30T00:00:00+00:00, run_after=2023-10-31T00:00:00+00:00
[2023-10-30T19:10:12.437+0000] {processor.py:179} INFO - Processing /opt/airflow/dags/dag_with_catchup_and_backfill.py took 0.154 seconds
[2023-10-30T19:10:15.438+0000] {processor.py:157} INFO - Started process (PID=22137) to work on /opt/airflow/dags/dag_with_catchup_and_backfill.py
[2023-10-30T19:10:15.441+0000] {processor.py:829} INFO - Processing file /opt/airflow/dags/dag_with_catchup_and_backfill.py for tasks to queue
[2023-10-30T19:10:15.444+0000] {logging_mixin.py:151} INFO - [2023-10-30T19:10:15.443+0000] {dagbag.py:536} INFO - Filling up the DagBag from /opt/airflow/dags/dag_with_catchup_and_backfill.py
[2023-10-30T19:10:15.621+0000] {processor.py:839} INFO - DAG(s) dict_keys(['dag_with_catchup_backfill_v07']) retrieved from /opt/airflow/dags/dag_with_catchup_and_backfill.py
[2023-10-30T19:10:15.904+0000] {logging_mixin.py:151} INFO - [2023-10-30T19:10:15.904+0000] {manager.py:499} INFO - Created Permission View: %s
[2023-10-30T19:10:15.918+0000] {logging_mixin.py:151} INFO - [2023-10-30T19:10:15.917+0000] {manager.py:499} INFO - Created Permission View: %s
[2023-10-30T19:10:15.926+0000] {logging_mixin.py:151} INFO - [2023-10-30T19:10:15.926+0000] {manager.py:499} INFO - Created Permission View: %s
[2023-10-30T19:10:15.928+0000] {logging_mixin.py:151} INFO - [2023-10-30T19:10:15.928+0000] {dag.py:2941} INFO - Sync 1 DAGs
[2023-10-30T19:10:16.287+0000] {logging_mixin.py:151} INFO - [2023-10-30T19:10:16.287+0000] {dag.py:2963} INFO - Creating ORM DAG for dag_with_catchup_backfill_v07
[2023-10-30T19:10:16.302+0000] {logging_mixin.py:151} INFO - [2023-10-30T19:10:16.301+0000] {dag.py:3722} INFO - Setting next_dagrun for dag_with_catchup_backfill_v07 to 2022-10-27T00:00:00+00:00, run_after=2022-10-28T00:00:00+00:00
[2023-10-30T19:10:16.325+0000] {processor.py:179} INFO - Processing /opt/airflow/dags/dag_with_catchup_and_backfill.py took 0.897 seconds
[2023-10-30T19:10:47.262+0000] {processor.py:157} INFO - Started process (PID=22225) to work on /opt/airflow/dags/dag_with_catchup_and_backfill.py
[2023-10-30T19:10:47.293+0000] {processor.py:829} INFO - Processing file /opt/airflow/dags/dag_with_catchup_and_backfill.py for tasks to queue
[2023-10-30T19:10:47.304+0000] {logging_mixin.py:151} INFO - [2023-10-30T19:10:47.297+0000] {dagbag.py:536} INFO - Filling up the DagBag from /opt/airflow/dags/dag_with_catchup_and_backfill.py
[2023-10-30T19:10:47.433+0000] {processor.py:839} INFO - DAG(s) dict_keys(['dag_with_catchup_backfill_v07']) retrieved from /opt/airflow/dags/dag_with_catchup_and_backfill.py
[2023-10-30T19:10:47.767+0000] {logging_mixin.py:151} INFO - [2023-10-30T19:10:47.767+0000] {dag.py:2941} INFO - Sync 1 DAGs
[2023-10-30T19:10:47.975+0000] {logging_mixin.py:151} INFO - [2023-10-30T19:10:47.974+0000] {dag.py:3722} INFO - Setting next_dagrun for dag_with_catchup_backfill_v07 to 2022-11-27T00:00:00+00:00, run_after=2022-11-28T00:00:00+00:00
[2023-10-30T19:10:48.071+0000] {processor.py:179} INFO - Processing /opt/airflow/dags/dag_with_catchup_and_backfill.py took 0.846 seconds
[2023-10-30T19:11:18.649+0000] {processor.py:157} INFO - Started process (PID=22392) to work on /opt/airflow/dags/dag_with_catchup_and_backfill.py
[2023-10-30T19:11:18.652+0000] {processor.py:829} INFO - Processing file /opt/airflow/dags/dag_with_catchup_and_backfill.py for tasks to queue
[2023-10-30T19:11:18.657+0000] {logging_mixin.py:151} INFO - [2023-10-30T19:11:18.656+0000] {dagbag.py:536} INFO - Filling up the DagBag from /opt/airflow/dags/dag_with_catchup_and_backfill.py
[2023-10-30T19:11:18.869+0000] {processor.py:839} INFO - DAG(s) dict_keys(['dag_with_catchup_backfill_v07']) retrieved from /opt/airflow/dags/dag_with_catchup_and_backfill.py
[2023-10-30T19:11:19.166+0000] {logging_mixin.py:151} INFO - [2023-10-30T19:11:19.166+0000] {dag.py:2941} INFO - Sync 1 DAGs
[2023-10-30T19:11:19.466+0000] {logging_mixin.py:151} INFO - [2023-10-30T19:11:19.465+0000] {dag.py:3722} INFO - Setting next_dagrun for dag_with_catchup_backfill_v07 to 2023-01-18T00:00:00+00:00, run_after=2023-01-19T00:00:00+00:00
[2023-10-30T19:11:19.622+0000] {processor.py:179} INFO - Processing /opt/airflow/dags/dag_with_catchup_and_backfill.py took 0.987 seconds
[2023-10-30T19:11:50.337+0000] {processor.py:157} INFO - Started process (PID=22557) to work on /opt/airflow/dags/dag_with_catchup_and_backfill.py
[2023-10-30T19:11:50.344+0000] {processor.py:829} INFO - Processing file /opt/airflow/dags/dag_with_catchup_and_backfill.py for tasks to queue
[2023-10-30T19:11:50.351+0000] {logging_mixin.py:151} INFO - [2023-10-30T19:11:50.350+0000] {dagbag.py:536} INFO - Filling up the DagBag from /opt/airflow/dags/dag_with_catchup_and_backfill.py
[2023-10-30T19:11:50.440+0000] {processor.py:839} INFO - DAG(s) dict_keys(['dag_with_catchup_backfill_v07']) retrieved from /opt/airflow/dags/dag_with_catchup_and_backfill.py
[2023-10-30T19:11:51.229+0000] {logging_mixin.py:151} INFO - [2023-10-30T19:11:51.221+0000] {dag.py:2941} INFO - Sync 1 DAGs
[2023-10-30T19:11:51.605+0000] {logging_mixin.py:151} INFO - [2023-10-30T19:11:51.595+0000] {dag.py:3722} INFO - Setting next_dagrun for dag_with_catchup_backfill_v07 to 2023-03-08T00:00:00+00:00, run_after=2023-03-09T00:00:00+00:00
[2023-10-30T19:11:51.785+0000] {processor.py:179} INFO - Processing /opt/airflow/dags/dag_with_catchup_and_backfill.py took 1.486 seconds
[2023-10-30T19:12:22.392+0000] {processor.py:157} INFO - Started process (PID=22738) to work on /opt/airflow/dags/dag_with_catchup_and_backfill.py
[2023-10-30T19:12:22.397+0000] {processor.py:829} INFO - Processing file /opt/airflow/dags/dag_with_catchup_and_backfill.py for tasks to queue
[2023-10-30T19:12:22.403+0000] {logging_mixin.py:151} INFO - [2023-10-30T19:12:22.401+0000] {dagbag.py:536} INFO - Filling up the DagBag from /opt/airflow/dags/dag_with_catchup_and_backfill.py
[2023-10-30T19:12:22.464+0000] {processor.py:839} INFO - DAG(s) dict_keys(['dag_with_catchup_backfill_v07']) retrieved from /opt/airflow/dags/dag_with_catchup_and_backfill.py
[2023-10-30T19:12:22.598+0000] {logging_mixin.py:151} INFO - [2023-10-30T19:12:22.596+0000] {dag.py:2941} INFO - Sync 1 DAGs
[2023-10-30T19:12:22.734+0000] {logging_mixin.py:151} INFO - [2023-10-30T19:12:22.734+0000] {dag.py:3722} INFO - Setting next_dagrun for dag_with_catchup_backfill_v07 to 2023-05-01T00:00:00+00:00, run_after=2023-05-02T00:00:00+00:00
[2023-10-30T19:12:22.770+0000] {processor.py:179} INFO - Processing /opt/airflow/dags/dag_with_catchup_and_backfill.py took 0.389 seconds
[2023-10-30T19:12:23.702+0000] {processor.py:157} INFO - Started process (PID=22752) to work on /opt/airflow/dags/dag_with_catchup_and_backfill.py
[2023-10-30T19:12:23.704+0000] {processor.py:829} INFO - Processing file /opt/airflow/dags/dag_with_catchup_and_backfill.py for tasks to queue
[2023-10-30T19:12:23.706+0000] {logging_mixin.py:151} INFO - [2023-10-30T19:12:23.705+0000] {dagbag.py:536} INFO - Filling up the DagBag from /opt/airflow/dags/dag_with_catchup_and_backfill.py
[2023-10-30T19:12:23.723+0000] {processor.py:839} INFO - DAG(s) dict_keys(['dag_with_catchup_backfill_v07']) retrieved from /opt/airflow/dags/dag_with_catchup_and_backfill.py
[2023-10-30T19:12:23.922+0000] {logging_mixin.py:151} INFO - [2023-10-30T19:12:23.922+0000] {dag.py:2941} INFO - Sync 1 DAGs
[2023-10-30T19:12:23.951+0000] {logging_mixin.py:151} INFO - [2023-10-30T19:12:23.950+0000] {dag.py:3722} INFO - Setting next_dagrun for dag_with_catchup_backfill_v07 to 2023-10-29T00:00:00+00:00, run_after=2023-10-30T00:00:00+00:00
[2023-10-30T19:12:24.656+0000] {processor.py:179} INFO - Processing /opt/airflow/dags/dag_with_catchup_and_backfill.py took 0.959 seconds
[2023-10-30T19:12:28.902+0000] {processor.py:157} INFO - Started process (PID=22762) to work on /opt/airflow/dags/dag_with_catchup_and_backfill.py
[2023-10-30T19:12:28.910+0000] {processor.py:829} INFO - Processing file /opt/airflow/dags/dag_with_catchup_and_backfill.py for tasks to queue
[2023-10-30T19:12:28.917+0000] {logging_mixin.py:151} INFO - [2023-10-30T19:12:28.916+0000] {dagbag.py:536} INFO - Filling up the DagBag from /opt/airflow/dags/dag_with_catchup_and_backfill.py
[2023-10-30T19:12:28.971+0000] {processor.py:839} INFO - DAG(s) dict_keys(['dag_with_catchup_backfill_v08']) retrieved from /opt/airflow/dags/dag_with_catchup_and_backfill.py
[2023-10-30T19:12:29.180+0000] {logging_mixin.py:151} INFO - [2023-10-30T19:12:29.180+0000] {manager.py:499} INFO - Created Permission View: %s
[2023-10-30T19:12:29.190+0000] {logging_mixin.py:151} INFO - [2023-10-30T19:12:29.190+0000] {manager.py:499} INFO - Created Permission View: %s
[2023-10-30T19:12:29.196+0000] {logging_mixin.py:151} INFO - [2023-10-30T19:12:29.196+0000] {manager.py:499} INFO - Created Permission View: %s
[2023-10-30T19:12:29.197+0000] {logging_mixin.py:151} INFO - [2023-10-30T19:12:29.197+0000] {dag.py:2941} INFO - Sync 1 DAGs
[2023-10-30T19:12:29.213+0000] {logging_mixin.py:151} INFO - [2023-10-30T19:12:29.213+0000] {dag.py:2963} INFO - Creating ORM DAG for dag_with_catchup_backfill_v08
[2023-10-30T19:12:29.232+0000] {logging_mixin.py:151} INFO - [2023-10-30T19:12:29.232+0000] {dag.py:3722} INFO - Setting next_dagrun for dag_with_catchup_backfill_v08 to 2023-10-29T00:00:00+00:00, run_after=2023-10-30T00:00:00+00:00
[2023-10-30T19:12:29.518+0000] {processor.py:179} INFO - Processing /opt/airflow/dags/dag_with_catchup_and_backfill.py took 0.631 seconds
[2023-10-30T19:13:00.174+0000] {processor.py:157} INFO - Started process (PID=22780) to work on /opt/airflow/dags/dag_with_catchup_and_backfill.py
[2023-10-30T19:13:00.184+0000] {processor.py:829} INFO - Processing file /opt/airflow/dags/dag_with_catchup_and_backfill.py for tasks to queue
[2023-10-30T19:13:00.186+0000] {logging_mixin.py:151} INFO - [2023-10-30T19:13:00.185+0000] {dagbag.py:536} INFO - Filling up the DagBag from /opt/airflow/dags/dag_with_catchup_and_backfill.py
[2023-10-30T19:13:00.224+0000] {processor.py:839} INFO - DAG(s) dict_keys(['dag_with_catchup_backfill_v08']) retrieved from /opt/airflow/dags/dag_with_catchup_and_backfill.py
[2023-10-30T19:13:00.302+0000] {logging_mixin.py:151} INFO - [2023-10-30T19:13:00.302+0000] {dag.py:2941} INFO - Sync 1 DAGs
[2023-10-30T19:13:00.340+0000] {logging_mixin.py:151} INFO - [2023-10-30T19:13:00.340+0000] {dag.py:3722} INFO - Setting next_dagrun for dag_with_catchup_backfill_v08 to 2023-10-30T00:00:00+00:00, run_after=2023-10-31T00:00:00+00:00
[2023-10-30T19:13:00.358+0000] {processor.py:179} INFO - Processing /opt/airflow/dags/dag_with_catchup_and_backfill.py took 0.205 seconds
[2023-10-30T19:13:22.721+0000] {processor.py:157} INFO - Started process (PID=22792) to work on /opt/airflow/dags/dag_with_catchup_and_backfill.py
[2023-10-30T19:13:22.724+0000] {processor.py:829} INFO - Processing file /opt/airflow/dags/dag_with_catchup_and_backfill.py for tasks to queue
[2023-10-30T19:13:22.727+0000] {logging_mixin.py:151} INFO - [2023-10-30T19:13:22.726+0000] {dagbag.py:536} INFO - Filling up the DagBag from /opt/airflow/dags/dag_with_catchup_and_backfill.py
[2023-10-30T19:13:22.761+0000] {processor.py:839} INFO - DAG(s) dict_keys(['dag_with_catchup_backfill_v08']) retrieved from /opt/airflow/dags/dag_with_catchup_and_backfill.py
[2023-10-30T19:13:22.809+0000] {logging_mixin.py:151} INFO - [2023-10-30T19:13:22.809+0000] {dag.py:2941} INFO - Sync 1 DAGs
[2023-10-30T19:13:22.863+0000] {logging_mixin.py:151} INFO - [2023-10-30T19:13:22.863+0000] {dag.py:3722} INFO - Setting next_dagrun for dag_with_catchup_backfill_v08 to 2023-10-30T00:00:00+00:00, run_after=2023-10-31T00:00:00+00:00
[2023-10-30T19:13:22.885+0000] {processor.py:179} INFO - Processing /opt/airflow/dags/dag_with_catchup_and_backfill.py took 0.172 seconds
[2023-10-30T19:13:34.939+0000] {processor.py:157} INFO - Started process (PID=22797) to work on /opt/airflow/dags/dag_with_catchup_and_backfill.py
[2023-10-30T19:13:34.945+0000] {processor.py:829} INFO - Processing file /opt/airflow/dags/dag_with_catchup_and_backfill.py for tasks to queue
[2023-10-30T19:13:34.948+0000] {logging_mixin.py:151} INFO - [2023-10-30T19:13:34.947+0000] {dagbag.py:536} INFO - Filling up the DagBag from /opt/airflow/dags/dag_with_catchup_and_backfill.py
[2023-10-30T19:13:34.965+0000] {logging_mixin.py:151} INFO - [2023-10-30T19:13:34.960+0000] {dagbag.py:346} ERROR - Failed to import: /opt/airflow/dags/dag_with_catchup_and_backfill.py
Traceback (most recent call last):
  File "/home/airflow/.local/lib/python3.8/site-packages/airflow/models/dagbag.py", line 342, in parse
    loader.exec_module(new_module)
  File "<frozen importlib._bootstrap_external>", line 839, in exec_module
  File "<frozen importlib._bootstrap_external>", line 976, in get_code
  File "<frozen importlib._bootstrap_external>", line 906, in source_to_code
  File "<frozen importlib._bootstrap>", line 219, in _call_with_frames_removed
  File "/opt/airflow/dags/dag_with_catchup_and_backfill.py", line 19
    catchup=False # don't execute etl in the past
    ^
SyntaxError: invalid syntax
[2023-10-30T19:13:34.966+0000] {processor.py:841} WARNING - No viable dags retrieved from /opt/airflow/dags/dag_with_catchup_and_backfill.py
[2023-10-30T19:13:35.024+0000] {processor.py:179} INFO - Processing /opt/airflow/dags/dag_with_catchup_and_backfill.py took 0.103 seconds
[2023-10-30T19:13:37.217+0000] {processor.py:157} INFO - Started process (PID=22810) to work on /opt/airflow/dags/dag_with_catchup_and_backfill.py
[2023-10-30T19:13:37.220+0000] {processor.py:829} INFO - Processing file /opt/airflow/dags/dag_with_catchup_and_backfill.py for tasks to queue
[2023-10-30T19:13:37.223+0000] {logging_mixin.py:151} INFO - [2023-10-30T19:13:37.222+0000] {dagbag.py:536} INFO - Filling up the DagBag from /opt/airflow/dags/dag_with_catchup_and_backfill.py
[2023-10-30T19:13:37.238+0000] {logging_mixin.py:151} INFO - [2023-10-30T19:13:37.235+0000] {dagbag.py:346} ERROR - Failed to import: /opt/airflow/dags/dag_with_catchup_and_backfill.py
Traceback (most recent call last):
  File "/home/airflow/.local/lib/python3.8/site-packages/airflow/models/dagbag.py", line 342, in parse
    loader.exec_module(new_module)
  File "<frozen importlib._bootstrap_external>", line 839, in exec_module
  File "<frozen importlib._bootstrap_external>", line 976, in get_code
  File "<frozen importlib._bootstrap_external>", line 906, in source_to_code
  File "<frozen importlib._bootstrap>", line 219, in _call_with_frames_removed
  File "/opt/airflow/dags/dag_with_catchup_and_backfill.py", line 19
    catchup=False # don't execute etl in the past
    ^
SyntaxError: invalid syntax
[2023-10-30T19:13:37.239+0000] {processor.py:841} WARNING - No viable dags retrieved from /opt/airflow/dags/dag_with_catchup_and_backfill.py
[2023-10-30T19:13:37.285+0000] {processor.py:179} INFO - Processing /opt/airflow/dags/dag_with_catchup_and_backfill.py took 0.079 seconds
[2023-10-30T19:13:42.313+0000] {processor.py:157} INFO - Started process (PID=22815) to work on /opt/airflow/dags/dag_with_catchup_and_backfill.py
[2023-10-30T19:13:42.315+0000] {processor.py:829} INFO - Processing file /opt/airflow/dags/dag_with_catchup_and_backfill.py for tasks to queue
[2023-10-30T19:13:42.317+0000] {logging_mixin.py:151} INFO - [2023-10-30T19:13:42.316+0000] {dagbag.py:536} INFO - Filling up the DagBag from /opt/airflow/dags/dag_with_catchup_and_backfill.py
[2023-10-30T19:13:42.326+0000] {logging_mixin.py:151} INFO - [2023-10-30T19:13:42.324+0000] {dagbag.py:346} ERROR - Failed to import: /opt/airflow/dags/dag_with_catchup_and_backfill.py
Traceback (most recent call last):
  File "/home/airflow/.local/lib/python3.8/site-packages/airflow/models/dagbag.py", line 342, in parse
    loader.exec_module(new_module)
  File "<frozen importlib._bootstrap_external>", line 839, in exec_module
  File "<frozen importlib._bootstrap_external>", line 976, in get_code
  File "<frozen importlib._bootstrap_external>", line 906, in source_to_code
  File "<frozen importlib._bootstrap>", line 219, in _call_with_frames_removed
  File "/opt/airflow/dags/dag_with_catchup_and_backfill.py", line 19
    catchup=True # don't execute etl in the past
    ^
SyntaxError: invalid syntax
[2023-10-30T19:13:42.328+0000] {processor.py:841} WARNING - No viable dags retrieved from /opt/airflow/dags/dag_with_catchup_and_backfill.py
[2023-10-30T19:13:42.367+0000] {processor.py:179} INFO - Processing /opt/airflow/dags/dag_with_catchup_and_backfill.py took 0.062 seconds
[2023-10-30T19:13:45.500+0000] {processor.py:157} INFO - Started process (PID=22820) to work on /opt/airflow/dags/dag_with_catchup_and_backfill.py
[2023-10-30T19:13:45.506+0000] {processor.py:829} INFO - Processing file /opt/airflow/dags/dag_with_catchup_and_backfill.py for tasks to queue
[2023-10-30T19:13:45.509+0000] {logging_mixin.py:151} INFO - [2023-10-30T19:13:45.508+0000] {dagbag.py:536} INFO - Filling up the DagBag from /opt/airflow/dags/dag_with_catchup_and_backfill.py
[2023-10-30T19:13:45.524+0000] {logging_mixin.py:151} INFO - [2023-10-30T19:13:45.521+0000] {dagbag.py:346} ERROR - Failed to import: /opt/airflow/dags/dag_with_catchup_and_backfill.py
Traceback (most recent call last):
  File "/home/airflow/.local/lib/python3.8/site-packages/airflow/models/dagbag.py", line 342, in parse
    loader.exec_module(new_module)
  File "<frozen importlib._bootstrap_external>", line 839, in exec_module
  File "<frozen importlib._bootstrap_external>", line 976, in get_code
  File "<frozen importlib._bootstrap_external>", line 906, in source_to_code
  File "<frozen importlib._bootstrap>", line 219, in _call_with_frames_removed
  File "/opt/airflow/dags/dag_with_catchup_and_backfill.py", line 19
    catchup=True # execute etl in the past
    ^
SyntaxError: invalid syntax
[2023-10-30T19:13:45.527+0000] {processor.py:841} WARNING - No viable dags retrieved from /opt/airflow/dags/dag_with_catchup_and_backfill.py
[2023-10-30T19:13:45.569+0000] {processor.py:179} INFO - Processing /opt/airflow/dags/dag_with_catchup_and_backfill.py took 0.092 seconds
[2023-10-30T19:14:16.037+0000] {processor.py:157} INFO - Started process (PID=22832) to work on /opt/airflow/dags/dag_with_catchup_and_backfill.py
[2023-10-30T19:14:16.041+0000] {processor.py:829} INFO - Processing file /opt/airflow/dags/dag_with_catchup_and_backfill.py for tasks to queue
[2023-10-30T19:14:16.044+0000] {logging_mixin.py:151} INFO - [2023-10-30T19:14:16.043+0000] {dagbag.py:536} INFO - Filling up the DagBag from /opt/airflow/dags/dag_with_catchup_and_backfill.py
[2023-10-30T19:14:16.059+0000] {logging_mixin.py:151} INFO - [2023-10-30T19:14:16.056+0000] {dagbag.py:346} ERROR - Failed to import: /opt/airflow/dags/dag_with_catchup_and_backfill.py
Traceback (most recent call last):
  File "/home/airflow/.local/lib/python3.8/site-packages/airflow/models/dagbag.py", line 342, in parse
    loader.exec_module(new_module)
  File "<frozen importlib._bootstrap_external>", line 839, in exec_module
  File "<frozen importlib._bootstrap_external>", line 976, in get_code
  File "<frozen importlib._bootstrap_external>", line 906, in source_to_code
  File "<frozen importlib._bootstrap>", line 219, in _call_with_frames_removed
  File "/opt/airflow/dags/dag_with_catchup_and_backfill.py", line 19
    catchup=True # execute etl in the past
    ^
SyntaxError: invalid syntax
[2023-10-30T19:14:16.060+0000] {processor.py:841} WARNING - No viable dags retrieved from /opt/airflow/dags/dag_with_catchup_and_backfill.py
[2023-10-30T19:14:16.108+0000] {processor.py:179} INFO - Processing /opt/airflow/dags/dag_with_catchup_and_backfill.py took 0.079 seconds
[2023-10-30T19:14:46.753+0000] {processor.py:157} INFO - Started process (PID=22844) to work on /opt/airflow/dags/dag_with_catchup_and_backfill.py
[2023-10-30T19:14:46.761+0000] {processor.py:829} INFO - Processing file /opt/airflow/dags/dag_with_catchup_and_backfill.py for tasks to queue
[2023-10-30T19:14:46.765+0000] {logging_mixin.py:151} INFO - [2023-10-30T19:14:46.764+0000] {dagbag.py:536} INFO - Filling up the DagBag from /opt/airflow/dags/dag_with_catchup_and_backfill.py
[2023-10-30T19:14:46.782+0000] {logging_mixin.py:151} INFO - [2023-10-30T19:14:46.778+0000] {dagbag.py:346} ERROR - Failed to import: /opt/airflow/dags/dag_with_catchup_and_backfill.py
Traceback (most recent call last):
  File "/home/airflow/.local/lib/python3.8/site-packages/airflow/models/dagbag.py", line 342, in parse
    loader.exec_module(new_module)
  File "<frozen importlib._bootstrap_external>", line 839, in exec_module
  File "<frozen importlib._bootstrap_external>", line 976, in get_code
  File "<frozen importlib._bootstrap_external>", line 906, in source_to_code
  File "<frozen importlib._bootstrap>", line 219, in _call_with_frames_removed
  File "/opt/airflow/dags/dag_with_catchup_and_backfill.py", line 19
    catchup=True # execute etl in the past
    ^
SyntaxError: invalid syntax
[2023-10-30T19:14:46.785+0000] {processor.py:841} WARNING - No viable dags retrieved from /opt/airflow/dags/dag_with_catchup_and_backfill.py
[2023-10-30T19:14:46.848+0000] {processor.py:179} INFO - Processing /opt/airflow/dags/dag_with_catchup_and_backfill.py took 0.110 seconds
[2023-10-30T19:15:17.225+0000] {processor.py:157} INFO - Started process (PID=22856) to work on /opt/airflow/dags/dag_with_catchup_and_backfill.py
[2023-10-30T19:15:17.228+0000] {processor.py:829} INFO - Processing file /opt/airflow/dags/dag_with_catchup_and_backfill.py for tasks to queue
[2023-10-30T19:15:17.231+0000] {logging_mixin.py:151} INFO - [2023-10-30T19:15:17.229+0000] {dagbag.py:536} INFO - Filling up the DagBag from /opt/airflow/dags/dag_with_catchup_and_backfill.py
[2023-10-30T19:15:17.261+0000] {logging_mixin.py:151} INFO - [2023-10-30T19:15:17.258+0000] {dagbag.py:346} ERROR - Failed to import: /opt/airflow/dags/dag_with_catchup_and_backfill.py
Traceback (most recent call last):
  File "/home/airflow/.local/lib/python3.8/site-packages/airflow/models/dagbag.py", line 342, in parse
    loader.exec_module(new_module)
  File "<frozen importlib._bootstrap_external>", line 839, in exec_module
  File "<frozen importlib._bootstrap_external>", line 976, in get_code
  File "<frozen importlib._bootstrap_external>", line 906, in source_to_code
  File "<frozen importlib._bootstrap>", line 219, in _call_with_frames_removed
  File "/opt/airflow/dags/dag_with_catchup_and_backfill.py", line 19
    catchup=True # execute etl in the past
    ^
SyntaxError: invalid syntax
[2023-10-30T19:15:17.263+0000] {processor.py:841} WARNING - No viable dags retrieved from /opt/airflow/dags/dag_with_catchup_and_backfill.py
[2023-10-30T19:15:17.312+0000] {processor.py:179} INFO - Processing /opt/airflow/dags/dag_with_catchup_and_backfill.py took 0.098 seconds
[2023-10-30T19:15:47.956+0000] {processor.py:157} INFO - Started process (PID=22868) to work on /opt/airflow/dags/dag_with_catchup_and_backfill.py
[2023-10-30T19:15:47.960+0000] {processor.py:829} INFO - Processing file /opt/airflow/dags/dag_with_catchup_and_backfill.py for tasks to queue
[2023-10-30T19:15:47.966+0000] {logging_mixin.py:151} INFO - [2023-10-30T19:15:47.964+0000] {dagbag.py:536} INFO - Filling up the DagBag from /opt/airflow/dags/dag_with_catchup_and_backfill.py
[2023-10-30T19:15:47.983+0000] {logging_mixin.py:151} INFO - [2023-10-30T19:15:47.979+0000] {dagbag.py:346} ERROR - Failed to import: /opt/airflow/dags/dag_with_catchup_and_backfill.py
Traceback (most recent call last):
  File "/home/airflow/.local/lib/python3.8/site-packages/airflow/models/dagbag.py", line 342, in parse
    loader.exec_module(new_module)
  File "<frozen importlib._bootstrap_external>", line 839, in exec_module
  File "<frozen importlib._bootstrap_external>", line 976, in get_code
  File "<frozen importlib._bootstrap_external>", line 906, in source_to_code
  File "<frozen importlib._bootstrap>", line 219, in _call_with_frames_removed
  File "/opt/airflow/dags/dag_with_catchup_and_backfill.py", line 19
    catchup=True # execute etl in the past
    ^
SyntaxError: invalid syntax
[2023-10-30T19:15:47.984+0000] {processor.py:841} WARNING - No viable dags retrieved from /opt/airflow/dags/dag_with_catchup_and_backfill.py
[2023-10-30T19:15:48.035+0000] {processor.py:179} INFO - Processing /opt/airflow/dags/dag_with_catchup_and_backfill.py took 0.101 seconds
[2023-10-30T19:16:18.307+0000] {processor.py:157} INFO - Started process (PID=22880) to work on /opt/airflow/dags/dag_with_catchup_and_backfill.py
[2023-10-30T19:16:18.310+0000] {processor.py:829} INFO - Processing file /opt/airflow/dags/dag_with_catchup_and_backfill.py for tasks to queue
[2023-10-30T19:16:18.313+0000] {logging_mixin.py:151} INFO - [2023-10-30T19:16:18.312+0000] {dagbag.py:536} INFO - Filling up the DagBag from /opt/airflow/dags/dag_with_catchup_and_backfill.py
[2023-10-30T19:16:18.327+0000] {logging_mixin.py:151} INFO - [2023-10-30T19:16:18.323+0000] {dagbag.py:346} ERROR - Failed to import: /opt/airflow/dags/dag_with_catchup_and_backfill.py
Traceback (most recent call last):
  File "/home/airflow/.local/lib/python3.8/site-packages/airflow/models/dagbag.py", line 342, in parse
    loader.exec_module(new_module)
  File "<frozen importlib._bootstrap_external>", line 839, in exec_module
  File "<frozen importlib._bootstrap_external>", line 976, in get_code
  File "<frozen importlib._bootstrap_external>", line 906, in source_to_code
  File "<frozen importlib._bootstrap>", line 219, in _call_with_frames_removed
  File "/opt/airflow/dags/dag_with_catchup_and_backfill.py", line 19
    catchup=True # execute etl in the past
    ^
SyntaxError: invalid syntax
[2023-10-30T19:16:18.328+0000] {processor.py:841} WARNING - No viable dags retrieved from /opt/airflow/dags/dag_with_catchup_and_backfill.py
[2023-10-30T19:16:18.378+0000] {processor.py:179} INFO - Processing /opt/airflow/dags/dag_with_catchup_and_backfill.py took 0.083 seconds
[2023-10-30T19:16:48.911+0000] {processor.py:157} INFO - Started process (PID=22892) to work on /opt/airflow/dags/dag_with_catchup_and_backfill.py
[2023-10-30T19:16:48.914+0000] {processor.py:829} INFO - Processing file /opt/airflow/dags/dag_with_catchup_and_backfill.py for tasks to queue
[2023-10-30T19:16:48.918+0000] {logging_mixin.py:151} INFO - [2023-10-30T19:16:48.916+0000] {dagbag.py:536} INFO - Filling up the DagBag from /opt/airflow/dags/dag_with_catchup_and_backfill.py
[2023-10-30T19:16:48.940+0000] {logging_mixin.py:151} INFO - [2023-10-30T19:16:48.935+0000] {dagbag.py:346} ERROR - Failed to import: /opt/airflow/dags/dag_with_catchup_and_backfill.py
Traceback (most recent call last):
  File "/home/airflow/.local/lib/python3.8/site-packages/airflow/models/dagbag.py", line 342, in parse
    loader.exec_module(new_module)
  File "<frozen importlib._bootstrap_external>", line 839, in exec_module
  File "<frozen importlib._bootstrap_external>", line 976, in get_code
  File "<frozen importlib._bootstrap_external>", line 906, in source_to_code
  File "<frozen importlib._bootstrap>", line 219, in _call_with_frames_removed
  File "/opt/airflow/dags/dag_with_catchup_and_backfill.py", line 19
    catchup=True # execute etl in the past
    ^
SyntaxError: invalid syntax
[2023-10-30T19:16:48.941+0000] {processor.py:841} WARNING - No viable dags retrieved from /opt/airflow/dags/dag_with_catchup_and_backfill.py
[2023-10-30T19:16:48.994+0000] {processor.py:179} INFO - Processing /opt/airflow/dags/dag_with_catchup_and_backfill.py took 0.094 seconds
[2023-10-30T19:17:19.490+0000] {processor.py:157} INFO - Started process (PID=22904) to work on /opt/airflow/dags/dag_with_catchup_and_backfill.py
[2023-10-30T19:17:19.494+0000] {processor.py:829} INFO - Processing file /opt/airflow/dags/dag_with_catchup_and_backfill.py for tasks to queue
[2023-10-30T19:17:19.497+0000] {logging_mixin.py:151} INFO - [2023-10-30T19:17:19.496+0000] {dagbag.py:536} INFO - Filling up the DagBag from /opt/airflow/dags/dag_with_catchup_and_backfill.py
[2023-10-30T19:17:19.512+0000] {logging_mixin.py:151} INFO - [2023-10-30T19:17:19.509+0000] {dagbag.py:346} ERROR - Failed to import: /opt/airflow/dags/dag_with_catchup_and_backfill.py
Traceback (most recent call last):
  File "/home/airflow/.local/lib/python3.8/site-packages/airflow/models/dagbag.py", line 342, in parse
    loader.exec_module(new_module)
  File "<frozen importlib._bootstrap_external>", line 839, in exec_module
  File "<frozen importlib._bootstrap_external>", line 976, in get_code
  File "<frozen importlib._bootstrap_external>", line 906, in source_to_code
  File "<frozen importlib._bootstrap>", line 219, in _call_with_frames_removed
  File "/opt/airflow/dags/dag_with_catchup_and_backfill.py", line 19
    catchup=True # execute etl in the past
    ^
SyntaxError: invalid syntax
[2023-10-30T19:17:19.513+0000] {processor.py:841} WARNING - No viable dags retrieved from /opt/airflow/dags/dag_with_catchup_and_backfill.py
[2023-10-30T19:17:19.563+0000] {processor.py:179} INFO - Processing /opt/airflow/dags/dag_with_catchup_and_backfill.py took 0.091 seconds
[2023-10-30T19:17:50.078+0000] {processor.py:157} INFO - Started process (PID=22916) to work on /opt/airflow/dags/dag_with_catchup_and_backfill.py
[2023-10-30T19:17:50.081+0000] {processor.py:829} INFO - Processing file /opt/airflow/dags/dag_with_catchup_and_backfill.py for tasks to queue
[2023-10-30T19:17:50.085+0000] {logging_mixin.py:151} INFO - [2023-10-30T19:17:50.083+0000] {dagbag.py:536} INFO - Filling up the DagBag from /opt/airflow/dags/dag_with_catchup_and_backfill.py
[2023-10-30T19:17:50.101+0000] {logging_mixin.py:151} INFO - [2023-10-30T19:17:50.097+0000] {dagbag.py:346} ERROR - Failed to import: /opt/airflow/dags/dag_with_catchup_and_backfill.py
Traceback (most recent call last):
  File "/home/airflow/.local/lib/python3.8/site-packages/airflow/models/dagbag.py", line 342, in parse
    loader.exec_module(new_module)
  File "<frozen importlib._bootstrap_external>", line 839, in exec_module
  File "<frozen importlib._bootstrap_external>", line 976, in get_code
  File "<frozen importlib._bootstrap_external>", line 906, in source_to_code
  File "<frozen importlib._bootstrap>", line 219, in _call_with_frames_removed
  File "/opt/airflow/dags/dag_with_catchup_and_backfill.py", line 19
    catchup=True # execute etl in the past
    ^
SyntaxError: invalid syntax
[2023-10-30T19:17:50.103+0000] {processor.py:841} WARNING - No viable dags retrieved from /opt/airflow/dags/dag_with_catchup_and_backfill.py
[2023-10-30T19:17:50.166+0000] {processor.py:179} INFO - Processing /opt/airflow/dags/dag_with_catchup_and_backfill.py took 0.102 seconds
[2023-10-30T19:18:20.590+0000] {processor.py:157} INFO - Started process (PID=22928) to work on /opt/airflow/dags/dag_with_catchup_and_backfill.py
[2023-10-30T19:18:20.593+0000] {processor.py:829} INFO - Processing file /opt/airflow/dags/dag_with_catchup_and_backfill.py for tasks to queue
[2023-10-30T19:18:20.595+0000] {logging_mixin.py:151} INFO - [2023-10-30T19:18:20.594+0000] {dagbag.py:536} INFO - Filling up the DagBag from /opt/airflow/dags/dag_with_catchup_and_backfill.py
[2023-10-30T19:18:20.607+0000] {logging_mixin.py:151} INFO - [2023-10-30T19:18:20.605+0000] {dagbag.py:346} ERROR - Failed to import: /opt/airflow/dags/dag_with_catchup_and_backfill.py
Traceback (most recent call last):
  File "/home/airflow/.local/lib/python3.8/site-packages/airflow/models/dagbag.py", line 342, in parse
    loader.exec_module(new_module)
  File "<frozen importlib._bootstrap_external>", line 839, in exec_module
  File "<frozen importlib._bootstrap_external>", line 976, in get_code
  File "<frozen importlib._bootstrap_external>", line 906, in source_to_code
  File "<frozen importlib._bootstrap>", line 219, in _call_with_frames_removed
  File "/opt/airflow/dags/dag_with_catchup_and_backfill.py", line 19
    catchup=True # execute etl in the past
    ^
SyntaxError: invalid syntax
[2023-10-30T19:18:20.609+0000] {processor.py:841} WARNING - No viable dags retrieved from /opt/airflow/dags/dag_with_catchup_and_backfill.py
[2023-10-30T19:18:20.660+0000] {processor.py:179} INFO - Processing /opt/airflow/dags/dag_with_catchup_and_backfill.py took 0.098 seconds
[2023-10-30T19:18:51.237+0000] {processor.py:157} INFO - Started process (PID=22940) to work on /opt/airflow/dags/dag_with_catchup_and_backfill.py
[2023-10-30T19:18:51.242+0000] {processor.py:829} INFO - Processing file /opt/airflow/dags/dag_with_catchup_and_backfill.py for tasks to queue
[2023-10-30T19:18:51.245+0000] {logging_mixin.py:151} INFO - [2023-10-30T19:18:51.244+0000] {dagbag.py:536} INFO - Filling up the DagBag from /opt/airflow/dags/dag_with_catchup_and_backfill.py
[2023-10-30T19:18:51.260+0000] {logging_mixin.py:151} INFO - [2023-10-30T19:18:51.258+0000] {dagbag.py:346} ERROR - Failed to import: /opt/airflow/dags/dag_with_catchup_and_backfill.py
Traceback (most recent call last):
  File "/home/airflow/.local/lib/python3.8/site-packages/airflow/models/dagbag.py", line 342, in parse
    loader.exec_module(new_module)
  File "<frozen importlib._bootstrap_external>", line 839, in exec_module
  File "<frozen importlib._bootstrap_external>", line 976, in get_code
  File "<frozen importlib._bootstrap_external>", line 906, in source_to_code
  File "<frozen importlib._bootstrap>", line 219, in _call_with_frames_removed
  File "/opt/airflow/dags/dag_with_catchup_and_backfill.py", line 19
    catchup=True # execute etl in the past
    ^
SyntaxError: invalid syntax
[2023-10-30T19:18:51.262+0000] {processor.py:841} WARNING - No viable dags retrieved from /opt/airflow/dags/dag_with_catchup_and_backfill.py
[2023-10-30T19:18:51.310+0000] {processor.py:179} INFO - Processing /opt/airflow/dags/dag_with_catchup_and_backfill.py took 0.085 seconds
[2023-10-30T19:19:21.670+0000] {processor.py:157} INFO - Started process (PID=22952) to work on /opt/airflow/dags/dag_with_catchup_and_backfill.py
[2023-10-30T19:19:21.674+0000] {processor.py:829} INFO - Processing file /opt/airflow/dags/dag_with_catchup_and_backfill.py for tasks to queue
[2023-10-30T19:19:21.682+0000] {logging_mixin.py:151} INFO - [2023-10-30T19:19:21.680+0000] {dagbag.py:536} INFO - Filling up the DagBag from /opt/airflow/dags/dag_with_catchup_and_backfill.py
[2023-10-30T19:19:21.696+0000] {logging_mixin.py:151} INFO - [2023-10-30T19:19:21.693+0000] {dagbag.py:346} ERROR - Failed to import: /opt/airflow/dags/dag_with_catchup_and_backfill.py
Traceback (most recent call last):
  File "/home/airflow/.local/lib/python3.8/site-packages/airflow/models/dagbag.py", line 342, in parse
    loader.exec_module(new_module)
  File "<frozen importlib._bootstrap_external>", line 839, in exec_module
  File "<frozen importlib._bootstrap_external>", line 976, in get_code
  File "<frozen importlib._bootstrap_external>", line 906, in source_to_code
  File "<frozen importlib._bootstrap>", line 219, in _call_with_frames_removed
  File "/opt/airflow/dags/dag_with_catchup_and_backfill.py", line 19
    catchup=True # execute etl in the past
    ^
SyntaxError: invalid syntax
[2023-10-30T19:19:21.697+0000] {processor.py:841} WARNING - No viable dags retrieved from /opt/airflow/dags/dag_with_catchup_and_backfill.py
[2023-10-30T19:19:21.731+0000] {processor.py:179} INFO - Processing /opt/airflow/dags/dag_with_catchup_and_backfill.py took 0.072 seconds
[2023-10-30T19:19:52.628+0000] {processor.py:157} INFO - Started process (PID=22964) to work on /opt/airflow/dags/dag_with_catchup_and_backfill.py
[2023-10-30T19:19:52.639+0000] {processor.py:829} INFO - Processing file /opt/airflow/dags/dag_with_catchup_and_backfill.py for tasks to queue
[2023-10-30T19:19:52.685+0000] {logging_mixin.py:151} INFO - [2023-10-30T19:19:52.667+0000] {dagbag.py:536} INFO - Filling up the DagBag from /opt/airflow/dags/dag_with_catchup_and_backfill.py
[2023-10-30T19:19:52.758+0000] {logging_mixin.py:151} INFO - [2023-10-30T19:19:52.747+0000] {dagbag.py:346} ERROR - Failed to import: /opt/airflow/dags/dag_with_catchup_and_backfill.py
Traceback (most recent call last):
  File "/home/airflow/.local/lib/python3.8/site-packages/airflow/models/dagbag.py", line 342, in parse
    loader.exec_module(new_module)
  File "<frozen importlib._bootstrap_external>", line 839, in exec_module
  File "<frozen importlib._bootstrap_external>", line 976, in get_code
  File "<frozen importlib._bootstrap_external>", line 906, in source_to_code
  File "<frozen importlib._bootstrap>", line 219, in _call_with_frames_removed
  File "/opt/airflow/dags/dag_with_catchup_and_backfill.py", line 19
    catchup=True # execute etl in the past
    ^
SyntaxError: invalid syntax
[2023-10-30T19:19:52.764+0000] {processor.py:841} WARNING - No viable dags retrieved from /opt/airflow/dags/dag_with_catchup_and_backfill.py
[2023-10-30T19:19:53.001+0000] {processor.py:179} INFO - Processing /opt/airflow/dags/dag_with_catchup_and_backfill.py took 0.442 seconds
[2023-10-30T19:20:23.905+0000] {processor.py:157} INFO - Started process (PID=22976) to work on /opt/airflow/dags/dag_with_catchup_and_backfill.py
[2023-10-30T19:20:23.915+0000] {processor.py:829} INFO - Processing file /opt/airflow/dags/dag_with_catchup_and_backfill.py for tasks to queue
[2023-10-30T19:20:23.930+0000] {logging_mixin.py:151} INFO - [2023-10-30T19:20:23.925+0000] {dagbag.py:536} INFO - Filling up the DagBag from /opt/airflow/dags/dag_with_catchup_and_backfill.py
[2023-10-30T19:20:23.999+0000] {logging_mixin.py:151} INFO - [2023-10-30T19:20:23.991+0000] {dagbag.py:346} ERROR - Failed to import: /opt/airflow/dags/dag_with_catchup_and_backfill.py
Traceback (most recent call last):
  File "/home/airflow/.local/lib/python3.8/site-packages/airflow/models/dagbag.py", line 342, in parse
    loader.exec_module(new_module)
  File "<frozen importlib._bootstrap_external>", line 839, in exec_module
  File "<frozen importlib._bootstrap_external>", line 976, in get_code
  File "<frozen importlib._bootstrap_external>", line 906, in source_to_code
  File "<frozen importlib._bootstrap>", line 219, in _call_with_frames_removed
  File "/opt/airflow/dags/dag_with_catchup_and_backfill.py", line 19
    catchup=True # execute etl in the past
    ^
SyntaxError: invalid syntax
[2023-10-30T19:20:24.005+0000] {processor.py:841} WARNING - No viable dags retrieved from /opt/airflow/dags/dag_with_catchup_and_backfill.py
[2023-10-30T19:20:24.146+0000] {processor.py:179} INFO - Processing /opt/airflow/dags/dag_with_catchup_and_backfill.py took 0.290 seconds
