[2023-10-29T16:24:53.591+0000] {taskinstance.py:1159} INFO - Dependencies all met for dep_context=non-requeueable deps ti=<TaskInstance: our_dag_with_python_operator_v5.first_task scheduled__2021-11-07T00:00:00+00:00 [queued]>
[2023-10-29T16:24:53.609+0000] {taskinstance.py:1159} INFO - Dependencies all met for dep_context=requeueable deps ti=<TaskInstance: our_dag_with_python_operator_v5.first_task scheduled__2021-11-07T00:00:00+00:00 [queued]>
[2023-10-29T16:24:53.610+0000] {taskinstance.py:1361} INFO - Starting attempt 1 of 6
[2023-10-29T16:24:53.638+0000] {taskinstance.py:1382} INFO - Executing <Task(PythonOperator): first_task> on 2021-11-07 00:00:00+00:00
[2023-10-29T16:24:53.652+0000] {standard_task_runner.py:57} INFO - Started process 9156 to run task
[2023-10-29T16:24:53.710+0000] {standard_task_runner.py:84} INFO - Running: ['***', 'tasks', 'run', 'our_dag_with_python_operator_v5', 'first_task', 'scheduled__2021-11-07T00:00:00+00:00', '--job-id', '2505', '--raw', '--subdir', 'DAGS_FOLDER/create_dag_with_python_operator.py', '--cfg-path', '/tmp/tmp_7iiqqz8']
[2023-10-29T16:24:53.719+0000] {standard_task_runner.py:85} INFO - Job 2505: Subtask first_task
[2023-10-29T16:24:53.879+0000] {task_command.py:416} INFO - Running <TaskInstance: our_dag_with_python_operator_v5.first_task scheduled__2021-11-07T00:00:00+00:00 [running]> on host 9bb87dc64328
[2023-10-29T16:24:54.140+0000] {taskinstance.py:1662} INFO - Exporting env vars: AIRFLOW_CTX_DAG_OWNER='coder3j' AIRFLOW_CTX_DAG_ID='our_dag_with_python_operator_v5' AIRFLOW_CTX_TASK_ID='first_task' AIRFLOW_CTX_EXECUTION_DATE='2021-11-07T00:00:00+00:00' AIRFLOW_CTX_TRY_NUMBER='1' AIRFLOW_CTX_DAG_RUN_ID='scheduled__2021-11-07T00:00:00+00:00'
[2023-10-29T16:24:54.144+0000] {logging_mixin.py:151} INFO - Hello world!
[2023-10-29T16:24:54.145+0000] {python.py:194} INFO - Done. Returned value was: None
[2023-10-29T16:24:54.178+0000] {taskinstance.py:1400} INFO - Marking task as SUCCESS. dag_id=our_dag_with_python_operator_v5, task_id=first_task, execution_date=20211107T000000, start_date=20231029T162453, end_date=20231029T162454
[2023-10-29T16:24:54.371+0000] {local_task_job_runner.py:228} INFO - Task exited with return code 0
[2023-10-29T16:24:54.449+0000] {taskinstance.py:2778} INFO - 0 downstream tasks scheduled from follow-on schedule check
[2023-10-30T14:20:10.639+0000] {taskinstance.py:1159} INFO - Dependencies all met for dep_context=non-requeueable deps ti=<TaskInstance: our_dag_with_python_operator_v5.first_task scheduled__2021-11-07T00:00:00+00:00 [queued]>
[2023-10-30T14:20:10.650+0000] {taskinstance.py:1159} INFO - Dependencies all met for dep_context=requeueable deps ti=<TaskInstance: our_dag_with_python_operator_v5.first_task scheduled__2021-11-07T00:00:00+00:00 [queued]>
[2023-10-30T14:20:10.651+0000] {taskinstance.py:1361} INFO - Starting attempt 1 of 6
[2023-10-30T14:20:10.678+0000] {taskinstance.py:1382} INFO - Executing <Task(PythonOperator): first_task> on 2021-11-07 00:00:00+00:00
[2023-10-30T14:20:10.682+0000] {standard_task_runner.py:57} INFO - Started process 1211 to run task
[2023-10-30T14:20:10.686+0000] {standard_task_runner.py:84} INFO - Running: ['***', 'tasks', 'run', 'our_dag_with_python_operator_v5', 'first_task', 'scheduled__2021-11-07T00:00:00+00:00', '--job-id', '3817', '--raw', '--subdir', 'DAGS_FOLDER/create_dag_with_python_operator.py', '--cfg-path', '/tmp/tmphf5945z8']
[2023-10-30T14:20:10.708+0000] {standard_task_runner.py:85} INFO - Job 3817: Subtask first_task
[2023-10-30T14:20:10.794+0000] {task_command.py:416} INFO - Running <TaskInstance: our_dag_with_python_operator_v5.first_task scheduled__2021-11-07T00:00:00+00:00 [running]> on host 9bb87dc64328
[2023-10-30T14:20:10.988+0000] {taskinstance.py:1662} INFO - Exporting env vars: AIRFLOW_CTX_DAG_OWNER='coder3j' AIRFLOW_CTX_DAG_ID='our_dag_with_python_operator_v5' AIRFLOW_CTX_TASK_ID='first_task' AIRFLOW_CTX_EXECUTION_DATE='2021-11-07T00:00:00+00:00' AIRFLOW_CTX_TRY_NUMBER='1' AIRFLOW_CTX_DAG_RUN_ID='scheduled__2021-11-07T00:00:00+00:00'
[2023-10-30T14:20:11.019+0000] {logging_mixin.py:151} INFO - Hello world! name Jerry age: 23
[2023-10-30T14:20:11.020+0000] {python.py:194} INFO - Done. Returned value was: None
[2023-10-30T14:20:11.043+0000] {taskinstance.py:1400} INFO - Marking task as SUCCESS. dag_id=our_dag_with_python_operator_v5, task_id=first_task, execution_date=20211107T000000, start_date=20231030T142010, end_date=20231030T142011
[2023-10-30T14:20:11.270+0000] {local_task_job_runner.py:228} INFO - Task exited with return code 0
[2023-10-30T14:20:11.300+0000] {taskinstance.py:2778} INFO - 0 downstream tasks scheduled from follow-on schedule check
