[2023-10-29T16:24:50.547+0000] {taskinstance.py:1159} INFO - Dependencies all met for dep_context=non-requeueable deps ti=<TaskInstance: our_dag_with_python_operator_v5.first_task scheduled__2021-11-03T00:00:00+00:00 [queued]>
[2023-10-29T16:24:50.565+0000] {taskinstance.py:1159} INFO - Dependencies all met for dep_context=requeueable deps ti=<TaskInstance: our_dag_with_python_operator_v5.first_task scheduled__2021-11-03T00:00:00+00:00 [queued]>
[2023-10-29T16:24:50.566+0000] {taskinstance.py:1361} INFO - Starting attempt 1 of 6
[2023-10-29T16:24:50.583+0000] {taskinstance.py:1382} INFO - Executing <Task(PythonOperator): first_task> on 2021-11-03 00:00:00+00:00
[2023-10-29T16:24:50.591+0000] {standard_task_runner.py:57} INFO - Started process 9147 to run task
[2023-10-29T16:24:50.612+0000] {standard_task_runner.py:84} INFO - Running: ['***', 'tasks', 'run', 'our_dag_with_python_operator_v5', 'first_task', 'scheduled__2021-11-03T00:00:00+00:00', '--job-id', '2501', '--raw', '--subdir', 'DAGS_FOLDER/create_dag_with_python_operator.py', '--cfg-path', '/tmp/tmpkkz7pljq']
[2023-10-29T16:24:50.627+0000] {standard_task_runner.py:85} INFO - Job 2501: Subtask first_task
[2023-10-29T16:24:50.715+0000] {task_command.py:416} INFO - Running <TaskInstance: our_dag_with_python_operator_v5.first_task scheduled__2021-11-03T00:00:00+00:00 [running]> on host 9bb87dc64328
[2023-10-29T16:24:50.795+0000] {taskinstance.py:1662} INFO - Exporting env vars: AIRFLOW_CTX_DAG_OWNER='coder3j' AIRFLOW_CTX_DAG_ID='our_dag_with_python_operator_v5' AIRFLOW_CTX_TASK_ID='first_task' AIRFLOW_CTX_EXECUTION_DATE='2021-11-03T00:00:00+00:00' AIRFLOW_CTX_TRY_NUMBER='1' AIRFLOW_CTX_DAG_RUN_ID='scheduled__2021-11-03T00:00:00+00:00'
[2023-10-29T16:24:50.797+0000] {logging_mixin.py:151} INFO - Hello world!
[2023-10-29T16:24:50.797+0000] {python.py:194} INFO - Done. Returned value was: None
[2023-10-29T16:24:50.811+0000] {taskinstance.py:1400} INFO - Marking task as SUCCESS. dag_id=our_dag_with_python_operator_v5, task_id=first_task, execution_date=20211103T000000, start_date=20231029T162450, end_date=20231029T162450
[2023-10-29T16:24:50.851+0000] {local_task_job_runner.py:228} INFO - Task exited with return code 0
[2023-10-29T16:24:50.869+0000] {taskinstance.py:2778} INFO - 0 downstream tasks scheduled from follow-on schedule check
[2023-10-30T14:20:05.268+0000] {taskinstance.py:1159} INFO - Dependencies all met for dep_context=non-requeueable deps ti=<TaskInstance: our_dag_with_python_operator_v5.first_task scheduled__2021-11-03T00:00:00+00:00 [queued]>
[2023-10-30T14:20:05.277+0000] {taskinstance.py:1159} INFO - Dependencies all met for dep_context=requeueable deps ti=<TaskInstance: our_dag_with_python_operator_v5.first_task scheduled__2021-11-03T00:00:00+00:00 [queued]>
[2023-10-30T14:20:05.278+0000] {taskinstance.py:1361} INFO - Starting attempt 1 of 6
[2023-10-30T14:20:05.291+0000] {taskinstance.py:1382} INFO - Executing <Task(PythonOperator): first_task> on 2021-11-03 00:00:00+00:00
[2023-10-30T14:20:05.295+0000] {standard_task_runner.py:57} INFO - Started process 1176 to run task
[2023-10-30T14:20:05.300+0000] {standard_task_runner.py:84} INFO - Running: ['***', 'tasks', 'run', 'our_dag_with_python_operator_v5', 'first_task', 'scheduled__2021-11-03T00:00:00+00:00', '--job-id', '3806', '--raw', '--subdir', 'DAGS_FOLDER/create_dag_with_python_operator.py', '--cfg-path', '/tmp/tmph11ka_kj']
[2023-10-30T14:20:05.305+0000] {standard_task_runner.py:85} INFO - Job 3806: Subtask first_task
[2023-10-30T14:20:05.365+0000] {task_command.py:416} INFO - Running <TaskInstance: our_dag_with_python_operator_v5.first_task scheduled__2021-11-03T00:00:00+00:00 [running]> on host 9bb87dc64328
[2023-10-30T14:20:05.444+0000] {taskinstance.py:1662} INFO - Exporting env vars: AIRFLOW_CTX_DAG_OWNER='coder3j' AIRFLOW_CTX_DAG_ID='our_dag_with_python_operator_v5' AIRFLOW_CTX_TASK_ID='first_task' AIRFLOW_CTX_EXECUTION_DATE='2021-11-03T00:00:00+00:00' AIRFLOW_CTX_TRY_NUMBER='1' AIRFLOW_CTX_DAG_RUN_ID='scheduled__2021-11-03T00:00:00+00:00'
[2023-10-30T14:20:05.459+0000] {logging_mixin.py:151} INFO - Hello world! name Jerry age: 23
[2023-10-30T14:20:05.460+0000] {python.py:194} INFO - Done. Returned value was: None
[2023-10-30T14:20:05.470+0000] {taskinstance.py:1400} INFO - Marking task as SUCCESS. dag_id=our_dag_with_python_operator_v5, task_id=first_task, execution_date=20211103T000000, start_date=20231030T142005, end_date=20231030T142005
[2023-10-30T14:20:05.518+0000] {local_task_job_runner.py:228} INFO - Task exited with return code 0
[2023-10-30T14:20:05.534+0000] {taskinstance.py:2778} INFO - 0 downstream tasks scheduled from follow-on schedule check
