[2023-10-29T16:25:22.593+0000] {taskinstance.py:1159} INFO - Dependencies all met for dep_context=non-requeueable deps ti=<TaskInstance: our_dag_with_python_operator_v5.first_task scheduled__2022-01-11T00:00:00+00:00 [queued]>
[2023-10-29T16:25:22.617+0000] {taskinstance.py:1159} INFO - Dependencies all met for dep_context=requeueable deps ti=<TaskInstance: our_dag_with_python_operator_v5.first_task scheduled__2022-01-11T00:00:00+00:00 [queued]>
[2023-10-29T16:25:22.619+0000] {taskinstance.py:1361} INFO - Starting attempt 1 of 6
[2023-10-29T16:25:22.664+0000] {taskinstance.py:1382} INFO - Executing <Task(PythonOperator): first_task> on 2022-01-11 00:00:00+00:00
[2023-10-29T16:25:22.711+0000] {standard_task_runner.py:84} INFO - Running: ['***', 'tasks', 'run', 'our_dag_with_python_operator_v5', 'first_task', 'scheduled__2022-01-11T00:00:00+00:00', '--job-id', '2570', '--raw', '--subdir', 'DAGS_FOLDER/create_dag_with_python_operator.py', '--cfg-path', '/tmp/tmpynwh8ka2']
[2023-10-29T16:25:22.728+0000] {standard_task_runner.py:85} INFO - Job 2570: Subtask first_task
[2023-10-29T16:25:22.680+0000] {standard_task_runner.py:57} INFO - Started process 9305 to run task
[2023-10-29T16:25:22.875+0000] {task_command.py:416} INFO - Running <TaskInstance: our_dag_with_python_operator_v5.first_task scheduled__2022-01-11T00:00:00+00:00 [running]> on host 9bb87dc64328
[2023-10-29T16:25:23.051+0000] {taskinstance.py:1662} INFO - Exporting env vars: AIRFLOW_CTX_DAG_OWNER='coder3j' AIRFLOW_CTX_DAG_ID='our_dag_with_python_operator_v5' AIRFLOW_CTX_TASK_ID='first_task' AIRFLOW_CTX_EXECUTION_DATE='2022-01-11T00:00:00+00:00' AIRFLOW_CTX_TRY_NUMBER='1' AIRFLOW_CTX_DAG_RUN_ID='scheduled__2022-01-11T00:00:00+00:00'
[2023-10-29T16:25:23.057+0000] {logging_mixin.py:151} INFO - Hello world!
[2023-10-29T16:25:23.063+0000] {python.py:194} INFO - Done. Returned value was: None
[2023-10-29T16:25:23.104+0000] {taskinstance.py:1400} INFO - Marking task as SUCCESS. dag_id=our_dag_with_python_operator_v5, task_id=first_task, execution_date=20220111T000000, start_date=20231029T162522, end_date=20231029T162523
[2023-10-29T16:25:23.164+0000] {local_task_job_runner.py:228} INFO - Task exited with return code 0
[2023-10-29T16:25:23.189+0000] {taskinstance.py:2778} INFO - 0 downstream tasks scheduled from follow-on schedule check
[2023-10-30T14:20:47.372+0000] {taskinstance.py:1159} INFO - Dependencies all met for dep_context=non-requeueable deps ti=<TaskInstance: our_dag_with_python_operator_v5.first_task scheduled__2022-01-11T00:00:00+00:00 [queued]>
[2023-10-30T14:20:47.379+0000] {taskinstance.py:1159} INFO - Dependencies all met for dep_context=requeueable deps ti=<TaskInstance: our_dag_with_python_operator_v5.first_task scheduled__2022-01-11T00:00:00+00:00 [queued]>
[2023-10-30T14:20:47.379+0000] {taskinstance.py:1361} INFO - Starting attempt 1 of 6
[2023-10-30T14:20:47.396+0000] {taskinstance.py:1382} INFO - Executing <Task(PythonOperator): first_task> on 2022-01-11 00:00:00+00:00
[2023-10-30T14:20:47.407+0000] {standard_task_runner.py:57} INFO - Started process 1484 to run task
[2023-10-30T14:20:47.415+0000] {standard_task_runner.py:84} INFO - Running: ['***', 'tasks', 'run', 'our_dag_with_python_operator_v5', 'first_task', 'scheduled__2022-01-11T00:00:00+00:00', '--job-id', '3943', '--raw', '--subdir', 'DAGS_FOLDER/create_dag_with_python_operator.py', '--cfg-path', '/tmp/tmpsi20m_af']
[2023-10-30T14:20:47.424+0000] {standard_task_runner.py:85} INFO - Job 3943: Subtask first_task
[2023-10-30T14:20:47.481+0000] {task_command.py:416} INFO - Running <TaskInstance: our_dag_with_python_operator_v5.first_task scheduled__2022-01-11T00:00:00+00:00 [running]> on host 9bb87dc64328
[2023-10-30T14:20:47.557+0000] {taskinstance.py:1662} INFO - Exporting env vars: AIRFLOW_CTX_DAG_OWNER='coder3j' AIRFLOW_CTX_DAG_ID='our_dag_with_python_operator_v5' AIRFLOW_CTX_TASK_ID='first_task' AIRFLOW_CTX_EXECUTION_DATE='2022-01-11T00:00:00+00:00' AIRFLOW_CTX_TRY_NUMBER='1' AIRFLOW_CTX_DAG_RUN_ID='scheduled__2022-01-11T00:00:00+00:00'
[2023-10-30T14:20:47.570+0000] {logging_mixin.py:151} INFO - Hello world! name Jerry age: 23
[2023-10-30T14:20:47.572+0000] {python.py:194} INFO - Done. Returned value was: None
[2023-10-30T14:20:47.580+0000] {taskinstance.py:1400} INFO - Marking task as SUCCESS. dag_id=our_dag_with_python_operator_v5, task_id=first_task, execution_date=20220111T000000, start_date=20231030T142047, end_date=20231030T142047
[2023-10-30T14:20:47.629+0000] {local_task_job_runner.py:228} INFO - Task exited with return code 0
[2023-10-30T14:20:47.646+0000] {taskinstance.py:2778} INFO - 0 downstream tasks scheduled from follow-on schedule check
