[2023-10-29T16:25:18.665+0000] {taskinstance.py:1159} INFO - Dependencies all met for dep_context=non-requeueable deps ti=<TaskInstance: our_dag_with_python_operator_v5.first_task scheduled__2022-01-01T00:00:00+00:00 [queued]>
[2023-10-29T16:25:18.712+0000] {taskinstance.py:1159} INFO - Dependencies all met for dep_context=requeueable deps ti=<TaskInstance: our_dag_with_python_operator_v5.first_task scheduled__2022-01-01T00:00:00+00:00 [queued]>
[2023-10-29T16:25:18.716+0000] {taskinstance.py:1361} INFO - Starting attempt 1 of 6
[2023-10-29T16:25:18.805+0000] {taskinstance.py:1382} INFO - Executing <Task(PythonOperator): first_task> on 2022-01-01 00:00:00+00:00
[2023-10-29T16:25:18.814+0000] {standard_task_runner.py:57} INFO - Started process 9285 to run task
[2023-10-29T16:25:18.861+0000] {standard_task_runner.py:84} INFO - Running: ['***', 'tasks', 'run', 'our_dag_with_python_operator_v5', 'first_task', 'scheduled__2022-01-01T00:00:00+00:00', '--job-id', '2560', '--raw', '--subdir', 'DAGS_FOLDER/create_dag_with_python_operator.py', '--cfg-path', '/tmp/tmpozknp3cc']
[2023-10-29T16:25:18.885+0000] {standard_task_runner.py:85} INFO - Job 2560: Subtask first_task
[2023-10-29T16:25:19.010+0000] {task_command.py:416} INFO - Running <TaskInstance: our_dag_with_python_operator_v5.first_task scheduled__2022-01-01T00:00:00+00:00 [running]> on host 9bb87dc64328
[2023-10-29T16:25:19.128+0000] {taskinstance.py:1662} INFO - Exporting env vars: AIRFLOW_CTX_DAG_OWNER='coder3j' AIRFLOW_CTX_DAG_ID='our_dag_with_python_operator_v5' AIRFLOW_CTX_TASK_ID='first_task' AIRFLOW_CTX_EXECUTION_DATE='2022-01-01T00:00:00+00:00' AIRFLOW_CTX_TRY_NUMBER='1' AIRFLOW_CTX_DAG_RUN_ID='scheduled__2022-01-01T00:00:00+00:00'
[2023-10-29T16:25:19.130+0000] {logging_mixin.py:151} INFO - Hello world!
[2023-10-29T16:25:19.130+0000] {python.py:194} INFO - Done. Returned value was: None
[2023-10-29T16:25:19.151+0000] {taskinstance.py:1400} INFO - Marking task as SUCCESS. dag_id=our_dag_with_python_operator_v5, task_id=first_task, execution_date=20220101T000000, start_date=20231029T162518, end_date=20231029T162519
[2023-10-29T16:25:19.211+0000] {local_task_job_runner.py:228} INFO - Task exited with return code 0
[2023-10-29T16:25:19.231+0000] {taskinstance.py:2778} INFO - 0 downstream tasks scheduled from follow-on schedule check
[2023-10-30T14:20:42.445+0000] {taskinstance.py:1159} INFO - Dependencies all met for dep_context=non-requeueable deps ti=<TaskInstance: our_dag_with_python_operator_v5.first_task scheduled__2022-01-01T00:00:00+00:00 [queued]>
[2023-10-30T14:20:42.453+0000] {taskinstance.py:1159} INFO - Dependencies all met for dep_context=requeueable deps ti=<TaskInstance: our_dag_with_python_operator_v5.first_task scheduled__2022-01-01T00:00:00+00:00 [queued]>
[2023-10-30T14:20:42.454+0000] {taskinstance.py:1361} INFO - Starting attempt 1 of 6
[2023-10-30T14:20:42.469+0000] {taskinstance.py:1382} INFO - Executing <Task(PythonOperator): first_task> on 2022-01-01 00:00:00+00:00
[2023-10-30T14:20:42.473+0000] {standard_task_runner.py:57} INFO - Started process 1436 to run task
[2023-10-30T14:20:42.480+0000] {standard_task_runner.py:84} INFO - Running: ['***', 'tasks', 'run', 'our_dag_with_python_operator_v5', 'first_task', 'scheduled__2022-01-01T00:00:00+00:00', '--job-id', '3922', '--raw', '--subdir', 'DAGS_FOLDER/create_dag_with_python_operator.py', '--cfg-path', '/tmp/tmp4mb6x8ev']
[2023-10-30T14:20:42.484+0000] {standard_task_runner.py:85} INFO - Job 3922: Subtask first_task
[2023-10-30T14:20:42.539+0000] {task_command.py:416} INFO - Running <TaskInstance: our_dag_with_python_operator_v5.first_task scheduled__2022-01-01T00:00:00+00:00 [running]> on host 9bb87dc64328
[2023-10-30T14:20:42.608+0000] {taskinstance.py:1662} INFO - Exporting env vars: AIRFLOW_CTX_DAG_OWNER='coder3j' AIRFLOW_CTX_DAG_ID='our_dag_with_python_operator_v5' AIRFLOW_CTX_TASK_ID='first_task' AIRFLOW_CTX_EXECUTION_DATE='2022-01-01T00:00:00+00:00' AIRFLOW_CTX_TRY_NUMBER='1' AIRFLOW_CTX_DAG_RUN_ID='scheduled__2022-01-01T00:00:00+00:00'
[2023-10-30T14:20:42.618+0000] {logging_mixin.py:151} INFO - Hello world! name Jerry age: 23
[2023-10-30T14:20:42.620+0000] {python.py:194} INFO - Done. Returned value was: None
[2023-10-30T14:20:42.628+0000] {taskinstance.py:1400} INFO - Marking task as SUCCESS. dag_id=our_dag_with_python_operator_v5, task_id=first_task, execution_date=20220101T000000, start_date=20231030T142042, end_date=20231030T142042
[2023-10-30T14:20:42.650+0000] {local_task_job_runner.py:228} INFO - Task exited with return code 0
[2023-10-30T14:20:42.669+0000] {taskinstance.py:2778} INFO - 0 downstream tasks scheduled from follow-on schedule check
