[2023-10-29T16:25:01.700+0000] {taskinstance.py:1159} INFO - Dependencies all met for dep_context=non-requeueable deps ti=<TaskInstance: our_dag_with_python_operator_v5.first_task scheduled__2021-11-27T00:00:00+00:00 [queued]>
[2023-10-29T16:25:01.729+0000] {taskinstance.py:1159} INFO - Dependencies all met for dep_context=requeueable deps ti=<TaskInstance: our_dag_with_python_operator_v5.first_task scheduled__2021-11-27T00:00:00+00:00 [queued]>
[2023-10-29T16:25:01.730+0000] {taskinstance.py:1361} INFO - Starting attempt 1 of 6
[2023-10-29T16:25:01.752+0000] {taskinstance.py:1382} INFO - Executing <Task(PythonOperator): first_task> on 2021-11-27 00:00:00+00:00
[2023-10-29T16:25:01.768+0000] {standard_task_runner.py:57} INFO - Started process 9205 to run task
[2023-10-29T16:25:01.797+0000] {standard_task_runner.py:84} INFO - Running: ['***', 'tasks', 'run', 'our_dag_with_python_operator_v5', 'first_task', 'scheduled__2021-11-27T00:00:00+00:00', '--job-id', '2525', '--raw', '--subdir', 'DAGS_FOLDER/create_dag_with_python_operator.py', '--cfg-path', '/tmp/tmpkrw3_ws7']
[2023-10-29T16:25:01.821+0000] {standard_task_runner.py:85} INFO - Job 2525: Subtask first_task
[2023-10-29T16:25:01.980+0000] {task_command.py:416} INFO - Running <TaskInstance: our_dag_with_python_operator_v5.first_task scheduled__2021-11-27T00:00:00+00:00 [running]> on host 9bb87dc64328
[2023-10-29T16:25:02.319+0000] {taskinstance.py:1662} INFO - Exporting env vars: AIRFLOW_CTX_DAG_OWNER='coder3j' AIRFLOW_CTX_DAG_ID='our_dag_with_python_operator_v5' AIRFLOW_CTX_TASK_ID='first_task' AIRFLOW_CTX_EXECUTION_DATE='2021-11-27T00:00:00+00:00' AIRFLOW_CTX_TRY_NUMBER='1' AIRFLOW_CTX_DAG_RUN_ID='scheduled__2021-11-27T00:00:00+00:00'
[2023-10-29T16:25:02.324+0000] {logging_mixin.py:151} INFO - Hello world!
[2023-10-29T16:25:02.325+0000] {python.py:194} INFO - Done. Returned value was: None
[2023-10-29T16:25:02.342+0000] {taskinstance.py:1400} INFO - Marking task as SUCCESS. dag_id=our_dag_with_python_operator_v5, task_id=first_task, execution_date=20211127T000000, start_date=20231029T162501, end_date=20231029T162502
[2023-10-29T16:25:02.489+0000] {local_task_job_runner.py:228} INFO - Task exited with return code 0
[2023-10-29T16:25:02.575+0000] {taskinstance.py:2778} INFO - 0 downstream tasks scheduled from follow-on schedule check
[2023-10-30T14:20:22.689+0000] {taskinstance.py:1159} INFO - Dependencies all met for dep_context=non-requeueable deps ti=<TaskInstance: our_dag_with_python_operator_v5.first_task scheduled__2021-11-27T00:00:00+00:00 [queued]>
[2023-10-30T14:20:22.703+0000] {taskinstance.py:1159} INFO - Dependencies all met for dep_context=requeueable deps ti=<TaskInstance: our_dag_with_python_operator_v5.first_task scheduled__2021-11-27T00:00:00+00:00 [queued]>
[2023-10-30T14:20:22.705+0000] {taskinstance.py:1361} INFO - Starting attempt 1 of 6
[2023-10-30T14:20:22.742+0000] {taskinstance.py:1382} INFO - Executing <Task(PythonOperator): first_task> on 2021-11-27 00:00:00+00:00
[2023-10-30T14:20:22.748+0000] {standard_task_runner.py:57} INFO - Started process 1300 to run task
[2023-10-30T14:20:22.773+0000] {standard_task_runner.py:84} INFO - Running: ['***', 'tasks', 'run', 'our_dag_with_python_operator_v5', 'first_task', 'scheduled__2021-11-27T00:00:00+00:00', '--job-id', '3857', '--raw', '--subdir', 'DAGS_FOLDER/create_dag_with_python_operator.py', '--cfg-path', '/tmp/tmpyiks3h1q']
[2023-10-30T14:20:22.785+0000] {standard_task_runner.py:85} INFO - Job 3857: Subtask first_task
[2023-10-30T14:20:22.919+0000] {task_command.py:416} INFO - Running <TaskInstance: our_dag_with_python_operator_v5.first_task scheduled__2021-11-27T00:00:00+00:00 [running]> on host 9bb87dc64328
[2023-10-30T14:20:23.114+0000] {taskinstance.py:1662} INFO - Exporting env vars: AIRFLOW_CTX_DAG_OWNER='coder3j' AIRFLOW_CTX_DAG_ID='our_dag_with_python_operator_v5' AIRFLOW_CTX_TASK_ID='first_task' AIRFLOW_CTX_EXECUTION_DATE='2021-11-27T00:00:00+00:00' AIRFLOW_CTX_TRY_NUMBER='1' AIRFLOW_CTX_DAG_RUN_ID='scheduled__2021-11-27T00:00:00+00:00'
[2023-10-30T14:20:23.142+0000] {logging_mixin.py:151} INFO - Hello world! name Jerry age: 23
[2023-10-30T14:20:23.146+0000] {python.py:194} INFO - Done. Returned value was: None
[2023-10-30T14:20:23.192+0000] {taskinstance.py:1400} INFO - Marking task as SUCCESS. dag_id=our_dag_with_python_operator_v5, task_id=first_task, execution_date=20211127T000000, start_date=20231030T142022, end_date=20231030T142023
[2023-10-30T14:20:23.296+0000] {local_task_job_runner.py:228} INFO - Task exited with return code 0
[2023-10-30T14:20:23.496+0000] {taskinstance.py:2778} INFO - 0 downstream tasks scheduled from follow-on schedule check
