[2023-10-29T16:25:10.552+0000] {taskinstance.py:1159} INFO - Dependencies all met for dep_context=non-requeueable deps ti=<TaskInstance: our_dag_with_python_operator_v5.first_task scheduled__2021-12-19T00:00:00+00:00 [queued]>
[2023-10-29T16:25:10.586+0000] {taskinstance.py:1159} INFO - Dependencies all met for dep_context=requeueable deps ti=<TaskInstance: our_dag_with_python_operator_v5.first_task scheduled__2021-12-19T00:00:00+00:00 [queued]>
[2023-10-29T16:25:10.587+0000] {taskinstance.py:1361} INFO - Starting attempt 1 of 6
[2023-10-29T16:25:10.741+0000] {taskinstance.py:1382} INFO - Executing <Task(PythonOperator): first_task> on 2021-12-19 00:00:00+00:00
[2023-10-29T16:25:10.750+0000] {standard_task_runner.py:57} INFO - Started process 9249 to run task
[2023-10-29T16:25:10.762+0000] {standard_task_runner.py:84} INFO - Running: ['***', 'tasks', 'run', 'our_dag_with_python_operator_v5', 'first_task', 'scheduled__2021-12-19T00:00:00+00:00', '--job-id', '2547', '--raw', '--subdir', 'DAGS_FOLDER/create_dag_with_python_operator.py', '--cfg-path', '/tmp/tmpmtn4to7q']
[2023-10-29T16:25:10.774+0000] {standard_task_runner.py:85} INFO - Job 2547: Subtask first_task
[2023-10-29T16:25:10.950+0000] {task_command.py:416} INFO - Running <TaskInstance: our_dag_with_python_operator_v5.first_task scheduled__2021-12-19T00:00:00+00:00 [running]> on host 9bb87dc64328
[2023-10-29T16:25:11.326+0000] {taskinstance.py:1662} INFO - Exporting env vars: AIRFLOW_CTX_DAG_OWNER='coder3j' AIRFLOW_CTX_DAG_ID='our_dag_with_python_operator_v5' AIRFLOW_CTX_TASK_ID='first_task' AIRFLOW_CTX_EXECUTION_DATE='2021-12-19T00:00:00+00:00' AIRFLOW_CTX_TRY_NUMBER='1' AIRFLOW_CTX_DAG_RUN_ID='scheduled__2021-12-19T00:00:00+00:00'
[2023-10-29T16:25:11.340+0000] {logging_mixin.py:151} INFO - Hello world!
[2023-10-29T16:25:11.348+0000] {python.py:194} INFO - Done. Returned value was: None
[2023-10-29T16:25:11.381+0000] {taskinstance.py:1400} INFO - Marking task as SUCCESS. dag_id=our_dag_with_python_operator_v5, task_id=first_task, execution_date=20211219T000000, start_date=20231029T162510, end_date=20231029T162511
[2023-10-29T16:25:11.490+0000] {local_task_job_runner.py:228} INFO - Task exited with return code 0
[2023-10-29T16:25:11.522+0000] {taskinstance.py:2778} INFO - 0 downstream tasks scheduled from follow-on schedule check
[2023-10-30T14:20:36.582+0000] {taskinstance.py:1159} INFO - Dependencies all met for dep_context=non-requeueable deps ti=<TaskInstance: our_dag_with_python_operator_v5.first_task scheduled__2021-12-19T00:00:00+00:00 [queued]>
[2023-10-30T14:20:36.588+0000] {taskinstance.py:1159} INFO - Dependencies all met for dep_context=requeueable deps ti=<TaskInstance: our_dag_with_python_operator_v5.first_task scheduled__2021-12-19T00:00:00+00:00 [queued]>
[2023-10-30T14:20:36.588+0000] {taskinstance.py:1361} INFO - Starting attempt 1 of 6
[2023-10-30T14:20:36.607+0000] {taskinstance.py:1382} INFO - Executing <Task(PythonOperator): first_task> on 2021-12-19 00:00:00+00:00
[2023-10-30T14:20:36.615+0000] {standard_task_runner.py:57} INFO - Started process 1382 to run task
[2023-10-30T14:20:36.625+0000] {standard_task_runner.py:84} INFO - Running: ['***', 'tasks', 'run', 'our_dag_with_python_operator_v5', 'first_task', 'scheduled__2021-12-19T00:00:00+00:00', '--job-id', '3900', '--raw', '--subdir', 'DAGS_FOLDER/create_dag_with_python_operator.py', '--cfg-path', '/tmp/tmp2fncmm_b']
[2023-10-30T14:20:36.630+0000] {standard_task_runner.py:85} INFO - Job 3900: Subtask first_task
[2023-10-30T14:20:36.689+0000] {task_command.py:416} INFO - Running <TaskInstance: our_dag_with_python_operator_v5.first_task scheduled__2021-12-19T00:00:00+00:00 [running]> on host 9bb87dc64328
[2023-10-30T14:20:36.765+0000] {taskinstance.py:1662} INFO - Exporting env vars: AIRFLOW_CTX_DAG_OWNER='coder3j' AIRFLOW_CTX_DAG_ID='our_dag_with_python_operator_v5' AIRFLOW_CTX_TASK_ID='first_task' AIRFLOW_CTX_EXECUTION_DATE='2021-12-19T00:00:00+00:00' AIRFLOW_CTX_TRY_NUMBER='1' AIRFLOW_CTX_DAG_RUN_ID='scheduled__2021-12-19T00:00:00+00:00'
[2023-10-30T14:20:36.779+0000] {logging_mixin.py:151} INFO - Hello world! name Jerry age: 23
[2023-10-30T14:20:36.780+0000] {python.py:194} INFO - Done. Returned value was: None
[2023-10-30T14:20:36.789+0000] {taskinstance.py:1400} INFO - Marking task as SUCCESS. dag_id=our_dag_with_python_operator_v5, task_id=first_task, execution_date=20211219T000000, start_date=20231030T142036, end_date=20231030T142036
[2023-10-30T14:20:36.838+0000] {local_task_job_runner.py:228} INFO - Task exited with return code 0
[2023-10-30T14:20:36.864+0000] {taskinstance.py:2778} INFO - 0 downstream tasks scheduled from follow-on schedule check
