[2023-10-29T16:25:18.105+0000] {taskinstance.py:1159} INFO - Dependencies all met for dep_context=non-requeueable deps ti=<TaskInstance: our_dag_with_python_operator_v5.first_task scheduled__2021-12-30T00:00:00+00:00 [queued]>
[2023-10-29T16:25:18.116+0000] {taskinstance.py:1159} INFO - Dependencies all met for dep_context=requeueable deps ti=<TaskInstance: our_dag_with_python_operator_v5.first_task scheduled__2021-12-30T00:00:00+00:00 [queued]>
[2023-10-29T16:25:18.117+0000] {taskinstance.py:1361} INFO - Starting attempt 1 of 6
[2023-10-29T16:25:18.175+0000] {taskinstance.py:1382} INFO - Executing <Task(PythonOperator): first_task> on 2021-12-30 00:00:00+00:00
[2023-10-29T16:25:18.181+0000] {standard_task_runner.py:57} INFO - Started process 9280 to run task
[2023-10-29T16:25:18.226+0000] {standard_task_runner.py:84} INFO - Running: ['***', 'tasks', 'run', 'our_dag_with_python_operator_v5', 'first_task', 'scheduled__2021-12-30T00:00:00+00:00', '--job-id', '2558', '--raw', '--subdir', 'DAGS_FOLDER/create_dag_with_python_operator.py', '--cfg-path', '/tmp/tmp2zbvk_qa']
[2023-10-29T16:25:18.238+0000] {standard_task_runner.py:85} INFO - Job 2558: Subtask first_task
[2023-10-29T16:25:18.456+0000] {task_command.py:416} INFO - Running <TaskInstance: our_dag_with_python_operator_v5.first_task scheduled__2021-12-30T00:00:00+00:00 [running]> on host 9bb87dc64328
[2023-10-29T16:25:18.640+0000] {taskinstance.py:1662} INFO - Exporting env vars: AIRFLOW_CTX_DAG_OWNER='coder3j' AIRFLOW_CTX_DAG_ID='our_dag_with_python_operator_v5' AIRFLOW_CTX_TASK_ID='first_task' AIRFLOW_CTX_EXECUTION_DATE='2021-12-30T00:00:00+00:00' AIRFLOW_CTX_TRY_NUMBER='1' AIRFLOW_CTX_DAG_RUN_ID='scheduled__2021-12-30T00:00:00+00:00'
[2023-10-29T16:25:18.642+0000] {logging_mixin.py:151} INFO - Hello world!
[2023-10-29T16:25:18.643+0000] {python.py:194} INFO - Done. Returned value was: None
[2023-10-29T16:25:18.661+0000] {taskinstance.py:1400} INFO - Marking task as SUCCESS. dag_id=our_dag_with_python_operator_v5, task_id=first_task, execution_date=20211230T000000, start_date=20231029T162518, end_date=20231029T162518
[2023-10-29T16:25:18.756+0000] {local_task_job_runner.py:228} INFO - Task exited with return code 0
[2023-10-29T16:25:18.809+0000] {taskinstance.py:2778} INFO - 0 downstream tasks scheduled from follow-on schedule check
[2023-10-30T14:20:42.288+0000] {taskinstance.py:1159} INFO - Dependencies all met for dep_context=non-requeueable deps ti=<TaskInstance: our_dag_with_python_operator_v5.first_task scheduled__2021-12-30T00:00:00+00:00 [queued]>
[2023-10-30T14:20:42.303+0000] {taskinstance.py:1159} INFO - Dependencies all met for dep_context=requeueable deps ti=<TaskInstance: our_dag_with_python_operator_v5.first_task scheduled__2021-12-30T00:00:00+00:00 [queued]>
[2023-10-30T14:20:42.304+0000] {taskinstance.py:1361} INFO - Starting attempt 1 of 6
[2023-10-30T14:20:42.385+0000] {taskinstance.py:1382} INFO - Executing <Task(PythonOperator): first_task> on 2021-12-30 00:00:00+00:00
[2023-10-30T14:20:42.392+0000] {standard_task_runner.py:57} INFO - Started process 1435 to run task
[2023-10-30T14:20:42.401+0000] {standard_task_runner.py:84} INFO - Running: ['***', 'tasks', 'run', 'our_dag_with_python_operator_v5', 'first_task', 'scheduled__2021-12-30T00:00:00+00:00', '--job-id', '3921', '--raw', '--subdir', 'DAGS_FOLDER/create_dag_with_python_operator.py', '--cfg-path', '/tmp/tmp9kzqgumk']
[2023-10-30T14:20:42.407+0000] {standard_task_runner.py:85} INFO - Job 3921: Subtask first_task
[2023-10-30T14:20:42.467+0000] {task_command.py:416} INFO - Running <TaskInstance: our_dag_with_python_operator_v5.first_task scheduled__2021-12-30T00:00:00+00:00 [running]> on host 9bb87dc64328
[2023-10-30T14:20:42.546+0000] {taskinstance.py:1662} INFO - Exporting env vars: AIRFLOW_CTX_DAG_OWNER='coder3j' AIRFLOW_CTX_DAG_ID='our_dag_with_python_operator_v5' AIRFLOW_CTX_TASK_ID='first_task' AIRFLOW_CTX_EXECUTION_DATE='2021-12-30T00:00:00+00:00' AIRFLOW_CTX_TRY_NUMBER='1' AIRFLOW_CTX_DAG_RUN_ID='scheduled__2021-12-30T00:00:00+00:00'
[2023-10-30T14:20:42.556+0000] {logging_mixin.py:151} INFO - Hello world! name Jerry age: 23
[2023-10-30T14:20:42.557+0000] {python.py:194} INFO - Done. Returned value was: None
[2023-10-30T14:20:42.568+0000] {taskinstance.py:1400} INFO - Marking task as SUCCESS. dag_id=our_dag_with_python_operator_v5, task_id=first_task, execution_date=20211230T000000, start_date=20231030T142042, end_date=20231030T142042
[2023-10-30T14:20:42.613+0000] {local_task_job_runner.py:228} INFO - Task exited with return code 0
[2023-10-30T14:20:42.627+0000] {taskinstance.py:2778} INFO - 0 downstream tasks scheduled from follow-on schedule check
