[2023-10-29T16:24:56.315+0000] {taskinstance.py:1159} INFO - Dependencies all met for dep_context=non-requeueable deps ti=<TaskInstance: our_dag_with_python_operator_v5.first_task scheduled__2021-11-14T00:00:00+00:00 [queued]>
[2023-10-29T16:24:56.345+0000] {taskinstance.py:1159} INFO - Dependencies all met for dep_context=requeueable deps ti=<TaskInstance: our_dag_with_python_operator_v5.first_task scheduled__2021-11-14T00:00:00+00:00 [queued]>
[2023-10-29T16:24:56.347+0000] {taskinstance.py:1361} INFO - Starting attempt 1 of 6
[2023-10-29T16:24:56.401+0000] {taskinstance.py:1382} INFO - Executing <Task(PythonOperator): first_task> on 2021-11-14 00:00:00+00:00
[2023-10-29T16:24:56.412+0000] {standard_task_runner.py:57} INFO - Started process 9174 to run task
[2023-10-29T16:24:56.445+0000] {standard_task_runner.py:84} INFO - Running: ['***', 'tasks', 'run', 'our_dag_with_python_operator_v5', 'first_task', 'scheduled__2021-11-14T00:00:00+00:00', '--job-id', '2512', '--raw', '--subdir', 'DAGS_FOLDER/create_dag_with_python_operator.py', '--cfg-path', '/tmp/tmpd0qewy_l']
[2023-10-29T16:24:56.483+0000] {standard_task_runner.py:85} INFO - Job 2512: Subtask first_task
[2023-10-29T16:24:56.677+0000] {task_command.py:416} INFO - Running <TaskInstance: our_dag_with_python_operator_v5.first_task scheduled__2021-11-14T00:00:00+00:00 [running]> on host 9bb87dc64328
[2023-10-29T16:24:57.060+0000] {taskinstance.py:1662} INFO - Exporting env vars: AIRFLOW_CTX_DAG_OWNER='coder3j' AIRFLOW_CTX_DAG_ID='our_dag_with_python_operator_v5' AIRFLOW_CTX_TASK_ID='first_task' AIRFLOW_CTX_EXECUTION_DATE='2021-11-14T00:00:00+00:00' AIRFLOW_CTX_TRY_NUMBER='1' AIRFLOW_CTX_DAG_RUN_ID='scheduled__2021-11-14T00:00:00+00:00'
[2023-10-29T16:24:57.088+0000] {logging_mixin.py:151} INFO - Hello world!
[2023-10-29T16:24:57.097+0000] {python.py:194} INFO - Done. Returned value was: None
[2023-10-29T16:24:57.163+0000] {taskinstance.py:1400} INFO - Marking task as SUCCESS. dag_id=our_dag_with_python_operator_v5, task_id=first_task, execution_date=20211114T000000, start_date=20231029T162456, end_date=20231029T162457
[2023-10-29T16:24:57.307+0000] {local_task_job_runner.py:228} INFO - Task exited with return code 0
[2023-10-29T16:24:57.410+0000] {taskinstance.py:2778} INFO - 0 downstream tasks scheduled from follow-on schedule check
[2023-10-30T14:20:13.240+0000] {taskinstance.py:1159} INFO - Dependencies all met for dep_context=non-requeueable deps ti=<TaskInstance: our_dag_with_python_operator_v5.first_task scheduled__2021-11-14T00:00:00+00:00 [queued]>
[2023-10-30T14:20:13.248+0000] {taskinstance.py:1159} INFO - Dependencies all met for dep_context=requeueable deps ti=<TaskInstance: our_dag_with_python_operator_v5.first_task scheduled__2021-11-14T00:00:00+00:00 [queued]>
[2023-10-30T14:20:13.249+0000] {taskinstance.py:1361} INFO - Starting attempt 1 of 6
[2023-10-30T14:20:13.257+0000] {taskinstance.py:1382} INFO - Executing <Task(PythonOperator): first_task> on 2021-11-14 00:00:00+00:00
[2023-10-30T14:20:13.262+0000] {standard_task_runner.py:57} INFO - Started process 1227 to run task
[2023-10-30T14:20:13.267+0000] {standard_task_runner.py:84} INFO - Running: ['***', 'tasks', 'run', 'our_dag_with_python_operator_v5', 'first_task', 'scheduled__2021-11-14T00:00:00+00:00', '--job-id', '3827', '--raw', '--subdir', 'DAGS_FOLDER/create_dag_with_python_operator.py', '--cfg-path', '/tmp/tmpshcdgc88']
[2023-10-30T14:20:13.274+0000] {standard_task_runner.py:85} INFO - Job 3827: Subtask first_task
[2023-10-30T14:20:13.320+0000] {task_command.py:416} INFO - Running <TaskInstance: our_dag_with_python_operator_v5.first_task scheduled__2021-11-14T00:00:00+00:00 [running]> on host 9bb87dc64328
[2023-10-30T14:20:13.381+0000] {taskinstance.py:1662} INFO - Exporting env vars: AIRFLOW_CTX_DAG_OWNER='coder3j' AIRFLOW_CTX_DAG_ID='our_dag_with_python_operator_v5' AIRFLOW_CTX_TASK_ID='first_task' AIRFLOW_CTX_EXECUTION_DATE='2021-11-14T00:00:00+00:00' AIRFLOW_CTX_TRY_NUMBER='1' AIRFLOW_CTX_DAG_RUN_ID='scheduled__2021-11-14T00:00:00+00:00'
[2023-10-30T14:20:13.393+0000] {logging_mixin.py:151} INFO - Hello world! name Jerry age: 23
[2023-10-30T14:20:13.394+0000] {python.py:194} INFO - Done. Returned value was: None
[2023-10-30T14:20:13.402+0000] {taskinstance.py:1400} INFO - Marking task as SUCCESS. dag_id=our_dag_with_python_operator_v5, task_id=first_task, execution_date=20211114T000000, start_date=20231030T142013, end_date=20231030T142013
[2023-10-30T14:20:13.439+0000] {local_task_job_runner.py:228} INFO - Task exited with return code 0
[2023-10-30T14:20:13.456+0000] {taskinstance.py:2778} INFO - 0 downstream tasks scheduled from follow-on schedule check
