[2023-10-29T16:25:19.077+0000] {taskinstance.py:1159} INFO - Dependencies all met for dep_context=non-requeueable deps ti=<TaskInstance: our_dag_with_python_operator_v5.first_task scheduled__2022-01-04T00:00:00+00:00 [queued]>
[2023-10-29T16:25:19.087+0000] {taskinstance.py:1159} INFO - Dependencies all met for dep_context=requeueable deps ti=<TaskInstance: our_dag_with_python_operator_v5.first_task scheduled__2022-01-04T00:00:00+00:00 [queued]>
[2023-10-29T16:25:19.089+0000] {taskinstance.py:1361} INFO - Starting attempt 1 of 6
[2023-10-29T16:25:19.101+0000] {taskinstance.py:1382} INFO - Executing <Task(PythonOperator): first_task> on 2022-01-04 00:00:00+00:00
[2023-10-29T16:25:19.109+0000] {standard_task_runner.py:57} INFO - Started process 9289 to run task
[2023-10-29T16:25:19.114+0000] {standard_task_runner.py:84} INFO - Running: ['***', 'tasks', 'run', 'our_dag_with_python_operator_v5', 'first_task', 'scheduled__2022-01-04T00:00:00+00:00', '--job-id', '2563', '--raw', '--subdir', 'DAGS_FOLDER/create_dag_with_python_operator.py', '--cfg-path', '/tmp/tmpnpkuipz2']
[2023-10-29T16:25:19.119+0000] {standard_task_runner.py:85} INFO - Job 2563: Subtask first_task
[2023-10-29T16:25:19.195+0000] {task_command.py:416} INFO - Running <TaskInstance: our_dag_with_python_operator_v5.first_task scheduled__2022-01-04T00:00:00+00:00 [running]> on host 9bb87dc64328
[2023-10-29T16:25:19.349+0000] {taskinstance.py:1662} INFO - Exporting env vars: AIRFLOW_CTX_DAG_OWNER='coder3j' AIRFLOW_CTX_DAG_ID='our_dag_with_python_operator_v5' AIRFLOW_CTX_TASK_ID='first_task' AIRFLOW_CTX_EXECUTION_DATE='2022-01-04T00:00:00+00:00' AIRFLOW_CTX_TRY_NUMBER='1' AIRFLOW_CTX_DAG_RUN_ID='scheduled__2022-01-04T00:00:00+00:00'
[2023-10-29T16:25:19.353+0000] {logging_mixin.py:151} INFO - Hello world!
[2023-10-29T16:25:19.356+0000] {python.py:194} INFO - Done. Returned value was: None
[2023-10-29T16:25:19.395+0000] {taskinstance.py:1400} INFO - Marking task as SUCCESS. dag_id=our_dag_with_python_operator_v5, task_id=first_task, execution_date=20220104T000000, start_date=20231029T162519, end_date=20231029T162519
[2023-10-29T16:25:19.460+0000] {local_task_job_runner.py:228} INFO - Task exited with return code 0
[2023-10-29T16:25:19.496+0000] {taskinstance.py:2778} INFO - 0 downstream tasks scheduled from follow-on schedule check
[2023-10-30T14:20:45.641+0000] {taskinstance.py:1159} INFO - Dependencies all met for dep_context=non-requeueable deps ti=<TaskInstance: our_dag_with_python_operator_v5.first_task scheduled__2022-01-04T00:00:00+00:00 [queued]>
[2023-10-30T14:20:45.658+0000] {taskinstance.py:1159} INFO - Dependencies all met for dep_context=requeueable deps ti=<TaskInstance: our_dag_with_python_operator_v5.first_task scheduled__2022-01-04T00:00:00+00:00 [queued]>
[2023-10-30T14:20:45.659+0000] {taskinstance.py:1361} INFO - Starting attempt 1 of 6
[2023-10-30T14:20:45.685+0000] {taskinstance.py:1382} INFO - Executing <Task(PythonOperator): first_task> on 2022-01-04 00:00:00+00:00
[2023-10-30T14:20:45.697+0000] {standard_task_runner.py:57} INFO - Started process 1460 to run task
[2023-10-30T14:20:45.722+0000] {standard_task_runner.py:84} INFO - Running: ['***', 'tasks', 'run', 'our_dag_with_python_operator_v5', 'first_task', 'scheduled__2022-01-04T00:00:00+00:00', '--job-id', '3933', '--raw', '--subdir', 'DAGS_FOLDER/create_dag_with_python_operator.py', '--cfg-path', '/tmp/tmp7uza_ol6']
[2023-10-30T14:20:45.727+0000] {standard_task_runner.py:85} INFO - Job 3933: Subtask first_task
[2023-10-30T14:20:45.896+0000] {task_command.py:416} INFO - Running <TaskInstance: our_dag_with_python_operator_v5.first_task scheduled__2022-01-04T00:00:00+00:00 [running]> on host 9bb87dc64328
[2023-10-30T14:20:46.214+0000] {taskinstance.py:1662} INFO - Exporting env vars: AIRFLOW_CTX_DAG_OWNER='coder3j' AIRFLOW_CTX_DAG_ID='our_dag_with_python_operator_v5' AIRFLOW_CTX_TASK_ID='first_task' AIRFLOW_CTX_EXECUTION_DATE='2022-01-04T00:00:00+00:00' AIRFLOW_CTX_TRY_NUMBER='1' AIRFLOW_CTX_DAG_RUN_ID='scheduled__2022-01-04T00:00:00+00:00'
[2023-10-30T14:20:46.231+0000] {logging_mixin.py:151} INFO - Hello world! name Jerry age: 23
[2023-10-30T14:20:46.235+0000] {python.py:194} INFO - Done. Returned value was: None
[2023-10-30T14:20:46.252+0000] {taskinstance.py:1400} INFO - Marking task as SUCCESS. dag_id=our_dag_with_python_operator_v5, task_id=first_task, execution_date=20220104T000000, start_date=20231030T142045, end_date=20231030T142046
[2023-10-30T14:20:46.339+0000] {local_task_job_runner.py:228} INFO - Task exited with return code 0
[2023-10-30T14:20:46.385+0000] {taskinstance.py:2778} INFO - 0 downstream tasks scheduled from follow-on schedule check
