[2023-10-29T16:24:43.655+0000] {taskinstance.py:1159} INFO - Dependencies all met for dep_context=non-requeueable deps ti=<TaskInstance: our_dag_with_python_operator_v5.first_task scheduled__2021-10-20T00:00:00+00:00 [queued]>
[2023-10-29T16:24:43.718+0000] {taskinstance.py:1159} INFO - Dependencies all met for dep_context=requeueable deps ti=<TaskInstance: our_dag_with_python_operator_v5.first_task scheduled__2021-10-20T00:00:00+00:00 [queued]>
[2023-10-29T16:24:43.720+0000] {taskinstance.py:1361} INFO - Starting attempt 1 of 6
[2023-10-29T16:24:43.787+0000] {taskinstance.py:1382} INFO - Executing <Task(PythonOperator): first_task> on 2021-10-20 00:00:00+00:00
[2023-10-29T16:24:43.804+0000] {standard_task_runner.py:57} INFO - Started process 9115 to run task
[2023-10-29T16:24:43.832+0000] {standard_task_runner.py:84} INFO - Running: ['***', 'tasks', 'run', 'our_dag_with_python_operator_v5', 'first_task', 'scheduled__2021-10-20T00:00:00+00:00', '--job-id', '2487', '--raw', '--subdir', 'DAGS_FOLDER/create_dag_with_python_operator.py', '--cfg-path', '/tmp/tmpsla2e3b0']
[2023-10-29T16:24:43.841+0000] {standard_task_runner.py:85} INFO - Job 2487: Subtask first_task
[2023-10-29T16:24:44.009+0000] {task_command.py:416} INFO - Running <TaskInstance: our_dag_with_python_operator_v5.first_task scheduled__2021-10-20T00:00:00+00:00 [running]> on host 9bb87dc64328
[2023-10-29T16:24:44.313+0000] {taskinstance.py:1662} INFO - Exporting env vars: AIRFLOW_CTX_DAG_OWNER='coder3j' AIRFLOW_CTX_DAG_ID='our_dag_with_python_operator_v5' AIRFLOW_CTX_TASK_ID='first_task' AIRFLOW_CTX_EXECUTION_DATE='2021-10-20T00:00:00+00:00' AIRFLOW_CTX_TRY_NUMBER='1' AIRFLOW_CTX_DAG_RUN_ID='scheduled__2021-10-20T00:00:00+00:00'
[2023-10-29T16:24:44.315+0000] {logging_mixin.py:151} INFO - Hello world!
[2023-10-29T16:24:44.319+0000] {python.py:194} INFO - Done. Returned value was: None
[2023-10-29T16:24:44.391+0000] {taskinstance.py:1400} INFO - Marking task as SUCCESS. dag_id=our_dag_with_python_operator_v5, task_id=first_task, execution_date=20211020T000000, start_date=20231029T162443, end_date=20231029T162444
[2023-10-29T16:24:44.539+0000] {local_task_job_runner.py:228} INFO - Task exited with return code 0
[2023-10-29T16:24:44.631+0000] {taskinstance.py:2778} INFO - 0 downstream tasks scheduled from follow-on schedule check
[2023-10-30T14:19:55.384+0000] {taskinstance.py:1159} INFO - Dependencies all met for dep_context=non-requeueable deps ti=<TaskInstance: our_dag_with_python_operator_v5.first_task scheduled__2021-10-20T00:00:00+00:00 [queued]>
[2023-10-30T14:19:55.439+0000] {taskinstance.py:1159} INFO - Dependencies all met for dep_context=requeueable deps ti=<TaskInstance: our_dag_with_python_operator_v5.first_task scheduled__2021-10-20T00:00:00+00:00 [queued]>
[2023-10-30T14:19:55.440+0000] {taskinstance.py:1361} INFO - Starting attempt 1 of 6
[2023-10-30T14:19:55.726+0000] {taskinstance.py:1382} INFO - Executing <Task(PythonOperator): first_task> on 2021-10-20 00:00:00+00:00
[2023-10-30T14:19:55.740+0000] {standard_task_runner.py:57} INFO - Started process 1129 to run task
[2023-10-30T14:19:55.754+0000] {standard_task_runner.py:84} INFO - Running: ['***', 'tasks', 'run', 'our_dag_with_python_operator_v5', 'first_task', 'scheduled__2021-10-20T00:00:00+00:00', '--job-id', '3782', '--raw', '--subdir', 'DAGS_FOLDER/create_dag_with_python_operator.py', '--cfg-path', '/tmp/tmpyqug8oy_']
[2023-10-30T14:19:55.776+0000] {standard_task_runner.py:85} INFO - Job 3782: Subtask first_task
[2023-10-30T14:19:55.968+0000] {task_command.py:416} INFO - Running <TaskInstance: our_dag_with_python_operator_v5.first_task scheduled__2021-10-20T00:00:00+00:00 [running]> on host 9bb87dc64328
[2023-10-30T14:19:56.156+0000] {taskinstance.py:1662} INFO - Exporting env vars: AIRFLOW_CTX_DAG_OWNER='coder3j' AIRFLOW_CTX_DAG_ID='our_dag_with_python_operator_v5' AIRFLOW_CTX_TASK_ID='first_task' AIRFLOW_CTX_EXECUTION_DATE='2021-10-20T00:00:00+00:00' AIRFLOW_CTX_TRY_NUMBER='1' AIRFLOW_CTX_DAG_RUN_ID='scheduled__2021-10-20T00:00:00+00:00'
[2023-10-30T14:19:56.208+0000] {logging_mixin.py:151} INFO - Hello world! name Jerry age: 23
[2023-10-30T14:19:56.215+0000] {python.py:194} INFO - Done. Returned value was: None
[2023-10-30T14:19:56.240+0000] {taskinstance.py:1400} INFO - Marking task as SUCCESS. dag_id=our_dag_with_python_operator_v5, task_id=first_task, execution_date=20211020T000000, start_date=20231030T141955, end_date=20231030T141956
[2023-10-30T14:19:56.314+0000] {local_task_job_runner.py:228} INFO - Task exited with return code 0
[2023-10-30T14:19:56.383+0000] {taskinstance.py:2778} INFO - 0 downstream tasks scheduled from follow-on schedule check
