[2023-10-29T16:24:44.343+0000] {taskinstance.py:1159} INFO - Dependencies all met for dep_context=non-requeueable deps ti=<TaskInstance: our_dag_with_python_operator_v5.first_task scheduled__2021-10-23T00:00:00+00:00 [queued]>
[2023-10-29T16:24:44.394+0000] {taskinstance.py:1159} INFO - Dependencies all met for dep_context=requeueable deps ti=<TaskInstance: our_dag_with_python_operator_v5.first_task scheduled__2021-10-23T00:00:00+00:00 [queued]>
[2023-10-29T16:24:44.395+0000] {taskinstance.py:1361} INFO - Starting attempt 1 of 6
[2023-10-29T16:24:44.431+0000] {taskinstance.py:1382} INFO - Executing <Task(PythonOperator): first_task> on 2021-10-23 00:00:00+00:00
[2023-10-29T16:24:44.448+0000] {standard_task_runner.py:57} INFO - Started process 9120 to run task
[2023-10-29T16:24:44.512+0000] {standard_task_runner.py:84} INFO - Running: ['***', 'tasks', 'run', 'our_dag_with_python_operator_v5', 'first_task', 'scheduled__2021-10-23T00:00:00+00:00', '--job-id', '2490', '--raw', '--subdir', 'DAGS_FOLDER/create_dag_with_python_operator.py', '--cfg-path', '/tmp/tmpghxh_nyg']
[2023-10-29T16:24:44.528+0000] {standard_task_runner.py:85} INFO - Job 2490: Subtask first_task
[2023-10-29T16:24:44.774+0000] {task_command.py:416} INFO - Running <TaskInstance: our_dag_with_python_operator_v5.first_task scheduled__2021-10-23T00:00:00+00:00 [running]> on host 9bb87dc64328
[2023-10-29T16:24:44.990+0000] {taskinstance.py:1662} INFO - Exporting env vars: AIRFLOW_CTX_DAG_OWNER='coder3j' AIRFLOW_CTX_DAG_ID='our_dag_with_python_operator_v5' AIRFLOW_CTX_TASK_ID='first_task' AIRFLOW_CTX_EXECUTION_DATE='2021-10-23T00:00:00+00:00' AIRFLOW_CTX_TRY_NUMBER='1' AIRFLOW_CTX_DAG_RUN_ID='scheduled__2021-10-23T00:00:00+00:00'
[2023-10-29T16:24:44.997+0000] {logging_mixin.py:151} INFO - Hello world!
[2023-10-29T16:24:44.999+0000] {python.py:194} INFO - Done. Returned value was: None
[2023-10-29T16:24:45.031+0000] {taskinstance.py:1400} INFO - Marking task as SUCCESS. dag_id=our_dag_with_python_operator_v5, task_id=first_task, execution_date=20211023T000000, start_date=20231029T162444, end_date=20231029T162445
[2023-10-29T16:24:45.268+0000] {local_task_job_runner.py:228} INFO - Task exited with return code 0
[2023-10-29T16:24:45.550+0000] {taskinstance.py:2778} INFO - 0 downstream tasks scheduled from follow-on schedule check
[2023-10-30T14:19:56.243+0000] {taskinstance.py:1159} INFO - Dependencies all met for dep_context=non-requeueable deps ti=<TaskInstance: our_dag_with_python_operator_v5.first_task scheduled__2021-10-23T00:00:00+00:00 [queued]>
[2023-10-30T14:19:56.266+0000] {taskinstance.py:1159} INFO - Dependencies all met for dep_context=requeueable deps ti=<TaskInstance: our_dag_with_python_operator_v5.first_task scheduled__2021-10-23T00:00:00+00:00 [queued]>
[2023-10-30T14:19:56.268+0000] {taskinstance.py:1361} INFO - Starting attempt 1 of 6
[2023-10-30T14:19:56.291+0000] {taskinstance.py:1382} INFO - Executing <Task(PythonOperator): first_task> on 2021-10-23 00:00:00+00:00
[2023-10-30T14:19:56.300+0000] {standard_task_runner.py:57} INFO - Started process 1133 to run task
[2023-10-30T14:19:56.315+0000] {standard_task_runner.py:84} INFO - Running: ['***', 'tasks', 'run', 'our_dag_with_python_operator_v5', 'first_task', 'scheduled__2021-10-23T00:00:00+00:00', '--job-id', '3784', '--raw', '--subdir', 'DAGS_FOLDER/create_dag_with_python_operator.py', '--cfg-path', '/tmp/tmpa1oa377a']
[2023-10-30T14:19:56.361+0000] {standard_task_runner.py:85} INFO - Job 3784: Subtask first_task
[2023-10-30T14:19:56.483+0000] {task_command.py:416} INFO - Running <TaskInstance: our_dag_with_python_operator_v5.first_task scheduled__2021-10-23T00:00:00+00:00 [running]> on host 9bb87dc64328
[2023-10-30T14:19:56.583+0000] {taskinstance.py:1662} INFO - Exporting env vars: AIRFLOW_CTX_DAG_OWNER='coder3j' AIRFLOW_CTX_DAG_ID='our_dag_with_python_operator_v5' AIRFLOW_CTX_TASK_ID='first_task' AIRFLOW_CTX_EXECUTION_DATE='2021-10-23T00:00:00+00:00' AIRFLOW_CTX_TRY_NUMBER='1' AIRFLOW_CTX_DAG_RUN_ID='scheduled__2021-10-23T00:00:00+00:00'
[2023-10-30T14:19:56.599+0000] {logging_mixin.py:151} INFO - Hello world! name Jerry age: 23
[2023-10-30T14:19:56.600+0000] {python.py:194} INFO - Done. Returned value was: None
[2023-10-30T14:19:56.612+0000] {taskinstance.py:1400} INFO - Marking task as SUCCESS. dag_id=our_dag_with_python_operator_v5, task_id=first_task, execution_date=20211023T000000, start_date=20231030T141956, end_date=20231030T141956
[2023-10-30T14:19:56.648+0000] {local_task_job_runner.py:228} INFO - Task exited with return code 0
[2023-10-30T14:19:56.665+0000] {taskinstance.py:2778} INFO - 0 downstream tasks scheduled from follow-on schedule check
