[2023-10-29T16:25:01.208+0000] {taskinstance.py:1159} INFO - Dependencies all met for dep_context=non-requeueable deps ti=<TaskInstance: our_dag_with_python_operator_v5.first_task scheduled__2021-11-25T00:00:00+00:00 [queued]>
[2023-10-29T16:25:01.260+0000] {taskinstance.py:1159} INFO - Dependencies all met for dep_context=requeueable deps ti=<TaskInstance: our_dag_with_python_operator_v5.first_task scheduled__2021-11-25T00:00:00+00:00 [queued]>
[2023-10-29T16:25:01.264+0000] {taskinstance.py:1361} INFO - Starting attempt 1 of 6
[2023-10-29T16:25:01.406+0000] {taskinstance.py:1382} INFO - Executing <Task(PythonOperator): first_task> on 2021-11-25 00:00:00+00:00
[2023-10-29T16:25:01.434+0000] {standard_task_runner.py:57} INFO - Started process 9200 to run task
[2023-10-29T16:25:01.460+0000] {standard_task_runner.py:84} INFO - Running: ['***', 'tasks', 'run', 'our_dag_with_python_operator_v5', 'first_task', 'scheduled__2021-11-25T00:00:00+00:00', '--job-id', '2522', '--raw', '--subdir', 'DAGS_FOLDER/create_dag_with_python_operator.py', '--cfg-path', '/tmp/tmpjjnn182c']
[2023-10-29T16:25:01.492+0000] {standard_task_runner.py:85} INFO - Job 2522: Subtask first_task
[2023-10-29T16:25:01.739+0000] {task_command.py:416} INFO - Running <TaskInstance: our_dag_with_python_operator_v5.first_task scheduled__2021-11-25T00:00:00+00:00 [running]> on host 9bb87dc64328
[2023-10-29T16:25:02.032+0000] {taskinstance.py:1662} INFO - Exporting env vars: AIRFLOW_CTX_DAG_OWNER='coder3j' AIRFLOW_CTX_DAG_ID='our_dag_with_python_operator_v5' AIRFLOW_CTX_TASK_ID='first_task' AIRFLOW_CTX_EXECUTION_DATE='2021-11-25T00:00:00+00:00' AIRFLOW_CTX_TRY_NUMBER='1' AIRFLOW_CTX_DAG_RUN_ID='scheduled__2021-11-25T00:00:00+00:00'
[2023-10-29T16:25:02.034+0000] {logging_mixin.py:151} INFO - Hello world!
[2023-10-29T16:25:02.035+0000] {python.py:194} INFO - Done. Returned value was: None
[2023-10-29T16:25:02.104+0000] {taskinstance.py:1400} INFO - Marking task as SUCCESS. dag_id=our_dag_with_python_operator_v5, task_id=first_task, execution_date=20211125T000000, start_date=20231029T162501, end_date=20231029T162502
[2023-10-29T16:25:02.223+0000] {local_task_job_runner.py:228} INFO - Task exited with return code 0
[2023-10-29T16:25:02.428+0000] {taskinstance.py:2778} INFO - 0 downstream tasks scheduled from follow-on schedule check
[2023-10-30T14:20:22.081+0000] {taskinstance.py:1159} INFO - Dependencies all met for dep_context=non-requeueable deps ti=<TaskInstance: our_dag_with_python_operator_v5.first_task scheduled__2021-11-25T00:00:00+00:00 [queued]>
[2023-10-30T14:20:22.089+0000] {taskinstance.py:1159} INFO - Dependencies all met for dep_context=requeueable deps ti=<TaskInstance: our_dag_with_python_operator_v5.first_task scheduled__2021-11-25T00:00:00+00:00 [queued]>
[2023-10-30T14:20:22.090+0000] {taskinstance.py:1361} INFO - Starting attempt 1 of 6
[2023-10-30T14:20:22.168+0000] {taskinstance.py:1382} INFO - Executing <Task(PythonOperator): first_task> on 2021-11-25 00:00:00+00:00
[2023-10-30T14:20:22.180+0000] {standard_task_runner.py:57} INFO - Started process 1291 to run task
[2023-10-30T14:20:22.205+0000] {standard_task_runner.py:84} INFO - Running: ['***', 'tasks', 'run', 'our_dag_with_python_operator_v5', 'first_task', 'scheduled__2021-11-25T00:00:00+00:00', '--job-id', '3854', '--raw', '--subdir', 'DAGS_FOLDER/create_dag_with_python_operator.py', '--cfg-path', '/tmp/tmpnuamtfol']
[2023-10-30T14:20:22.213+0000] {standard_task_runner.py:85} INFO - Job 3854: Subtask first_task
[2023-10-30T14:20:22.323+0000] {task_command.py:416} INFO - Running <TaskInstance: our_dag_with_python_operator_v5.first_task scheduled__2021-11-25T00:00:00+00:00 [running]> on host 9bb87dc64328
[2023-10-30T14:20:22.512+0000] {taskinstance.py:1662} INFO - Exporting env vars: AIRFLOW_CTX_DAG_OWNER='coder3j' AIRFLOW_CTX_DAG_ID='our_dag_with_python_operator_v5' AIRFLOW_CTX_TASK_ID='first_task' AIRFLOW_CTX_EXECUTION_DATE='2021-11-25T00:00:00+00:00' AIRFLOW_CTX_TRY_NUMBER='1' AIRFLOW_CTX_DAG_RUN_ID='scheduled__2021-11-25T00:00:00+00:00'
[2023-10-30T14:20:22.536+0000] {logging_mixin.py:151} INFO - Hello world! name Jerry age: 23
[2023-10-30T14:20:22.537+0000] {python.py:194} INFO - Done. Returned value was: None
[2023-10-30T14:20:22.562+0000] {taskinstance.py:1400} INFO - Marking task as SUCCESS. dag_id=our_dag_with_python_operator_v5, task_id=first_task, execution_date=20211125T000000, start_date=20231030T142022, end_date=20231030T142022
[2023-10-30T14:20:22.645+0000] {local_task_job_runner.py:228} INFO - Task exited with return code 0
[2023-10-30T14:20:22.755+0000] {taskinstance.py:2778} INFO - 0 downstream tasks scheduled from follow-on schedule check
