[2023-10-29T16:24:56.347+0000] {taskinstance.py:1159} INFO - Dependencies all met for dep_context=non-requeueable deps ti=<TaskInstance: our_dag_with_python_operator_v5.first_task scheduled__2021-11-15T00:00:00+00:00 [queued]>
[2023-10-29T16:24:56.376+0000] {taskinstance.py:1159} INFO - Dependencies all met for dep_context=requeueable deps ti=<TaskInstance: our_dag_with_python_operator_v5.first_task scheduled__2021-11-15T00:00:00+00:00 [queued]>
[2023-10-29T16:24:56.377+0000] {taskinstance.py:1361} INFO - Starting attempt 1 of 6
[2023-10-29T16:24:56.412+0000] {taskinstance.py:1382} INFO - Executing <Task(PythonOperator): first_task> on 2021-11-15 00:00:00+00:00
[2023-10-29T16:24:56.417+0000] {standard_task_runner.py:57} INFO - Started process 9175 to run task
[2023-10-29T16:24:56.457+0000] {standard_task_runner.py:84} INFO - Running: ['***', 'tasks', 'run', 'our_dag_with_python_operator_v5', 'first_task', 'scheduled__2021-11-15T00:00:00+00:00', '--job-id', '2513', '--raw', '--subdir', 'DAGS_FOLDER/create_dag_with_python_operator.py', '--cfg-path', '/tmp/tmpcc9320a4']
[2023-10-29T16:24:56.464+0000] {standard_task_runner.py:85} INFO - Job 2513: Subtask first_task
[2023-10-29T16:24:56.641+0000] {task_command.py:416} INFO - Running <TaskInstance: our_dag_with_python_operator_v5.first_task scheduled__2021-11-15T00:00:00+00:00 [running]> on host 9bb87dc64328
[2023-10-29T16:24:56.961+0000] {taskinstance.py:1662} INFO - Exporting env vars: AIRFLOW_CTX_DAG_OWNER='coder3j' AIRFLOW_CTX_DAG_ID='our_dag_with_python_operator_v5' AIRFLOW_CTX_TASK_ID='first_task' AIRFLOW_CTX_EXECUTION_DATE='2021-11-15T00:00:00+00:00' AIRFLOW_CTX_TRY_NUMBER='1' AIRFLOW_CTX_DAG_RUN_ID='scheduled__2021-11-15T00:00:00+00:00'
[2023-10-29T16:24:56.965+0000] {logging_mixin.py:151} INFO - Hello world!
[2023-10-29T16:24:56.965+0000] {python.py:194} INFO - Done. Returned value was: None
[2023-10-29T16:24:57.035+0000] {taskinstance.py:1400} INFO - Marking task as SUCCESS. dag_id=our_dag_with_python_operator_v5, task_id=first_task, execution_date=20211115T000000, start_date=20231029T162456, end_date=20231029T162457
[2023-10-29T16:24:57.351+0000] {local_task_job_runner.py:228} INFO - Task exited with return code 0
[2023-10-29T16:24:57.422+0000] {taskinstance.py:2778} INFO - 0 downstream tasks scheduled from follow-on schedule check
[2023-10-30T14:20:17.313+0000] {taskinstance.py:1159} INFO - Dependencies all met for dep_context=non-requeueable deps ti=<TaskInstance: our_dag_with_python_operator_v5.first_task scheduled__2021-11-15T00:00:00+00:00 [queued]>
[2023-10-30T14:20:17.327+0000] {taskinstance.py:1159} INFO - Dependencies all met for dep_context=requeueable deps ti=<TaskInstance: our_dag_with_python_operator_v5.first_task scheduled__2021-11-15T00:00:00+00:00 [queued]>
[2023-10-30T14:20:17.331+0000] {taskinstance.py:1361} INFO - Starting attempt 1 of 6
[2023-10-30T14:20:17.380+0000] {taskinstance.py:1382} INFO - Executing <Task(PythonOperator): first_task> on 2021-11-15 00:00:00+00:00
[2023-10-30T14:20:17.391+0000] {standard_task_runner.py:57} INFO - Started process 1251 to run task
[2023-10-30T14:20:17.414+0000] {standard_task_runner.py:84} INFO - Running: ['***', 'tasks', 'run', 'our_dag_with_python_operator_v5', 'first_task', 'scheduled__2021-11-15T00:00:00+00:00', '--job-id', '3833', '--raw', '--subdir', 'DAGS_FOLDER/create_dag_with_python_operator.py', '--cfg-path', '/tmp/tmp_5y3l0d9']
[2023-10-30T14:20:17.438+0000] {standard_task_runner.py:85} INFO - Job 3833: Subtask first_task
[2023-10-30T14:20:17.525+0000] {task_command.py:416} INFO - Running <TaskInstance: our_dag_with_python_operator_v5.first_task scheduled__2021-11-15T00:00:00+00:00 [running]> on host 9bb87dc64328
[2023-10-30T14:20:17.690+0000] {taskinstance.py:1662} INFO - Exporting env vars: AIRFLOW_CTX_DAG_OWNER='coder3j' AIRFLOW_CTX_DAG_ID='our_dag_with_python_operator_v5' AIRFLOW_CTX_TASK_ID='first_task' AIRFLOW_CTX_EXECUTION_DATE='2021-11-15T00:00:00+00:00' AIRFLOW_CTX_TRY_NUMBER='1' AIRFLOW_CTX_DAG_RUN_ID='scheduled__2021-11-15T00:00:00+00:00'
[2023-10-30T14:20:17.714+0000] {logging_mixin.py:151} INFO - Hello world! name Jerry age: 23
[2023-10-30T14:20:17.715+0000] {python.py:194} INFO - Done. Returned value was: None
[2023-10-30T14:20:17.728+0000] {taskinstance.py:1400} INFO - Marking task as SUCCESS. dag_id=our_dag_with_python_operator_v5, task_id=first_task, execution_date=20211115T000000, start_date=20231030T142017, end_date=20231030T142017
[2023-10-30T14:20:17.781+0000] {local_task_job_runner.py:228} INFO - Task exited with return code 0
[2023-10-30T14:20:17.832+0000] {taskinstance.py:2778} INFO - 0 downstream tasks scheduled from follow-on schedule check
