[2023-10-29T16:24:40.393+0000] {taskinstance.py:1159} INFO - Dependencies all met for dep_context=non-requeueable deps ti=<TaskInstance: our_dag_with_python_operator_v5.first_task scheduled__2021-10-16T00:00:00+00:00 [queued]>
[2023-10-29T16:24:40.421+0000] {taskinstance.py:1159} INFO - Dependencies all met for dep_context=requeueable deps ti=<TaskInstance: our_dag_with_python_operator_v5.first_task scheduled__2021-10-16T00:00:00+00:00 [queued]>
[2023-10-29T16:24:40.422+0000] {taskinstance.py:1361} INFO - Starting attempt 1 of 6
[2023-10-29T16:24:40.486+0000] {taskinstance.py:1382} INFO - Executing <Task(PythonOperator): first_task> on 2021-10-16 00:00:00+00:00
[2023-10-29T16:24:40.503+0000] {standard_task_runner.py:57} INFO - Started process 9101 to run task
[2023-10-29T16:24:40.564+0000] {standard_task_runner.py:84} INFO - Running: ['***', 'tasks', 'run', 'our_dag_with_python_operator_v5', 'first_task', 'scheduled__2021-10-16T00:00:00+00:00', '--job-id', '2482', '--raw', '--subdir', 'DAGS_FOLDER/create_dag_with_python_operator.py', '--cfg-path', '/tmp/tmpoo8wv4x7']
[2023-10-29T16:24:40.574+0000] {standard_task_runner.py:85} INFO - Job 2482: Subtask first_task
[2023-10-29T16:24:40.691+0000] {task_command.py:416} INFO - Running <TaskInstance: our_dag_with_python_operator_v5.first_task scheduled__2021-10-16T00:00:00+00:00 [running]> on host 9bb87dc64328
[2023-10-29T16:24:40.937+0000] {taskinstance.py:1662} INFO - Exporting env vars: AIRFLOW_CTX_DAG_OWNER='coder3j' AIRFLOW_CTX_DAG_ID='our_dag_with_python_operator_v5' AIRFLOW_CTX_TASK_ID='first_task' AIRFLOW_CTX_EXECUTION_DATE='2021-10-16T00:00:00+00:00' AIRFLOW_CTX_TRY_NUMBER='1' AIRFLOW_CTX_DAG_RUN_ID='scheduled__2021-10-16T00:00:00+00:00'
[2023-10-29T16:24:40.941+0000] {logging_mixin.py:151} INFO - Hello world!
[2023-10-29T16:24:40.943+0000] {python.py:194} INFO - Done. Returned value was: None
[2023-10-29T16:24:40.981+0000] {taskinstance.py:1400} INFO - Marking task as SUCCESS. dag_id=our_dag_with_python_operator_v5, task_id=first_task, execution_date=20211016T000000, start_date=20231029T162440, end_date=20231029T162440
[2023-10-29T16:24:41.046+0000] {local_task_job_runner.py:228} INFO - Task exited with return code 0
[2023-10-29T16:24:41.093+0000] {taskinstance.py:2778} INFO - 0 downstream tasks scheduled from follow-on schedule check
[2023-10-30T14:19:50.227+0000] {taskinstance.py:1159} INFO - Dependencies all met for dep_context=non-requeueable deps ti=<TaskInstance: our_dag_with_python_operator_v5.first_task scheduled__2021-10-16T00:00:00+00:00 [queued]>
[2023-10-30T14:19:50.236+0000] {taskinstance.py:1159} INFO - Dependencies all met for dep_context=requeueable deps ti=<TaskInstance: our_dag_with_python_operator_v5.first_task scheduled__2021-10-16T00:00:00+00:00 [queued]>
[2023-10-30T14:19:50.237+0000] {taskinstance.py:1361} INFO - Starting attempt 1 of 6
[2023-10-30T14:19:50.253+0000] {taskinstance.py:1382} INFO - Executing <Task(PythonOperator): first_task> on 2021-10-16 00:00:00+00:00
[2023-10-30T14:19:50.259+0000] {standard_task_runner.py:57} INFO - Started process 1101 to run task
[2023-10-30T14:19:50.264+0000] {standard_task_runner.py:84} INFO - Running: ['***', 'tasks', 'run', 'our_dag_with_python_operator_v5', 'first_task', 'scheduled__2021-10-16T00:00:00+00:00', '--job-id', '3768', '--raw', '--subdir', 'DAGS_FOLDER/create_dag_with_python_operator.py', '--cfg-path', '/tmp/tmp2f8865lr']
[2023-10-30T14:19:50.267+0000] {standard_task_runner.py:85} INFO - Job 3768: Subtask first_task
[2023-10-30T14:19:50.315+0000] {task_command.py:416} INFO - Running <TaskInstance: our_dag_with_python_operator_v5.first_task scheduled__2021-10-16T00:00:00+00:00 [running]> on host 9bb87dc64328
[2023-10-30T14:19:50.385+0000] {taskinstance.py:1662} INFO - Exporting env vars: AIRFLOW_CTX_DAG_OWNER='coder3j' AIRFLOW_CTX_DAG_ID='our_dag_with_python_operator_v5' AIRFLOW_CTX_TASK_ID='first_task' AIRFLOW_CTX_EXECUTION_DATE='2021-10-16T00:00:00+00:00' AIRFLOW_CTX_TRY_NUMBER='1' AIRFLOW_CTX_DAG_RUN_ID='scheduled__2021-10-16T00:00:00+00:00'
[2023-10-30T14:19:50.397+0000] {logging_mixin.py:151} INFO - Hello world! name Jerry age: 23
[2023-10-30T14:19:50.400+0000] {python.py:194} INFO - Done. Returned value was: None
[2023-10-30T14:19:50.409+0000] {taskinstance.py:1400} INFO - Marking task as SUCCESS. dag_id=our_dag_with_python_operator_v5, task_id=first_task, execution_date=20211016T000000, start_date=20231030T141950, end_date=20231030T141950
[2023-10-30T14:19:50.437+0000] {local_task_job_runner.py:228} INFO - Task exited with return code 0
[2023-10-30T14:19:50.452+0000] {taskinstance.py:2778} INFO - 0 downstream tasks scheduled from follow-on schedule check
