[2023-10-29T16:25:21.884+0000] {taskinstance.py:1159} INFO - Dependencies all met for dep_context=non-requeueable deps ti=<TaskInstance: our_dag_with_python_operator_v5.first_task scheduled__2022-01-08T00:00:00+00:00 [queued]>
[2023-10-29T16:25:21.896+0000] {taskinstance.py:1159} INFO - Dependencies all met for dep_context=requeueable deps ti=<TaskInstance: our_dag_with_python_operator_v5.first_task scheduled__2022-01-08T00:00:00+00:00 [queued]>
[2023-10-29T16:25:21.899+0000] {taskinstance.py:1361} INFO - Starting attempt 1 of 6
[2023-10-29T16:25:21.929+0000] {taskinstance.py:1382} INFO - Executing <Task(PythonOperator): first_task> on 2022-01-08 00:00:00+00:00
[2023-10-29T16:25:21.949+0000] {standard_task_runner.py:57} INFO - Started process 9298 to run task
[2023-10-29T16:25:21.976+0000] {standard_task_runner.py:84} INFO - Running: ['***', 'tasks', 'run', 'our_dag_with_python_operator_v5', 'first_task', 'scheduled__2022-01-08T00:00:00+00:00', '--job-id', '2567', '--raw', '--subdir', 'DAGS_FOLDER/create_dag_with_python_operator.py', '--cfg-path', '/tmp/tmpru_9fhib']
[2023-10-29T16:25:22.021+0000] {standard_task_runner.py:85} INFO - Job 2567: Subtask first_task
[2023-10-29T16:25:22.171+0000] {task_command.py:416} INFO - Running <TaskInstance: our_dag_with_python_operator_v5.first_task scheduled__2022-01-08T00:00:00+00:00 [running]> on host 9bb87dc64328
[2023-10-29T16:25:22.444+0000] {taskinstance.py:1662} INFO - Exporting env vars: AIRFLOW_CTX_DAG_OWNER='coder3j' AIRFLOW_CTX_DAG_ID='our_dag_with_python_operator_v5' AIRFLOW_CTX_TASK_ID='first_task' AIRFLOW_CTX_EXECUTION_DATE='2022-01-08T00:00:00+00:00' AIRFLOW_CTX_TRY_NUMBER='1' AIRFLOW_CTX_DAG_RUN_ID='scheduled__2022-01-08T00:00:00+00:00'
[2023-10-29T16:25:22.446+0000] {logging_mixin.py:151} INFO - Hello world!
[2023-10-29T16:25:22.449+0000] {python.py:194} INFO - Done. Returned value was: None
[2023-10-29T16:25:22.482+0000] {taskinstance.py:1400} INFO - Marking task as SUCCESS. dag_id=our_dag_with_python_operator_v5, task_id=first_task, execution_date=20220108T000000, start_date=20231029T162521, end_date=20231029T162522
[2023-10-29T16:25:22.556+0000] {local_task_job_runner.py:228} INFO - Task exited with return code 0
[2023-10-29T16:25:22.641+0000] {taskinstance.py:2778} INFO - 0 downstream tasks scheduled from follow-on schedule check
[2023-10-30T14:20:47.368+0000] {taskinstance.py:1159} INFO - Dependencies all met for dep_context=non-requeueable deps ti=<TaskInstance: our_dag_with_python_operator_v5.first_task scheduled__2022-01-08T00:00:00+00:00 [queued]>
[2023-10-30T14:20:47.375+0000] {taskinstance.py:1159} INFO - Dependencies all met for dep_context=requeueable deps ti=<TaskInstance: our_dag_with_python_operator_v5.first_task scheduled__2022-01-08T00:00:00+00:00 [queued]>
[2023-10-30T14:20:47.375+0000] {taskinstance.py:1361} INFO - Starting attempt 1 of 6
[2023-10-30T14:20:47.385+0000] {taskinstance.py:1382} INFO - Executing <Task(PythonOperator): first_task> on 2022-01-08 00:00:00+00:00
[2023-10-30T14:20:47.392+0000] {standard_task_runner.py:57} INFO - Started process 1482 to run task
[2023-10-30T14:20:47.402+0000] {standard_task_runner.py:84} INFO - Running: ['***', 'tasks', 'run', 'our_dag_with_python_operator_v5', 'first_task', 'scheduled__2022-01-08T00:00:00+00:00', '--job-id', '3942', '--raw', '--subdir', 'DAGS_FOLDER/create_dag_with_python_operator.py', '--cfg-path', '/tmp/tmppsxw4c9r']
[2023-10-30T14:20:47.405+0000] {standard_task_runner.py:85} INFO - Job 3942: Subtask first_task
[2023-10-30T14:20:47.459+0000] {task_command.py:416} INFO - Running <TaskInstance: our_dag_with_python_operator_v5.first_task scheduled__2022-01-08T00:00:00+00:00 [running]> on host 9bb87dc64328
[2023-10-30T14:20:47.541+0000] {taskinstance.py:1662} INFO - Exporting env vars: AIRFLOW_CTX_DAG_OWNER='coder3j' AIRFLOW_CTX_DAG_ID='our_dag_with_python_operator_v5' AIRFLOW_CTX_TASK_ID='first_task' AIRFLOW_CTX_EXECUTION_DATE='2022-01-08T00:00:00+00:00' AIRFLOW_CTX_TRY_NUMBER='1' AIRFLOW_CTX_DAG_RUN_ID='scheduled__2022-01-08T00:00:00+00:00'
[2023-10-30T14:20:47.557+0000] {logging_mixin.py:151} INFO - Hello world! name Jerry age: 23
[2023-10-30T14:20:47.558+0000] {python.py:194} INFO - Done. Returned value was: None
[2023-10-30T14:20:47.575+0000] {taskinstance.py:1400} INFO - Marking task as SUCCESS. dag_id=our_dag_with_python_operator_v5, task_id=first_task, execution_date=20220108T000000, start_date=20231030T142047, end_date=20231030T142047
[2023-10-30T14:20:47.610+0000] {local_task_job_runner.py:228} INFO - Task exited with return code 0
[2023-10-30T14:20:47.625+0000] {taskinstance.py:2778} INFO - 0 downstream tasks scheduled from follow-on schedule check
