[2023-10-29T16:24:36.181+0000] {taskinstance.py:1159} INFO - Dependencies all met for dep_context=non-requeueable deps ti=<TaskInstance: our_dag_with_python_operator_v5.first_task scheduled__2021-10-09T00:00:00+00:00 [queued]>
[2023-10-29T16:24:36.221+0000] {taskinstance.py:1159} INFO - Dependencies all met for dep_context=requeueable deps ti=<TaskInstance: our_dag_with_python_operator_v5.first_task scheduled__2021-10-09T00:00:00+00:00 [queued]>
[2023-10-29T16:24:36.226+0000] {taskinstance.py:1361} INFO - Starting attempt 1 of 6
[2023-10-29T16:24:36.266+0000] {taskinstance.py:1382} INFO - Executing <Task(PythonOperator): first_task> on 2021-10-09 00:00:00+00:00
[2023-10-29T16:24:36.310+0000] {standard_task_runner.py:57} INFO - Started process 9089 to run task
[2023-10-29T16:24:36.333+0000] {standard_task_runner.py:84} INFO - Running: ['***', 'tasks', 'run', 'our_dag_with_python_operator_v5', 'first_task', 'scheduled__2021-10-09T00:00:00+00:00', '--job-id', '2475', '--raw', '--subdir', 'DAGS_FOLDER/create_dag_with_python_operator.py', '--cfg-path', '/tmp/tmpdy9lungs']
[2023-10-29T16:24:36.370+0000] {standard_task_runner.py:85} INFO - Job 2475: Subtask first_task
[2023-10-29T16:24:36.638+0000] {task_command.py:416} INFO - Running <TaskInstance: our_dag_with_python_operator_v5.first_task scheduled__2021-10-09T00:00:00+00:00 [running]> on host 9bb87dc64328
[2023-10-29T16:24:37.226+0000] {taskinstance.py:1662} INFO - Exporting env vars: AIRFLOW_CTX_DAG_OWNER='coder3j' AIRFLOW_CTX_DAG_ID='our_dag_with_python_operator_v5' AIRFLOW_CTX_TASK_ID='first_task' AIRFLOW_CTX_EXECUTION_DATE='2021-10-09T00:00:00+00:00' AIRFLOW_CTX_TRY_NUMBER='1' AIRFLOW_CTX_DAG_RUN_ID='scheduled__2021-10-09T00:00:00+00:00'
[2023-10-29T16:24:37.290+0000] {logging_mixin.py:151} INFO - Hello world!
[2023-10-29T16:24:37.297+0000] {python.py:194} INFO - Done. Returned value was: None
[2023-10-29T16:24:37.432+0000] {taskinstance.py:1400} INFO - Marking task as SUCCESS. dag_id=our_dag_with_python_operator_v5, task_id=first_task, execution_date=20211009T000000, start_date=20231029T162436, end_date=20231029T162437
[2023-10-29T16:24:37.819+0000] {local_task_job_runner.py:228} INFO - Task exited with return code 0
[2023-10-29T16:24:38.201+0000] {taskinstance.py:2778} INFO - 0 downstream tasks scheduled from follow-on schedule check
[2023-10-30T14:19:47.781+0000] {taskinstance.py:1159} INFO - Dependencies all met for dep_context=non-requeueable deps ti=<TaskInstance: our_dag_with_python_operator_v5.first_task scheduled__2021-10-09T00:00:00+00:00 [queued]>
[2023-10-30T14:19:47.812+0000] {taskinstance.py:1159} INFO - Dependencies all met for dep_context=requeueable deps ti=<TaskInstance: our_dag_with_python_operator_v5.first_task scheduled__2021-10-09T00:00:00+00:00 [queued]>
[2023-10-30T14:19:47.815+0000] {taskinstance.py:1361} INFO - Starting attempt 1 of 6
[2023-10-30T14:19:47.845+0000] {taskinstance.py:1382} INFO - Executing <Task(PythonOperator): first_task> on 2021-10-09 00:00:00+00:00
[2023-10-30T14:19:47.858+0000] {standard_task_runner.py:57} INFO - Started process 1082 to run task
[2023-10-30T14:19:47.890+0000] {standard_task_runner.py:84} INFO - Running: ['***', 'tasks', 'run', 'our_dag_with_python_operator_v5', 'first_task', 'scheduled__2021-10-09T00:00:00+00:00', '--job-id', '3759', '--raw', '--subdir', 'DAGS_FOLDER/create_dag_with_python_operator.py', '--cfg-path', '/tmp/tmpj5ndf9sj']
[2023-10-30T14:19:47.905+0000] {standard_task_runner.py:85} INFO - Job 3759: Subtask first_task
[2023-10-30T14:19:48.203+0000] {task_command.py:416} INFO - Running <TaskInstance: our_dag_with_python_operator_v5.first_task scheduled__2021-10-09T00:00:00+00:00 [running]> on host 9bb87dc64328
[2023-10-30T14:19:48.464+0000] {taskinstance.py:1662} INFO - Exporting env vars: AIRFLOW_CTX_DAG_OWNER='coder3j' AIRFLOW_CTX_DAG_ID='our_dag_with_python_operator_v5' AIRFLOW_CTX_TASK_ID='first_task' AIRFLOW_CTX_EXECUTION_DATE='2021-10-09T00:00:00+00:00' AIRFLOW_CTX_TRY_NUMBER='1' AIRFLOW_CTX_DAG_RUN_ID='scheduled__2021-10-09T00:00:00+00:00'
[2023-10-30T14:19:48.478+0000] {logging_mixin.py:151} INFO - Hello world! name Jerry age: 23
[2023-10-30T14:19:48.480+0000] {python.py:194} INFO - Done. Returned value was: None
[2023-10-30T14:19:48.499+0000] {taskinstance.py:1400} INFO - Marking task as SUCCESS. dag_id=our_dag_with_python_operator_v5, task_id=first_task, execution_date=20211009T000000, start_date=20231030T141947, end_date=20231030T141948
[2023-10-30T14:19:48.587+0000] {local_task_job_runner.py:228} INFO - Task exited with return code 0
[2023-10-30T14:19:48.636+0000] {taskinstance.py:2778} INFO - 0 downstream tasks scheduled from follow-on schedule check
