[2023-10-29T16:25:21.872+0000] {taskinstance.py:1159} INFO - Dependencies all met for dep_context=non-requeueable deps ti=<TaskInstance: our_dag_with_python_operator_v5.first_task scheduled__2022-01-06T00:00:00+00:00 [queued]>
[2023-10-29T16:25:21.897+0000] {taskinstance.py:1159} INFO - Dependencies all met for dep_context=requeueable deps ti=<TaskInstance: our_dag_with_python_operator_v5.first_task scheduled__2022-01-06T00:00:00+00:00 [queued]>
[2023-10-29T16:25:21.898+0000] {taskinstance.py:1361} INFO - Starting attempt 1 of 6
[2023-10-29T16:25:21.920+0000] {taskinstance.py:1382} INFO - Executing <Task(PythonOperator): first_task> on 2022-01-06 00:00:00+00:00
[2023-10-29T16:25:21.943+0000] {standard_task_runner.py:57} INFO - Started process 9297 to run task
[2023-10-29T16:25:21.960+0000] {standard_task_runner.py:84} INFO - Running: ['***', 'tasks', 'run', 'our_dag_with_python_operator_v5', 'first_task', 'scheduled__2022-01-06T00:00:00+00:00', '--job-id', '2566', '--raw', '--subdir', 'DAGS_FOLDER/create_dag_with_python_operator.py', '--cfg-path', '/tmp/tmpcx0cf7hb']
[2023-10-29T16:25:21.969+0000] {standard_task_runner.py:85} INFO - Job 2566: Subtask first_task
[2023-10-29T16:25:22.173+0000] {task_command.py:416} INFO - Running <TaskInstance: our_dag_with_python_operator_v5.first_task scheduled__2022-01-06T00:00:00+00:00 [running]> on host 9bb87dc64328
[2023-10-29T16:25:22.424+0000] {taskinstance.py:1662} INFO - Exporting env vars: AIRFLOW_CTX_DAG_OWNER='coder3j' AIRFLOW_CTX_DAG_ID='our_dag_with_python_operator_v5' AIRFLOW_CTX_TASK_ID='first_task' AIRFLOW_CTX_EXECUTION_DATE='2022-01-06T00:00:00+00:00' AIRFLOW_CTX_TRY_NUMBER='1' AIRFLOW_CTX_DAG_RUN_ID='scheduled__2022-01-06T00:00:00+00:00'
[2023-10-29T16:25:22.429+0000] {logging_mixin.py:151} INFO - Hello world!
[2023-10-29T16:25:22.432+0000] {python.py:194} INFO - Done. Returned value was: None
[2023-10-29T16:25:22.467+0000] {taskinstance.py:1400} INFO - Marking task as SUCCESS. dag_id=our_dag_with_python_operator_v5, task_id=first_task, execution_date=20220106T000000, start_date=20231029T162521, end_date=20231029T162522
[2023-10-29T16:25:22.548+0000] {local_task_job_runner.py:228} INFO - Task exited with return code 0
[2023-10-29T16:25:22.643+0000] {taskinstance.py:2778} INFO - 0 downstream tasks scheduled from follow-on schedule check
[2023-10-30T14:20:46.442+0000] {taskinstance.py:1159} INFO - Dependencies all met for dep_context=non-requeueable deps ti=<TaskInstance: our_dag_with_python_operator_v5.first_task scheduled__2022-01-06T00:00:00+00:00 [queued]>
[2023-10-30T14:20:46.480+0000] {taskinstance.py:1159} INFO - Dependencies all met for dep_context=requeueable deps ti=<TaskInstance: our_dag_with_python_operator_v5.first_task scheduled__2022-01-06T00:00:00+00:00 [queued]>
[2023-10-30T14:20:46.486+0000] {taskinstance.py:1361} INFO - Starting attempt 1 of 6
[2023-10-30T14:20:46.513+0000] {taskinstance.py:1382} INFO - Executing <Task(PythonOperator): first_task> on 2022-01-06 00:00:00+00:00
[2023-10-30T14:20:46.519+0000] {standard_task_runner.py:57} INFO - Started process 1475 to run task
[2023-10-30T14:20:46.525+0000] {standard_task_runner.py:84} INFO - Running: ['***', 'tasks', 'run', 'our_dag_with_python_operator_v5', 'first_task', 'scheduled__2022-01-06T00:00:00+00:00', '--job-id', '3938', '--raw', '--subdir', 'DAGS_FOLDER/create_dag_with_python_operator.py', '--cfg-path', '/tmp/tmp8f54ldwu']
[2023-10-30T14:20:46.530+0000] {standard_task_runner.py:85} INFO - Job 3938: Subtask first_task
[2023-10-30T14:20:46.609+0000] {task_command.py:416} INFO - Running <TaskInstance: our_dag_with_python_operator_v5.first_task scheduled__2022-01-06T00:00:00+00:00 [running]> on host 9bb87dc64328
[2023-10-30T14:20:46.713+0000] {taskinstance.py:1662} INFO - Exporting env vars: AIRFLOW_CTX_DAG_OWNER='coder3j' AIRFLOW_CTX_DAG_ID='our_dag_with_python_operator_v5' AIRFLOW_CTX_TASK_ID='first_task' AIRFLOW_CTX_EXECUTION_DATE='2022-01-06T00:00:00+00:00' AIRFLOW_CTX_TRY_NUMBER='1' AIRFLOW_CTX_DAG_RUN_ID='scheduled__2022-01-06T00:00:00+00:00'
[2023-10-30T14:20:46.724+0000] {logging_mixin.py:151} INFO - Hello world! name Jerry age: 23
[2023-10-30T14:20:46.726+0000] {python.py:194} INFO - Done. Returned value was: None
[2023-10-30T14:20:46.740+0000] {taskinstance.py:1400} INFO - Marking task as SUCCESS. dag_id=our_dag_with_python_operator_v5, task_id=first_task, execution_date=20220106T000000, start_date=20231030T142046, end_date=20231030T142046
[2023-10-30T14:20:46.794+0000] {local_task_job_runner.py:228} INFO - Task exited with return code 0
[2023-10-30T14:20:46.807+0000] {taskinstance.py:2778} INFO - 0 downstream tasks scheduled from follow-on schedule check
