[2023-10-29T16:25:22.295+0000] {taskinstance.py:1159} INFO - Dependencies all met for dep_context=non-requeueable deps ti=<TaskInstance: our_dag_with_python_operator_v5.first_task scheduled__2022-01-10T00:00:00+00:00 [queued]>
[2023-10-29T16:25:22.311+0000] {taskinstance.py:1159} INFO - Dependencies all met for dep_context=requeueable deps ti=<TaskInstance: our_dag_with_python_operator_v5.first_task scheduled__2022-01-10T00:00:00+00:00 [queued]>
[2023-10-29T16:25:22.312+0000] {taskinstance.py:1361} INFO - Starting attempt 1 of 6
[2023-10-29T16:25:22.348+0000] {taskinstance.py:1382} INFO - Executing <Task(PythonOperator): first_task> on 2022-01-10 00:00:00+00:00
[2023-10-29T16:25:22.362+0000] {standard_task_runner.py:57} INFO - Started process 9303 to run task
[2023-10-29T16:25:22.379+0000] {standard_task_runner.py:84} INFO - Running: ['***', 'tasks', 'run', 'our_dag_with_python_operator_v5', 'first_task', 'scheduled__2022-01-10T00:00:00+00:00', '--job-id', '2569', '--raw', '--subdir', 'DAGS_FOLDER/create_dag_with_python_operator.py', '--cfg-path', '/tmp/tmpgyvboyk3']
[2023-10-29T16:25:22.420+0000] {standard_task_runner.py:85} INFO - Job 2569: Subtask first_task
[2023-10-29T16:25:22.588+0000] {task_command.py:416} INFO - Running <TaskInstance: our_dag_with_python_operator_v5.first_task scheduled__2022-01-10T00:00:00+00:00 [running]> on host 9bb87dc64328
[2023-10-29T16:25:22.828+0000] {taskinstance.py:1662} INFO - Exporting env vars: AIRFLOW_CTX_DAG_OWNER='coder3j' AIRFLOW_CTX_DAG_ID='our_dag_with_python_operator_v5' AIRFLOW_CTX_TASK_ID='first_task' AIRFLOW_CTX_EXECUTION_DATE='2022-01-10T00:00:00+00:00' AIRFLOW_CTX_TRY_NUMBER='1' AIRFLOW_CTX_DAG_RUN_ID='scheduled__2022-01-10T00:00:00+00:00'
[2023-10-29T16:25:22.830+0000] {logging_mixin.py:151} INFO - Hello world!
[2023-10-29T16:25:22.830+0000] {python.py:194} INFO - Done. Returned value was: None
[2023-10-29T16:25:22.847+0000] {taskinstance.py:1400} INFO - Marking task as SUCCESS. dag_id=our_dag_with_python_operator_v5, task_id=first_task, execution_date=20220110T000000, start_date=20231029T162522, end_date=20231029T162522
[2023-10-29T16:25:22.894+0000] {local_task_job_runner.py:228} INFO - Task exited with return code 0
[2023-10-29T16:25:22.939+0000] {taskinstance.py:2778} INFO - 0 downstream tasks scheduled from follow-on schedule check
[2023-10-30T14:20:47.361+0000] {taskinstance.py:1159} INFO - Dependencies all met for dep_context=non-requeueable deps ti=<TaskInstance: our_dag_with_python_operator_v5.first_task scheduled__2022-01-10T00:00:00+00:00 [queued]>
[2023-10-30T14:20:47.368+0000] {taskinstance.py:1159} INFO - Dependencies all met for dep_context=requeueable deps ti=<TaskInstance: our_dag_with_python_operator_v5.first_task scheduled__2022-01-10T00:00:00+00:00 [queued]>
[2023-10-30T14:20:47.368+0000] {taskinstance.py:1361} INFO - Starting attempt 1 of 6
[2023-10-30T14:20:47.378+0000] {taskinstance.py:1382} INFO - Executing <Task(PythonOperator): first_task> on 2022-01-10 00:00:00+00:00
[2023-10-30T14:20:47.386+0000] {standard_task_runner.py:57} INFO - Started process 1481 to run task
[2023-10-30T14:20:47.393+0000] {standard_task_runner.py:84} INFO - Running: ['***', 'tasks', 'run', 'our_dag_with_python_operator_v5', 'first_task', 'scheduled__2022-01-10T00:00:00+00:00', '--job-id', '3940', '--raw', '--subdir', 'DAGS_FOLDER/create_dag_with_python_operator.py', '--cfg-path', '/tmp/tmpw_sw2wgf']
[2023-10-30T14:20:47.396+0000] {standard_task_runner.py:85} INFO - Job 3940: Subtask first_task
[2023-10-30T14:20:47.455+0000] {task_command.py:416} INFO - Running <TaskInstance: our_dag_with_python_operator_v5.first_task scheduled__2022-01-10T00:00:00+00:00 [running]> on host 9bb87dc64328
[2023-10-30T14:20:47.531+0000] {taskinstance.py:1662} INFO - Exporting env vars: AIRFLOW_CTX_DAG_OWNER='coder3j' AIRFLOW_CTX_DAG_ID='our_dag_with_python_operator_v5' AIRFLOW_CTX_TASK_ID='first_task' AIRFLOW_CTX_EXECUTION_DATE='2022-01-10T00:00:00+00:00' AIRFLOW_CTX_TRY_NUMBER='1' AIRFLOW_CTX_DAG_RUN_ID='scheduled__2022-01-10T00:00:00+00:00'
[2023-10-30T14:20:47.547+0000] {logging_mixin.py:151} INFO - Hello world! name Jerry age: 23
[2023-10-30T14:20:47.548+0000] {python.py:194} INFO - Done. Returned value was: None
[2023-10-30T14:20:47.564+0000] {taskinstance.py:1400} INFO - Marking task as SUCCESS. dag_id=our_dag_with_python_operator_v5, task_id=first_task, execution_date=20220110T000000, start_date=20231030T142047, end_date=20231030T142047
[2023-10-30T14:20:47.608+0000] {local_task_job_runner.py:228} INFO - Task exited with return code 0
[2023-10-30T14:20:47.624+0000] {taskinstance.py:2778} INFO - 0 downstream tasks scheduled from follow-on schedule check
