[2023-10-29T16:24:57.580+0000] {taskinstance.py:1159} INFO - Dependencies all met for dep_context=non-requeueable deps ti=<TaskInstance: our_dag_with_python_operator_v5.first_task scheduled__2021-11-21T00:00:00+00:00 [queued]>
[2023-10-29T16:24:57.590+0000] {taskinstance.py:1159} INFO - Dependencies all met for dep_context=requeueable deps ti=<TaskInstance: our_dag_with_python_operator_v5.first_task scheduled__2021-11-21T00:00:00+00:00 [queued]>
[2023-10-29T16:24:57.591+0000] {taskinstance.py:1361} INFO - Starting attempt 1 of 6
[2023-10-29T16:24:57.618+0000] {taskinstance.py:1382} INFO - Executing <Task(PythonOperator): first_task> on 2021-11-21 00:00:00+00:00
[2023-10-29T16:24:57.629+0000] {standard_task_runner.py:57} INFO - Started process 9182 to run task
[2023-10-29T16:24:57.665+0000] {standard_task_runner.py:84} INFO - Running: ['***', 'tasks', 'run', 'our_dag_with_python_operator_v5', 'first_task', 'scheduled__2021-11-21T00:00:00+00:00', '--job-id', '2519', '--raw', '--subdir', 'DAGS_FOLDER/create_dag_with_python_operator.py', '--cfg-path', '/tmp/tmp6d0_y30y']
[2023-10-29T16:24:57.690+0000] {standard_task_runner.py:85} INFO - Job 2519: Subtask first_task
[2023-10-29T16:24:57.832+0000] {task_command.py:416} INFO - Running <TaskInstance: our_dag_with_python_operator_v5.first_task scheduled__2021-11-21T00:00:00+00:00 [running]> on host 9bb87dc64328
[2023-10-29T16:24:58.162+0000] {taskinstance.py:1662} INFO - Exporting env vars: AIRFLOW_CTX_DAG_OWNER='coder3j' AIRFLOW_CTX_DAG_ID='our_dag_with_python_operator_v5' AIRFLOW_CTX_TASK_ID='first_task' AIRFLOW_CTX_EXECUTION_DATE='2021-11-21T00:00:00+00:00' AIRFLOW_CTX_TRY_NUMBER='1' AIRFLOW_CTX_DAG_RUN_ID='scheduled__2021-11-21T00:00:00+00:00'
[2023-10-29T16:24:58.169+0000] {logging_mixin.py:151} INFO - Hello world!
[2023-10-29T16:24:58.170+0000] {python.py:194} INFO - Done. Returned value was: None
[2023-10-29T16:24:58.199+0000] {taskinstance.py:1400} INFO - Marking task as SUCCESS. dag_id=our_dag_with_python_operator_v5, task_id=first_task, execution_date=20211121T000000, start_date=20231029T162457, end_date=20231029T162458
[2023-10-29T16:24:58.246+0000] {local_task_job_runner.py:228} INFO - Task exited with return code 0
[2023-10-29T16:24:58.282+0000] {taskinstance.py:2778} INFO - 0 downstream tasks scheduled from follow-on schedule check
[2023-10-30T14:20:18.808+0000] {taskinstance.py:1159} INFO - Dependencies all met for dep_context=non-requeueable deps ti=<TaskInstance: our_dag_with_python_operator_v5.first_task scheduled__2021-11-21T00:00:00+00:00 [queued]>
[2023-10-30T14:20:18.823+0000] {taskinstance.py:1159} INFO - Dependencies all met for dep_context=requeueable deps ti=<TaskInstance: our_dag_with_python_operator_v5.first_task scheduled__2021-11-21T00:00:00+00:00 [queued]>
[2023-10-30T14:20:18.826+0000] {taskinstance.py:1361} INFO - Starting attempt 1 of 6
[2023-10-30T14:20:18.951+0000] {taskinstance.py:1382} INFO - Executing <Task(PythonOperator): first_task> on 2021-11-21 00:00:00+00:00
[2023-10-30T14:20:18.963+0000] {standard_task_runner.py:57} INFO - Started process 1270 to run task
[2023-10-30T14:20:18.982+0000] {standard_task_runner.py:84} INFO - Running: ['***', 'tasks', 'run', 'our_dag_with_python_operator_v5', 'first_task', 'scheduled__2021-11-21T00:00:00+00:00', '--job-id', '3844', '--raw', '--subdir', 'DAGS_FOLDER/create_dag_with_python_operator.py', '--cfg-path', '/tmp/tmpam9zzcoo']
[2023-10-30T14:20:18.992+0000] {standard_task_runner.py:85} INFO - Job 3844: Subtask first_task
[2023-10-30T14:20:19.123+0000] {task_command.py:416} INFO - Running <TaskInstance: our_dag_with_python_operator_v5.first_task scheduled__2021-11-21T00:00:00+00:00 [running]> on host 9bb87dc64328
[2023-10-30T14:20:19.249+0000] {taskinstance.py:1662} INFO - Exporting env vars: AIRFLOW_CTX_DAG_OWNER='coder3j' AIRFLOW_CTX_DAG_ID='our_dag_with_python_operator_v5' AIRFLOW_CTX_TASK_ID='first_task' AIRFLOW_CTX_EXECUTION_DATE='2021-11-21T00:00:00+00:00' AIRFLOW_CTX_TRY_NUMBER='1' AIRFLOW_CTX_DAG_RUN_ID='scheduled__2021-11-21T00:00:00+00:00'
[2023-10-30T14:20:19.282+0000] {logging_mixin.py:151} INFO - Hello world! name Jerry age: 23
[2023-10-30T14:20:19.289+0000] {python.py:194} INFO - Done. Returned value was: None
[2023-10-30T14:20:19.313+0000] {taskinstance.py:1400} INFO - Marking task as SUCCESS. dag_id=our_dag_with_python_operator_v5, task_id=first_task, execution_date=20211121T000000, start_date=20231030T142018, end_date=20231030T142019
[2023-10-30T14:20:19.458+0000] {local_task_job_runner.py:228} INFO - Task exited with return code 0
[2023-10-30T14:20:19.475+0000] {taskinstance.py:2778} INFO - 0 downstream tasks scheduled from follow-on schedule check
