[2023-10-29T16:25:09.596+0000] {taskinstance.py:1159} INFO - Dependencies all met for dep_context=non-requeueable deps ti=<TaskInstance: our_dag_with_python_operator_v5.first_task scheduled__2021-12-13T00:00:00+00:00 [queued]>
[2023-10-29T16:25:09.611+0000] {taskinstance.py:1159} INFO - Dependencies all met for dep_context=requeueable deps ti=<TaskInstance: our_dag_with_python_operator_v5.first_task scheduled__2021-12-13T00:00:00+00:00 [queued]>
[2023-10-29T16:25:09.615+0000] {taskinstance.py:1361} INFO - Starting attempt 1 of 6
[2023-10-29T16:25:09.697+0000] {taskinstance.py:1382} INFO - Executing <Task(PythonOperator): first_task> on 2021-12-13 00:00:00+00:00
[2023-10-29T16:25:09.717+0000] {standard_task_runner.py:57} INFO - Started process 9240 to run task
[2023-10-29T16:25:09.730+0000] {standard_task_runner.py:84} INFO - Running: ['***', 'tasks', 'run', 'our_dag_with_python_operator_v5', 'first_task', 'scheduled__2021-12-13T00:00:00+00:00', '--job-id', '2541', '--raw', '--subdir', 'DAGS_FOLDER/create_dag_with_python_operator.py', '--cfg-path', '/tmp/tmpm80wnof4']
[2023-10-29T16:25:09.739+0000] {standard_task_runner.py:85} INFO - Job 2541: Subtask first_task
[2023-10-29T16:25:09.906+0000] {task_command.py:416} INFO - Running <TaskInstance: our_dag_with_python_operator_v5.first_task scheduled__2021-12-13T00:00:00+00:00 [running]> on host 9bb87dc64328
[2023-10-29T16:25:10.220+0000] {taskinstance.py:1662} INFO - Exporting env vars: AIRFLOW_CTX_DAG_OWNER='coder3j' AIRFLOW_CTX_DAG_ID='our_dag_with_python_operator_v5' AIRFLOW_CTX_TASK_ID='first_task' AIRFLOW_CTX_EXECUTION_DATE='2021-12-13T00:00:00+00:00' AIRFLOW_CTX_TRY_NUMBER='1' AIRFLOW_CTX_DAG_RUN_ID='scheduled__2021-12-13T00:00:00+00:00'
[2023-10-29T16:25:10.223+0000] {logging_mixin.py:151} INFO - Hello world!
[2023-10-29T16:25:10.228+0000] {python.py:194} INFO - Done. Returned value was: None
[2023-10-29T16:25:10.266+0000] {taskinstance.py:1400} INFO - Marking task as SUCCESS. dag_id=our_dag_with_python_operator_v5, task_id=first_task, execution_date=20211213T000000, start_date=20231029T162509, end_date=20231029T162510
[2023-10-29T16:25:10.380+0000] {local_task_job_runner.py:228} INFO - Task exited with return code 0
[2023-10-29T16:25:10.497+0000] {taskinstance.py:2778} INFO - 0 downstream tasks scheduled from follow-on schedule check
[2023-10-30T14:20:34.362+0000] {taskinstance.py:1159} INFO - Dependencies all met for dep_context=non-requeueable deps ti=<TaskInstance: our_dag_with_python_operator_v5.first_task scheduled__2021-12-13T00:00:00+00:00 [queued]>
[2023-10-30T14:20:34.385+0000] {taskinstance.py:1159} INFO - Dependencies all met for dep_context=requeueable deps ti=<TaskInstance: our_dag_with_python_operator_v5.first_task scheduled__2021-12-13T00:00:00+00:00 [queued]>
[2023-10-30T14:20:34.392+0000] {taskinstance.py:1361} INFO - Starting attempt 1 of 6
[2023-10-30T14:20:34.415+0000] {taskinstance.py:1382} INFO - Executing <Task(PythonOperator): first_task> on 2021-12-13 00:00:00+00:00
[2023-10-30T14:20:34.422+0000] {standard_task_runner.py:57} INFO - Started process 1361 to run task
[2023-10-30T14:20:34.443+0000] {standard_task_runner.py:84} INFO - Running: ['***', 'tasks', 'run', 'our_dag_with_python_operator_v5', 'first_task', 'scheduled__2021-12-13T00:00:00+00:00', '--job-id', '3889', '--raw', '--subdir', 'DAGS_FOLDER/create_dag_with_python_operator.py', '--cfg-path', '/tmp/tmp70i39pbe']
[2023-10-30T14:20:34.456+0000] {standard_task_runner.py:85} INFO - Job 3889: Subtask first_task
[2023-10-30T14:20:34.522+0000] {task_command.py:416} INFO - Running <TaskInstance: our_dag_with_python_operator_v5.first_task scheduled__2021-12-13T00:00:00+00:00 [running]> on host 9bb87dc64328
[2023-10-30T14:20:34.682+0000] {taskinstance.py:1662} INFO - Exporting env vars: AIRFLOW_CTX_DAG_OWNER='coder3j' AIRFLOW_CTX_DAG_ID='our_dag_with_python_operator_v5' AIRFLOW_CTX_TASK_ID='first_task' AIRFLOW_CTX_EXECUTION_DATE='2021-12-13T00:00:00+00:00' AIRFLOW_CTX_TRY_NUMBER='1' AIRFLOW_CTX_DAG_RUN_ID='scheduled__2021-12-13T00:00:00+00:00'
[2023-10-30T14:20:34.713+0000] {logging_mixin.py:151} INFO - Hello world! name Jerry age: 23
[2023-10-30T14:20:34.717+0000] {python.py:194} INFO - Done. Returned value was: None
[2023-10-30T14:20:34.735+0000] {taskinstance.py:1400} INFO - Marking task as SUCCESS. dag_id=our_dag_with_python_operator_v5, task_id=first_task, execution_date=20211213T000000, start_date=20231030T142034, end_date=20231030T142034
[2023-10-30T14:20:34.935+0000] {local_task_job_runner.py:228} INFO - Task exited with return code 0
[2023-10-30T14:20:34.954+0000] {taskinstance.py:2778} INFO - 0 downstream tasks scheduled from follow-on schedule check
