[2023-10-29T16:24:56.544+0000] {taskinstance.py:1159} INFO - Dependencies all met for dep_context=non-requeueable deps ti=<TaskInstance: our_dag_with_python_operator_v5.first_task scheduled__2021-11-17T00:00:00+00:00 [queued]>
[2023-10-29T16:24:56.581+0000] {taskinstance.py:1159} INFO - Dependencies all met for dep_context=requeueable deps ti=<TaskInstance: our_dag_with_python_operator_v5.first_task scheduled__2021-11-17T00:00:00+00:00 [queued]>
[2023-10-29T16:24:56.582+0000] {taskinstance.py:1361} INFO - Starting attempt 1 of 6
[2023-10-29T16:24:56.603+0000] {taskinstance.py:1382} INFO - Executing <Task(PythonOperator): first_task> on 2021-11-17 00:00:00+00:00
[2023-10-29T16:24:56.614+0000] {standard_task_runner.py:57} INFO - Started process 9178 to run task
[2023-10-29T16:24:56.626+0000] {standard_task_runner.py:84} INFO - Running: ['***', 'tasks', 'run', 'our_dag_with_python_operator_v5', 'first_task', 'scheduled__2021-11-17T00:00:00+00:00', '--job-id', '2515', '--raw', '--subdir', 'DAGS_FOLDER/create_dag_with_python_operator.py', '--cfg-path', '/tmp/tmpxwn5r4hw']
[2023-10-29T16:24:56.656+0000] {standard_task_runner.py:85} INFO - Job 2515: Subtask first_task
[2023-10-29T16:24:56.832+0000] {task_command.py:416} INFO - Running <TaskInstance: our_dag_with_python_operator_v5.first_task scheduled__2021-11-17T00:00:00+00:00 [running]> on host 9bb87dc64328
[2023-10-29T16:24:57.296+0000] {taskinstance.py:1662} INFO - Exporting env vars: AIRFLOW_CTX_DAG_OWNER='coder3j' AIRFLOW_CTX_DAG_ID='our_dag_with_python_operator_v5' AIRFLOW_CTX_TASK_ID='first_task' AIRFLOW_CTX_EXECUTION_DATE='2021-11-17T00:00:00+00:00' AIRFLOW_CTX_TRY_NUMBER='1' AIRFLOW_CTX_DAG_RUN_ID='scheduled__2021-11-17T00:00:00+00:00'
[2023-10-29T16:24:57.321+0000] {logging_mixin.py:151} INFO - Hello world!
[2023-10-29T16:24:57.322+0000] {python.py:194} INFO - Done. Returned value was: None
[2023-10-29T16:24:57.373+0000] {taskinstance.py:1400} INFO - Marking task as SUCCESS. dag_id=our_dag_with_python_operator_v5, task_id=first_task, execution_date=20211117T000000, start_date=20231029T162456, end_date=20231029T162457
[2023-10-29T16:24:57.518+0000] {local_task_job_runner.py:228} INFO - Task exited with return code 0
[2023-10-29T16:24:57.644+0000] {taskinstance.py:2778} INFO - 0 downstream tasks scheduled from follow-on schedule check
[2023-10-30T14:20:17.939+0000] {taskinstance.py:1159} INFO - Dependencies all met for dep_context=non-requeueable deps ti=<TaskInstance: our_dag_with_python_operator_v5.first_task scheduled__2021-11-17T00:00:00+00:00 [queued]>
[2023-10-30T14:20:17.955+0000] {taskinstance.py:1159} INFO - Dependencies all met for dep_context=requeueable deps ti=<TaskInstance: our_dag_with_python_operator_v5.first_task scheduled__2021-11-17T00:00:00+00:00 [queued]>
[2023-10-30T14:20:17.956+0000] {taskinstance.py:1361} INFO - Starting attempt 1 of 6
[2023-10-30T14:20:17.983+0000] {taskinstance.py:1382} INFO - Executing <Task(PythonOperator): first_task> on 2021-11-17 00:00:00+00:00
[2023-10-30T14:20:17.989+0000] {standard_task_runner.py:57} INFO - Started process 1259 to run task
[2023-10-30T14:20:17.995+0000] {standard_task_runner.py:84} INFO - Running: ['***', 'tasks', 'run', 'our_dag_with_python_operator_v5', 'first_task', 'scheduled__2021-11-17T00:00:00+00:00', '--job-id', '3837', '--raw', '--subdir', 'DAGS_FOLDER/create_dag_with_python_operator.py', '--cfg-path', '/tmp/tmpifce3lwi']
[2023-10-30T14:20:17.999+0000] {standard_task_runner.py:85} INFO - Job 3837: Subtask first_task
[2023-10-30T14:20:18.074+0000] {task_command.py:416} INFO - Running <TaskInstance: our_dag_with_python_operator_v5.first_task scheduled__2021-11-17T00:00:00+00:00 [running]> on host 9bb87dc64328
[2023-10-30T14:20:18.279+0000] {taskinstance.py:1662} INFO - Exporting env vars: AIRFLOW_CTX_DAG_OWNER='coder3j' AIRFLOW_CTX_DAG_ID='our_dag_with_python_operator_v5' AIRFLOW_CTX_TASK_ID='first_task' AIRFLOW_CTX_EXECUTION_DATE='2021-11-17T00:00:00+00:00' AIRFLOW_CTX_TRY_NUMBER='1' AIRFLOW_CTX_DAG_RUN_ID='scheduled__2021-11-17T00:00:00+00:00'
[2023-10-30T14:20:18.317+0000] {logging_mixin.py:151} INFO - Hello world! name Jerry age: 23
[2023-10-30T14:20:18.320+0000] {python.py:194} INFO - Done. Returned value was: None
[2023-10-30T14:20:18.339+0000] {taskinstance.py:1400} INFO - Marking task as SUCCESS. dag_id=our_dag_with_python_operator_v5, task_id=first_task, execution_date=20211117T000000, start_date=20231030T142017, end_date=20231030T142018
[2023-10-30T14:20:18.422+0000] {local_task_job_runner.py:228} INFO - Task exited with return code 0
[2023-10-30T14:20:18.489+0000] {taskinstance.py:2778} INFO - 0 downstream tasks scheduled from follow-on schedule check
