[2023-10-29T16:24:49.590+0000] {taskinstance.py:1159} INFO - Dependencies all met for dep_context=non-requeueable deps ti=<TaskInstance: our_dag_with_python_operator_v5.first_task scheduled__2021-10-31T00:00:00+00:00 [queued]>
[2023-10-29T16:24:49.631+0000] {taskinstance.py:1159} INFO - Dependencies all met for dep_context=requeueable deps ti=<TaskInstance: our_dag_with_python_operator_v5.first_task scheduled__2021-10-31T00:00:00+00:00 [queued]>
[2023-10-29T16:24:49.633+0000] {taskinstance.py:1361} INFO - Starting attempt 1 of 6
[2023-10-29T16:24:49.732+0000] {taskinstance.py:1382} INFO - Executing <Task(PythonOperator): first_task> on 2021-10-31 00:00:00+00:00
[2023-10-29T16:24:49.742+0000] {standard_task_runner.py:57} INFO - Started process 9143 to run task
[2023-10-29T16:24:49.770+0000] {standard_task_runner.py:84} INFO - Running: ['***', 'tasks', 'run', 'our_dag_with_python_operator_v5', 'first_task', 'scheduled__2021-10-31T00:00:00+00:00', '--job-id', '2498', '--raw', '--subdir', 'DAGS_FOLDER/create_dag_with_python_operator.py', '--cfg-path', '/tmp/tmpuhmucah7']
[2023-10-29T16:24:49.786+0000] {standard_task_runner.py:85} INFO - Job 2498: Subtask first_task
[2023-10-29T16:24:50.036+0000] {task_command.py:416} INFO - Running <TaskInstance: our_dag_with_python_operator_v5.first_task scheduled__2021-10-31T00:00:00+00:00 [running]> on host 9bb87dc64328
[2023-10-29T16:24:50.394+0000] {taskinstance.py:1662} INFO - Exporting env vars: AIRFLOW_CTX_DAG_OWNER='coder3j' AIRFLOW_CTX_DAG_ID='our_dag_with_python_operator_v5' AIRFLOW_CTX_TASK_ID='first_task' AIRFLOW_CTX_EXECUTION_DATE='2021-10-31T00:00:00+00:00' AIRFLOW_CTX_TRY_NUMBER='1' AIRFLOW_CTX_DAG_RUN_ID='scheduled__2021-10-31T00:00:00+00:00'
[2023-10-29T16:24:50.402+0000] {logging_mixin.py:151} INFO - Hello world!
[2023-10-29T16:24:50.406+0000] {python.py:194} INFO - Done. Returned value was: None
[2023-10-29T16:24:50.444+0000] {taskinstance.py:1400} INFO - Marking task as SUCCESS. dag_id=our_dag_with_python_operator_v5, task_id=first_task, execution_date=20211031T000000, start_date=20231029T162449, end_date=20231029T162450
[2023-10-29T16:24:50.531+0000] {local_task_job_runner.py:228} INFO - Task exited with return code 0
[2023-10-29T16:24:50.571+0000] {taskinstance.py:2778} INFO - 0 downstream tasks scheduled from follow-on schedule check
[2023-10-30T14:20:04.289+0000] {taskinstance.py:1159} INFO - Dependencies all met for dep_context=non-requeueable deps ti=<TaskInstance: our_dag_with_python_operator_v5.first_task scheduled__2021-10-31T00:00:00+00:00 [queued]>
[2023-10-30T14:20:04.355+0000] {taskinstance.py:1159} INFO - Dependencies all met for dep_context=requeueable deps ti=<TaskInstance: our_dag_with_python_operator_v5.first_task scheduled__2021-10-31T00:00:00+00:00 [queued]>
[2023-10-30T14:20:04.356+0000] {taskinstance.py:1361} INFO - Starting attempt 1 of 6
[2023-10-30T14:20:04.372+0000] {taskinstance.py:1382} INFO - Executing <Task(PythonOperator): first_task> on 2021-10-31 00:00:00+00:00
[2023-10-30T14:20:04.380+0000] {standard_task_runner.py:57} INFO - Started process 1170 to run task
[2023-10-30T14:20:04.418+0000] {standard_task_runner.py:84} INFO - Running: ['***', 'tasks', 'run', 'our_dag_with_python_operator_v5', 'first_task', 'scheduled__2021-10-31T00:00:00+00:00', '--job-id', '3802', '--raw', '--subdir', 'DAGS_FOLDER/create_dag_with_python_operator.py', '--cfg-path', '/tmp/tmpgd0gtoka']
[2023-10-30T14:20:04.439+0000] {standard_task_runner.py:85} INFO - Job 3802: Subtask first_task
[2023-10-30T14:20:04.542+0000] {task_command.py:416} INFO - Running <TaskInstance: our_dag_with_python_operator_v5.first_task scheduled__2021-10-31T00:00:00+00:00 [running]> on host 9bb87dc64328
[2023-10-30T14:20:04.776+0000] {taskinstance.py:1662} INFO - Exporting env vars: AIRFLOW_CTX_DAG_OWNER='coder3j' AIRFLOW_CTX_DAG_ID='our_dag_with_python_operator_v5' AIRFLOW_CTX_TASK_ID='first_task' AIRFLOW_CTX_EXECUTION_DATE='2021-10-31T00:00:00+00:00' AIRFLOW_CTX_TRY_NUMBER='1' AIRFLOW_CTX_DAG_RUN_ID='scheduled__2021-10-31T00:00:00+00:00'
[2023-10-30T14:20:04.819+0000] {logging_mixin.py:151} INFO - Hello world! name Jerry age: 23
[2023-10-30T14:20:04.822+0000] {python.py:194} INFO - Done. Returned value was: None
[2023-10-30T14:20:04.842+0000] {taskinstance.py:1400} INFO - Marking task as SUCCESS. dag_id=our_dag_with_python_operator_v5, task_id=first_task, execution_date=20211031T000000, start_date=20231030T142004, end_date=20231030T142004
[2023-10-30T14:20:04.887+0000] {local_task_job_runner.py:228} INFO - Task exited with return code 0
[2023-10-30T14:20:04.970+0000] {taskinstance.py:2778} INFO - 0 downstream tasks scheduled from follow-on schedule check
