[2023-10-29T16:24:37.299+0000] {taskinstance.py:1159} INFO - Dependencies all met for dep_context=non-requeueable deps ti=<TaskInstance: our_dag_with_python_operator_v5.first_task scheduled__2021-10-11T00:00:00+00:00 [queued]>
[2023-10-29T16:24:37.466+0000] {taskinstance.py:1159} INFO - Dependencies all met for dep_context=requeueable deps ti=<TaskInstance: our_dag_with_python_operator_v5.first_task scheduled__2021-10-11T00:00:00+00:00 [queued]>
[2023-10-29T16:24:37.469+0000] {taskinstance.py:1361} INFO - Starting attempt 1 of 6
[2023-10-29T16:24:37.658+0000] {taskinstance.py:1382} INFO - Executing <Task(PythonOperator): first_task> on 2021-10-11 00:00:00+00:00
[2023-10-29T16:24:37.797+0000] {standard_task_runner.py:57} INFO - Started process 9093 to run task
[2023-10-29T16:24:37.910+0000] {standard_task_runner.py:84} INFO - Running: ['***', 'tasks', 'run', 'our_dag_with_python_operator_v5', 'first_task', 'scheduled__2021-10-11T00:00:00+00:00', '--job-id', '2477', '--raw', '--subdir', 'DAGS_FOLDER/create_dag_with_python_operator.py', '--cfg-path', '/tmp/tmpwkd63fz4']
[2023-10-29T16:24:37.939+0000] {standard_task_runner.py:85} INFO - Job 2477: Subtask first_task
[2023-10-29T16:24:39.318+0000] {task_command.py:416} INFO - Running <TaskInstance: our_dag_with_python_operator_v5.first_task scheduled__2021-10-11T00:00:00+00:00 [running]> on host 9bb87dc64328
[2023-10-29T16:24:40.117+0000] {taskinstance.py:1662} INFO - Exporting env vars: AIRFLOW_CTX_DAG_OWNER='coder3j' AIRFLOW_CTX_DAG_ID='our_dag_with_python_operator_v5' AIRFLOW_CTX_TASK_ID='first_task' AIRFLOW_CTX_EXECUTION_DATE='2021-10-11T00:00:00+00:00' AIRFLOW_CTX_TRY_NUMBER='1' AIRFLOW_CTX_DAG_RUN_ID='scheduled__2021-10-11T00:00:00+00:00'
[2023-10-29T16:24:40.123+0000] {logging_mixin.py:151} INFO - Hello world!
[2023-10-29T16:24:40.125+0000] {python.py:194} INFO - Done. Returned value was: None
[2023-10-29T16:24:40.152+0000] {taskinstance.py:1400} INFO - Marking task as SUCCESS. dag_id=our_dag_with_python_operator_v5, task_id=first_task, execution_date=20211011T000000, start_date=20231029T162437, end_date=20231029T162440
[2023-10-29T16:24:40.323+0000] {local_task_job_runner.py:228} INFO - Task exited with return code 0
[2023-10-29T16:24:40.475+0000] {taskinstance.py:2778} INFO - 0 downstream tasks scheduled from follow-on schedule check
[2023-10-30T14:19:48.797+0000] {taskinstance.py:1159} INFO - Dependencies all met for dep_context=non-requeueable deps ti=<TaskInstance: our_dag_with_python_operator_v5.first_task scheduled__2021-10-11T00:00:00+00:00 [queued]>
[2023-10-30T14:19:48.814+0000] {taskinstance.py:1159} INFO - Dependencies all met for dep_context=requeueable deps ti=<TaskInstance: our_dag_with_python_operator_v5.first_task scheduled__2021-10-11T00:00:00+00:00 [queued]>
[2023-10-30T14:19:48.815+0000] {taskinstance.py:1361} INFO - Starting attempt 1 of 6
[2023-10-30T14:19:48.905+0000] {taskinstance.py:1382} INFO - Executing <Task(PythonOperator): first_task> on 2021-10-11 00:00:00+00:00
[2023-10-30T14:19:48.913+0000] {standard_task_runner.py:57} INFO - Started process 1091 to run task
[2023-10-30T14:19:48.918+0000] {standard_task_runner.py:84} INFO - Running: ['***', 'tasks', 'run', 'our_dag_with_python_operator_v5', 'first_task', 'scheduled__2021-10-11T00:00:00+00:00', '--job-id', '3763', '--raw', '--subdir', 'DAGS_FOLDER/create_dag_with_python_operator.py', '--cfg-path', '/tmp/tmpd4c42_ad']
[2023-10-30T14:19:48.934+0000] {standard_task_runner.py:85} INFO - Job 3763: Subtask first_task
[2023-10-30T14:19:49.042+0000] {task_command.py:416} INFO - Running <TaskInstance: our_dag_with_python_operator_v5.first_task scheduled__2021-10-11T00:00:00+00:00 [running]> on host 9bb87dc64328
[2023-10-30T14:19:49.150+0000] {taskinstance.py:1662} INFO - Exporting env vars: AIRFLOW_CTX_DAG_OWNER='coder3j' AIRFLOW_CTX_DAG_ID='our_dag_with_python_operator_v5' AIRFLOW_CTX_TASK_ID='first_task' AIRFLOW_CTX_EXECUTION_DATE='2021-10-11T00:00:00+00:00' AIRFLOW_CTX_TRY_NUMBER='1' AIRFLOW_CTX_DAG_RUN_ID='scheduled__2021-10-11T00:00:00+00:00'
[2023-10-30T14:19:49.232+0000] {logging_mixin.py:151} INFO - Hello world! name Jerry age: 23
[2023-10-30T14:19:49.258+0000] {python.py:194} INFO - Done. Returned value was: None
[2023-10-30T14:19:49.286+0000] {taskinstance.py:1400} INFO - Marking task as SUCCESS. dag_id=our_dag_with_python_operator_v5, task_id=first_task, execution_date=20211011T000000, start_date=20231030T141948, end_date=20231030T141949
[2023-10-30T14:19:49.336+0000] {local_task_job_runner.py:228} INFO - Task exited with return code 0
[2023-10-30T14:19:49.356+0000] {taskinstance.py:2778} INFO - 0 downstream tasks scheduled from follow-on schedule check
