[2023-10-29T16:24:41.009+0000] {taskinstance.py:1159} INFO - Dependencies all met for dep_context=non-requeueable deps ti=<TaskInstance: our_dag_with_python_operator_v5.first_task scheduled__2021-10-17T00:00:00+00:00 [queued]>
[2023-10-29T16:24:41.022+0000] {taskinstance.py:1159} INFO - Dependencies all met for dep_context=requeueable deps ti=<TaskInstance: our_dag_with_python_operator_v5.first_task scheduled__2021-10-17T00:00:00+00:00 [queued]>
[2023-10-29T16:24:41.023+0000] {taskinstance.py:1361} INFO - Starting attempt 1 of 6
[2023-10-29T16:24:41.052+0000] {taskinstance.py:1382} INFO - Executing <Task(PythonOperator): first_task> on 2021-10-17 00:00:00+00:00
[2023-10-29T16:24:41.064+0000] {standard_task_runner.py:57} INFO - Started process 9103 to run task
[2023-10-29T16:24:41.074+0000] {standard_task_runner.py:84} INFO - Running: ['***', 'tasks', 'run', 'our_dag_with_python_operator_v5', 'first_task', 'scheduled__2021-10-17T00:00:00+00:00', '--job-id', '2484', '--raw', '--subdir', 'DAGS_FOLDER/create_dag_with_python_operator.py', '--cfg-path', '/tmp/tmpf46f52uf']
[2023-10-29T16:24:41.079+0000] {standard_task_runner.py:85} INFO - Job 2484: Subtask first_task
[2023-10-29T16:24:41.192+0000] {task_command.py:416} INFO - Running <TaskInstance: our_dag_with_python_operator_v5.first_task scheduled__2021-10-17T00:00:00+00:00 [running]> on host 9bb87dc64328
[2023-10-29T16:24:41.330+0000] {taskinstance.py:1662} INFO - Exporting env vars: AIRFLOW_CTX_DAG_OWNER='coder3j' AIRFLOW_CTX_DAG_ID='our_dag_with_python_operator_v5' AIRFLOW_CTX_TASK_ID='first_task' AIRFLOW_CTX_EXECUTION_DATE='2021-10-17T00:00:00+00:00' AIRFLOW_CTX_TRY_NUMBER='1' AIRFLOW_CTX_DAG_RUN_ID='scheduled__2021-10-17T00:00:00+00:00'
[2023-10-29T16:24:41.333+0000] {logging_mixin.py:151} INFO - Hello world!
[2023-10-29T16:24:41.335+0000] {python.py:194} INFO - Done. Returned value was: None
[2023-10-29T16:24:41.351+0000] {taskinstance.py:1400} INFO - Marking task as SUCCESS. dag_id=our_dag_with_python_operator_v5, task_id=first_task, execution_date=20211017T000000, start_date=20231029T162441, end_date=20231029T162441
[2023-10-29T16:24:41.380+0000] {local_task_job_runner.py:228} INFO - Task exited with return code 0
[2023-10-29T16:24:41.411+0000] {taskinstance.py:2778} INFO - 0 downstream tasks scheduled from follow-on schedule check
[2023-10-30T14:19:53.755+0000] {taskinstance.py:1159} INFO - Dependencies all met for dep_context=non-requeueable deps ti=<TaskInstance: our_dag_with_python_operator_v5.first_task scheduled__2021-10-17T00:00:00+00:00 [queued]>
[2023-10-30T14:19:53.768+0000] {taskinstance.py:1159} INFO - Dependencies all met for dep_context=requeueable deps ti=<TaskInstance: our_dag_with_python_operator_v5.first_task scheduled__2021-10-17T00:00:00+00:00 [queued]>
[2023-10-30T14:19:53.769+0000] {taskinstance.py:1361} INFO - Starting attempt 1 of 6
[2023-10-30T14:19:53.818+0000] {taskinstance.py:1382} INFO - Executing <Task(PythonOperator): first_task> on 2021-10-17 00:00:00+00:00
[2023-10-30T14:19:53.837+0000] {standard_task_runner.py:57} INFO - Started process 1117 to run task
[2023-10-30T14:19:53.863+0000] {standard_task_runner.py:84} INFO - Running: ['***', 'tasks', 'run', 'our_dag_with_python_operator_v5', 'first_task', 'scheduled__2021-10-17T00:00:00+00:00', '--job-id', '3775', '--raw', '--subdir', 'DAGS_FOLDER/create_dag_with_python_operator.py', '--cfg-path', '/tmp/tmpc2sfbt0r']
[2023-10-30T14:19:53.880+0000] {standard_task_runner.py:85} INFO - Job 3775: Subtask first_task
[2023-10-30T14:19:53.980+0000] {task_command.py:416} INFO - Running <TaskInstance: our_dag_with_python_operator_v5.first_task scheduled__2021-10-17T00:00:00+00:00 [running]> on host 9bb87dc64328
[2023-10-30T14:19:54.230+0000] {taskinstance.py:1662} INFO - Exporting env vars: AIRFLOW_CTX_DAG_OWNER='coder3j' AIRFLOW_CTX_DAG_ID='our_dag_with_python_operator_v5' AIRFLOW_CTX_TASK_ID='first_task' AIRFLOW_CTX_EXECUTION_DATE='2021-10-17T00:00:00+00:00' AIRFLOW_CTX_TRY_NUMBER='1' AIRFLOW_CTX_DAG_RUN_ID='scheduled__2021-10-17T00:00:00+00:00'
[2023-10-30T14:19:54.269+0000] {logging_mixin.py:151} INFO - Hello world! name Jerry age: 23
[2023-10-30T14:19:54.272+0000] {python.py:194} INFO - Done. Returned value was: None
[2023-10-30T14:19:54.302+0000] {taskinstance.py:1400} INFO - Marking task as SUCCESS. dag_id=our_dag_with_python_operator_v5, task_id=first_task, execution_date=20211017T000000, start_date=20231030T141953, end_date=20231030T141954
[2023-10-30T14:19:54.391+0000] {local_task_job_runner.py:228} INFO - Task exited with return code 0
[2023-10-30T14:19:54.450+0000] {taskinstance.py:2778} INFO - 0 downstream tasks scheduled from follow-on schedule check
