[2023-10-29T16:25:06.730+0000] {taskinstance.py:1159} INFO - Dependencies all met for dep_context=non-requeueable deps ti=<TaskInstance: our_dag_with_python_operator_v5.first_task scheduled__2021-12-09T00:00:00+00:00 [queued]>
[2023-10-29T16:25:06.807+0000] {taskinstance.py:1159} INFO - Dependencies all met for dep_context=requeueable deps ti=<TaskInstance: our_dag_with_python_operator_v5.first_task scheduled__2021-12-09T00:00:00+00:00 [queued]>
[2023-10-29T16:25:06.813+0000] {taskinstance.py:1361} INFO - Starting attempt 1 of 6
[2023-10-29T16:25:07.005+0000] {taskinstance.py:1382} INFO - Executing <Task(PythonOperator): first_task> on 2021-12-09 00:00:00+00:00
[2023-10-29T16:25:07.077+0000] {standard_task_runner.py:57} INFO - Started process 9228 to run task
[2023-10-29T16:25:07.095+0000] {standard_task_runner.py:84} INFO - Running: ['***', 'tasks', 'run', 'our_dag_with_python_operator_v5', 'first_task', 'scheduled__2021-12-09T00:00:00+00:00', '--job-id', '2537', '--raw', '--subdir', 'DAGS_FOLDER/create_dag_with_python_operator.py', '--cfg-path', '/tmp/tmpbplca680']
[2023-10-29T16:25:07.171+0000] {standard_task_runner.py:85} INFO - Job 2537: Subtask first_task
[2023-10-29T16:25:07.617+0000] {task_command.py:416} INFO - Running <TaskInstance: our_dag_with_python_operator_v5.first_task scheduled__2021-12-09T00:00:00+00:00 [running]> on host 9bb87dc64328
[2023-10-29T16:25:07.842+0000] {taskinstance.py:1662} INFO - Exporting env vars: AIRFLOW_CTX_DAG_OWNER='coder3j' AIRFLOW_CTX_DAG_ID='our_dag_with_python_operator_v5' AIRFLOW_CTX_TASK_ID='first_task' AIRFLOW_CTX_EXECUTION_DATE='2021-12-09T00:00:00+00:00' AIRFLOW_CTX_TRY_NUMBER='1' AIRFLOW_CTX_DAG_RUN_ID='scheduled__2021-12-09T00:00:00+00:00'
[2023-10-29T16:25:07.848+0000] {logging_mixin.py:151} INFO - Hello world!
[2023-10-29T16:25:07.854+0000] {python.py:194} INFO - Done. Returned value was: None
[2023-10-29T16:25:07.917+0000] {taskinstance.py:1400} INFO - Marking task as SUCCESS. dag_id=our_dag_with_python_operator_v5, task_id=first_task, execution_date=20211209T000000, start_date=20231029T162506, end_date=20231029T162507
[2023-10-29T16:25:08.004+0000] {local_task_job_runner.py:228} INFO - Task exited with return code 0
[2023-10-29T16:25:08.164+0000] {taskinstance.py:2778} INFO - 0 downstream tasks scheduled from follow-on schedule check
[2023-10-30T14:20:29.803+0000] {taskinstance.py:1159} INFO - Dependencies all met for dep_context=non-requeueable deps ti=<TaskInstance: our_dag_with_python_operator_v5.first_task scheduled__2021-12-09T00:00:00+00:00 [queued]>
[2023-10-30T14:20:29.813+0000] {taskinstance.py:1159} INFO - Dependencies all met for dep_context=requeueable deps ti=<TaskInstance: our_dag_with_python_operator_v5.first_task scheduled__2021-12-09T00:00:00+00:00 [queued]>
[2023-10-30T14:20:29.814+0000] {taskinstance.py:1361} INFO - Starting attempt 1 of 6
[2023-10-30T14:20:29.835+0000] {taskinstance.py:1382} INFO - Executing <Task(PythonOperator): first_task> on 2021-12-09 00:00:00+00:00
[2023-10-30T14:20:29.840+0000] {standard_task_runner.py:57} INFO - Started process 1342 to run task
[2023-10-30T14:20:29.847+0000] {standard_task_runner.py:84} INFO - Running: ['***', 'tasks', 'run', 'our_dag_with_python_operator_v5', 'first_task', 'scheduled__2021-12-09T00:00:00+00:00', '--job-id', '3879', '--raw', '--subdir', 'DAGS_FOLDER/create_dag_with_python_operator.py', '--cfg-path', '/tmp/tmp4umncuum']
[2023-10-30T14:20:29.850+0000] {standard_task_runner.py:85} INFO - Job 3879: Subtask first_task
[2023-10-30T14:20:29.908+0000] {task_command.py:416} INFO - Running <TaskInstance: our_dag_with_python_operator_v5.first_task scheduled__2021-12-09T00:00:00+00:00 [running]> on host 9bb87dc64328
[2023-10-30T14:20:30.019+0000] {taskinstance.py:1662} INFO - Exporting env vars: AIRFLOW_CTX_DAG_OWNER='coder3j' AIRFLOW_CTX_DAG_ID='our_dag_with_python_operator_v5' AIRFLOW_CTX_TASK_ID='first_task' AIRFLOW_CTX_EXECUTION_DATE='2021-12-09T00:00:00+00:00' AIRFLOW_CTX_TRY_NUMBER='1' AIRFLOW_CTX_DAG_RUN_ID='scheduled__2021-12-09T00:00:00+00:00'
[2023-10-30T14:20:30.033+0000] {logging_mixin.py:151} INFO - Hello world! name Jerry age: 23
[2023-10-30T14:20:30.034+0000] {python.py:194} INFO - Done. Returned value was: None
[2023-10-30T14:20:30.047+0000] {taskinstance.py:1400} INFO - Marking task as SUCCESS. dag_id=our_dag_with_python_operator_v5, task_id=first_task, execution_date=20211209T000000, start_date=20231030T142029, end_date=20231030T142030
[2023-10-30T14:20:30.097+0000] {local_task_job_runner.py:228} INFO - Task exited with return code 0
[2023-10-30T14:20:30.111+0000] {taskinstance.py:2778} INFO - 0 downstream tasks scheduled from follow-on schedule check
