[2023-10-29T16:24:58.274+0000] {taskinstance.py:1159} INFO - Dependencies all met for dep_context=non-requeueable deps ti=<TaskInstance: our_dag_with_python_operator_v5.first_task scheduled__2021-11-23T00:00:00+00:00 [queued]>
[2023-10-29T16:24:58.288+0000] {taskinstance.py:1159} INFO - Dependencies all met for dep_context=requeueable deps ti=<TaskInstance: our_dag_with_python_operator_v5.first_task scheduled__2021-11-23T00:00:00+00:00 [queued]>
[2023-10-29T16:24:58.289+0000] {taskinstance.py:1361} INFO - Starting attempt 1 of 6
[2023-10-29T16:24:58.299+0000] {taskinstance.py:1382} INFO - Executing <Task(PythonOperator): first_task> on 2021-11-23 00:00:00+00:00
[2023-10-29T16:24:58.304+0000] {standard_task_runner.py:57} INFO - Started process 9187 to run task
[2023-10-29T16:24:58.310+0000] {standard_task_runner.py:84} INFO - Running: ['***', 'tasks', 'run', 'our_dag_with_python_operator_v5', 'first_task', 'scheduled__2021-11-23T00:00:00+00:00', '--job-id', '2521', '--raw', '--subdir', 'DAGS_FOLDER/create_dag_with_python_operator.py', '--cfg-path', '/tmp/tmpyxn1e_2p']
[2023-10-29T16:24:58.323+0000] {standard_task_runner.py:85} INFO - Job 2521: Subtask first_task
[2023-10-29T16:24:58.421+0000] {task_command.py:416} INFO - Running <TaskInstance: our_dag_with_python_operator_v5.first_task scheduled__2021-11-23T00:00:00+00:00 [running]> on host 9bb87dc64328
[2023-10-29T16:24:58.495+0000] {taskinstance.py:1662} INFO - Exporting env vars: AIRFLOW_CTX_DAG_OWNER='coder3j' AIRFLOW_CTX_DAG_ID='our_dag_with_python_operator_v5' AIRFLOW_CTX_TASK_ID='first_task' AIRFLOW_CTX_EXECUTION_DATE='2021-11-23T00:00:00+00:00' AIRFLOW_CTX_TRY_NUMBER='1' AIRFLOW_CTX_DAG_RUN_ID='scheduled__2021-11-23T00:00:00+00:00'
[2023-10-29T16:24:58.498+0000] {logging_mixin.py:151} INFO - Hello world!
[2023-10-29T16:24:58.499+0000] {python.py:194} INFO - Done. Returned value was: None
[2023-10-29T16:24:58.509+0000] {taskinstance.py:1400} INFO - Marking task as SUCCESS. dag_id=our_dag_with_python_operator_v5, task_id=first_task, execution_date=20211123T000000, start_date=20231029T162458, end_date=20231029T162458
[2023-10-29T16:24:58.535+0000] {local_task_job_runner.py:228} INFO - Task exited with return code 0
[2023-10-29T16:24:58.549+0000] {taskinstance.py:2778} INFO - 0 downstream tasks scheduled from follow-on schedule check
[2023-10-30T14:20:19.317+0000] {taskinstance.py:1159} INFO - Dependencies all met for dep_context=non-requeueable deps ti=<TaskInstance: our_dag_with_python_operator_v5.first_task scheduled__2021-11-23T00:00:00+00:00 [queued]>
[2023-10-30T14:20:19.323+0000] {taskinstance.py:1159} INFO - Dependencies all met for dep_context=requeueable deps ti=<TaskInstance: our_dag_with_python_operator_v5.first_task scheduled__2021-11-23T00:00:00+00:00 [queued]>
[2023-10-30T14:20:19.324+0000] {taskinstance.py:1361} INFO - Starting attempt 1 of 6
[2023-10-30T14:20:19.402+0000] {taskinstance.py:1382} INFO - Executing <Task(PythonOperator): first_task> on 2021-11-23 00:00:00+00:00
[2023-10-30T14:20:19.411+0000] {standard_task_runner.py:57} INFO - Started process 1274 to run task
[2023-10-30T14:20:19.425+0000] {standard_task_runner.py:84} INFO - Running: ['***', 'tasks', 'run', 'our_dag_with_python_operator_v5', 'first_task', 'scheduled__2021-11-23T00:00:00+00:00', '--job-id', '3846', '--raw', '--subdir', 'DAGS_FOLDER/create_dag_with_python_operator.py', '--cfg-path', '/tmp/tmpr75anxxn']
[2023-10-30T14:20:19.429+0000] {standard_task_runner.py:85} INFO - Job 3846: Subtask first_task
[2023-10-30T14:20:19.483+0000] {task_command.py:416} INFO - Running <TaskInstance: our_dag_with_python_operator_v5.first_task scheduled__2021-11-23T00:00:00+00:00 [running]> on host 9bb87dc64328
[2023-10-30T14:20:19.562+0000] {taskinstance.py:1662} INFO - Exporting env vars: AIRFLOW_CTX_DAG_OWNER='coder3j' AIRFLOW_CTX_DAG_ID='our_dag_with_python_operator_v5' AIRFLOW_CTX_TASK_ID='first_task' AIRFLOW_CTX_EXECUTION_DATE='2021-11-23T00:00:00+00:00' AIRFLOW_CTX_TRY_NUMBER='1' AIRFLOW_CTX_DAG_RUN_ID='scheduled__2021-11-23T00:00:00+00:00'
[2023-10-30T14:20:19.574+0000] {logging_mixin.py:151} INFO - Hello world! name Jerry age: 23
[2023-10-30T14:20:19.575+0000] {python.py:194} INFO - Done. Returned value was: None
[2023-10-30T14:20:19.584+0000] {taskinstance.py:1400} INFO - Marking task as SUCCESS. dag_id=our_dag_with_python_operator_v5, task_id=first_task, execution_date=20211123T000000, start_date=20231030T142019, end_date=20231030T142019
[2023-10-30T14:20:19.635+0000] {local_task_job_runner.py:228} INFO - Task exited with return code 0
[2023-10-30T14:20:19.651+0000] {taskinstance.py:2778} INFO - 0 downstream tasks scheduled from follow-on schedule check
