[2023-10-29T16:25:17.998+0000] {taskinstance.py:1159} INFO - Dependencies all met for dep_context=non-requeueable deps ti=<TaskInstance: our_dag_with_python_operator_v5.first_task scheduled__2021-12-28T00:00:00+00:00 [queued]>
[2023-10-29T16:25:18.013+0000] {taskinstance.py:1159} INFO - Dependencies all met for dep_context=requeueable deps ti=<TaskInstance: our_dag_with_python_operator_v5.first_task scheduled__2021-12-28T00:00:00+00:00 [queued]>
[2023-10-29T16:25:18.015+0000] {taskinstance.py:1361} INFO - Starting attempt 1 of 6
[2023-10-29T16:25:18.041+0000] {taskinstance.py:1382} INFO - Executing <Task(PythonOperator): first_task> on 2021-12-28 00:00:00+00:00
[2023-10-29T16:25:18.057+0000] {standard_task_runner.py:57} INFO - Started process 9278 to run task
[2023-10-29T16:25:18.104+0000] {standard_task_runner.py:84} INFO - Running: ['***', 'tasks', 'run', 'our_dag_with_python_operator_v5', 'first_task', 'scheduled__2021-12-28T00:00:00+00:00', '--job-id', '2556', '--raw', '--subdir', 'DAGS_FOLDER/create_dag_with_python_operator.py', '--cfg-path', '/tmp/tmpu29dufzg']
[2023-10-29T16:25:18.116+0000] {standard_task_runner.py:85} INFO - Job 2556: Subtask first_task
[2023-10-29T16:25:18.316+0000] {task_command.py:416} INFO - Running <TaskInstance: our_dag_with_python_operator_v5.first_task scheduled__2021-12-28T00:00:00+00:00 [running]> on host 9bb87dc64328
[2023-10-29T16:25:18.636+0000] {taskinstance.py:1662} INFO - Exporting env vars: AIRFLOW_CTX_DAG_OWNER='coder3j' AIRFLOW_CTX_DAG_ID='our_dag_with_python_operator_v5' AIRFLOW_CTX_TASK_ID='first_task' AIRFLOW_CTX_EXECUTION_DATE='2021-12-28T00:00:00+00:00' AIRFLOW_CTX_TRY_NUMBER='1' AIRFLOW_CTX_DAG_RUN_ID='scheduled__2021-12-28T00:00:00+00:00'
[2023-10-29T16:25:18.641+0000] {logging_mixin.py:151} INFO - Hello world!
[2023-10-29T16:25:18.642+0000] {python.py:194} INFO - Done. Returned value was: None
[2023-10-29T16:25:18.684+0000] {taskinstance.py:1400} INFO - Marking task as SUCCESS. dag_id=our_dag_with_python_operator_v5, task_id=first_task, execution_date=20211228T000000, start_date=20231029T162517, end_date=20231029T162518
[2023-10-29T16:25:18.768+0000] {local_task_job_runner.py:228} INFO - Task exited with return code 0
[2023-10-29T16:25:18.804+0000] {taskinstance.py:2778} INFO - 0 downstream tasks scheduled from follow-on schedule check
[2023-10-30T14:20:41.812+0000] {taskinstance.py:1159} INFO - Dependencies all met for dep_context=non-requeueable deps ti=<TaskInstance: our_dag_with_python_operator_v5.first_task scheduled__2021-12-28T00:00:00+00:00 [queued]>
[2023-10-30T14:20:41.841+0000] {taskinstance.py:1159} INFO - Dependencies all met for dep_context=requeueable deps ti=<TaskInstance: our_dag_with_python_operator_v5.first_task scheduled__2021-12-28T00:00:00+00:00 [queued]>
[2023-10-30T14:20:41.843+0000] {taskinstance.py:1361} INFO - Starting attempt 1 of 6
[2023-10-30T14:20:41.945+0000] {taskinstance.py:1382} INFO - Executing <Task(PythonOperator): first_task> on 2021-12-28 00:00:00+00:00
[2023-10-30T14:20:41.964+0000] {standard_task_runner.py:57} INFO - Started process 1430 to run task
[2023-10-30T14:20:41.987+0000] {standard_task_runner.py:84} INFO - Running: ['***', 'tasks', 'run', 'our_dag_with_python_operator_v5', 'first_task', 'scheduled__2021-12-28T00:00:00+00:00', '--job-id', '3919', '--raw', '--subdir', 'DAGS_FOLDER/create_dag_with_python_operator.py', '--cfg-path', '/tmp/tmpn3t2wtxt']
[2023-10-30T14:20:42.003+0000] {standard_task_runner.py:85} INFO - Job 3919: Subtask first_task
[2023-10-30T14:20:42.103+0000] {task_command.py:416} INFO - Running <TaskInstance: our_dag_with_python_operator_v5.first_task scheduled__2021-12-28T00:00:00+00:00 [running]> on host 9bb87dc64328
[2023-10-30T14:20:42.197+0000] {taskinstance.py:1662} INFO - Exporting env vars: AIRFLOW_CTX_DAG_OWNER='coder3j' AIRFLOW_CTX_DAG_ID='our_dag_with_python_operator_v5' AIRFLOW_CTX_TASK_ID='first_task' AIRFLOW_CTX_EXECUTION_DATE='2021-12-28T00:00:00+00:00' AIRFLOW_CTX_TRY_NUMBER='1' AIRFLOW_CTX_DAG_RUN_ID='scheduled__2021-12-28T00:00:00+00:00'
[2023-10-30T14:20:42.209+0000] {logging_mixin.py:151} INFO - Hello world! name Jerry age: 23
[2023-10-30T14:20:42.210+0000] {python.py:194} INFO - Done. Returned value was: None
[2023-10-30T14:20:42.234+0000] {taskinstance.py:1400} INFO - Marking task as SUCCESS. dag_id=our_dag_with_python_operator_v5, task_id=first_task, execution_date=20211228T000000, start_date=20231030T142041, end_date=20231030T142042
[2023-10-30T14:20:42.293+0000] {local_task_job_runner.py:228} INFO - Task exited with return code 0
[2023-10-30T14:20:42.384+0000] {taskinstance.py:2778} INFO - 0 downstream tasks scheduled from follow-on schedule check
