[2023-10-29T12:48:42.137+0100] {processor.py:157} INFO - Started process (PID=75782) to work on /Users/aymanehinane/Desktop/Airflow/py_env/lib/python3.11/site-packages/airflow/example_dags/example_time_delta_sensor_async.py
[2023-10-29T12:48:42.138+0100] {processor.py:829} INFO - Processing file /Users/aymanehinane/Desktop/Airflow/py_env/lib/python3.11/site-packages/airflow/example_dags/example_time_delta_sensor_async.py for tasks to queue
[2023-10-29T12:48:42.138+0100] {logging_mixin.py:151} INFO - [2023-10-29T12:48:42.138+0100] {dagbag.py:539} INFO - Filling up the DagBag from /Users/aymanehinane/Desktop/Airflow/py_env/lib/python3.11/site-packages/airflow/example_dags/example_time_delta_sensor_async.py
[2023-10-29T12:48:42.148+0100] {processor.py:839} INFO - DAG(s) dict_keys(['example_time_delta_sensor_async']) retrieved from /Users/aymanehinane/Desktop/Airflow/py_env/lib/python3.11/site-packages/airflow/example_dags/example_time_delta_sensor_async.py
[2023-10-29T12:48:42.433+0100] {logging_mixin.py:151} INFO - [2023-10-29T12:48:42.433+0100] {manager.py:499} INFO - Created Permission View: %s
[2023-10-29T12:48:42.436+0100] {logging_mixin.py:151} INFO - [2023-10-29T12:48:42.436+0100] {manager.py:499} INFO - Created Permission View: %s
[2023-10-29T12:48:42.438+0100] {logging_mixin.py:151} INFO - [2023-10-29T12:48:42.438+0100] {manager.py:499} INFO - Created Permission View: %s
[2023-10-29T12:48:42.438+0100] {logging_mixin.py:151} INFO - [2023-10-29T12:48:42.438+0100] {security.py:708} INFO - Not syncing DAG-level permissions for DAG 'DAG:example_time_delta_sensor_async' as access control is unset.
[2023-10-29T12:48:42.438+0100] {logging_mixin.py:151} INFO - [2023-10-29T12:48:42.438+0100] {dag.py:2915} INFO - Sync 1 DAGs
[2023-10-29T12:48:42.442+0100] {logging_mixin.py:151} INFO - [2023-10-29T12:48:42.442+0100] {dag.py:2937} INFO - Creating ORM DAG for example_time_delta_sensor_async
[2023-10-29T12:48:42.442+0100] {logging_mixin.py:151} INFO - [2023-10-29T12:48:42.442+0100] {dag.py:3696} INFO - Setting next_dagrun for example_time_delta_sensor_async to None, run_after=None
[2023-10-29T12:48:42.449+0100] {processor.py:179} INFO - Processing /Users/aymanehinane/Desktop/Airflow/py_env/lib/python3.11/site-packages/airflow/example_dags/example_time_delta_sensor_async.py took 0.312 seconds
[2023-10-29T12:50:06.265+0100] {processor.py:157} INFO - Started process (PID=75937) to work on /Users/aymanehinane/Desktop/Airflow/py_env/lib/python3.11/site-packages/airflow/example_dags/example_time_delta_sensor_async.py
[2023-10-29T12:50:06.266+0100] {processor.py:829} INFO - Processing file /Users/aymanehinane/Desktop/Airflow/py_env/lib/python3.11/site-packages/airflow/example_dags/example_time_delta_sensor_async.py for tasks to queue
[2023-10-29T12:50:06.266+0100] {logging_mixin.py:151} INFO - [2023-10-29T12:50:06.266+0100] {dagbag.py:539} INFO - Filling up the DagBag from /Users/aymanehinane/Desktop/Airflow/py_env/lib/python3.11/site-packages/airflow/example_dags/example_time_delta_sensor_async.py
[2023-10-29T12:50:06.280+0100] {processor.py:839} INFO - DAG(s) dict_keys(['example_time_delta_sensor_async']) retrieved from /Users/aymanehinane/Desktop/Airflow/py_env/lib/python3.11/site-packages/airflow/example_dags/example_time_delta_sensor_async.py
[2023-10-29T12:50:06.350+0100] {logging_mixin.py:151} INFO - [2023-10-29T12:50:06.350+0100] {dag.py:2915} INFO - Sync 1 DAGs
[2023-10-29T12:50:06.354+0100] {logging_mixin.py:151} INFO - [2023-10-29T12:50:06.354+0100] {dag.py:3696} INFO - Setting next_dagrun for example_time_delta_sensor_async to None, run_after=None
[2023-10-29T12:50:06.363+0100] {processor.py:179} INFO - Processing /Users/aymanehinane/Desktop/Airflow/py_env/lib/python3.11/site-packages/airflow/example_dags/example_time_delta_sensor_async.py took 0.098 seconds
[2023-10-29T12:51:01.767+0100] {processor.py:157} INFO - Started process (PID=76050) to work on /Users/aymanehinane/Desktop/Airflow/py_env/lib/python3.11/site-packages/airflow/example_dags/example_time_delta_sensor_async.py
[2023-10-29T12:51:01.768+0100] {processor.py:829} INFO - Processing file /Users/aymanehinane/Desktop/Airflow/py_env/lib/python3.11/site-packages/airflow/example_dags/example_time_delta_sensor_async.py for tasks to queue
[2023-10-29T12:51:01.769+0100] {logging_mixin.py:151} INFO - [2023-10-29T12:51:01.769+0100] {dagbag.py:539} INFO - Filling up the DagBag from /Users/aymanehinane/Desktop/Airflow/py_env/lib/python3.11/site-packages/airflow/example_dags/example_time_delta_sensor_async.py
[2023-10-29T12:51:01.783+0100] {processor.py:839} INFO - DAG(s) dict_keys(['example_time_delta_sensor_async']) retrieved from /Users/aymanehinane/Desktop/Airflow/py_env/lib/python3.11/site-packages/airflow/example_dags/example_time_delta_sensor_async.py
[2023-10-29T12:51:01.849+0100] {logging_mixin.py:151} INFO - [2023-10-29T12:51:01.848+0100] {dag.py:2915} INFO - Sync 1 DAGs
[2023-10-29T12:51:01.852+0100] {logging_mixin.py:151} INFO - [2023-10-29T12:51:01.852+0100] {dag.py:3696} INFO - Setting next_dagrun for example_time_delta_sensor_async to None, run_after=None
[2023-10-29T12:51:01.859+0100] {processor.py:179} INFO - Processing /Users/aymanehinane/Desktop/Airflow/py_env/lib/python3.11/site-packages/airflow/example_dags/example_time_delta_sensor_async.py took 0.093 seconds
[2023-10-29T12:51:51.561+0100] {processor.py:157} INFO - Started process (PID=76128) to work on /Users/aymanehinane/Desktop/Airflow/py_env/lib/python3.11/site-packages/airflow/example_dags/example_time_delta_sensor_async.py
[2023-10-29T12:51:51.562+0100] {processor.py:829} INFO - Processing file /Users/aymanehinane/Desktop/Airflow/py_env/lib/python3.11/site-packages/airflow/example_dags/example_time_delta_sensor_async.py for tasks to queue
[2023-10-29T12:51:51.562+0100] {logging_mixin.py:151} INFO - [2023-10-29T12:51:51.562+0100] {dagbag.py:539} INFO - Filling up the DagBag from /Users/aymanehinane/Desktop/Airflow/py_env/lib/python3.11/site-packages/airflow/example_dags/example_time_delta_sensor_async.py
[2023-10-29T12:51:51.572+0100] {processor.py:839} INFO - DAG(s) dict_keys(['example_time_delta_sensor_async']) retrieved from /Users/aymanehinane/Desktop/Airflow/py_env/lib/python3.11/site-packages/airflow/example_dags/example_time_delta_sensor_async.py
[2023-10-29T12:51:51.633+0100] {logging_mixin.py:151} INFO - [2023-10-29T12:51:51.632+0100] {dag.py:2915} INFO - Sync 1 DAGs
[2023-10-29T12:51:51.636+0100] {logging_mixin.py:151} INFO - [2023-10-29T12:51:51.636+0100] {dag.py:3696} INFO - Setting next_dagrun for example_time_delta_sensor_async to None, run_after=None
[2023-10-29T12:51:51.643+0100] {processor.py:179} INFO - Processing /Users/aymanehinane/Desktop/Airflow/py_env/lib/python3.11/site-packages/airflow/example_dags/example_time_delta_sensor_async.py took 0.082 seconds
[2023-10-29T12:53:16.702+0100] {processor.py:157} INFO - Started process (PID=76265) to work on /Users/aymanehinane/Desktop/Airflow/py_env/lib/python3.11/site-packages/airflow/example_dags/example_time_delta_sensor_async.py
[2023-10-29T12:53:16.702+0100] {processor.py:829} INFO - Processing file /Users/aymanehinane/Desktop/Airflow/py_env/lib/python3.11/site-packages/airflow/example_dags/example_time_delta_sensor_async.py for tasks to queue
[2023-10-29T12:53:16.702+0100] {logging_mixin.py:151} INFO - [2023-10-29T12:53:16.702+0100] {dagbag.py:539} INFO - Filling up the DagBag from /Users/aymanehinane/Desktop/Airflow/py_env/lib/python3.11/site-packages/airflow/example_dags/example_time_delta_sensor_async.py
[2023-10-29T12:53:16.712+0100] {processor.py:839} INFO - DAG(s) dict_keys(['example_time_delta_sensor_async']) retrieved from /Users/aymanehinane/Desktop/Airflow/py_env/lib/python3.11/site-packages/airflow/example_dags/example_time_delta_sensor_async.py
[2023-10-29T12:53:16.772+0100] {logging_mixin.py:151} INFO - [2023-10-29T12:53:16.772+0100] {dag.py:2915} INFO - Sync 1 DAGs
[2023-10-29T12:53:16.775+0100] {logging_mixin.py:151} INFO - [2023-10-29T12:53:16.775+0100] {dag.py:3696} INFO - Setting next_dagrun for example_time_delta_sensor_async to None, run_after=None
[2023-10-29T12:53:16.782+0100] {processor.py:179} INFO - Processing /Users/aymanehinane/Desktop/Airflow/py_env/lib/python3.11/site-packages/airflow/example_dags/example_time_delta_sensor_async.py took 0.080 seconds
[2023-10-29T12:54:37.479+0100] {processor.py:157} INFO - Started process (PID=76390) to work on /Users/aymanehinane/Desktop/Airflow/py_env/lib/python3.11/site-packages/airflow/example_dags/example_time_delta_sensor_async.py
[2023-10-29T12:54:37.480+0100] {processor.py:829} INFO - Processing file /Users/aymanehinane/Desktop/Airflow/py_env/lib/python3.11/site-packages/airflow/example_dags/example_time_delta_sensor_async.py for tasks to queue
[2023-10-29T12:54:37.480+0100] {logging_mixin.py:151} INFO - [2023-10-29T12:54:37.480+0100] {dagbag.py:539} INFO - Filling up the DagBag from /Users/aymanehinane/Desktop/Airflow/py_env/lib/python3.11/site-packages/airflow/example_dags/example_time_delta_sensor_async.py
[2023-10-29T12:54:37.491+0100] {processor.py:839} INFO - DAG(s) dict_keys(['example_time_delta_sensor_async']) retrieved from /Users/aymanehinane/Desktop/Airflow/py_env/lib/python3.11/site-packages/airflow/example_dags/example_time_delta_sensor_async.py
[2023-10-29T12:54:37.551+0100] {logging_mixin.py:151} INFO - [2023-10-29T12:54:37.551+0100] {dag.py:2915} INFO - Sync 1 DAGs
[2023-10-29T12:54:37.554+0100] {logging_mixin.py:151} INFO - [2023-10-29T12:54:37.554+0100] {dag.py:3696} INFO - Setting next_dagrun for example_time_delta_sensor_async to None, run_after=None
[2023-10-29T12:54:37.561+0100] {processor.py:179} INFO - Processing /Users/aymanehinane/Desktop/Airflow/py_env/lib/python3.11/site-packages/airflow/example_dags/example_time_delta_sensor_async.py took 0.083 seconds
[2023-10-29T12:55:57.859+0100] {processor.py:157} INFO - Started process (PID=76514) to work on /Users/aymanehinane/Desktop/Airflow/py_env/lib/python3.11/site-packages/airflow/example_dags/example_time_delta_sensor_async.py
[2023-10-29T12:55:57.860+0100] {processor.py:829} INFO - Processing file /Users/aymanehinane/Desktop/Airflow/py_env/lib/python3.11/site-packages/airflow/example_dags/example_time_delta_sensor_async.py for tasks to queue
[2023-10-29T12:55:57.860+0100] {logging_mixin.py:151} INFO - [2023-10-29T12:55:57.860+0100] {dagbag.py:539} INFO - Filling up the DagBag from /Users/aymanehinane/Desktop/Airflow/py_env/lib/python3.11/site-packages/airflow/example_dags/example_time_delta_sensor_async.py
[2023-10-29T12:55:57.872+0100] {processor.py:839} INFO - DAG(s) dict_keys(['example_time_delta_sensor_async']) retrieved from /Users/aymanehinane/Desktop/Airflow/py_env/lib/python3.11/site-packages/airflow/example_dags/example_time_delta_sensor_async.py
[2023-10-29T12:55:57.939+0100] {logging_mixin.py:151} INFO - [2023-10-29T12:55:57.939+0100] {dag.py:2915} INFO - Sync 1 DAGs
[2023-10-29T12:55:57.942+0100] {logging_mixin.py:151} INFO - [2023-10-29T12:55:57.942+0100] {dag.py:3696} INFO - Setting next_dagrun for example_time_delta_sensor_async to None, run_after=None
[2023-10-29T12:55:57.948+0100] {processor.py:179} INFO - Processing /Users/aymanehinane/Desktop/Airflow/py_env/lib/python3.11/site-packages/airflow/example_dags/example_time_delta_sensor_async.py took 0.090 seconds
[2023-10-29T12:57:19.328+0100] {processor.py:157} INFO - Started process (PID=76675) to work on /Users/aymanehinane/Desktop/Airflow/py_env/lib/python3.11/site-packages/airflow/example_dags/example_time_delta_sensor_async.py
[2023-10-29T12:57:19.329+0100] {processor.py:829} INFO - Processing file /Users/aymanehinane/Desktop/Airflow/py_env/lib/python3.11/site-packages/airflow/example_dags/example_time_delta_sensor_async.py for tasks to queue
[2023-10-29T12:57:19.329+0100] {logging_mixin.py:151} INFO - [2023-10-29T12:57:19.329+0100] {dagbag.py:539} INFO - Filling up the DagBag from /Users/aymanehinane/Desktop/Airflow/py_env/lib/python3.11/site-packages/airflow/example_dags/example_time_delta_sensor_async.py
[2023-10-29T12:57:19.339+0100] {processor.py:839} INFO - DAG(s) dict_keys(['example_time_delta_sensor_async']) retrieved from /Users/aymanehinane/Desktop/Airflow/py_env/lib/python3.11/site-packages/airflow/example_dags/example_time_delta_sensor_async.py
[2023-10-29T12:57:19.410+0100] {logging_mixin.py:151} INFO - [2023-10-29T12:57:19.410+0100] {dag.py:2915} INFO - Sync 1 DAGs
[2023-10-29T12:57:19.413+0100] {logging_mixin.py:151} INFO - [2023-10-29T12:57:19.413+0100] {dag.py:3696} INFO - Setting next_dagrun for example_time_delta_sensor_async to None, run_after=None
[2023-10-29T12:57:19.421+0100] {processor.py:179} INFO - Processing /Users/aymanehinane/Desktop/Airflow/py_env/lib/python3.11/site-packages/airflow/example_dags/example_time_delta_sensor_async.py took 0.093 seconds
[2023-10-29T12:58:38.580+0100] {processor.py:157} INFO - Started process (PID=76834) to work on /Users/aymanehinane/Desktop/Airflow/py_env/lib/python3.11/site-packages/airflow/example_dags/example_time_delta_sensor_async.py
[2023-10-29T12:58:38.581+0100] {processor.py:829} INFO - Processing file /Users/aymanehinane/Desktop/Airflow/py_env/lib/python3.11/site-packages/airflow/example_dags/example_time_delta_sensor_async.py for tasks to queue
[2023-10-29T12:58:38.582+0100] {logging_mixin.py:151} INFO - [2023-10-29T12:58:38.581+0100] {dagbag.py:539} INFO - Filling up the DagBag from /Users/aymanehinane/Desktop/Airflow/py_env/lib/python3.11/site-packages/airflow/example_dags/example_time_delta_sensor_async.py
[2023-10-29T12:58:38.594+0100] {processor.py:839} INFO - DAG(s) dict_keys(['example_time_delta_sensor_async']) retrieved from /Users/aymanehinane/Desktop/Airflow/py_env/lib/python3.11/site-packages/airflow/example_dags/example_time_delta_sensor_async.py
[2023-10-29T12:58:38.656+0100] {logging_mixin.py:151} INFO - [2023-10-29T12:58:38.656+0100] {dag.py:2915} INFO - Sync 1 DAGs
[2023-10-29T12:58:38.659+0100] {logging_mixin.py:151} INFO - [2023-10-29T12:58:38.659+0100] {dag.py:3696} INFO - Setting next_dagrun for example_time_delta_sensor_async to None, run_after=None
[2023-10-29T12:58:38.665+0100] {processor.py:179} INFO - Processing /Users/aymanehinane/Desktop/Airflow/py_env/lib/python3.11/site-packages/airflow/example_dags/example_time_delta_sensor_async.py took 0.086 seconds
