[2023-10-29T12:49:28.730+0100] {processor.py:157} INFO - Started process (PID=75852) to work on /Users/aymanehinane/Desktop/Airflow/py_env/lib/python3.11/site-packages/airflow/example_dags/example_datasets.py
[2023-10-29T12:49:28.730+0100] {processor.py:829} INFO - Processing file /Users/aymanehinane/Desktop/Airflow/py_env/lib/python3.11/site-packages/airflow/example_dags/example_datasets.py for tasks to queue
[2023-10-29T12:49:28.731+0100] {logging_mixin.py:151} INFO - [2023-10-29T12:49:28.731+0100] {dagbag.py:539} INFO - Filling up the DagBag from /Users/aymanehinane/Desktop/Airflow/py_env/lib/python3.11/site-packages/airflow/example_dags/example_datasets.py
[2023-10-29T12:49:28.749+0100] {processor.py:839} INFO - DAG(s) dict_keys(['dataset_produces_1', 'dataset_consumes_unknown_never_scheduled', 'dataset_consumes_1_never_scheduled', 'dataset_consumes_1_and_2', 'dataset_consumes_1', 'dataset_produces_2']) retrieved from /Users/aymanehinane/Desktop/Airflow/py_env/lib/python3.11/site-packages/airflow/example_dags/example_datasets.py
[2023-10-29T12:49:29.192+0100] {logging_mixin.py:151} INFO - [2023-10-29T12:49:29.192+0100] {manager.py:499} INFO - Created Permission View: %s
[2023-10-29T12:49:29.196+0100] {logging_mixin.py:151} INFO - [2023-10-29T12:49:29.196+0100] {manager.py:499} INFO - Created Permission View: %s
[2023-10-29T12:49:29.199+0100] {logging_mixin.py:151} INFO - [2023-10-29T12:49:29.199+0100] {manager.py:499} INFO - Created Permission View: %s
[2023-10-29T12:49:29.199+0100] {logging_mixin.py:151} INFO - [2023-10-29T12:49:29.199+0100] {security.py:708} INFO - Not syncing DAG-level permissions for DAG 'DAG:dataset_produces_1' as access control is unset.
[2023-10-29T12:49:29.206+0100] {logging_mixin.py:151} INFO - [2023-10-29T12:49:29.206+0100] {manager.py:499} INFO - Created Permission View: %s
[2023-10-29T12:49:29.209+0100] {logging_mixin.py:151} INFO - [2023-10-29T12:49:29.209+0100] {manager.py:499} INFO - Created Permission View: %s
[2023-10-29T12:49:29.221+0100] {logging_mixin.py:151} INFO - [2023-10-29T12:49:29.221+0100] {manager.py:499} INFO - Created Permission View: %s
[2023-10-29T12:49:29.221+0100] {logging_mixin.py:151} INFO - [2023-10-29T12:49:29.221+0100] {security.py:708} INFO - Not syncing DAG-level permissions for DAG 'DAG:dataset_consumes_unknown_never_scheduled' as access control is unset.
[2023-10-29T12:49:29.229+0100] {logging_mixin.py:151} INFO - [2023-10-29T12:49:29.228+0100] {manager.py:499} INFO - Created Permission View: %s
[2023-10-29T12:49:29.234+0100] {logging_mixin.py:151} INFO - [2023-10-29T12:49:29.234+0100] {manager.py:499} INFO - Created Permission View: %s
[2023-10-29T12:49:29.238+0100] {logging_mixin.py:151} INFO - [2023-10-29T12:49:29.238+0100] {manager.py:499} INFO - Created Permission View: %s
[2023-10-29T12:49:29.238+0100] {logging_mixin.py:151} INFO - [2023-10-29T12:49:29.238+0100] {security.py:708} INFO - Not syncing DAG-level permissions for DAG 'DAG:dataset_consumes_1_never_scheduled' as access control is unset.
[2023-10-29T12:49:29.243+0100] {logging_mixin.py:151} INFO - [2023-10-29T12:49:29.243+0100] {manager.py:499} INFO - Created Permission View: %s
[2023-10-29T12:49:29.245+0100] {logging_mixin.py:151} INFO - [2023-10-29T12:49:29.245+0100] {manager.py:499} INFO - Created Permission View: %s
[2023-10-29T12:49:29.247+0100] {logging_mixin.py:151} INFO - [2023-10-29T12:49:29.247+0100] {manager.py:499} INFO - Created Permission View: %s
[2023-10-29T12:49:29.247+0100] {logging_mixin.py:151} INFO - [2023-10-29T12:49:29.247+0100] {security.py:708} INFO - Not syncing DAG-level permissions for DAG 'DAG:dataset_consumes_1_and_2' as access control is unset.
[2023-10-29T12:49:29.252+0100] {logging_mixin.py:151} INFO - [2023-10-29T12:49:29.252+0100] {manager.py:499} INFO - Created Permission View: %s
[2023-10-29T12:49:29.255+0100] {logging_mixin.py:151} INFO - [2023-10-29T12:49:29.255+0100] {manager.py:499} INFO - Created Permission View: %s
[2023-10-29T12:49:29.257+0100] {logging_mixin.py:151} INFO - [2023-10-29T12:49:29.257+0100] {manager.py:499} INFO - Created Permission View: %s
[2023-10-29T12:49:29.257+0100] {logging_mixin.py:151} INFO - [2023-10-29T12:49:29.257+0100] {security.py:708} INFO - Not syncing DAG-level permissions for DAG 'DAG:dataset_consumes_1' as access control is unset.
[2023-10-29T12:49:29.260+0100] {logging_mixin.py:151} INFO - [2023-10-29T12:49:29.260+0100] {manager.py:499} INFO - Created Permission View: %s
[2023-10-29T12:49:29.262+0100] {logging_mixin.py:151} INFO - [2023-10-29T12:49:29.262+0100] {manager.py:499} INFO - Created Permission View: %s
[2023-10-29T12:49:29.264+0100] {logging_mixin.py:151} INFO - [2023-10-29T12:49:29.264+0100] {manager.py:499} INFO - Created Permission View: %s
[2023-10-29T12:49:29.264+0100] {logging_mixin.py:151} INFO - [2023-10-29T12:49:29.264+0100] {security.py:708} INFO - Not syncing DAG-level permissions for DAG 'DAG:dataset_produces_2' as access control is unset.
[2023-10-29T12:49:29.264+0100] {logging_mixin.py:151} INFO - [2023-10-29T12:49:29.264+0100] {dag.py:2915} INFO - Sync 6 DAGs
[2023-10-29T12:49:29.267+0100] {logging_mixin.py:151} INFO - [2023-10-29T12:49:29.267+0100] {dag.py:2937} INFO - Creating ORM DAG for dataset_produces_2
[2023-10-29T12:49:29.268+0100] {logging_mixin.py:151} INFO - [2023-10-29T12:49:29.268+0100] {dag.py:2937} INFO - Creating ORM DAG for dataset_consumes_1_and_2
[2023-10-29T12:49:29.268+0100] {logging_mixin.py:151} INFO - [2023-10-29T12:49:29.268+0100] {dag.py:2937} INFO - Creating ORM DAG for dataset_consumes_1_never_scheduled
[2023-10-29T12:49:29.268+0100] {logging_mixin.py:151} INFO - [2023-10-29T12:49:29.268+0100] {dag.py:2937} INFO - Creating ORM DAG for dataset_consumes_unknown_never_scheduled
[2023-10-29T12:49:29.268+0100] {logging_mixin.py:151} INFO - [2023-10-29T12:49:29.268+0100] {dag.py:2937} INFO - Creating ORM DAG for dataset_consumes_1
[2023-10-29T12:49:29.268+0100] {logging_mixin.py:151} INFO - [2023-10-29T12:49:29.268+0100] {dag.py:2937} INFO - Creating ORM DAG for dataset_produces_1
[2023-10-29T12:49:29.271+0100] {logging_mixin.py:151} INFO - [2023-10-29T12:49:29.271+0100] {dag.py:3696} INFO - Setting next_dagrun for dataset_consumes_1 to None, run_after=None
[2023-10-29T12:49:29.271+0100] {logging_mixin.py:151} INFO - [2023-10-29T12:49:29.271+0100] {dag.py:3696} INFO - Setting next_dagrun for dataset_consumes_1_and_2 to None, run_after=None
[2023-10-29T12:49:29.271+0100] {logging_mixin.py:151} INFO - [2023-10-29T12:49:29.271+0100] {dag.py:3696} INFO - Setting next_dagrun for dataset_consumes_1_never_scheduled to None, run_after=None
[2023-10-29T12:49:29.272+0100] {logging_mixin.py:151} INFO - [2023-10-29T12:49:29.272+0100] {dag.py:3696} INFO - Setting next_dagrun for dataset_consumes_unknown_never_scheduled to None, run_after=None
[2023-10-29T12:49:29.272+0100] {logging_mixin.py:151} INFO - [2023-10-29T12:49:29.272+0100] {dag.py:3696} INFO - Setting next_dagrun for dataset_produces_1 to 2023-10-28T00:00:00+00:00, run_after=2023-10-29T00:00:00+00:00
[2023-10-29T12:49:29.272+0100] {logging_mixin.py:151} INFO - [2023-10-29T12:49:29.272+0100] {dag.py:3696} INFO - Setting next_dagrun for dataset_produces_2 to None, run_after=None
[2023-10-29T12:49:29.282+0100] {processor.py:179} INFO - Processing /Users/aymanehinane/Desktop/Airflow/py_env/lib/python3.11/site-packages/airflow/example_dags/example_datasets.py took 0.552 seconds
[2023-10-29T12:51:17.891+0100] {processor.py:157} INFO - Started process (PID=76073) to work on /Users/aymanehinane/Desktop/Airflow/py_env/lib/python3.11/site-packages/airflow/example_dags/example_datasets.py
[2023-10-29T12:51:17.893+0100] {processor.py:829} INFO - Processing file /Users/aymanehinane/Desktop/Airflow/py_env/lib/python3.11/site-packages/airflow/example_dags/example_datasets.py for tasks to queue
[2023-10-29T12:51:17.893+0100] {logging_mixin.py:151} INFO - [2023-10-29T12:51:17.893+0100] {dagbag.py:539} INFO - Filling up the DagBag from /Users/aymanehinane/Desktop/Airflow/py_env/lib/python3.11/site-packages/airflow/example_dags/example_datasets.py
[2023-10-29T12:51:17.907+0100] {processor.py:839} INFO - DAG(s) dict_keys(['dataset_consumes_1_never_scheduled', 'dataset_consumes_unknown_never_scheduled', 'dataset_consumes_1_and_2', 'dataset_consumes_1', 'dataset_produces_1', 'dataset_produces_2']) retrieved from /Users/aymanehinane/Desktop/Airflow/py_env/lib/python3.11/site-packages/airflow/example_dags/example_datasets.py
[2023-10-29T12:51:17.984+0100] {logging_mixin.py:151} INFO - [2023-10-29T12:51:17.984+0100] {dag.py:2915} INFO - Sync 6 DAGs
[2023-10-29T12:51:17.990+0100] {logging_mixin.py:151} INFO - [2023-10-29T12:51:17.990+0100] {dag.py:3696} INFO - Setting next_dagrun for dataset_consumes_1 to None, run_after=None
[2023-10-29T12:51:17.991+0100] {logging_mixin.py:151} INFO - [2023-10-29T12:51:17.991+0100] {dag.py:3696} INFO - Setting next_dagrun for dataset_consumes_1_and_2 to None, run_after=None
[2023-10-29T12:51:17.991+0100] {logging_mixin.py:151} INFO - [2023-10-29T12:51:17.991+0100] {dag.py:3696} INFO - Setting next_dagrun for dataset_consumes_1_never_scheduled to None, run_after=None
[2023-10-29T12:51:17.991+0100] {logging_mixin.py:151} INFO - [2023-10-29T12:51:17.991+0100] {dag.py:3696} INFO - Setting next_dagrun for dataset_consumes_unknown_never_scheduled to None, run_after=None
[2023-10-29T12:51:17.992+0100] {logging_mixin.py:151} INFO - [2023-10-29T12:51:17.992+0100] {dag.py:3696} INFO - Setting next_dagrun for dataset_produces_1 to 2023-10-28T00:00:00+00:00, run_after=2023-10-29T00:00:00+00:00
[2023-10-29T12:51:17.992+0100] {logging_mixin.py:151} INFO - [2023-10-29T12:51:17.992+0100] {dag.py:3696} INFO - Setting next_dagrun for dataset_produces_2 to None, run_after=None
[2023-10-29T12:51:18.004+0100] {processor.py:179} INFO - Processing /Users/aymanehinane/Desktop/Airflow/py_env/lib/python3.11/site-packages/airflow/example_dags/example_datasets.py took 0.113 seconds
[2023-10-29T12:52:45.256+0100] {processor.py:157} INFO - Started process (PID=76217) to work on /Users/aymanehinane/Desktop/Airflow/py_env/lib/python3.11/site-packages/airflow/example_dags/example_datasets.py
[2023-10-29T12:52:45.256+0100] {processor.py:829} INFO - Processing file /Users/aymanehinane/Desktop/Airflow/py_env/lib/python3.11/site-packages/airflow/example_dags/example_datasets.py for tasks to queue
[2023-10-29T12:52:45.256+0100] {logging_mixin.py:151} INFO - [2023-10-29T12:52:45.256+0100] {dagbag.py:539} INFO - Filling up the DagBag from /Users/aymanehinane/Desktop/Airflow/py_env/lib/python3.11/site-packages/airflow/example_dags/example_datasets.py
[2023-10-29T12:52:45.268+0100] {processor.py:839} INFO - DAG(s) dict_keys(['dataset_consumes_1', 'dataset_produces_2', 'dataset_consumes_1_never_scheduled', 'dataset_consumes_1_and_2', 'dataset_produces_1', 'dataset_consumes_unknown_never_scheduled']) retrieved from /Users/aymanehinane/Desktop/Airflow/py_env/lib/python3.11/site-packages/airflow/example_dags/example_datasets.py
[2023-10-29T12:52:45.328+0100] {logging_mixin.py:151} INFO - [2023-10-29T12:52:45.328+0100] {dag.py:2915} INFO - Sync 6 DAGs
[2023-10-29T12:52:45.333+0100] {logging_mixin.py:151} INFO - [2023-10-29T12:52:45.333+0100] {dag.py:3696} INFO - Setting next_dagrun for dataset_consumes_1 to None, run_after=None
[2023-10-29T12:52:45.334+0100] {logging_mixin.py:151} INFO - [2023-10-29T12:52:45.334+0100] {dag.py:3696} INFO - Setting next_dagrun for dataset_consumes_1_and_2 to None, run_after=None
[2023-10-29T12:52:45.335+0100] {logging_mixin.py:151} INFO - [2023-10-29T12:52:45.335+0100] {dag.py:3696} INFO - Setting next_dagrun for dataset_consumes_1_never_scheduled to None, run_after=None
[2023-10-29T12:52:45.335+0100] {logging_mixin.py:151} INFO - [2023-10-29T12:52:45.335+0100] {dag.py:3696} INFO - Setting next_dagrun for dataset_consumes_unknown_never_scheduled to None, run_after=None
[2023-10-29T12:52:45.336+0100] {logging_mixin.py:151} INFO - [2023-10-29T12:52:45.336+0100] {dag.py:3696} INFO - Setting next_dagrun for dataset_produces_1 to 2023-10-28T00:00:00+00:00, run_after=2023-10-29T00:00:00+00:00
[2023-10-29T12:52:45.336+0100] {logging_mixin.py:151} INFO - [2023-10-29T12:52:45.336+0100] {dag.py:3696} INFO - Setting next_dagrun for dataset_produces_2 to None, run_after=None
[2023-10-29T12:52:45.345+0100] {processor.py:179} INFO - Processing /Users/aymanehinane/Desktop/Airflow/py_env/lib/python3.11/site-packages/airflow/example_dags/example_datasets.py took 0.090 seconds
[2023-10-29T12:54:04.074+0100] {processor.py:157} INFO - Started process (PID=76340) to work on /Users/aymanehinane/Desktop/Airflow/py_env/lib/python3.11/site-packages/airflow/example_dags/example_datasets.py
[2023-10-29T12:54:04.075+0100] {processor.py:829} INFO - Processing file /Users/aymanehinane/Desktop/Airflow/py_env/lib/python3.11/site-packages/airflow/example_dags/example_datasets.py for tasks to queue
[2023-10-29T12:54:04.075+0100] {logging_mixin.py:151} INFO - [2023-10-29T12:54:04.075+0100] {dagbag.py:539} INFO - Filling up the DagBag from /Users/aymanehinane/Desktop/Airflow/py_env/lib/python3.11/site-packages/airflow/example_dags/example_datasets.py
[2023-10-29T12:54:04.087+0100] {processor.py:839} INFO - DAG(s) dict_keys(['dataset_produces_2', 'dataset_consumes_unknown_never_scheduled', 'dataset_produces_1', 'dataset_consumes_1', 'dataset_consumes_1_and_2', 'dataset_consumes_1_never_scheduled']) retrieved from /Users/aymanehinane/Desktop/Airflow/py_env/lib/python3.11/site-packages/airflow/example_dags/example_datasets.py
[2023-10-29T12:54:04.149+0100] {logging_mixin.py:151} INFO - [2023-10-29T12:54:04.149+0100] {dag.py:2915} INFO - Sync 6 DAGs
[2023-10-29T12:54:04.155+0100] {logging_mixin.py:151} INFO - [2023-10-29T12:54:04.155+0100] {dag.py:3696} INFO - Setting next_dagrun for dataset_consumes_1 to None, run_after=None
[2023-10-29T12:54:04.156+0100] {logging_mixin.py:151} INFO - [2023-10-29T12:54:04.156+0100] {dag.py:3696} INFO - Setting next_dagrun for dataset_consumes_1_and_2 to None, run_after=None
[2023-10-29T12:54:04.156+0100] {logging_mixin.py:151} INFO - [2023-10-29T12:54:04.156+0100] {dag.py:3696} INFO - Setting next_dagrun for dataset_consumes_1_never_scheduled to None, run_after=None
[2023-10-29T12:54:04.157+0100] {logging_mixin.py:151} INFO - [2023-10-29T12:54:04.157+0100] {dag.py:3696} INFO - Setting next_dagrun for dataset_consumes_unknown_never_scheduled to None, run_after=None
[2023-10-29T12:54:04.157+0100] {logging_mixin.py:151} INFO - [2023-10-29T12:54:04.157+0100] {dag.py:3696} INFO - Setting next_dagrun for dataset_produces_1 to 2023-10-28T00:00:00+00:00, run_after=2023-10-29T00:00:00+00:00
[2023-10-29T12:54:04.158+0100] {logging_mixin.py:151} INFO - [2023-10-29T12:54:04.158+0100] {dag.py:3696} INFO - Setting next_dagrun for dataset_produces_2 to None, run_after=None
[2023-10-29T12:54:04.167+0100] {processor.py:179} INFO - Processing /Users/aymanehinane/Desktop/Airflow/py_env/lib/python3.11/site-packages/airflow/example_dags/example_datasets.py took 0.093 seconds
[2023-10-29T12:55:23.589+0100] {processor.py:157} INFO - Started process (PID=76459) to work on /Users/aymanehinane/Desktop/Airflow/py_env/lib/python3.11/site-packages/airflow/example_dags/example_datasets.py
[2023-10-29T12:55:23.590+0100] {processor.py:829} INFO - Processing file /Users/aymanehinane/Desktop/Airflow/py_env/lib/python3.11/site-packages/airflow/example_dags/example_datasets.py for tasks to queue
[2023-10-29T12:55:23.591+0100] {logging_mixin.py:151} INFO - [2023-10-29T12:55:23.591+0100] {dagbag.py:539} INFO - Filling up the DagBag from /Users/aymanehinane/Desktop/Airflow/py_env/lib/python3.11/site-packages/airflow/example_dags/example_datasets.py
[2023-10-29T12:55:23.605+0100] {processor.py:839} INFO - DAG(s) dict_keys(['dataset_produces_2', 'dataset_produces_1', 'dataset_consumes_1_never_scheduled', 'dataset_consumes_1_and_2', 'dataset_consumes_unknown_never_scheduled', 'dataset_consumes_1']) retrieved from /Users/aymanehinane/Desktop/Airflow/py_env/lib/python3.11/site-packages/airflow/example_dags/example_datasets.py
[2023-10-29T12:55:23.665+0100] {logging_mixin.py:151} INFO - [2023-10-29T12:55:23.665+0100] {dag.py:2915} INFO - Sync 6 DAGs
[2023-10-29T12:55:23.671+0100] {logging_mixin.py:151} INFO - [2023-10-29T12:55:23.671+0100] {dag.py:3696} INFO - Setting next_dagrun for dataset_consumes_1 to None, run_after=None
[2023-10-29T12:55:23.671+0100] {logging_mixin.py:151} INFO - [2023-10-29T12:55:23.671+0100] {dag.py:3696} INFO - Setting next_dagrun for dataset_consumes_1_and_2 to None, run_after=None
[2023-10-29T12:55:23.672+0100] {logging_mixin.py:151} INFO - [2023-10-29T12:55:23.672+0100] {dag.py:3696} INFO - Setting next_dagrun for dataset_consumes_1_never_scheduled to None, run_after=None
[2023-10-29T12:55:23.672+0100] {logging_mixin.py:151} INFO - [2023-10-29T12:55:23.672+0100] {dag.py:3696} INFO - Setting next_dagrun for dataset_consumes_unknown_never_scheduled to None, run_after=None
[2023-10-29T12:55:23.673+0100] {logging_mixin.py:151} INFO - [2023-10-29T12:55:23.673+0100] {dag.py:3696} INFO - Setting next_dagrun for dataset_produces_1 to 2023-10-28T00:00:00+00:00, run_after=2023-10-29T00:00:00+00:00
[2023-10-29T12:55:23.673+0100] {logging_mixin.py:151} INFO - [2023-10-29T12:55:23.673+0100] {dag.py:3696} INFO - Setting next_dagrun for dataset_produces_2 to None, run_after=None
[2023-10-29T12:55:23.682+0100] {processor.py:179} INFO - Processing /Users/aymanehinane/Desktop/Airflow/py_env/lib/python3.11/site-packages/airflow/example_dags/example_datasets.py took 0.093 seconds
[2023-10-29T12:56:46.893+0100] {processor.py:157} INFO - Started process (PID=76592) to work on /Users/aymanehinane/Desktop/Airflow/py_env/lib/python3.11/site-packages/airflow/example_dags/example_datasets.py
[2023-10-29T12:56:46.894+0100] {processor.py:829} INFO - Processing file /Users/aymanehinane/Desktop/Airflow/py_env/lib/python3.11/site-packages/airflow/example_dags/example_datasets.py for tasks to queue
[2023-10-29T12:56:46.894+0100] {logging_mixin.py:151} INFO - [2023-10-29T12:56:46.894+0100] {dagbag.py:539} INFO - Filling up the DagBag from /Users/aymanehinane/Desktop/Airflow/py_env/lib/python3.11/site-packages/airflow/example_dags/example_datasets.py
[2023-10-29T12:56:46.910+0100] {processor.py:839} INFO - DAG(s) dict_keys(['dataset_produces_2', 'dataset_consumes_1', 'dataset_consumes_1_and_2', 'dataset_produces_1', 'dataset_consumes_unknown_never_scheduled', 'dataset_consumes_1_never_scheduled']) retrieved from /Users/aymanehinane/Desktop/Airflow/py_env/lib/python3.11/site-packages/airflow/example_dags/example_datasets.py
[2023-10-29T12:56:46.972+0100] {logging_mixin.py:151} INFO - [2023-10-29T12:56:46.972+0100] {dag.py:2915} INFO - Sync 6 DAGs
[2023-10-29T12:56:46.977+0100] {logging_mixin.py:151} INFO - [2023-10-29T12:56:46.977+0100] {dag.py:3696} INFO - Setting next_dagrun for dataset_consumes_1 to None, run_after=None
[2023-10-29T12:56:46.978+0100] {logging_mixin.py:151} INFO - [2023-10-29T12:56:46.978+0100] {dag.py:3696} INFO - Setting next_dagrun for dataset_consumes_1_and_2 to None, run_after=None
[2023-10-29T12:56:46.979+0100] {logging_mixin.py:151} INFO - [2023-10-29T12:56:46.978+0100] {dag.py:3696} INFO - Setting next_dagrun for dataset_consumes_1_never_scheduled to None, run_after=None
[2023-10-29T12:56:46.979+0100] {logging_mixin.py:151} INFO - [2023-10-29T12:56:46.979+0100] {dag.py:3696} INFO - Setting next_dagrun for dataset_consumes_unknown_never_scheduled to None, run_after=None
[2023-10-29T12:56:46.979+0100] {logging_mixin.py:151} INFO - [2023-10-29T12:56:46.979+0100] {dag.py:3696} INFO - Setting next_dagrun for dataset_produces_1 to 2023-10-28T00:00:00+00:00, run_after=2023-10-29T00:00:00+00:00
[2023-10-29T12:56:46.980+0100] {logging_mixin.py:151} INFO - [2023-10-29T12:56:46.980+0100] {dag.py:3696} INFO - Setting next_dagrun for dataset_produces_2 to None, run_after=None
[2023-10-29T12:56:46.990+0100] {processor.py:179} INFO - Processing /Users/aymanehinane/Desktop/Airflow/py_env/lib/python3.11/site-packages/airflow/example_dags/example_datasets.py took 0.097 seconds
[2023-10-29T12:58:06.488+0100] {processor.py:157} INFO - Started process (PID=76778) to work on /Users/aymanehinane/Desktop/Airflow/py_env/lib/python3.11/site-packages/airflow/example_dags/example_datasets.py
[2023-10-29T12:58:06.489+0100] {processor.py:829} INFO - Processing file /Users/aymanehinane/Desktop/Airflow/py_env/lib/python3.11/site-packages/airflow/example_dags/example_datasets.py for tasks to queue
[2023-10-29T12:58:06.490+0100] {logging_mixin.py:151} INFO - [2023-10-29T12:58:06.489+0100] {dagbag.py:539} INFO - Filling up the DagBag from /Users/aymanehinane/Desktop/Airflow/py_env/lib/python3.11/site-packages/airflow/example_dags/example_datasets.py
[2023-10-29T12:58:06.501+0100] {processor.py:839} INFO - DAG(s) dict_keys(['dataset_produces_1', 'dataset_consumes_1_and_2', 'dataset_consumes_1_never_scheduled', 'dataset_consumes_1', 'dataset_consumes_unknown_never_scheduled', 'dataset_produces_2']) retrieved from /Users/aymanehinane/Desktop/Airflow/py_env/lib/python3.11/site-packages/airflow/example_dags/example_datasets.py
[2023-10-29T12:58:06.562+0100] {logging_mixin.py:151} INFO - [2023-10-29T12:58:06.561+0100] {dag.py:2915} INFO - Sync 6 DAGs
[2023-10-29T12:58:06.567+0100] {logging_mixin.py:151} INFO - [2023-10-29T12:58:06.567+0100] {dag.py:3696} INFO - Setting next_dagrun for dataset_consumes_1 to None, run_after=None
[2023-10-29T12:58:06.568+0100] {logging_mixin.py:151} INFO - [2023-10-29T12:58:06.568+0100] {dag.py:3696} INFO - Setting next_dagrun for dataset_consumes_1_and_2 to None, run_after=None
[2023-10-29T12:58:06.568+0100] {logging_mixin.py:151} INFO - [2023-10-29T12:58:06.568+0100] {dag.py:3696} INFO - Setting next_dagrun for dataset_consumes_1_never_scheduled to None, run_after=None
[2023-10-29T12:58:06.568+0100] {logging_mixin.py:151} INFO - [2023-10-29T12:58:06.568+0100] {dag.py:3696} INFO - Setting next_dagrun for dataset_consumes_unknown_never_scheduled to None, run_after=None
[2023-10-29T12:58:06.569+0100] {logging_mixin.py:151} INFO - [2023-10-29T12:58:06.569+0100] {dag.py:3696} INFO - Setting next_dagrun for dataset_produces_1 to 2023-10-28T00:00:00+00:00, run_after=2023-10-29T00:00:00+00:00
[2023-10-29T12:58:06.569+0100] {logging_mixin.py:151} INFO - [2023-10-29T12:58:06.569+0100] {dag.py:3696} INFO - Setting next_dagrun for dataset_produces_2 to None, run_after=None
[2023-10-29T12:58:06.579+0100] {processor.py:179} INFO - Processing /Users/aymanehinane/Desktop/Airflow/py_env/lib/python3.11/site-packages/airflow/example_dags/example_datasets.py took 0.091 seconds
[2023-10-29T12:59:25.711+0100] {processor.py:157} INFO - Started process (PID=76922) to work on /Users/aymanehinane/Desktop/Airflow/py_env/lib/python3.11/site-packages/airflow/example_dags/example_datasets.py
[2023-10-29T12:59:25.713+0100] {processor.py:829} INFO - Processing file /Users/aymanehinane/Desktop/Airflow/py_env/lib/python3.11/site-packages/airflow/example_dags/example_datasets.py for tasks to queue
[2023-10-29T12:59:25.713+0100] {logging_mixin.py:151} INFO - [2023-10-29T12:59:25.713+0100] {dagbag.py:539} INFO - Filling up the DagBag from /Users/aymanehinane/Desktop/Airflow/py_env/lib/python3.11/site-packages/airflow/example_dags/example_datasets.py
[2023-10-29T12:59:25.724+0100] {processor.py:839} INFO - DAG(s) dict_keys(['dataset_produces_2', 'dataset_consumes_1_and_2', 'dataset_consumes_1_never_scheduled', 'dataset_consumes_unknown_never_scheduled', 'dataset_produces_1', 'dataset_consumes_1']) retrieved from /Users/aymanehinane/Desktop/Airflow/py_env/lib/python3.11/site-packages/airflow/example_dags/example_datasets.py
[2023-10-29T12:59:25.788+0100] {logging_mixin.py:151} INFO - [2023-10-29T12:59:25.788+0100] {dag.py:2915} INFO - Sync 6 DAGs
[2023-10-29T12:59:25.794+0100] {logging_mixin.py:151} INFO - [2023-10-29T12:59:25.794+0100] {dag.py:3696} INFO - Setting next_dagrun for dataset_consumes_1 to None, run_after=None
[2023-10-29T12:59:25.795+0100] {logging_mixin.py:151} INFO - [2023-10-29T12:59:25.795+0100] {dag.py:3696} INFO - Setting next_dagrun for dataset_consumes_1_and_2 to None, run_after=None
[2023-10-29T12:59:25.795+0100] {logging_mixin.py:151} INFO - [2023-10-29T12:59:25.795+0100] {dag.py:3696} INFO - Setting next_dagrun for dataset_consumes_1_never_scheduled to None, run_after=None
[2023-10-29T12:59:25.795+0100] {logging_mixin.py:151} INFO - [2023-10-29T12:59:25.795+0100] {dag.py:3696} INFO - Setting next_dagrun for dataset_consumes_unknown_never_scheduled to None, run_after=None
[2023-10-29T12:59:25.796+0100] {logging_mixin.py:151} INFO - [2023-10-29T12:59:25.796+0100] {dag.py:3696} INFO - Setting next_dagrun for dataset_produces_1 to 2023-10-28T00:00:00+00:00, run_after=2023-10-29T00:00:00+00:00
[2023-10-29T12:59:25.796+0100] {logging_mixin.py:151} INFO - [2023-10-29T12:59:25.796+0100] {dag.py:3696} INFO - Setting next_dagrun for dataset_produces_2 to None, run_after=None
[2023-10-29T12:59:25.806+0100] {processor.py:179} INFO - Processing /Users/aymanehinane/Desktop/Airflow/py_env/lib/python3.11/site-packages/airflow/example_dags/example_datasets.py took 0.095 seconds
