[2023-10-29T12:49:17.157+0100] {processor.py:157} INFO - Started process (PID=75836) to work on /Users/aymanehinane/Desktop/Airflow/py_env/lib/python3.11/site-packages/airflow/example_dags/example_latest_only_with_trigger.py
[2023-10-29T12:49:17.157+0100] {processor.py:829} INFO - Processing file /Users/aymanehinane/Desktop/Airflow/py_env/lib/python3.11/site-packages/airflow/example_dags/example_latest_only_with_trigger.py for tasks to queue
[2023-10-29T12:49:17.158+0100] {logging_mixin.py:151} INFO - [2023-10-29T12:49:17.158+0100] {dagbag.py:539} INFO - Filling up the DagBag from /Users/aymanehinane/Desktop/Airflow/py_env/lib/python3.11/site-packages/airflow/example_dags/example_latest_only_with_trigger.py
[2023-10-29T12:49:17.173+0100] {processor.py:839} INFO - DAG(s) dict_keys(['latest_only_with_trigger']) retrieved from /Users/aymanehinane/Desktop/Airflow/py_env/lib/python3.11/site-packages/airflow/example_dags/example_latest_only_with_trigger.py
[2023-10-29T12:49:17.468+0100] {logging_mixin.py:151} INFO - [2023-10-29T12:49:17.467+0100] {manager.py:499} INFO - Created Permission View: %s
[2023-10-29T12:49:17.471+0100] {logging_mixin.py:151} INFO - [2023-10-29T12:49:17.471+0100] {manager.py:499} INFO - Created Permission View: %s
[2023-10-29T12:49:17.473+0100] {logging_mixin.py:151} INFO - [2023-10-29T12:49:17.473+0100] {manager.py:499} INFO - Created Permission View: %s
[2023-10-29T12:49:17.473+0100] {logging_mixin.py:151} INFO - [2023-10-29T12:49:17.473+0100] {security.py:708} INFO - Not syncing DAG-level permissions for DAG 'DAG:latest_only_with_trigger' as access control is unset.
[2023-10-29T12:49:17.473+0100] {logging_mixin.py:151} INFO - [2023-10-29T12:49:17.473+0100] {dag.py:2915} INFO - Sync 1 DAGs
[2023-10-29T12:49:17.476+0100] {logging_mixin.py:151} INFO - [2023-10-29T12:49:17.476+0100] {dag.py:2937} INFO - Creating ORM DAG for latest_only_with_trigger
[2023-10-29T12:49:17.479+0100] {logging_mixin.py:151} INFO - [2023-10-29T12:49:17.479+0100] {dag.py:3696} INFO - Setting next_dagrun for latest_only_with_trigger to 2023-10-29T07:49:17.479131+00:00, run_after=2023-10-29T11:49:17.479131+00:00
[2023-10-29T12:49:17.484+0100] {processor.py:179} INFO - Processing /Users/aymanehinane/Desktop/Airflow/py_env/lib/python3.11/site-packages/airflow/example_dags/example_latest_only_with_trigger.py took 0.328 seconds
[2023-10-29T12:50:42.843+0100] {processor.py:157} INFO - Started process (PID=76017) to work on /Users/aymanehinane/Desktop/Airflow/py_env/lib/python3.11/site-packages/airflow/example_dags/example_latest_only_with_trigger.py
[2023-10-29T12:50:42.844+0100] {processor.py:829} INFO - Processing file /Users/aymanehinane/Desktop/Airflow/py_env/lib/python3.11/site-packages/airflow/example_dags/example_latest_only_with_trigger.py for tasks to queue
[2023-10-29T12:50:42.844+0100] {logging_mixin.py:151} INFO - [2023-10-29T12:50:42.844+0100] {dagbag.py:539} INFO - Filling up the DagBag from /Users/aymanehinane/Desktop/Airflow/py_env/lib/python3.11/site-packages/airflow/example_dags/example_latest_only_with_trigger.py
[2023-10-29T12:50:42.854+0100] {processor.py:839} INFO - DAG(s) dict_keys(['latest_only_with_trigger']) retrieved from /Users/aymanehinane/Desktop/Airflow/py_env/lib/python3.11/site-packages/airflow/example_dags/example_latest_only_with_trigger.py
[2023-10-29T12:50:42.912+0100] {logging_mixin.py:151} INFO - [2023-10-29T12:50:42.911+0100] {dag.py:2915} INFO - Sync 1 DAGs
[2023-10-29T12:50:42.917+0100] {logging_mixin.py:151} INFO - [2023-10-29T12:50:42.917+0100] {dag.py:3696} INFO - Setting next_dagrun for latest_only_with_trigger to 2023-10-29T07:50:42.917259+00:00, run_after=2023-10-29T11:50:42.917259+00:00
[2023-10-29T12:50:42.923+0100] {processor.py:179} INFO - Processing /Users/aymanehinane/Desktop/Airflow/py_env/lib/python3.11/site-packages/airflow/example_dags/example_latest_only_with_trigger.py took 0.081 seconds
[2023-10-29T12:52:16.670+0100] {processor.py:157} INFO - Started process (PID=76174) to work on /Users/aymanehinane/Desktop/Airflow/py_env/lib/python3.11/site-packages/airflow/example_dags/example_latest_only_with_trigger.py
[2023-10-29T12:52:16.672+0100] {processor.py:829} INFO - Processing file /Users/aymanehinane/Desktop/Airflow/py_env/lib/python3.11/site-packages/airflow/example_dags/example_latest_only_with_trigger.py for tasks to queue
[2023-10-29T12:52:16.672+0100] {logging_mixin.py:151} INFO - [2023-10-29T12:52:16.672+0100] {dagbag.py:539} INFO - Filling up the DagBag from /Users/aymanehinane/Desktop/Airflow/py_env/lib/python3.11/site-packages/airflow/example_dags/example_latest_only_with_trigger.py
[2023-10-29T12:52:16.684+0100] {processor.py:839} INFO - DAG(s) dict_keys(['latest_only_with_trigger']) retrieved from /Users/aymanehinane/Desktop/Airflow/py_env/lib/python3.11/site-packages/airflow/example_dags/example_latest_only_with_trigger.py
[2023-10-29T12:52:16.742+0100] {logging_mixin.py:151} INFO - [2023-10-29T12:52:16.742+0100] {dag.py:2915} INFO - Sync 1 DAGs
[2023-10-29T12:52:16.747+0100] {logging_mixin.py:151} INFO - [2023-10-29T12:52:16.747+0100] {dag.py:3696} INFO - Setting next_dagrun for latest_only_with_trigger to 2023-10-29T07:52:16.747465+00:00, run_after=2023-10-29T11:52:16.747465+00:00
[2023-10-29T12:52:16.754+0100] {processor.py:179} INFO - Processing /Users/aymanehinane/Desktop/Airflow/py_env/lib/python3.11/site-packages/airflow/example_dags/example_latest_only_with_trigger.py took 0.084 seconds
[2023-10-29T12:53:39.732+0100] {processor.py:157} INFO - Started process (PID=76302) to work on /Users/aymanehinane/Desktop/Airflow/py_env/lib/python3.11/site-packages/airflow/example_dags/example_latest_only_with_trigger.py
[2023-10-29T12:53:39.733+0100] {processor.py:829} INFO - Processing file /Users/aymanehinane/Desktop/Airflow/py_env/lib/python3.11/site-packages/airflow/example_dags/example_latest_only_with_trigger.py for tasks to queue
[2023-10-29T12:53:39.733+0100] {logging_mixin.py:151} INFO - [2023-10-29T12:53:39.733+0100] {dagbag.py:539} INFO - Filling up the DagBag from /Users/aymanehinane/Desktop/Airflow/py_env/lib/python3.11/site-packages/airflow/example_dags/example_latest_only_with_trigger.py
[2023-10-29T12:53:39.744+0100] {processor.py:839} INFO - DAG(s) dict_keys(['latest_only_with_trigger']) retrieved from /Users/aymanehinane/Desktop/Airflow/py_env/lib/python3.11/site-packages/airflow/example_dags/example_latest_only_with_trigger.py
[2023-10-29T12:53:39.801+0100] {logging_mixin.py:151} INFO - [2023-10-29T12:53:39.801+0100] {dag.py:2915} INFO - Sync 1 DAGs
[2023-10-29T12:53:39.806+0100] {logging_mixin.py:151} INFO - [2023-10-29T12:53:39.806+0100] {dag.py:3696} INFO - Setting next_dagrun for latest_only_with_trigger to 2023-10-29T07:53:39.806839+00:00, run_after=2023-10-29T11:53:39.806839+00:00
[2023-10-29T12:53:39.814+0100] {processor.py:179} INFO - Processing /Users/aymanehinane/Desktop/Airflow/py_env/lib/python3.11/site-packages/airflow/example_dags/example_latest_only_with_trigger.py took 0.082 seconds
[2023-10-29T12:54:58.875+0100] {processor.py:157} INFO - Started process (PID=76422) to work on /Users/aymanehinane/Desktop/Airflow/py_env/lib/python3.11/site-packages/airflow/example_dags/example_latest_only_with_trigger.py
[2023-10-29T12:54:58.876+0100] {processor.py:829} INFO - Processing file /Users/aymanehinane/Desktop/Airflow/py_env/lib/python3.11/site-packages/airflow/example_dags/example_latest_only_with_trigger.py for tasks to queue
[2023-10-29T12:54:58.877+0100] {logging_mixin.py:151} INFO - [2023-10-29T12:54:58.877+0100] {dagbag.py:539} INFO - Filling up the DagBag from /Users/aymanehinane/Desktop/Airflow/py_env/lib/python3.11/site-packages/airflow/example_dags/example_latest_only_with_trigger.py
[2023-10-29T12:54:58.888+0100] {processor.py:839} INFO - DAG(s) dict_keys(['latest_only_with_trigger']) retrieved from /Users/aymanehinane/Desktop/Airflow/py_env/lib/python3.11/site-packages/airflow/example_dags/example_latest_only_with_trigger.py
[2023-10-29T12:54:58.947+0100] {logging_mixin.py:151} INFO - [2023-10-29T12:54:58.947+0100] {dag.py:2915} INFO - Sync 1 DAGs
[2023-10-29T12:54:58.952+0100] {logging_mixin.py:151} INFO - [2023-10-29T12:54:58.952+0100] {dag.py:3696} INFO - Setting next_dagrun for latest_only_with_trigger to 2023-10-29T07:54:58.952561+00:00, run_after=2023-10-29T11:54:58.952561+00:00
[2023-10-29T12:54:58.959+0100] {processor.py:179} INFO - Processing /Users/aymanehinane/Desktop/Airflow/py_env/lib/python3.11/site-packages/airflow/example_dags/example_latest_only_with_trigger.py took 0.084 seconds
[2023-10-29T12:56:20.867+0100] {processor.py:157} INFO - Started process (PID=76549) to work on /Users/aymanehinane/Desktop/Airflow/py_env/lib/python3.11/site-packages/airflow/example_dags/example_latest_only_with_trigger.py
[2023-10-29T12:56:20.868+0100] {processor.py:829} INFO - Processing file /Users/aymanehinane/Desktop/Airflow/py_env/lib/python3.11/site-packages/airflow/example_dags/example_latest_only_with_trigger.py for tasks to queue
[2023-10-29T12:56:20.868+0100] {logging_mixin.py:151} INFO - [2023-10-29T12:56:20.868+0100] {dagbag.py:539} INFO - Filling up the DagBag from /Users/aymanehinane/Desktop/Airflow/py_env/lib/python3.11/site-packages/airflow/example_dags/example_latest_only_with_trigger.py
[2023-10-29T12:56:20.878+0100] {processor.py:839} INFO - DAG(s) dict_keys(['latest_only_with_trigger']) retrieved from /Users/aymanehinane/Desktop/Airflow/py_env/lib/python3.11/site-packages/airflow/example_dags/example_latest_only_with_trigger.py
[2023-10-29T12:56:20.935+0100] {logging_mixin.py:151} INFO - [2023-10-29T12:56:20.935+0100] {dag.py:2915} INFO - Sync 1 DAGs
[2023-10-29T12:56:20.940+0100] {logging_mixin.py:151} INFO - [2023-10-29T12:56:20.940+0100] {dag.py:3696} INFO - Setting next_dagrun for latest_only_with_trigger to 2023-10-29T07:56:20.940717+00:00, run_after=2023-10-29T11:56:20.940717+00:00
[2023-10-29T12:56:20.948+0100] {processor.py:179} INFO - Processing /Users/aymanehinane/Desktop/Airflow/py_env/lib/python3.11/site-packages/airflow/example_dags/example_latest_only_with_trigger.py took 0.081 seconds
[2023-10-29T12:57:41.269+0100] {processor.py:157} INFO - Started process (PID=76733) to work on /Users/aymanehinane/Desktop/Airflow/py_env/lib/python3.11/site-packages/airflow/example_dags/example_latest_only_with_trigger.py
[2023-10-29T12:57:41.271+0100] {processor.py:829} INFO - Processing file /Users/aymanehinane/Desktop/Airflow/py_env/lib/python3.11/site-packages/airflow/example_dags/example_latest_only_with_trigger.py for tasks to queue
[2023-10-29T12:57:41.271+0100] {logging_mixin.py:151} INFO - [2023-10-29T12:57:41.271+0100] {dagbag.py:539} INFO - Filling up the DagBag from /Users/aymanehinane/Desktop/Airflow/py_env/lib/python3.11/site-packages/airflow/example_dags/example_latest_only_with_trigger.py
[2023-10-29T12:57:41.281+0100] {processor.py:839} INFO - DAG(s) dict_keys(['latest_only_with_trigger']) retrieved from /Users/aymanehinane/Desktop/Airflow/py_env/lib/python3.11/site-packages/airflow/example_dags/example_latest_only_with_trigger.py
[2023-10-29T12:57:41.344+0100] {logging_mixin.py:151} INFO - [2023-10-29T12:57:41.343+0100] {dag.py:2915} INFO - Sync 1 DAGs
[2023-10-29T12:57:41.349+0100] {logging_mixin.py:151} INFO - [2023-10-29T12:57:41.349+0100] {dag.py:3696} INFO - Setting next_dagrun for latest_only_with_trigger to 2023-10-29T07:57:41.349148+00:00, run_after=2023-10-29T11:57:41.349148+00:00
[2023-10-29T12:57:41.356+0100] {processor.py:179} INFO - Processing /Users/aymanehinane/Desktop/Airflow/py_env/lib/python3.11/site-packages/airflow/example_dags/example_latest_only_with_trigger.py took 0.087 seconds
[2023-10-29T12:59:01.006+0100] {processor.py:157} INFO - Started process (PID=76885) to work on /Users/aymanehinane/Desktop/Airflow/py_env/lib/python3.11/site-packages/airflow/example_dags/example_latest_only_with_trigger.py
[2023-10-29T12:59:01.007+0100] {processor.py:829} INFO - Processing file /Users/aymanehinane/Desktop/Airflow/py_env/lib/python3.11/site-packages/airflow/example_dags/example_latest_only_with_trigger.py for tasks to queue
[2023-10-29T12:59:01.007+0100] {logging_mixin.py:151} INFO - [2023-10-29T12:59:01.007+0100] {dagbag.py:539} INFO - Filling up the DagBag from /Users/aymanehinane/Desktop/Airflow/py_env/lib/python3.11/site-packages/airflow/example_dags/example_latest_only_with_trigger.py
[2023-10-29T12:59:01.018+0100] {processor.py:839} INFO - DAG(s) dict_keys(['latest_only_with_trigger']) retrieved from /Users/aymanehinane/Desktop/Airflow/py_env/lib/python3.11/site-packages/airflow/example_dags/example_latest_only_with_trigger.py
[2023-10-29T12:59:01.076+0100] {logging_mixin.py:151} INFO - [2023-10-29T12:59:01.076+0100] {dag.py:2915} INFO - Sync 1 DAGs
[2023-10-29T12:59:01.082+0100] {logging_mixin.py:151} INFO - [2023-10-29T12:59:01.082+0100] {dag.py:3696} INFO - Setting next_dagrun for latest_only_with_trigger to 2023-10-29T07:59:01.081975+00:00, run_after=2023-10-29T11:59:01.081975+00:00
[2023-10-29T12:59:01.088+0100] {processor.py:179} INFO - Processing /Users/aymanehinane/Desktop/Airflow/py_env/lib/python3.11/site-packages/airflow/example_dags/example_latest_only_with_trigger.py took 0.083 seconds
