[2023-10-29T12:48:43.264+0100] {processor.py:157} INFO - Started process (PID=75783) to work on /Users/aymanehinane/Desktop/Airflow/py_env/lib/python3.11/site-packages/airflow/example_dags/example_task_group_decorator.py
[2023-10-29T12:48:43.264+0100] {processor.py:829} INFO - Processing file /Users/aymanehinane/Desktop/Airflow/py_env/lib/python3.11/site-packages/airflow/example_dags/example_task_group_decorator.py for tasks to queue
[2023-10-29T12:48:43.264+0100] {logging_mixin.py:151} INFO - [2023-10-29T12:48:43.264+0100] {dagbag.py:539} INFO - Filling up the DagBag from /Users/aymanehinane/Desktop/Airflow/py_env/lib/python3.11/site-packages/airflow/example_dags/example_task_group_decorator.py
[2023-10-29T12:48:43.287+0100] {processor.py:839} INFO - DAG(s) dict_keys(['example_task_group_decorator']) retrieved from /Users/aymanehinane/Desktop/Airflow/py_env/lib/python3.11/site-packages/airflow/example_dags/example_task_group_decorator.py
[2023-10-29T12:48:43.589+0100] {logging_mixin.py:151} INFO - [2023-10-29T12:48:43.589+0100] {manager.py:499} INFO - Created Permission View: %s
[2023-10-29T12:48:43.592+0100] {logging_mixin.py:151} INFO - [2023-10-29T12:48:43.592+0100] {manager.py:499} INFO - Created Permission View: %s
[2023-10-29T12:48:43.594+0100] {logging_mixin.py:151} INFO - [2023-10-29T12:48:43.594+0100] {manager.py:499} INFO - Created Permission View: %s
[2023-10-29T12:48:43.594+0100] {logging_mixin.py:151} INFO - [2023-10-29T12:48:43.594+0100] {security.py:708} INFO - Not syncing DAG-level permissions for DAG 'DAG:example_task_group_decorator' as access control is unset.
[2023-10-29T12:48:43.594+0100] {logging_mixin.py:151} INFO - [2023-10-29T12:48:43.594+0100] {dag.py:2915} INFO - Sync 1 DAGs
[2023-10-29T12:48:43.597+0100] {logging_mixin.py:151} INFO - [2023-10-29T12:48:43.597+0100] {dag.py:2937} INFO - Creating ORM DAG for example_task_group_decorator
[2023-10-29T12:48:43.600+0100] {logging_mixin.py:151} INFO - [2023-10-29T12:48:43.599+0100] {dag.py:3696} INFO - Setting next_dagrun for example_task_group_decorator to 2023-10-28T11:48:43.599912+00:00, run_after=2023-10-29T11:48:43.599912+00:00
[2023-10-29T12:48:43.606+0100] {processor.py:179} INFO - Processing /Users/aymanehinane/Desktop/Airflow/py_env/lib/python3.11/site-packages/airflow/example_dags/example_task_group_decorator.py took 0.342 seconds
[2023-10-29T12:50:08.164+0100] {processor.py:157} INFO - Started process (PID=75938) to work on /Users/aymanehinane/Desktop/Airflow/py_env/lib/python3.11/site-packages/airflow/example_dags/example_task_group_decorator.py
[2023-10-29T12:50:08.165+0100] {processor.py:829} INFO - Processing file /Users/aymanehinane/Desktop/Airflow/py_env/lib/python3.11/site-packages/airflow/example_dags/example_task_group_decorator.py for tasks to queue
[2023-10-29T12:50:08.165+0100] {logging_mixin.py:151} INFO - [2023-10-29T12:50:08.165+0100] {dagbag.py:539} INFO - Filling up the DagBag from /Users/aymanehinane/Desktop/Airflow/py_env/lib/python3.11/site-packages/airflow/example_dags/example_task_group_decorator.py
[2023-10-29T12:50:08.191+0100] {processor.py:839} INFO - DAG(s) dict_keys(['example_task_group_decorator']) retrieved from /Users/aymanehinane/Desktop/Airflow/py_env/lib/python3.11/site-packages/airflow/example_dags/example_task_group_decorator.py
[2023-10-29T12:50:08.260+0100] {logging_mixin.py:151} INFO - [2023-10-29T12:50:08.260+0100] {dag.py:2915} INFO - Sync 1 DAGs
[2023-10-29T12:50:08.266+0100] {logging_mixin.py:151} INFO - [2023-10-29T12:50:08.266+0100] {dag.py:3696} INFO - Setting next_dagrun for example_task_group_decorator to 2023-10-28T11:50:08.266441+00:00, run_after=2023-10-29T11:50:08.266441+00:00
[2023-10-29T12:50:08.273+0100] {processor.py:179} INFO - Processing /Users/aymanehinane/Desktop/Airflow/py_env/lib/python3.11/site-packages/airflow/example_dags/example_task_group_decorator.py took 0.109 seconds
[2023-10-29T12:51:03.538+0100] {processor.py:157} INFO - Started process (PID=76051) to work on /Users/aymanehinane/Desktop/Airflow/py_env/lib/python3.11/site-packages/airflow/example_dags/example_task_group_decorator.py
[2023-10-29T12:51:03.539+0100] {processor.py:829} INFO - Processing file /Users/aymanehinane/Desktop/Airflow/py_env/lib/python3.11/site-packages/airflow/example_dags/example_task_group_decorator.py for tasks to queue
[2023-10-29T12:51:03.539+0100] {logging_mixin.py:151} INFO - [2023-10-29T12:51:03.539+0100] {dagbag.py:539} INFO - Filling up the DagBag from /Users/aymanehinane/Desktop/Airflow/py_env/lib/python3.11/site-packages/airflow/example_dags/example_task_group_decorator.py
[2023-10-29T12:51:03.562+0100] {processor.py:839} INFO - DAG(s) dict_keys(['example_task_group_decorator']) retrieved from /Users/aymanehinane/Desktop/Airflow/py_env/lib/python3.11/site-packages/airflow/example_dags/example_task_group_decorator.py
[2023-10-29T12:51:03.622+0100] {logging_mixin.py:151} INFO - [2023-10-29T12:51:03.621+0100] {dag.py:2915} INFO - Sync 1 DAGs
[2023-10-29T12:51:03.627+0100] {logging_mixin.py:151} INFO - [2023-10-29T12:51:03.627+0100] {dag.py:3696} INFO - Setting next_dagrun for example_task_group_decorator to 2023-10-28T11:51:03.627799+00:00, run_after=2023-10-29T11:51:03.627799+00:00
[2023-10-29T12:51:03.634+0100] {processor.py:179} INFO - Processing /Users/aymanehinane/Desktop/Airflow/py_env/lib/python3.11/site-packages/airflow/example_dags/example_task_group_decorator.py took 0.097 seconds
[2023-10-29T12:51:53.230+0100] {processor.py:157} INFO - Started process (PID=76129) to work on /Users/aymanehinane/Desktop/Airflow/py_env/lib/python3.11/site-packages/airflow/example_dags/example_task_group_decorator.py
[2023-10-29T12:51:53.232+0100] {processor.py:829} INFO - Processing file /Users/aymanehinane/Desktop/Airflow/py_env/lib/python3.11/site-packages/airflow/example_dags/example_task_group_decorator.py for tasks to queue
[2023-10-29T12:51:53.232+0100] {logging_mixin.py:151} INFO - [2023-10-29T12:51:53.232+0100] {dagbag.py:539} INFO - Filling up the DagBag from /Users/aymanehinane/Desktop/Airflow/py_env/lib/python3.11/site-packages/airflow/example_dags/example_task_group_decorator.py
[2023-10-29T12:51:53.254+0100] {processor.py:839} INFO - DAG(s) dict_keys(['example_task_group_decorator']) retrieved from /Users/aymanehinane/Desktop/Airflow/py_env/lib/python3.11/site-packages/airflow/example_dags/example_task_group_decorator.py
[2023-10-29T12:51:53.309+0100] {logging_mixin.py:151} INFO - [2023-10-29T12:51:53.309+0100] {dag.py:2915} INFO - Sync 1 DAGs
[2023-10-29T12:51:53.315+0100] {logging_mixin.py:151} INFO - [2023-10-29T12:51:53.315+0100] {dag.py:3696} INFO - Setting next_dagrun for example_task_group_decorator to 2023-10-28T11:51:53.315294+00:00, run_after=2023-10-29T11:51:53.315294+00:00
[2023-10-29T12:51:53.321+0100] {processor.py:179} INFO - Processing /Users/aymanehinane/Desktop/Airflow/py_env/lib/python3.11/site-packages/airflow/example_dags/example_task_group_decorator.py took 0.091 seconds
[2023-10-29T12:53:18.382+0100] {processor.py:157} INFO - Started process (PID=76267) to work on /Users/aymanehinane/Desktop/Airflow/py_env/lib/python3.11/site-packages/airflow/example_dags/example_task_group_decorator.py
[2023-10-29T12:53:18.384+0100] {processor.py:829} INFO - Processing file /Users/aymanehinane/Desktop/Airflow/py_env/lib/python3.11/site-packages/airflow/example_dags/example_task_group_decorator.py for tasks to queue
[2023-10-29T12:53:18.384+0100] {logging_mixin.py:151} INFO - [2023-10-29T12:53:18.384+0100] {dagbag.py:539} INFO - Filling up the DagBag from /Users/aymanehinane/Desktop/Airflow/py_env/lib/python3.11/site-packages/airflow/example_dags/example_task_group_decorator.py
[2023-10-29T12:53:18.412+0100] {processor.py:839} INFO - DAG(s) dict_keys(['example_task_group_decorator']) retrieved from /Users/aymanehinane/Desktop/Airflow/py_env/lib/python3.11/site-packages/airflow/example_dags/example_task_group_decorator.py
[2023-10-29T12:53:18.469+0100] {logging_mixin.py:151} INFO - [2023-10-29T12:53:18.469+0100] {dag.py:2915} INFO - Sync 1 DAGs
[2023-10-29T12:53:18.474+0100] {logging_mixin.py:151} INFO - [2023-10-29T12:53:18.474+0100] {dag.py:3696} INFO - Setting next_dagrun for example_task_group_decorator to 2023-10-28T11:53:18.474705+00:00, run_after=2023-10-29T11:53:18.474705+00:00
[2023-10-29T12:53:18.481+0100] {processor.py:179} INFO - Processing /Users/aymanehinane/Desktop/Airflow/py_env/lib/python3.11/site-packages/airflow/example_dags/example_task_group_decorator.py took 0.099 seconds
[2023-10-29T12:54:39.147+0100] {processor.py:157} INFO - Started process (PID=76391) to work on /Users/aymanehinane/Desktop/Airflow/py_env/lib/python3.11/site-packages/airflow/example_dags/example_task_group_decorator.py
[2023-10-29T12:54:39.148+0100] {processor.py:829} INFO - Processing file /Users/aymanehinane/Desktop/Airflow/py_env/lib/python3.11/site-packages/airflow/example_dags/example_task_group_decorator.py for tasks to queue
[2023-10-29T12:54:39.148+0100] {logging_mixin.py:151} INFO - [2023-10-29T12:54:39.148+0100] {dagbag.py:539} INFO - Filling up the DagBag from /Users/aymanehinane/Desktop/Airflow/py_env/lib/python3.11/site-packages/airflow/example_dags/example_task_group_decorator.py
[2023-10-29T12:54:39.170+0100] {processor.py:839} INFO - DAG(s) dict_keys(['example_task_group_decorator']) retrieved from /Users/aymanehinane/Desktop/Airflow/py_env/lib/python3.11/site-packages/airflow/example_dags/example_task_group_decorator.py
[2023-10-29T12:54:39.225+0100] {logging_mixin.py:151} INFO - [2023-10-29T12:54:39.225+0100] {dag.py:2915} INFO - Sync 1 DAGs
[2023-10-29T12:54:39.231+0100] {logging_mixin.py:151} INFO - [2023-10-29T12:54:39.231+0100] {dag.py:3696} INFO - Setting next_dagrun for example_task_group_decorator to 2023-10-28T11:54:39.231289+00:00, run_after=2023-10-29T11:54:39.231289+00:00
[2023-10-29T12:54:39.237+0100] {processor.py:179} INFO - Processing /Users/aymanehinane/Desktop/Airflow/py_env/lib/python3.11/site-packages/airflow/example_dags/example_task_group_decorator.py took 0.091 seconds
[2023-10-29T12:55:59.526+0100] {processor.py:157} INFO - Started process (PID=76517) to work on /Users/aymanehinane/Desktop/Airflow/py_env/lib/python3.11/site-packages/airflow/example_dags/example_task_group_decorator.py
[2023-10-29T12:55:59.527+0100] {processor.py:829} INFO - Processing file /Users/aymanehinane/Desktop/Airflow/py_env/lib/python3.11/site-packages/airflow/example_dags/example_task_group_decorator.py for tasks to queue
[2023-10-29T12:55:59.528+0100] {logging_mixin.py:151} INFO - [2023-10-29T12:55:59.527+0100] {dagbag.py:539} INFO - Filling up the DagBag from /Users/aymanehinane/Desktop/Airflow/py_env/lib/python3.11/site-packages/airflow/example_dags/example_task_group_decorator.py
[2023-10-29T12:55:59.549+0100] {processor.py:839} INFO - DAG(s) dict_keys(['example_task_group_decorator']) retrieved from /Users/aymanehinane/Desktop/Airflow/py_env/lib/python3.11/site-packages/airflow/example_dags/example_task_group_decorator.py
[2023-10-29T12:55:59.605+0100] {logging_mixin.py:151} INFO - [2023-10-29T12:55:59.605+0100] {dag.py:2915} INFO - Sync 1 DAGs
[2023-10-29T12:55:59.611+0100] {logging_mixin.py:151} INFO - [2023-10-29T12:55:59.611+0100] {dag.py:3696} INFO - Setting next_dagrun for example_task_group_decorator to 2023-10-28T11:55:59.611645+00:00, run_after=2023-10-29T11:55:59.611645+00:00
[2023-10-29T12:55:59.618+0100] {processor.py:179} INFO - Processing /Users/aymanehinane/Desktop/Airflow/py_env/lib/python3.11/site-packages/airflow/example_dags/example_task_group_decorator.py took 0.092 seconds
[2023-10-29T12:57:20.250+0100] {processor.py:157} INFO - Started process (PID=76678) to work on /Users/aymanehinane/Desktop/Airflow/py_env/lib/python3.11/site-packages/airflow/example_dags/example_task_group_decorator.py
[2023-10-29T12:57:20.251+0100] {processor.py:829} INFO - Processing file /Users/aymanehinane/Desktop/Airflow/py_env/lib/python3.11/site-packages/airflow/example_dags/example_task_group_decorator.py for tasks to queue
[2023-10-29T12:57:20.251+0100] {logging_mixin.py:151} INFO - [2023-10-29T12:57:20.251+0100] {dagbag.py:539} INFO - Filling up the DagBag from /Users/aymanehinane/Desktop/Airflow/py_env/lib/python3.11/site-packages/airflow/example_dags/example_task_group_decorator.py
[2023-10-29T12:57:20.273+0100] {processor.py:839} INFO - DAG(s) dict_keys(['example_task_group_decorator']) retrieved from /Users/aymanehinane/Desktop/Airflow/py_env/lib/python3.11/site-packages/airflow/example_dags/example_task_group_decorator.py
[2023-10-29T12:57:20.331+0100] {logging_mixin.py:151} INFO - [2023-10-29T12:57:20.331+0100] {dag.py:2915} INFO - Sync 1 DAGs
[2023-10-29T12:57:20.337+0100] {logging_mixin.py:151} INFO - [2023-10-29T12:57:20.337+0100] {dag.py:3696} INFO - Setting next_dagrun for example_task_group_decorator to 2023-10-28T11:57:20.337375+00:00, run_after=2023-10-29T11:57:20.337375+00:00
[2023-10-29T12:57:20.344+0100] {processor.py:179} INFO - Processing /Users/aymanehinane/Desktop/Airflow/py_env/lib/python3.11/site-packages/airflow/example_dags/example_task_group_decorator.py took 0.094 seconds
[2023-10-29T12:58:39.708+0100] {processor.py:157} INFO - Started process (PID=76837) to work on /Users/aymanehinane/Desktop/Airflow/py_env/lib/python3.11/site-packages/airflow/example_dags/example_task_group_decorator.py
[2023-10-29T12:58:39.709+0100] {processor.py:829} INFO - Processing file /Users/aymanehinane/Desktop/Airflow/py_env/lib/python3.11/site-packages/airflow/example_dags/example_task_group_decorator.py for tasks to queue
[2023-10-29T12:58:39.709+0100] {logging_mixin.py:151} INFO - [2023-10-29T12:58:39.709+0100] {dagbag.py:539} INFO - Filling up the DagBag from /Users/aymanehinane/Desktop/Airflow/py_env/lib/python3.11/site-packages/airflow/example_dags/example_task_group_decorator.py
[2023-10-29T12:58:39.731+0100] {processor.py:839} INFO - DAG(s) dict_keys(['example_task_group_decorator']) retrieved from /Users/aymanehinane/Desktop/Airflow/py_env/lib/python3.11/site-packages/airflow/example_dags/example_task_group_decorator.py
[2023-10-29T12:58:39.787+0100] {logging_mixin.py:151} INFO - [2023-10-29T12:58:39.787+0100] {dag.py:2915} INFO - Sync 1 DAGs
[2023-10-29T12:58:39.793+0100] {logging_mixin.py:151} INFO - [2023-10-29T12:58:39.793+0100] {dag.py:3696} INFO - Setting next_dagrun for example_task_group_decorator to 2023-10-28T11:58:39.793030+00:00, run_after=2023-10-29T11:58:39.793030+00:00
[2023-10-29T12:58:39.799+0100] {processor.py:179} INFO - Processing /Users/aymanehinane/Desktop/Airflow/py_env/lib/python3.11/site-packages/airflow/example_dags/example_task_group_decorator.py took 0.092 seconds
