[2023-10-29T12:48:53.335+0100] {processor.py:157} INFO - Started process (PID=75800) to work on /Users/aymanehinane/Desktop/Airflow/py_env/lib/python3.11/site-packages/airflow/example_dags/example_short_circuit_operator.py
[2023-10-29T12:48:53.336+0100] {processor.py:829} INFO - Processing file /Users/aymanehinane/Desktop/Airflow/py_env/lib/python3.11/site-packages/airflow/example_dags/example_short_circuit_operator.py for tasks to queue
[2023-10-29T12:48:53.336+0100] {logging_mixin.py:151} INFO - [2023-10-29T12:48:53.336+0100] {dagbag.py:539} INFO - Filling up the DagBag from /Users/aymanehinane/Desktop/Airflow/py_env/lib/python3.11/site-packages/airflow/example_dags/example_short_circuit_operator.py
[2023-10-29T12:48:53.351+0100] {processor.py:839} INFO - DAG(s) dict_keys(['example_short_circuit_operator']) retrieved from /Users/aymanehinane/Desktop/Airflow/py_env/lib/python3.11/site-packages/airflow/example_dags/example_short_circuit_operator.py
[2023-10-29T12:48:53.663+0100] {logging_mixin.py:151} INFO - [2023-10-29T12:48:53.662+0100] {manager.py:499} INFO - Created Permission View: %s
[2023-10-29T12:48:53.665+0100] {logging_mixin.py:151} INFO - [2023-10-29T12:48:53.665+0100] {manager.py:499} INFO - Created Permission View: %s
[2023-10-29T12:48:53.667+0100] {logging_mixin.py:151} INFO - [2023-10-29T12:48:53.667+0100] {manager.py:499} INFO - Created Permission View: %s
[2023-10-29T12:48:53.667+0100] {logging_mixin.py:151} INFO - [2023-10-29T12:48:53.667+0100] {security.py:708} INFO - Not syncing DAG-level permissions for DAG 'DAG:example_short_circuit_operator' as access control is unset.
[2023-10-29T12:48:53.667+0100] {logging_mixin.py:151} INFO - [2023-10-29T12:48:53.667+0100] {dag.py:2915} INFO - Sync 1 DAGs
[2023-10-29T12:48:53.671+0100] {logging_mixin.py:151} INFO - [2023-10-29T12:48:53.671+0100] {dag.py:2937} INFO - Creating ORM DAG for example_short_circuit_operator
[2023-10-29T12:48:53.673+0100] {logging_mixin.py:151} INFO - [2023-10-29T12:48:53.673+0100] {dag.py:3696} INFO - Setting next_dagrun for example_short_circuit_operator to 2023-10-28T11:48:53.673539+00:00, run_after=2023-10-29T11:48:53.673539+00:00
[2023-10-29T12:48:53.679+0100] {processor.py:179} INFO - Processing /Users/aymanehinane/Desktop/Airflow/py_env/lib/python3.11/site-packages/airflow/example_dags/example_short_circuit_operator.py took 0.344 seconds
[2023-10-29T12:50:16.690+0100] {processor.py:157} INFO - Started process (PID=75954) to work on /Users/aymanehinane/Desktop/Airflow/py_env/lib/python3.11/site-packages/airflow/example_dags/example_short_circuit_operator.py
[2023-10-29T12:50:16.691+0100] {processor.py:829} INFO - Processing file /Users/aymanehinane/Desktop/Airflow/py_env/lib/python3.11/site-packages/airflow/example_dags/example_short_circuit_operator.py for tasks to queue
[2023-10-29T12:50:16.691+0100] {logging_mixin.py:151} INFO - [2023-10-29T12:50:16.691+0100] {dagbag.py:539} INFO - Filling up the DagBag from /Users/aymanehinane/Desktop/Airflow/py_env/lib/python3.11/site-packages/airflow/example_dags/example_short_circuit_operator.py
[2023-10-29T12:50:16.710+0100] {processor.py:839} INFO - DAG(s) dict_keys(['example_short_circuit_operator']) retrieved from /Users/aymanehinane/Desktop/Airflow/py_env/lib/python3.11/site-packages/airflow/example_dags/example_short_circuit_operator.py
[2023-10-29T12:50:16.771+0100] {logging_mixin.py:151} INFO - [2023-10-29T12:50:16.771+0100] {dag.py:2915} INFO - Sync 1 DAGs
[2023-10-29T12:50:16.776+0100] {logging_mixin.py:151} INFO - [2023-10-29T12:50:16.776+0100] {dag.py:3696} INFO - Setting next_dagrun for example_short_circuit_operator to 2023-10-28T11:50:16.776388+00:00, run_after=2023-10-29T11:50:16.776388+00:00
[2023-10-29T12:50:16.785+0100] {processor.py:179} INFO - Processing /Users/aymanehinane/Desktop/Airflow/py_env/lib/python3.11/site-packages/airflow/example_dags/example_short_circuit_operator.py took 0.095 seconds
[2023-10-29T12:51:56.570+0100] {processor.py:157} INFO - Started process (PID=76137) to work on /Users/aymanehinane/Desktop/Airflow/py_env/lib/python3.11/site-packages/airflow/example_dags/example_short_circuit_operator.py
[2023-10-29T12:51:56.571+0100] {processor.py:829} INFO - Processing file /Users/aymanehinane/Desktop/Airflow/py_env/lib/python3.11/site-packages/airflow/example_dags/example_short_circuit_operator.py for tasks to queue
[2023-10-29T12:51:56.572+0100] {logging_mixin.py:151} INFO - [2023-10-29T12:51:56.572+0100] {dagbag.py:539} INFO - Filling up the DagBag from /Users/aymanehinane/Desktop/Airflow/py_env/lib/python3.11/site-packages/airflow/example_dags/example_short_circuit_operator.py
[2023-10-29T12:51:56.590+0100] {processor.py:839} INFO - DAG(s) dict_keys(['example_short_circuit_operator']) retrieved from /Users/aymanehinane/Desktop/Airflow/py_env/lib/python3.11/site-packages/airflow/example_dags/example_short_circuit_operator.py
[2023-10-29T12:51:56.647+0100] {logging_mixin.py:151} INFO - [2023-10-29T12:51:56.647+0100] {dag.py:2915} INFO - Sync 1 DAGs
[2023-10-29T12:51:56.652+0100] {logging_mixin.py:151} INFO - [2023-10-29T12:51:56.652+0100] {dag.py:3696} INFO - Setting next_dagrun for example_short_circuit_operator to 2023-10-28T11:51:56.652668+00:00, run_after=2023-10-29T11:51:56.652668+00:00
[2023-10-29T12:51:56.659+0100] {processor.py:179} INFO - Processing /Users/aymanehinane/Desktop/Airflow/py_env/lib/python3.11/site-packages/airflow/example_dags/example_short_circuit_operator.py took 0.090 seconds
[2023-10-29T12:53:21.758+0100] {processor.py:157} INFO - Started process (PID=76273) to work on /Users/aymanehinane/Desktop/Airflow/py_env/lib/python3.11/site-packages/airflow/example_dags/example_short_circuit_operator.py
[2023-10-29T12:53:21.760+0100] {processor.py:829} INFO - Processing file /Users/aymanehinane/Desktop/Airflow/py_env/lib/python3.11/site-packages/airflow/example_dags/example_short_circuit_operator.py for tasks to queue
[2023-10-29T12:53:21.760+0100] {logging_mixin.py:151} INFO - [2023-10-29T12:53:21.760+0100] {dagbag.py:539} INFO - Filling up the DagBag from /Users/aymanehinane/Desktop/Airflow/py_env/lib/python3.11/site-packages/airflow/example_dags/example_short_circuit_operator.py
[2023-10-29T12:53:21.776+0100] {processor.py:839} INFO - DAG(s) dict_keys(['example_short_circuit_operator']) retrieved from /Users/aymanehinane/Desktop/Airflow/py_env/lib/python3.11/site-packages/airflow/example_dags/example_short_circuit_operator.py
[2023-10-29T12:53:21.835+0100] {logging_mixin.py:151} INFO - [2023-10-29T12:53:21.835+0100] {dag.py:2915} INFO - Sync 1 DAGs
[2023-10-29T12:53:21.840+0100] {logging_mixin.py:151} INFO - [2023-10-29T12:53:21.840+0100] {dag.py:3696} INFO - Setting next_dagrun for example_short_circuit_operator to 2023-10-28T11:53:21.840623+00:00, run_after=2023-10-29T11:53:21.840623+00:00
[2023-10-29T12:53:21.847+0100] {processor.py:179} INFO - Processing /Users/aymanehinane/Desktop/Airflow/py_env/lib/python3.11/site-packages/airflow/example_dags/example_short_circuit_operator.py took 0.089 seconds
[2023-10-29T12:54:41.523+0100] {processor.py:157} INFO - Started process (PID=76397) to work on /Users/aymanehinane/Desktop/Airflow/py_env/lib/python3.11/site-packages/airflow/example_dags/example_short_circuit_operator.py
[2023-10-29T12:54:41.524+0100] {processor.py:829} INFO - Processing file /Users/aymanehinane/Desktop/Airflow/py_env/lib/python3.11/site-packages/airflow/example_dags/example_short_circuit_operator.py for tasks to queue
[2023-10-29T12:54:41.525+0100] {logging_mixin.py:151} INFO - [2023-10-29T12:54:41.524+0100] {dagbag.py:539} INFO - Filling up the DagBag from /Users/aymanehinane/Desktop/Airflow/py_env/lib/python3.11/site-packages/airflow/example_dags/example_short_circuit_operator.py
[2023-10-29T12:54:41.540+0100] {processor.py:839} INFO - DAG(s) dict_keys(['example_short_circuit_operator']) retrieved from /Users/aymanehinane/Desktop/Airflow/py_env/lib/python3.11/site-packages/airflow/example_dags/example_short_circuit_operator.py
[2023-10-29T12:54:41.611+0100] {logging_mixin.py:151} INFO - [2023-10-29T12:54:41.611+0100] {dag.py:2915} INFO - Sync 1 DAGs
[2023-10-29T12:54:41.616+0100] {logging_mixin.py:151} INFO - [2023-10-29T12:54:41.616+0100] {dag.py:3696} INFO - Setting next_dagrun for example_short_circuit_operator to 2023-10-28T11:54:41.616508+00:00, run_after=2023-10-29T11:54:41.616508+00:00
[2023-10-29T12:54:41.623+0100] {processor.py:179} INFO - Processing /Users/aymanehinane/Desktop/Airflow/py_env/lib/python3.11/site-packages/airflow/example_dags/example_short_circuit_operator.py took 0.100 seconds
[2023-10-29T12:56:02.221+0100] {processor.py:157} INFO - Started process (PID=76521) to work on /Users/aymanehinane/Desktop/Airflow/py_env/lib/python3.11/site-packages/airflow/example_dags/example_short_circuit_operator.py
[2023-10-29T12:56:02.221+0100] {processor.py:829} INFO - Processing file /Users/aymanehinane/Desktop/Airflow/py_env/lib/python3.11/site-packages/airflow/example_dags/example_short_circuit_operator.py for tasks to queue
[2023-10-29T12:56:02.221+0100] {logging_mixin.py:151} INFO - [2023-10-29T12:56:02.221+0100] {dagbag.py:539} INFO - Filling up the DagBag from /Users/aymanehinane/Desktop/Airflow/py_env/lib/python3.11/site-packages/airflow/example_dags/example_short_circuit_operator.py
[2023-10-29T12:56:02.238+0100] {processor.py:839} INFO - DAG(s) dict_keys(['example_short_circuit_operator']) retrieved from /Users/aymanehinane/Desktop/Airflow/py_env/lib/python3.11/site-packages/airflow/example_dags/example_short_circuit_operator.py
[2023-10-29T12:56:02.298+0100] {logging_mixin.py:151} INFO - [2023-10-29T12:56:02.297+0100] {dag.py:2915} INFO - Sync 1 DAGs
[2023-10-29T12:56:02.303+0100] {logging_mixin.py:151} INFO - [2023-10-29T12:56:02.303+0100] {dag.py:3696} INFO - Setting next_dagrun for example_short_circuit_operator to 2023-10-28T11:56:02.303153+00:00, run_after=2023-10-29T11:56:02.303153+00:00
[2023-10-29T12:56:02.310+0100] {processor.py:179} INFO - Processing /Users/aymanehinane/Desktop/Airflow/py_env/lib/python3.11/site-packages/airflow/example_dags/example_short_circuit_operator.py took 0.090 seconds
[2023-10-29T12:57:23.442+0100] {processor.py:157} INFO - Started process (PID=76689) to work on /Users/aymanehinane/Desktop/Airflow/py_env/lib/python3.11/site-packages/airflow/example_dags/example_short_circuit_operator.py
[2023-10-29T12:57:23.443+0100] {processor.py:829} INFO - Processing file /Users/aymanehinane/Desktop/Airflow/py_env/lib/python3.11/site-packages/airflow/example_dags/example_short_circuit_operator.py for tasks to queue
[2023-10-29T12:57:23.443+0100] {logging_mixin.py:151} INFO - [2023-10-29T12:57:23.443+0100] {dagbag.py:539} INFO - Filling up the DagBag from /Users/aymanehinane/Desktop/Airflow/py_env/lib/python3.11/site-packages/airflow/example_dags/example_short_circuit_operator.py
[2023-10-29T12:57:23.458+0100] {processor.py:839} INFO - DAG(s) dict_keys(['example_short_circuit_operator']) retrieved from /Users/aymanehinane/Desktop/Airflow/py_env/lib/python3.11/site-packages/airflow/example_dags/example_short_circuit_operator.py
[2023-10-29T12:57:23.517+0100] {logging_mixin.py:151} INFO - [2023-10-29T12:57:23.516+0100] {dag.py:2915} INFO - Sync 1 DAGs
[2023-10-29T12:57:23.522+0100] {logging_mixin.py:151} INFO - [2023-10-29T12:57:23.522+0100] {dag.py:3696} INFO - Setting next_dagrun for example_short_circuit_operator to 2023-10-28T11:57:23.522206+00:00, run_after=2023-10-29T11:57:23.522206+00:00
[2023-10-29T12:57:23.529+0100] {processor.py:179} INFO - Processing /Users/aymanehinane/Desktop/Airflow/py_env/lib/python3.11/site-packages/airflow/example_dags/example_short_circuit_operator.py took 0.087 seconds
[2023-10-29T12:58:43.005+0100] {processor.py:157} INFO - Started process (PID=76843) to work on /Users/aymanehinane/Desktop/Airflow/py_env/lib/python3.11/site-packages/airflow/example_dags/example_short_circuit_operator.py
[2023-10-29T12:58:43.006+0100] {processor.py:829} INFO - Processing file /Users/aymanehinane/Desktop/Airflow/py_env/lib/python3.11/site-packages/airflow/example_dags/example_short_circuit_operator.py for tasks to queue
[2023-10-29T12:58:43.006+0100] {logging_mixin.py:151} INFO - [2023-10-29T12:58:43.006+0100] {dagbag.py:539} INFO - Filling up the DagBag from /Users/aymanehinane/Desktop/Airflow/py_env/lib/python3.11/site-packages/airflow/example_dags/example_short_circuit_operator.py
[2023-10-29T12:58:43.021+0100] {processor.py:839} INFO - DAG(s) dict_keys(['example_short_circuit_operator']) retrieved from /Users/aymanehinane/Desktop/Airflow/py_env/lib/python3.11/site-packages/airflow/example_dags/example_short_circuit_operator.py
[2023-10-29T12:58:43.082+0100] {logging_mixin.py:151} INFO - [2023-10-29T12:58:43.082+0100] {dag.py:2915} INFO - Sync 1 DAGs
[2023-10-29T12:58:43.087+0100] {logging_mixin.py:151} INFO - [2023-10-29T12:58:43.087+0100] {dag.py:3696} INFO - Setting next_dagrun for example_short_circuit_operator to 2023-10-28T11:58:43.087674+00:00, run_after=2023-10-29T11:58:43.087674+00:00
[2023-10-29T12:58:43.094+0100] {processor.py:179} INFO - Processing /Users/aymanehinane/Desktop/Airflow/py_env/lib/python3.11/site-packages/airflow/example_dags/example_short_circuit_operator.py took 0.090 seconds
