[2023-10-29T12:49:22.363+0100] {processor.py:157} INFO - Started process (PID=75843) to work on /Users/aymanehinane/Desktop/Airflow/py_env/lib/python3.11/site-packages/airflow/example_dags/example_external_task_marker_dag.py
[2023-10-29T12:49:22.363+0100] {processor.py:829} INFO - Processing file /Users/aymanehinane/Desktop/Airflow/py_env/lib/python3.11/site-packages/airflow/example_dags/example_external_task_marker_dag.py for tasks to queue
[2023-10-29T12:49:22.364+0100] {logging_mixin.py:151} INFO - [2023-10-29T12:49:22.363+0100] {dagbag.py:539} INFO - Filling up the DagBag from /Users/aymanehinane/Desktop/Airflow/py_env/lib/python3.11/site-packages/airflow/example_dags/example_external_task_marker_dag.py
[2023-10-29T12:49:22.378+0100] {processor.py:839} INFO - DAG(s) dict_keys(['example_external_task_marker_parent', 'example_external_task_marker_child']) retrieved from /Users/aymanehinane/Desktop/Airflow/py_env/lib/python3.11/site-packages/airflow/example_dags/example_external_task_marker_dag.py
[2023-10-29T12:49:22.697+0100] {logging_mixin.py:151} INFO - [2023-10-29T12:49:22.697+0100] {manager.py:499} INFO - Created Permission View: %s
[2023-10-29T12:49:22.701+0100] {logging_mixin.py:151} INFO - [2023-10-29T12:49:22.701+0100] {manager.py:499} INFO - Created Permission View: %s
[2023-10-29T12:49:22.704+0100] {logging_mixin.py:151} INFO - [2023-10-29T12:49:22.704+0100] {manager.py:499} INFO - Created Permission View: %s
[2023-10-29T12:49:22.704+0100] {logging_mixin.py:151} INFO - [2023-10-29T12:49:22.704+0100] {security.py:708} INFO - Not syncing DAG-level permissions for DAG 'DAG:example_external_task_marker_parent' as access control is unset.
[2023-10-29T12:49:22.713+0100] {logging_mixin.py:151} INFO - [2023-10-29T12:49:22.713+0100] {manager.py:499} INFO - Created Permission View: %s
[2023-10-29T12:49:22.715+0100] {logging_mixin.py:151} INFO - [2023-10-29T12:49:22.715+0100] {manager.py:499} INFO - Created Permission View: %s
[2023-10-29T12:49:22.717+0100] {logging_mixin.py:151} INFO - [2023-10-29T12:49:22.717+0100] {manager.py:499} INFO - Created Permission View: %s
[2023-10-29T12:49:22.717+0100] {logging_mixin.py:151} INFO - [2023-10-29T12:49:22.717+0100] {security.py:708} INFO - Not syncing DAG-level permissions for DAG 'DAG:example_external_task_marker_child' as access control is unset.
[2023-10-29T12:49:22.718+0100] {logging_mixin.py:151} INFO - [2023-10-29T12:49:22.717+0100] {dag.py:2915} INFO - Sync 2 DAGs
[2023-10-29T12:49:22.721+0100] {logging_mixin.py:151} INFO - [2023-10-29T12:49:22.721+0100] {dag.py:2937} INFO - Creating ORM DAG for example_external_task_marker_child
[2023-10-29T12:49:22.721+0100] {logging_mixin.py:151} INFO - [2023-10-29T12:49:22.721+0100] {dag.py:2937} INFO - Creating ORM DAG for example_external_task_marker_parent
[2023-10-29T12:49:22.722+0100] {logging_mixin.py:151} INFO - [2023-10-29T12:49:22.722+0100] {dag.py:3696} INFO - Setting next_dagrun for example_external_task_marker_child to None, run_after=None
[2023-10-29T12:49:22.722+0100] {logging_mixin.py:151} INFO - [2023-10-29T12:49:22.722+0100] {dag.py:3696} INFO - Setting next_dagrun for example_external_task_marker_parent to None, run_after=None
[2023-10-29T12:49:22.729+0100] {processor.py:179} INFO - Processing /Users/aymanehinane/Desktop/Airflow/py_env/lib/python3.11/site-packages/airflow/example_dags/example_external_task_marker_dag.py took 0.366 seconds
[2023-10-29T12:51:12.616+0100] {processor.py:157} INFO - Started process (PID=76066) to work on /Users/aymanehinane/Desktop/Airflow/py_env/lib/python3.11/site-packages/airflow/example_dags/example_external_task_marker_dag.py
[2023-10-29T12:51:12.617+0100] {processor.py:829} INFO - Processing file /Users/aymanehinane/Desktop/Airflow/py_env/lib/python3.11/site-packages/airflow/example_dags/example_external_task_marker_dag.py for tasks to queue
[2023-10-29T12:51:12.617+0100] {logging_mixin.py:151} INFO - [2023-10-29T12:51:12.617+0100] {dagbag.py:539} INFO - Filling up the DagBag from /Users/aymanehinane/Desktop/Airflow/py_env/lib/python3.11/site-packages/airflow/example_dags/example_external_task_marker_dag.py
[2023-10-29T12:51:12.635+0100] {processor.py:839} INFO - DAG(s) dict_keys(['example_external_task_marker_child', 'example_external_task_marker_parent']) retrieved from /Users/aymanehinane/Desktop/Airflow/py_env/lib/python3.11/site-packages/airflow/example_dags/example_external_task_marker_dag.py
[2023-10-29T12:51:12.697+0100] {logging_mixin.py:151} INFO - [2023-10-29T12:51:12.697+0100] {dag.py:2915} INFO - Sync 2 DAGs
[2023-10-29T12:51:12.701+0100] {logging_mixin.py:151} INFO - [2023-10-29T12:51:12.700+0100] {dag.py:3696} INFO - Setting next_dagrun for example_external_task_marker_child to None, run_after=None
[2023-10-29T12:51:12.702+0100] {logging_mixin.py:151} INFO - [2023-10-29T12:51:12.702+0100] {dag.py:3696} INFO - Setting next_dagrun for example_external_task_marker_parent to None, run_after=None
[2023-10-29T12:51:12.708+0100] {processor.py:179} INFO - Processing /Users/aymanehinane/Desktop/Airflow/py_env/lib/python3.11/site-packages/airflow/example_dags/example_external_task_marker_dag.py took 0.093 seconds
[2023-10-29T12:52:40.226+0100] {processor.py:157} INFO - Started process (PID=76210) to work on /Users/aymanehinane/Desktop/Airflow/py_env/lib/python3.11/site-packages/airflow/example_dags/example_external_task_marker_dag.py
[2023-10-29T12:52:40.227+0100] {processor.py:829} INFO - Processing file /Users/aymanehinane/Desktop/Airflow/py_env/lib/python3.11/site-packages/airflow/example_dags/example_external_task_marker_dag.py for tasks to queue
[2023-10-29T12:52:40.227+0100] {logging_mixin.py:151} INFO - [2023-10-29T12:52:40.227+0100] {dagbag.py:539} INFO - Filling up the DagBag from /Users/aymanehinane/Desktop/Airflow/py_env/lib/python3.11/site-packages/airflow/example_dags/example_external_task_marker_dag.py
[2023-10-29T12:52:40.238+0100] {processor.py:839} INFO - DAG(s) dict_keys(['example_external_task_marker_parent', 'example_external_task_marker_child']) retrieved from /Users/aymanehinane/Desktop/Airflow/py_env/lib/python3.11/site-packages/airflow/example_dags/example_external_task_marker_dag.py
[2023-10-29T12:52:40.298+0100] {logging_mixin.py:151} INFO - [2023-10-29T12:52:40.298+0100] {dag.py:2915} INFO - Sync 2 DAGs
[2023-10-29T12:52:40.301+0100] {logging_mixin.py:151} INFO - [2023-10-29T12:52:40.301+0100] {dag.py:3696} INFO - Setting next_dagrun for example_external_task_marker_child to None, run_after=None
[2023-10-29T12:52:40.302+0100] {logging_mixin.py:151} INFO - [2023-10-29T12:52:40.302+0100] {dag.py:3696} INFO - Setting next_dagrun for example_external_task_marker_parent to None, run_after=None
[2023-10-29T12:52:40.308+0100] {processor.py:179} INFO - Processing /Users/aymanehinane/Desktop/Airflow/py_env/lib/python3.11/site-packages/airflow/example_dags/example_external_task_marker_dag.py took 0.082 seconds
[2023-10-29T12:53:59.257+0100] {processor.py:157} INFO - Started process (PID=76331) to work on /Users/aymanehinane/Desktop/Airflow/py_env/lib/python3.11/site-packages/airflow/example_dags/example_external_task_marker_dag.py
[2023-10-29T12:53:59.258+0100] {processor.py:829} INFO - Processing file /Users/aymanehinane/Desktop/Airflow/py_env/lib/python3.11/site-packages/airflow/example_dags/example_external_task_marker_dag.py for tasks to queue
[2023-10-29T12:53:59.258+0100] {logging_mixin.py:151} INFO - [2023-10-29T12:53:59.258+0100] {dagbag.py:539} INFO - Filling up the DagBag from /Users/aymanehinane/Desktop/Airflow/py_env/lib/python3.11/site-packages/airflow/example_dags/example_external_task_marker_dag.py
[2023-10-29T12:53:59.270+0100] {processor.py:839} INFO - DAG(s) dict_keys(['example_external_task_marker_parent', 'example_external_task_marker_child']) retrieved from /Users/aymanehinane/Desktop/Airflow/py_env/lib/python3.11/site-packages/airflow/example_dags/example_external_task_marker_dag.py
[2023-10-29T12:53:59.329+0100] {logging_mixin.py:151} INFO - [2023-10-29T12:53:59.329+0100] {dag.py:2915} INFO - Sync 2 DAGs
[2023-10-29T12:53:59.332+0100] {logging_mixin.py:151} INFO - [2023-10-29T12:53:59.332+0100] {dag.py:3696} INFO - Setting next_dagrun for example_external_task_marker_child to None, run_after=None
[2023-10-29T12:53:59.333+0100] {logging_mixin.py:151} INFO - [2023-10-29T12:53:59.333+0100] {dag.py:3696} INFO - Setting next_dagrun for example_external_task_marker_parent to None, run_after=None
[2023-10-29T12:53:59.339+0100] {processor.py:179} INFO - Processing /Users/aymanehinane/Desktop/Airflow/py_env/lib/python3.11/site-packages/airflow/example_dags/example_external_task_marker_dag.py took 0.082 seconds
[2023-10-29T12:55:18.554+0100] {processor.py:157} INFO - Started process (PID=76452) to work on /Users/aymanehinane/Desktop/Airflow/py_env/lib/python3.11/site-packages/airflow/example_dags/example_external_task_marker_dag.py
[2023-10-29T12:55:18.555+0100] {processor.py:829} INFO - Processing file /Users/aymanehinane/Desktop/Airflow/py_env/lib/python3.11/site-packages/airflow/example_dags/example_external_task_marker_dag.py for tasks to queue
[2023-10-29T12:55:18.555+0100] {logging_mixin.py:151} INFO - [2023-10-29T12:55:18.555+0100] {dagbag.py:539} INFO - Filling up the DagBag from /Users/aymanehinane/Desktop/Airflow/py_env/lib/python3.11/site-packages/airflow/example_dags/example_external_task_marker_dag.py
[2023-10-29T12:55:18.566+0100] {processor.py:839} INFO - DAG(s) dict_keys(['example_external_task_marker_parent', 'example_external_task_marker_child']) retrieved from /Users/aymanehinane/Desktop/Airflow/py_env/lib/python3.11/site-packages/airflow/example_dags/example_external_task_marker_dag.py
[2023-10-29T12:55:18.626+0100] {logging_mixin.py:151} INFO - [2023-10-29T12:55:18.626+0100] {dag.py:2915} INFO - Sync 2 DAGs
[2023-10-29T12:55:18.629+0100] {logging_mixin.py:151} INFO - [2023-10-29T12:55:18.629+0100] {dag.py:3696} INFO - Setting next_dagrun for example_external_task_marker_child to None, run_after=None
[2023-10-29T12:55:18.630+0100] {logging_mixin.py:151} INFO - [2023-10-29T12:55:18.630+0100] {dag.py:3696} INFO - Setting next_dagrun for example_external_task_marker_parent to None, run_after=None
[2023-10-29T12:55:18.636+0100] {processor.py:179} INFO - Processing /Users/aymanehinane/Desktop/Airflow/py_env/lib/python3.11/site-packages/airflow/example_dags/example_external_task_marker_dag.py took 0.083 seconds
[2023-10-29T12:56:42.998+0100] {processor.py:157} INFO - Started process (PID=76585) to work on /Users/aymanehinane/Desktop/Airflow/py_env/lib/python3.11/site-packages/airflow/example_dags/example_external_task_marker_dag.py
[2023-10-29T12:56:42.999+0100] {processor.py:829} INFO - Processing file /Users/aymanehinane/Desktop/Airflow/py_env/lib/python3.11/site-packages/airflow/example_dags/example_external_task_marker_dag.py for tasks to queue
[2023-10-29T12:56:42.999+0100] {logging_mixin.py:151} INFO - [2023-10-29T12:56:42.999+0100] {dagbag.py:539} INFO - Filling up the DagBag from /Users/aymanehinane/Desktop/Airflow/py_env/lib/python3.11/site-packages/airflow/example_dags/example_external_task_marker_dag.py
[2023-10-29T12:56:43.012+0100] {processor.py:839} INFO - DAG(s) dict_keys(['example_external_task_marker_parent', 'example_external_task_marker_child']) retrieved from /Users/aymanehinane/Desktop/Airflow/py_env/lib/python3.11/site-packages/airflow/example_dags/example_external_task_marker_dag.py
[2023-10-29T12:56:43.082+0100] {logging_mixin.py:151} INFO - [2023-10-29T12:56:43.082+0100] {dag.py:2915} INFO - Sync 2 DAGs
[2023-10-29T12:56:43.086+0100] {logging_mixin.py:151} INFO - [2023-10-29T12:56:43.086+0100] {dag.py:3696} INFO - Setting next_dagrun for example_external_task_marker_child to None, run_after=None
[2023-10-29T12:56:43.087+0100] {logging_mixin.py:151} INFO - [2023-10-29T12:56:43.087+0100] {dag.py:3696} INFO - Setting next_dagrun for example_external_task_marker_parent to None, run_after=None
[2023-10-29T12:56:43.093+0100] {processor.py:179} INFO - Processing /Users/aymanehinane/Desktop/Airflow/py_env/lib/python3.11/site-packages/airflow/example_dags/example_external_task_marker_dag.py took 0.096 seconds
[2023-10-29T12:58:01.499+0100] {processor.py:157} INFO - Started process (PID=76767) to work on /Users/aymanehinane/Desktop/Airflow/py_env/lib/python3.11/site-packages/airflow/example_dags/example_external_task_marker_dag.py
[2023-10-29T12:58:01.500+0100] {processor.py:829} INFO - Processing file /Users/aymanehinane/Desktop/Airflow/py_env/lib/python3.11/site-packages/airflow/example_dags/example_external_task_marker_dag.py for tasks to queue
[2023-10-29T12:58:01.500+0100] {logging_mixin.py:151} INFO - [2023-10-29T12:58:01.500+0100] {dagbag.py:539} INFO - Filling up the DagBag from /Users/aymanehinane/Desktop/Airflow/py_env/lib/python3.11/site-packages/airflow/example_dags/example_external_task_marker_dag.py
[2023-10-29T12:58:01.511+0100] {processor.py:839} INFO - DAG(s) dict_keys(['example_external_task_marker_parent', 'example_external_task_marker_child']) retrieved from /Users/aymanehinane/Desktop/Airflow/py_env/lib/python3.11/site-packages/airflow/example_dags/example_external_task_marker_dag.py
[2023-10-29T12:58:01.573+0100] {logging_mixin.py:151} INFO - [2023-10-29T12:58:01.573+0100] {dag.py:2915} INFO - Sync 2 DAGs
[2023-10-29T12:58:01.576+0100] {logging_mixin.py:151} INFO - [2023-10-29T12:58:01.576+0100] {dag.py:3696} INFO - Setting next_dagrun for example_external_task_marker_child to None, run_after=None
[2023-10-29T12:58:01.577+0100] {logging_mixin.py:151} INFO - [2023-10-29T12:58:01.577+0100] {dag.py:3696} INFO - Setting next_dagrun for example_external_task_marker_parent to None, run_after=None
[2023-10-29T12:58:01.586+0100] {processor.py:179} INFO - Processing /Users/aymanehinane/Desktop/Airflow/py_env/lib/python3.11/site-packages/airflow/example_dags/example_external_task_marker_dag.py took 0.088 seconds
[2023-10-29T12:59:20.721+0100] {processor.py:157} INFO - Started process (PID=76915) to work on /Users/aymanehinane/Desktop/Airflow/py_env/lib/python3.11/site-packages/airflow/example_dags/example_external_task_marker_dag.py
[2023-10-29T12:59:20.722+0100] {processor.py:829} INFO - Processing file /Users/aymanehinane/Desktop/Airflow/py_env/lib/python3.11/site-packages/airflow/example_dags/example_external_task_marker_dag.py for tasks to queue
[2023-10-29T12:59:20.723+0100] {logging_mixin.py:151} INFO - [2023-10-29T12:59:20.722+0100] {dagbag.py:539} INFO - Filling up the DagBag from /Users/aymanehinane/Desktop/Airflow/py_env/lib/python3.11/site-packages/airflow/example_dags/example_external_task_marker_dag.py
[2023-10-29T12:59:20.733+0100] {processor.py:839} INFO - DAG(s) dict_keys(['example_external_task_marker_parent', 'example_external_task_marker_child']) retrieved from /Users/aymanehinane/Desktop/Airflow/py_env/lib/python3.11/site-packages/airflow/example_dags/example_external_task_marker_dag.py
[2023-10-29T12:59:20.793+0100] {logging_mixin.py:151} INFO - [2023-10-29T12:59:20.792+0100] {dag.py:2915} INFO - Sync 2 DAGs
[2023-10-29T12:59:20.795+0100] {logging_mixin.py:151} INFO - [2023-10-29T12:59:20.795+0100] {dag.py:3696} INFO - Setting next_dagrun for example_external_task_marker_child to None, run_after=None
[2023-10-29T12:59:20.796+0100] {logging_mixin.py:151} INFO - [2023-10-29T12:59:20.796+0100] {dag.py:3696} INFO - Setting next_dagrun for example_external_task_marker_parent to None, run_after=None
[2023-10-29T12:59:20.802+0100] {processor.py:179} INFO - Processing /Users/aymanehinane/Desktop/Airflow/py_env/lib/python3.11/site-packages/airflow/example_dags/example_external_task_marker_dag.py took 0.081 seconds
