[2023-10-29T12:49:11.375+0100] {processor.py:157} INFO - Started process (PID=75829) to work on /Users/aymanehinane/Desktop/Airflow/py_env/lib/python3.11/site-packages/airflow/example_dags/example_params_trigger_ui.py
[2023-10-29T12:49:11.376+0100] {processor.py:829} INFO - Processing file /Users/aymanehinane/Desktop/Airflow/py_env/lib/python3.11/site-packages/airflow/example_dags/example_params_trigger_ui.py for tasks to queue
[2023-10-29T12:49:11.376+0100] {logging_mixin.py:151} INFO - [2023-10-29T12:49:11.376+0100] {dagbag.py:539} INFO - Filling up the DagBag from /Users/aymanehinane/Desktop/Airflow/py_env/lib/python3.11/site-packages/airflow/example_dags/example_params_trigger_ui.py
[2023-10-29T12:49:11.414+0100] {processor.py:839} INFO - DAG(s) dict_keys(['example_params_trigger_ui']) retrieved from /Users/aymanehinane/Desktop/Airflow/py_env/lib/python3.11/site-packages/airflow/example_dags/example_params_trigger_ui.py
[2023-10-29T12:49:11.743+0100] {logging_mixin.py:151} INFO - [2023-10-29T12:49:11.743+0100] {manager.py:499} INFO - Created Permission View: %s
[2023-10-29T12:49:11.748+0100] {logging_mixin.py:151} INFO - [2023-10-29T12:49:11.748+0100] {manager.py:499} INFO - Created Permission View: %s
[2023-10-29T12:49:11.751+0100] {logging_mixin.py:151} INFO - [2023-10-29T12:49:11.751+0100] {manager.py:499} INFO - Created Permission View: %s
[2023-10-29T12:49:11.751+0100] {logging_mixin.py:151} INFO - [2023-10-29T12:49:11.751+0100] {security.py:708} INFO - Not syncing DAG-level permissions for DAG 'DAG:example_params_trigger_ui' as access control is unset.
[2023-10-29T12:49:11.751+0100] {logging_mixin.py:151} INFO - [2023-10-29T12:49:11.751+0100] {dag.py:2915} INFO - Sync 1 DAGs
[2023-10-29T12:49:11.755+0100] {logging_mixin.py:151} INFO - [2023-10-29T12:49:11.755+0100] {dag.py:2937} INFO - Creating ORM DAG for example_params_trigger_ui
[2023-10-29T12:49:11.755+0100] {logging_mixin.py:151} INFO - [2023-10-29T12:49:11.755+0100] {dag.py:3696} INFO - Setting next_dagrun for example_params_trigger_ui to None, run_after=None
[2023-10-29T12:49:11.763+0100] {processor.py:179} INFO - Processing /Users/aymanehinane/Desktop/Airflow/py_env/lib/python3.11/site-packages/airflow/example_dags/example_params_trigger_ui.py took 0.388 seconds
[2023-10-29T12:50:38.038+0100] {processor.py:157} INFO - Started process (PID=76008) to work on /Users/aymanehinane/Desktop/Airflow/py_env/lib/python3.11/site-packages/airflow/example_dags/example_params_trigger_ui.py
[2023-10-29T12:50:38.039+0100] {processor.py:829} INFO - Processing file /Users/aymanehinane/Desktop/Airflow/py_env/lib/python3.11/site-packages/airflow/example_dags/example_params_trigger_ui.py for tasks to queue
[2023-10-29T12:50:38.039+0100] {logging_mixin.py:151} INFO - [2023-10-29T12:50:38.039+0100] {dagbag.py:539} INFO - Filling up the DagBag from /Users/aymanehinane/Desktop/Airflow/py_env/lib/python3.11/site-packages/airflow/example_dags/example_params_trigger_ui.py
[2023-10-29T12:50:38.078+0100] {processor.py:839} INFO - DAG(s) dict_keys(['example_params_trigger_ui']) retrieved from /Users/aymanehinane/Desktop/Airflow/py_env/lib/python3.11/site-packages/airflow/example_dags/example_params_trigger_ui.py
[2023-10-29T12:50:38.128+0100] {logging_mixin.py:151} INFO - [2023-10-29T12:50:38.128+0100] {dag.py:2915} INFO - Sync 1 DAGs
[2023-10-29T12:50:38.134+0100] {logging_mixin.py:151} INFO - [2023-10-29T12:50:38.133+0100] {dag.py:3696} INFO - Setting next_dagrun for example_params_trigger_ui to None, run_after=None
[2023-10-29T12:50:38.144+0100] {processor.py:179} INFO - Processing /Users/aymanehinane/Desktop/Airflow/py_env/lib/python3.11/site-packages/airflow/example_dags/example_params_trigger_ui.py took 0.106 seconds
[2023-10-29T12:52:11.670+0100] {processor.py:157} INFO - Started process (PID=76164) to work on /Users/aymanehinane/Desktop/Airflow/py_env/lib/python3.11/site-packages/airflow/example_dags/example_params_trigger_ui.py
[2023-10-29T12:52:11.671+0100] {processor.py:829} INFO - Processing file /Users/aymanehinane/Desktop/Airflow/py_env/lib/python3.11/site-packages/airflow/example_dags/example_params_trigger_ui.py for tasks to queue
[2023-10-29T12:52:11.671+0100] {logging_mixin.py:151} INFO - [2023-10-29T12:52:11.671+0100] {dagbag.py:539} INFO - Filling up the DagBag from /Users/aymanehinane/Desktop/Airflow/py_env/lib/python3.11/site-packages/airflow/example_dags/example_params_trigger_ui.py
[2023-10-29T12:52:11.708+0100] {processor.py:839} INFO - DAG(s) dict_keys(['example_params_trigger_ui']) retrieved from /Users/aymanehinane/Desktop/Airflow/py_env/lib/python3.11/site-packages/airflow/example_dags/example_params_trigger_ui.py
[2023-10-29T12:52:11.755+0100] {logging_mixin.py:151} INFO - [2023-10-29T12:52:11.755+0100] {dag.py:2915} INFO - Sync 1 DAGs
[2023-10-29T12:52:11.758+0100] {logging_mixin.py:151} INFO - [2023-10-29T12:52:11.758+0100] {dag.py:3696} INFO - Setting next_dagrun for example_params_trigger_ui to None, run_after=None
[2023-10-29T12:52:11.765+0100] {processor.py:179} INFO - Processing /Users/aymanehinane/Desktop/Airflow/py_env/lib/python3.11/site-packages/airflow/example_dags/example_params_trigger_ui.py took 0.096 seconds
[2023-10-29T12:53:34.749+0100] {processor.py:157} INFO - Started process (PID=76295) to work on /Users/aymanehinane/Desktop/Airflow/py_env/lib/python3.11/site-packages/airflow/example_dags/example_params_trigger_ui.py
[2023-10-29T12:53:34.750+0100] {processor.py:829} INFO - Processing file /Users/aymanehinane/Desktop/Airflow/py_env/lib/python3.11/site-packages/airflow/example_dags/example_params_trigger_ui.py for tasks to queue
[2023-10-29T12:53:34.750+0100] {logging_mixin.py:151} INFO - [2023-10-29T12:53:34.750+0100] {dagbag.py:539} INFO - Filling up the DagBag from /Users/aymanehinane/Desktop/Airflow/py_env/lib/python3.11/site-packages/airflow/example_dags/example_params_trigger_ui.py
[2023-10-29T12:53:34.787+0100] {processor.py:839} INFO - DAG(s) dict_keys(['example_params_trigger_ui']) retrieved from /Users/aymanehinane/Desktop/Airflow/py_env/lib/python3.11/site-packages/airflow/example_dags/example_params_trigger_ui.py
[2023-10-29T12:53:34.833+0100] {logging_mixin.py:151} INFO - [2023-10-29T12:53:34.833+0100] {dag.py:2915} INFO - Sync 1 DAGs
[2023-10-29T12:53:34.837+0100] {logging_mixin.py:151} INFO - [2023-10-29T12:53:34.837+0100] {dag.py:3696} INFO - Setting next_dagrun for example_params_trigger_ui to None, run_after=None
[2023-10-29T12:53:34.843+0100] {processor.py:179} INFO - Processing /Users/aymanehinane/Desktop/Airflow/py_env/lib/python3.11/site-packages/airflow/example_dags/example_params_trigger_ui.py took 0.095 seconds
[2023-10-29T12:54:54.526+0100] {processor.py:157} INFO - Started process (PID=76416) to work on /Users/aymanehinane/Desktop/Airflow/py_env/lib/python3.11/site-packages/airflow/example_dags/example_params_trigger_ui.py
[2023-10-29T12:54:54.527+0100] {processor.py:829} INFO - Processing file /Users/aymanehinane/Desktop/Airflow/py_env/lib/python3.11/site-packages/airflow/example_dags/example_params_trigger_ui.py for tasks to queue
[2023-10-29T12:54:54.527+0100] {logging_mixin.py:151} INFO - [2023-10-29T12:54:54.527+0100] {dagbag.py:539} INFO - Filling up the DagBag from /Users/aymanehinane/Desktop/Airflow/py_env/lib/python3.11/site-packages/airflow/example_dags/example_params_trigger_ui.py
[2023-10-29T12:54:54.564+0100] {processor.py:839} INFO - DAG(s) dict_keys(['example_params_trigger_ui']) retrieved from /Users/aymanehinane/Desktop/Airflow/py_env/lib/python3.11/site-packages/airflow/example_dags/example_params_trigger_ui.py
[2023-10-29T12:54:54.611+0100] {logging_mixin.py:151} INFO - [2023-10-29T12:54:54.611+0100] {dag.py:2915} INFO - Sync 1 DAGs
[2023-10-29T12:54:54.614+0100] {logging_mixin.py:151} INFO - [2023-10-29T12:54:54.614+0100] {dag.py:3696} INFO - Setting next_dagrun for example_params_trigger_ui to None, run_after=None
[2023-10-29T12:54:54.621+0100] {processor.py:179} INFO - Processing /Users/aymanehinane/Desktop/Airflow/py_env/lib/python3.11/site-packages/airflow/example_dags/example_params_trigger_ui.py took 0.095 seconds
[2023-10-29T12:56:16.262+0100] {processor.py:157} INFO - Started process (PID=76542) to work on /Users/aymanehinane/Desktop/Airflow/py_env/lib/python3.11/site-packages/airflow/example_dags/example_params_trigger_ui.py
[2023-10-29T12:56:16.264+0100] {processor.py:829} INFO - Processing file /Users/aymanehinane/Desktop/Airflow/py_env/lib/python3.11/site-packages/airflow/example_dags/example_params_trigger_ui.py for tasks to queue
[2023-10-29T12:56:16.264+0100] {logging_mixin.py:151} INFO - [2023-10-29T12:56:16.264+0100] {dagbag.py:539} INFO - Filling up the DagBag from /Users/aymanehinane/Desktop/Airflow/py_env/lib/python3.11/site-packages/airflow/example_dags/example_params_trigger_ui.py
[2023-10-29T12:56:16.301+0100] {processor.py:839} INFO - DAG(s) dict_keys(['example_params_trigger_ui']) retrieved from /Users/aymanehinane/Desktop/Airflow/py_env/lib/python3.11/site-packages/airflow/example_dags/example_params_trigger_ui.py
[2023-10-29T12:56:16.347+0100] {logging_mixin.py:151} INFO - [2023-10-29T12:56:16.347+0100] {dag.py:2915} INFO - Sync 1 DAGs
[2023-10-29T12:56:16.351+0100] {logging_mixin.py:151} INFO - [2023-10-29T12:56:16.350+0100] {dag.py:3696} INFO - Setting next_dagrun for example_params_trigger_ui to None, run_after=None
[2023-10-29T12:56:16.358+0100] {processor.py:179} INFO - Processing /Users/aymanehinane/Desktop/Airflow/py_env/lib/python3.11/site-packages/airflow/example_dags/example_params_trigger_ui.py took 0.096 seconds
[2023-10-29T12:57:36.634+0100] {processor.py:157} INFO - Started process (PID=76721) to work on /Users/aymanehinane/Desktop/Airflow/py_env/lib/python3.11/site-packages/airflow/example_dags/example_params_trigger_ui.py
[2023-10-29T12:57:36.635+0100] {processor.py:829} INFO - Processing file /Users/aymanehinane/Desktop/Airflow/py_env/lib/python3.11/site-packages/airflow/example_dags/example_params_trigger_ui.py for tasks to queue
[2023-10-29T12:57:36.635+0100] {logging_mixin.py:151} INFO - [2023-10-29T12:57:36.635+0100] {dagbag.py:539} INFO - Filling up the DagBag from /Users/aymanehinane/Desktop/Airflow/py_env/lib/python3.11/site-packages/airflow/example_dags/example_params_trigger_ui.py
[2023-10-29T12:57:36.674+0100] {processor.py:839} INFO - DAG(s) dict_keys(['example_params_trigger_ui']) retrieved from /Users/aymanehinane/Desktop/Airflow/py_env/lib/python3.11/site-packages/airflow/example_dags/example_params_trigger_ui.py
[2023-10-29T12:57:36.724+0100] {logging_mixin.py:151} INFO - [2023-10-29T12:57:36.724+0100] {dag.py:2915} INFO - Sync 1 DAGs
[2023-10-29T12:57:36.728+0100] {logging_mixin.py:151} INFO - [2023-10-29T12:57:36.728+0100] {dag.py:3696} INFO - Setting next_dagrun for example_params_trigger_ui to None, run_after=None
[2023-10-29T12:57:36.735+0100] {processor.py:179} INFO - Processing /Users/aymanehinane/Desktop/Airflow/py_env/lib/python3.11/site-packages/airflow/example_dags/example_params_trigger_ui.py took 0.101 seconds
[2023-10-29T12:58:56.079+0100] {processor.py:157} INFO - Started process (PID=76873) to work on /Users/aymanehinane/Desktop/Airflow/py_env/lib/python3.11/site-packages/airflow/example_dags/example_params_trigger_ui.py
[2023-10-29T12:58:56.080+0100] {processor.py:829} INFO - Processing file /Users/aymanehinane/Desktop/Airflow/py_env/lib/python3.11/site-packages/airflow/example_dags/example_params_trigger_ui.py for tasks to queue
[2023-10-29T12:58:56.080+0100] {logging_mixin.py:151} INFO - [2023-10-29T12:58:56.080+0100] {dagbag.py:539} INFO - Filling up the DagBag from /Users/aymanehinane/Desktop/Airflow/py_env/lib/python3.11/site-packages/airflow/example_dags/example_params_trigger_ui.py
[2023-10-29T12:58:56.118+0100] {processor.py:839} INFO - DAG(s) dict_keys(['example_params_trigger_ui']) retrieved from /Users/aymanehinane/Desktop/Airflow/py_env/lib/python3.11/site-packages/airflow/example_dags/example_params_trigger_ui.py
[2023-10-29T12:58:56.166+0100] {logging_mixin.py:151} INFO - [2023-10-29T12:58:56.165+0100] {dag.py:2915} INFO - Sync 1 DAGs
[2023-10-29T12:58:56.169+0100] {logging_mixin.py:151} INFO - [2023-10-29T12:58:56.169+0100] {dag.py:3696} INFO - Setting next_dagrun for example_params_trigger_ui to None, run_after=None
[2023-10-29T12:58:56.176+0100] {processor.py:179} INFO - Processing /Users/aymanehinane/Desktop/Airflow/py_env/lib/python3.11/site-packages/airflow/example_dags/example_params_trigger_ui.py took 0.097 seconds
