[2023-10-29T12:49:44.661+0100] {processor.py:157} INFO - Started process (PID=75880) to work on /Users/aymanehinane/Desktop/Airflow/py_env/lib/python3.11/site-packages/airflow/example_dags/example_branch_datetime_operator.py
[2023-10-29T12:49:44.661+0100] {processor.py:829} INFO - Processing file /Users/aymanehinane/Desktop/Airflow/py_env/lib/python3.11/site-packages/airflow/example_dags/example_branch_datetime_operator.py for tasks to queue
[2023-10-29T12:49:44.662+0100] {logging_mixin.py:151} INFO - [2023-10-29T12:49:44.662+0100] {dagbag.py:539} INFO - Filling up the DagBag from /Users/aymanehinane/Desktop/Airflow/py_env/lib/python3.11/site-packages/airflow/example_dags/example_branch_datetime_operator.py
[2023-10-29T12:49:44.676+0100] {processor.py:839} INFO - DAG(s) dict_keys(['example_branch_datetime_operator_2', 'example_branch_datetime_operator', 'example_branch_datetime_operator_3']) retrieved from /Users/aymanehinane/Desktop/Airflow/py_env/lib/python3.11/site-packages/airflow/example_dags/example_branch_datetime_operator.py
[2023-10-29T12:49:45.020+0100] {logging_mixin.py:151} INFO - [2023-10-29T12:49:45.020+0100] {manager.py:499} INFO - Created Permission View: %s
[2023-10-29T12:49:45.024+0100] {logging_mixin.py:151} INFO - [2023-10-29T12:49:45.024+0100] {manager.py:499} INFO - Created Permission View: %s
[2023-10-29T12:49:45.026+0100] {logging_mixin.py:151} INFO - [2023-10-29T12:49:45.026+0100] {manager.py:499} INFO - Created Permission View: %s
[2023-10-29T12:49:45.026+0100] {logging_mixin.py:151} INFO - [2023-10-29T12:49:45.026+0100] {security.py:708} INFO - Not syncing DAG-level permissions for DAG 'DAG:example_branch_datetime_operator_2' as access control is unset.
[2023-10-29T12:49:45.030+0100] {logging_mixin.py:151} INFO - [2023-10-29T12:49:45.030+0100] {manager.py:499} INFO - Created Permission View: %s
[2023-10-29T12:49:45.032+0100] {logging_mixin.py:151} INFO - [2023-10-29T12:49:45.032+0100] {manager.py:499} INFO - Created Permission View: %s
[2023-10-29T12:49:45.034+0100] {logging_mixin.py:151} INFO - [2023-10-29T12:49:45.034+0100] {manager.py:499} INFO - Created Permission View: %s
[2023-10-29T12:49:45.034+0100] {logging_mixin.py:151} INFO - [2023-10-29T12:49:45.034+0100] {security.py:708} INFO - Not syncing DAG-level permissions for DAG 'DAG:example_branch_datetime_operator' as access control is unset.
[2023-10-29T12:49:45.037+0100] {logging_mixin.py:151} INFO - [2023-10-29T12:49:45.037+0100] {manager.py:499} INFO - Created Permission View: %s
[2023-10-29T12:49:45.039+0100] {logging_mixin.py:151} INFO - [2023-10-29T12:49:45.039+0100] {manager.py:499} INFO - Created Permission View: %s
[2023-10-29T12:49:45.042+0100] {logging_mixin.py:151} INFO - [2023-10-29T12:49:45.041+0100] {manager.py:499} INFO - Created Permission View: %s
[2023-10-29T12:49:45.042+0100] {logging_mixin.py:151} INFO - [2023-10-29T12:49:45.042+0100] {security.py:708} INFO - Not syncing DAG-level permissions for DAG 'DAG:example_branch_datetime_operator_3' as access control is unset.
[2023-10-29T12:49:45.042+0100] {logging_mixin.py:151} INFO - [2023-10-29T12:49:45.042+0100] {dag.py:2915} INFO - Sync 3 DAGs
[2023-10-29T12:49:45.045+0100] {logging_mixin.py:151} INFO - [2023-10-29T12:49:45.045+0100] {dag.py:2937} INFO - Creating ORM DAG for example_branch_datetime_operator
[2023-10-29T12:49:45.045+0100] {logging_mixin.py:151} INFO - [2023-10-29T12:49:45.045+0100] {dag.py:2937} INFO - Creating ORM DAG for example_branch_datetime_operator_2
[2023-10-29T12:49:45.045+0100] {logging_mixin.py:151} INFO - [2023-10-29T12:49:45.045+0100] {dag.py:2937} INFO - Creating ORM DAG for example_branch_datetime_operator_3
[2023-10-29T12:49:45.048+0100] {logging_mixin.py:151} INFO - [2023-10-29T12:49:45.048+0100] {dag.py:3696} INFO - Setting next_dagrun for example_branch_datetime_operator to 2023-10-28T00:00:00+00:00, run_after=2023-10-29T00:00:00+00:00
[2023-10-29T12:49:45.049+0100] {logging_mixin.py:151} INFO - [2023-10-29T12:49:45.049+0100] {dag.py:3696} INFO - Setting next_dagrun for example_branch_datetime_operator_2 to 2023-10-28T00:00:00+00:00, run_after=2023-10-29T00:00:00+00:00
[2023-10-29T12:49:45.049+0100] {logging_mixin.py:151} INFO - [2023-10-29T12:49:45.049+0100] {dag.py:3696} INFO - Setting next_dagrun for example_branch_datetime_operator_3 to 2023-10-28T00:00:00+00:00, run_after=2023-10-29T00:00:00+00:00
[2023-10-29T12:49:45.055+0100] {processor.py:179} INFO - Processing /Users/aymanehinane/Desktop/Airflow/py_env/lib/python3.11/site-packages/airflow/example_dags/example_branch_datetime_operator.py took 0.395 seconds
[2023-10-29T12:51:31.161+0100] {processor.py:157} INFO - Started process (PID=76093) to work on /Users/aymanehinane/Desktop/Airflow/py_env/lib/python3.11/site-packages/airflow/example_dags/example_branch_datetime_operator.py
[2023-10-29T12:51:31.162+0100] {processor.py:829} INFO - Processing file /Users/aymanehinane/Desktop/Airflow/py_env/lib/python3.11/site-packages/airflow/example_dags/example_branch_datetime_operator.py for tasks to queue
[2023-10-29T12:51:31.162+0100] {logging_mixin.py:151} INFO - [2023-10-29T12:51:31.162+0100] {dagbag.py:539} INFO - Filling up the DagBag from /Users/aymanehinane/Desktop/Airflow/py_env/lib/python3.11/site-packages/airflow/example_dags/example_branch_datetime_operator.py
[2023-10-29T12:51:31.175+0100] {processor.py:839} INFO - DAG(s) dict_keys(['example_branch_datetime_operator_3', 'example_branch_datetime_operator_2', 'example_branch_datetime_operator']) retrieved from /Users/aymanehinane/Desktop/Airflow/py_env/lib/python3.11/site-packages/airflow/example_dags/example_branch_datetime_operator.py
[2023-10-29T12:51:31.234+0100] {logging_mixin.py:151} INFO - [2023-10-29T12:51:31.234+0100] {dag.py:2915} INFO - Sync 3 DAGs
[2023-10-29T12:51:31.240+0100] {logging_mixin.py:151} INFO - [2023-10-29T12:51:31.240+0100] {dag.py:3696} INFO - Setting next_dagrun for example_branch_datetime_operator to 2023-10-28T00:00:00+00:00, run_after=2023-10-29T00:00:00+00:00
[2023-10-29T12:51:31.241+0100] {logging_mixin.py:151} INFO - [2023-10-29T12:51:31.241+0100] {dag.py:3696} INFO - Setting next_dagrun for example_branch_datetime_operator_2 to 2023-10-28T00:00:00+00:00, run_after=2023-10-29T00:00:00+00:00
[2023-10-29T12:51:31.242+0100] {logging_mixin.py:151} INFO - [2023-10-29T12:51:31.242+0100] {dag.py:3696} INFO - Setting next_dagrun for example_branch_datetime_operator_3 to 2023-10-28T00:00:00+00:00, run_after=2023-10-29T00:00:00+00:00
[2023-10-29T12:51:31.248+0100] {processor.py:179} INFO - Processing /Users/aymanehinane/Desktop/Airflow/py_env/lib/python3.11/site-packages/airflow/example_dags/example_branch_datetime_operator.py took 0.087 seconds
[2023-10-29T12:52:58.117+0100] {processor.py:157} INFO - Started process (PID=76236) to work on /Users/aymanehinane/Desktop/Airflow/py_env/lib/python3.11/site-packages/airflow/example_dags/example_branch_datetime_operator.py
[2023-10-29T12:52:58.118+0100] {processor.py:829} INFO - Processing file /Users/aymanehinane/Desktop/Airflow/py_env/lib/python3.11/site-packages/airflow/example_dags/example_branch_datetime_operator.py for tasks to queue
[2023-10-29T12:52:58.118+0100] {logging_mixin.py:151} INFO - [2023-10-29T12:52:58.118+0100] {dagbag.py:539} INFO - Filling up the DagBag from /Users/aymanehinane/Desktop/Airflow/py_env/lib/python3.11/site-packages/airflow/example_dags/example_branch_datetime_operator.py
[2023-10-29T12:52:58.130+0100] {processor.py:839} INFO - DAG(s) dict_keys(['example_branch_datetime_operator_3', 'example_branch_datetime_operator', 'example_branch_datetime_operator_2']) retrieved from /Users/aymanehinane/Desktop/Airflow/py_env/lib/python3.11/site-packages/airflow/example_dags/example_branch_datetime_operator.py
[2023-10-29T12:52:58.188+0100] {logging_mixin.py:151} INFO - [2023-10-29T12:52:58.188+0100] {dag.py:2915} INFO - Sync 3 DAGs
[2023-10-29T12:52:58.194+0100] {logging_mixin.py:151} INFO - [2023-10-29T12:52:58.194+0100] {dag.py:3696} INFO - Setting next_dagrun for example_branch_datetime_operator to 2023-10-28T00:00:00+00:00, run_after=2023-10-29T00:00:00+00:00
[2023-10-29T12:52:58.195+0100] {logging_mixin.py:151} INFO - [2023-10-29T12:52:58.195+0100] {dag.py:3696} INFO - Setting next_dagrun for example_branch_datetime_operator_2 to 2023-10-28T00:00:00+00:00, run_after=2023-10-29T00:00:00+00:00
[2023-10-29T12:52:58.196+0100] {logging_mixin.py:151} INFO - [2023-10-29T12:52:58.196+0100] {dag.py:3696} INFO - Setting next_dagrun for example_branch_datetime_operator_3 to 2023-10-28T00:00:00+00:00, run_after=2023-10-29T00:00:00+00:00
[2023-10-29T12:52:58.202+0100] {processor.py:179} INFO - Processing /Users/aymanehinane/Desktop/Airflow/py_env/lib/python3.11/site-packages/airflow/example_dags/example_branch_datetime_operator.py took 0.085 seconds
[2023-10-29T12:54:17.929+0100] {processor.py:157} INFO - Started process (PID=76360) to work on /Users/aymanehinane/Desktop/Airflow/py_env/lib/python3.11/site-packages/airflow/example_dags/example_branch_datetime_operator.py
[2023-10-29T12:54:17.930+0100] {processor.py:829} INFO - Processing file /Users/aymanehinane/Desktop/Airflow/py_env/lib/python3.11/site-packages/airflow/example_dags/example_branch_datetime_operator.py for tasks to queue
[2023-10-29T12:54:17.930+0100] {logging_mixin.py:151} INFO - [2023-10-29T12:54:17.930+0100] {dagbag.py:539} INFO - Filling up the DagBag from /Users/aymanehinane/Desktop/Airflow/py_env/lib/python3.11/site-packages/airflow/example_dags/example_branch_datetime_operator.py
[2023-10-29T12:54:17.942+0100] {processor.py:839} INFO - DAG(s) dict_keys(['example_branch_datetime_operator_3', 'example_branch_datetime_operator_2', 'example_branch_datetime_operator']) retrieved from /Users/aymanehinane/Desktop/Airflow/py_env/lib/python3.11/site-packages/airflow/example_dags/example_branch_datetime_operator.py
[2023-10-29T12:54:18.000+0100] {logging_mixin.py:151} INFO - [2023-10-29T12:54:18.000+0100] {dag.py:2915} INFO - Sync 3 DAGs
[2023-10-29T12:54:18.006+0100] {logging_mixin.py:151} INFO - [2023-10-29T12:54:18.006+0100] {dag.py:3696} INFO - Setting next_dagrun for example_branch_datetime_operator to 2023-10-28T00:00:00+00:00, run_after=2023-10-29T00:00:00+00:00
[2023-10-29T12:54:18.007+0100] {logging_mixin.py:151} INFO - [2023-10-29T12:54:18.007+0100] {dag.py:3696} INFO - Setting next_dagrun for example_branch_datetime_operator_2 to 2023-10-28T00:00:00+00:00, run_after=2023-10-29T00:00:00+00:00
[2023-10-29T12:54:18.008+0100] {logging_mixin.py:151} INFO - [2023-10-29T12:54:18.008+0100] {dag.py:3696} INFO - Setting next_dagrun for example_branch_datetime_operator_3 to 2023-10-28T00:00:00+00:00, run_after=2023-10-29T00:00:00+00:00
[2023-10-29T12:54:18.014+0100] {processor.py:179} INFO - Processing /Users/aymanehinane/Desktop/Airflow/py_env/lib/python3.11/site-packages/airflow/example_dags/example_branch_datetime_operator.py took 0.085 seconds
[2023-10-29T12:55:37.618+0100] {processor.py:157} INFO - Started process (PID=76480) to work on /Users/aymanehinane/Desktop/Airflow/py_env/lib/python3.11/site-packages/airflow/example_dags/example_branch_datetime_operator.py
[2023-10-29T12:55:37.619+0100] {processor.py:829} INFO - Processing file /Users/aymanehinane/Desktop/Airflow/py_env/lib/python3.11/site-packages/airflow/example_dags/example_branch_datetime_operator.py for tasks to queue
[2023-10-29T12:55:37.619+0100] {logging_mixin.py:151} INFO - [2023-10-29T12:55:37.619+0100] {dagbag.py:539} INFO - Filling up the DagBag from /Users/aymanehinane/Desktop/Airflow/py_env/lib/python3.11/site-packages/airflow/example_dags/example_branch_datetime_operator.py
[2023-10-29T12:55:37.630+0100] {processor.py:839} INFO - DAG(s) dict_keys(['example_branch_datetime_operator', 'example_branch_datetime_operator_2', 'example_branch_datetime_operator_3']) retrieved from /Users/aymanehinane/Desktop/Airflow/py_env/lib/python3.11/site-packages/airflow/example_dags/example_branch_datetime_operator.py
[2023-10-29T12:55:37.689+0100] {logging_mixin.py:151} INFO - [2023-10-29T12:55:37.688+0100] {dag.py:2915} INFO - Sync 3 DAGs
[2023-10-29T12:55:37.694+0100] {logging_mixin.py:151} INFO - [2023-10-29T12:55:37.694+0100] {dag.py:3696} INFO - Setting next_dagrun for example_branch_datetime_operator to 2023-10-28T00:00:00+00:00, run_after=2023-10-29T00:00:00+00:00
[2023-10-29T12:55:37.696+0100] {logging_mixin.py:151} INFO - [2023-10-29T12:55:37.696+0100] {dag.py:3696} INFO - Setting next_dagrun for example_branch_datetime_operator_2 to 2023-10-28T00:00:00+00:00, run_after=2023-10-29T00:00:00+00:00
[2023-10-29T12:55:37.696+0100] {logging_mixin.py:151} INFO - [2023-10-29T12:55:37.696+0100] {dag.py:3696} INFO - Setting next_dagrun for example_branch_datetime_operator_3 to 2023-10-28T00:00:00+00:00, run_after=2023-10-29T00:00:00+00:00
[2023-10-29T12:55:37.702+0100] {processor.py:179} INFO - Processing /Users/aymanehinane/Desktop/Airflow/py_env/lib/python3.11/site-packages/airflow/example_dags/example_branch_datetime_operator.py took 0.085 seconds
[2023-10-29T12:56:59.720+0100] {processor.py:157} INFO - Started process (PID=76639) to work on /Users/aymanehinane/Desktop/Airflow/py_env/lib/python3.11/site-packages/airflow/example_dags/example_branch_datetime_operator.py
[2023-10-29T12:56:59.721+0100] {processor.py:829} INFO - Processing file /Users/aymanehinane/Desktop/Airflow/py_env/lib/python3.11/site-packages/airflow/example_dags/example_branch_datetime_operator.py for tasks to queue
[2023-10-29T12:56:59.721+0100] {logging_mixin.py:151} INFO - [2023-10-29T12:56:59.721+0100] {dagbag.py:539} INFO - Filling up the DagBag from /Users/aymanehinane/Desktop/Airflow/py_env/lib/python3.11/site-packages/airflow/example_dags/example_branch_datetime_operator.py
[2023-10-29T12:56:59.734+0100] {processor.py:839} INFO - DAG(s) dict_keys(['example_branch_datetime_operator', 'example_branch_datetime_operator_3', 'example_branch_datetime_operator_2']) retrieved from /Users/aymanehinane/Desktop/Airflow/py_env/lib/python3.11/site-packages/airflow/example_dags/example_branch_datetime_operator.py
[2023-10-29T12:56:59.794+0100] {logging_mixin.py:151} INFO - [2023-10-29T12:56:59.794+0100] {dag.py:2915} INFO - Sync 3 DAGs
[2023-10-29T12:56:59.800+0100] {logging_mixin.py:151} INFO - [2023-10-29T12:56:59.800+0100] {dag.py:3696} INFO - Setting next_dagrun for example_branch_datetime_operator to 2023-10-28T00:00:00+00:00, run_after=2023-10-29T00:00:00+00:00
[2023-10-29T12:56:59.802+0100] {logging_mixin.py:151} INFO - [2023-10-29T12:56:59.802+0100] {dag.py:3696} INFO - Setting next_dagrun for example_branch_datetime_operator_2 to 2023-10-28T00:00:00+00:00, run_after=2023-10-29T00:00:00+00:00
[2023-10-29T12:56:59.802+0100] {logging_mixin.py:151} INFO - [2023-10-29T12:56:59.802+0100] {dag.py:3696} INFO - Setting next_dagrun for example_branch_datetime_operator_3 to 2023-10-28T00:00:00+00:00, run_after=2023-10-29T00:00:00+00:00
[2023-10-29T12:56:59.808+0100] {processor.py:179} INFO - Processing /Users/aymanehinane/Desktop/Airflow/py_env/lib/python3.11/site-packages/airflow/example_dags/example_branch_datetime_operator.py took 0.089 seconds
[2023-10-29T12:58:19.337+0100] {processor.py:157} INFO - Started process (PID=76796) to work on /Users/aymanehinane/Desktop/Airflow/py_env/lib/python3.11/site-packages/airflow/example_dags/example_branch_datetime_operator.py
[2023-10-29T12:58:19.338+0100] {processor.py:829} INFO - Processing file /Users/aymanehinane/Desktop/Airflow/py_env/lib/python3.11/site-packages/airflow/example_dags/example_branch_datetime_operator.py for tasks to queue
[2023-10-29T12:58:19.338+0100] {logging_mixin.py:151} INFO - [2023-10-29T12:58:19.338+0100] {dagbag.py:539} INFO - Filling up the DagBag from /Users/aymanehinane/Desktop/Airflow/py_env/lib/python3.11/site-packages/airflow/example_dags/example_branch_datetime_operator.py
[2023-10-29T12:58:19.350+0100] {processor.py:839} INFO - DAG(s) dict_keys(['example_branch_datetime_operator_3', 'example_branch_datetime_operator_2', 'example_branch_datetime_operator']) retrieved from /Users/aymanehinane/Desktop/Airflow/py_env/lib/python3.11/site-packages/airflow/example_dags/example_branch_datetime_operator.py
[2023-10-29T12:58:19.408+0100] {logging_mixin.py:151} INFO - [2023-10-29T12:58:19.408+0100] {dag.py:2915} INFO - Sync 3 DAGs
[2023-10-29T12:58:19.414+0100] {logging_mixin.py:151} INFO - [2023-10-29T12:58:19.414+0100] {dag.py:3696} INFO - Setting next_dagrun for example_branch_datetime_operator to 2023-10-28T00:00:00+00:00, run_after=2023-10-29T00:00:00+00:00
[2023-10-29T12:58:19.415+0100] {logging_mixin.py:151} INFO - [2023-10-29T12:58:19.415+0100] {dag.py:3696} INFO - Setting next_dagrun for example_branch_datetime_operator_2 to 2023-10-28T00:00:00+00:00, run_after=2023-10-29T00:00:00+00:00
[2023-10-29T12:58:19.416+0100] {logging_mixin.py:151} INFO - [2023-10-29T12:58:19.416+0100] {dag.py:3696} INFO - Setting next_dagrun for example_branch_datetime_operator_3 to 2023-10-28T00:00:00+00:00, run_after=2023-10-29T00:00:00+00:00
[2023-10-29T12:58:19.421+0100] {processor.py:179} INFO - Processing /Users/aymanehinane/Desktop/Airflow/py_env/lib/python3.11/site-packages/airflow/example_dags/example_branch_datetime_operator.py took 0.085 seconds
[2023-10-29T12:59:39.704+0100] {processor.py:157} INFO - Started process (PID=76946) to work on /Users/aymanehinane/Desktop/Airflow/py_env/lib/python3.11/site-packages/airflow/example_dags/example_branch_datetime_operator.py
[2023-10-29T12:59:39.705+0100] {processor.py:829} INFO - Processing file /Users/aymanehinane/Desktop/Airflow/py_env/lib/python3.11/site-packages/airflow/example_dags/example_branch_datetime_operator.py for tasks to queue
[2023-10-29T12:59:39.705+0100] {logging_mixin.py:151} INFO - [2023-10-29T12:59:39.705+0100] {dagbag.py:539} INFO - Filling up the DagBag from /Users/aymanehinane/Desktop/Airflow/py_env/lib/python3.11/site-packages/airflow/example_dags/example_branch_datetime_operator.py
[2023-10-29T12:59:39.716+0100] {processor.py:839} INFO - DAG(s) dict_keys(['example_branch_datetime_operator', 'example_branch_datetime_operator_3', 'example_branch_datetime_operator_2']) retrieved from /Users/aymanehinane/Desktop/Airflow/py_env/lib/python3.11/site-packages/airflow/example_dags/example_branch_datetime_operator.py
[2023-10-29T12:59:39.775+0100] {logging_mixin.py:151} INFO - [2023-10-29T12:59:39.775+0100] {dag.py:2915} INFO - Sync 3 DAGs
[2023-10-29T12:59:39.781+0100] {logging_mixin.py:151} INFO - [2023-10-29T12:59:39.781+0100] {dag.py:3696} INFO - Setting next_dagrun for example_branch_datetime_operator to 2023-10-28T00:00:00+00:00, run_after=2023-10-29T00:00:00+00:00
[2023-10-29T12:59:39.783+0100] {logging_mixin.py:151} INFO - [2023-10-29T12:59:39.782+0100] {dag.py:3696} INFO - Setting next_dagrun for example_branch_datetime_operator_2 to 2023-10-28T00:00:00+00:00, run_after=2023-10-29T00:00:00+00:00
[2023-10-29T12:59:39.783+0100] {logging_mixin.py:151} INFO - [2023-10-29T12:59:39.783+0100] {dag.py:3696} INFO - Setting next_dagrun for example_branch_datetime_operator_3 to 2023-10-28T00:00:00+00:00, run_after=2023-10-29T00:00:00+00:00
[2023-10-29T12:59:39.789+0100] {processor.py:179} INFO - Processing /Users/aymanehinane/Desktop/Airflow/py_env/lib/python3.11/site-packages/airflow/example_dags/example_branch_datetime_operator.py took 0.085 seconds
