[2023-10-29T12:49:09.313+0100] {processor.py:157} INFO - Started process (PID=75824) to work on /Users/aymanehinane/Desktop/Airflow/py_env/lib/python3.11/site-packages/airflow/example_dags/example_params_ui_tutorial.py
[2023-10-29T12:49:09.313+0100] {processor.py:829} INFO - Processing file /Users/aymanehinane/Desktop/Airflow/py_env/lib/python3.11/site-packages/airflow/example_dags/example_params_ui_tutorial.py for tasks to queue
[2023-10-29T12:49:09.313+0100] {logging_mixin.py:151} INFO - [2023-10-29T12:49:09.313+0100] {dagbag.py:539} INFO - Filling up the DagBag from /Users/aymanehinane/Desktop/Airflow/py_env/lib/python3.11/site-packages/airflow/example_dags/example_params_ui_tutorial.py
[2023-10-29T12:49:09.355+0100] {processor.py:839} INFO - DAG(s) dict_keys(['example_params_ui_tutorial']) retrieved from /Users/aymanehinane/Desktop/Airflow/py_env/lib/python3.11/site-packages/airflow/example_dags/example_params_ui_tutorial.py
[2023-10-29T12:49:09.642+0100] {logging_mixin.py:151} INFO - [2023-10-29T12:49:09.642+0100] {manager.py:499} INFO - Created Permission View: %s
[2023-10-29T12:49:09.645+0100] {logging_mixin.py:151} INFO - [2023-10-29T12:49:09.645+0100] {manager.py:499} INFO - Created Permission View: %s
[2023-10-29T12:49:09.647+0100] {logging_mixin.py:151} INFO - [2023-10-29T12:49:09.647+0100] {manager.py:499} INFO - Created Permission View: %s
[2023-10-29T12:49:09.647+0100] {logging_mixin.py:151} INFO - [2023-10-29T12:49:09.647+0100] {security.py:708} INFO - Not syncing DAG-level permissions for DAG 'DAG:example_params_ui_tutorial' as access control is unset.
[2023-10-29T12:49:09.647+0100] {logging_mixin.py:151} INFO - [2023-10-29T12:49:09.647+0100] {dag.py:2915} INFO - Sync 1 DAGs
[2023-10-29T12:49:09.651+0100] {logging_mixin.py:151} INFO - [2023-10-29T12:49:09.651+0100] {dag.py:2937} INFO - Creating ORM DAG for example_params_ui_tutorial
[2023-10-29T12:49:09.652+0100] {logging_mixin.py:151} INFO - [2023-10-29T12:49:09.652+0100] {dag.py:3696} INFO - Setting next_dagrun for example_params_ui_tutorial to None, run_after=None
[2023-10-29T12:49:09.658+0100] {processor.py:179} INFO - Processing /Users/aymanehinane/Desktop/Airflow/py_env/lib/python3.11/site-packages/airflow/example_dags/example_params_ui_tutorial.py took 0.345 seconds
[2023-10-29T12:50:36.156+0100] {processor.py:157} INFO - Started process (PID=76002) to work on /Users/aymanehinane/Desktop/Airflow/py_env/lib/python3.11/site-packages/airflow/example_dags/example_params_ui_tutorial.py
[2023-10-29T12:50:36.157+0100] {processor.py:829} INFO - Processing file /Users/aymanehinane/Desktop/Airflow/py_env/lib/python3.11/site-packages/airflow/example_dags/example_params_ui_tutorial.py for tasks to queue
[2023-10-29T12:50:36.157+0100] {logging_mixin.py:151} INFO - [2023-10-29T12:50:36.157+0100] {dagbag.py:539} INFO - Filling up the DagBag from /Users/aymanehinane/Desktop/Airflow/py_env/lib/python3.11/site-packages/airflow/example_dags/example_params_ui_tutorial.py
[2023-10-29T12:50:36.199+0100] {processor.py:839} INFO - DAG(s) dict_keys(['example_params_ui_tutorial']) retrieved from /Users/aymanehinane/Desktop/Airflow/py_env/lib/python3.11/site-packages/airflow/example_dags/example_params_ui_tutorial.py
[2023-10-29T12:50:36.249+0100] {logging_mixin.py:151} INFO - [2023-10-29T12:50:36.249+0100] {dag.py:2915} INFO - Sync 1 DAGs
[2023-10-29T12:50:36.252+0100] {logging_mixin.py:151} INFO - [2023-10-29T12:50:36.252+0100] {dag.py:3696} INFO - Setting next_dagrun for example_params_ui_tutorial to None, run_after=None
[2023-10-29T12:50:36.259+0100] {processor.py:179} INFO - Processing /Users/aymanehinane/Desktop/Airflow/py_env/lib/python3.11/site-packages/airflow/example_dags/example_params_ui_tutorial.py took 0.103 seconds
[2023-10-29T12:52:09.987+0100] {processor.py:157} INFO - Started process (PID=76161) to work on /Users/aymanehinane/Desktop/Airflow/py_env/lib/python3.11/site-packages/airflow/example_dags/example_params_ui_tutorial.py
[2023-10-29T12:52:09.988+0100] {processor.py:829} INFO - Processing file /Users/aymanehinane/Desktop/Airflow/py_env/lib/python3.11/site-packages/airflow/example_dags/example_params_ui_tutorial.py for tasks to queue
[2023-10-29T12:52:09.988+0100] {logging_mixin.py:151} INFO - [2023-10-29T12:52:09.988+0100] {dagbag.py:539} INFO - Filling up the DagBag from /Users/aymanehinane/Desktop/Airflow/py_env/lib/python3.11/site-packages/airflow/example_dags/example_params_ui_tutorial.py
[2023-10-29T12:52:10.029+0100] {processor.py:839} INFO - DAG(s) dict_keys(['example_params_ui_tutorial']) retrieved from /Users/aymanehinane/Desktop/Airflow/py_env/lib/python3.11/site-packages/airflow/example_dags/example_params_ui_tutorial.py
[2023-10-29T12:52:10.076+0100] {logging_mixin.py:151} INFO - [2023-10-29T12:52:10.076+0100] {dag.py:2915} INFO - Sync 1 DAGs
[2023-10-29T12:52:10.079+0100] {logging_mixin.py:151} INFO - [2023-10-29T12:52:10.079+0100] {dag.py:3696} INFO - Setting next_dagrun for example_params_ui_tutorial to None, run_after=None
[2023-10-29T12:52:10.086+0100] {processor.py:179} INFO - Processing /Users/aymanehinane/Desktop/Airflow/py_env/lib/python3.11/site-packages/airflow/example_dags/example_params_ui_tutorial.py took 0.100 seconds
[2023-10-29T12:53:34.117+0100] {processor.py:157} INFO - Started process (PID=76292) to work on /Users/aymanehinane/Desktop/Airflow/py_env/lib/python3.11/site-packages/airflow/example_dags/example_params_ui_tutorial.py
[2023-10-29T12:53:34.119+0100] {processor.py:829} INFO - Processing file /Users/aymanehinane/Desktop/Airflow/py_env/lib/python3.11/site-packages/airflow/example_dags/example_params_ui_tutorial.py for tasks to queue
[2023-10-29T12:53:34.119+0100] {logging_mixin.py:151} INFO - [2023-10-29T12:53:34.119+0100] {dagbag.py:539} INFO - Filling up the DagBag from /Users/aymanehinane/Desktop/Airflow/py_env/lib/python3.11/site-packages/airflow/example_dags/example_params_ui_tutorial.py
[2023-10-29T12:53:34.160+0100] {processor.py:839} INFO - DAG(s) dict_keys(['example_params_ui_tutorial']) retrieved from /Users/aymanehinane/Desktop/Airflow/py_env/lib/python3.11/site-packages/airflow/example_dags/example_params_ui_tutorial.py
[2023-10-29T12:53:34.209+0100] {logging_mixin.py:151} INFO - [2023-10-29T12:53:34.209+0100] {dag.py:2915} INFO - Sync 1 DAGs
[2023-10-29T12:53:34.212+0100] {logging_mixin.py:151} INFO - [2023-10-29T12:53:34.212+0100] {dag.py:3696} INFO - Setting next_dagrun for example_params_ui_tutorial to None, run_after=None
[2023-10-29T12:53:34.219+0100] {processor.py:179} INFO - Processing /Users/aymanehinane/Desktop/Airflow/py_env/lib/python3.11/site-packages/airflow/example_dags/example_params_ui_tutorial.py took 0.102 seconds
[2023-10-29T12:54:52.861+0100] {processor.py:157} INFO - Started process (PID=76413) to work on /Users/aymanehinane/Desktop/Airflow/py_env/lib/python3.11/site-packages/airflow/example_dags/example_params_ui_tutorial.py
[2023-10-29T12:54:52.862+0100] {processor.py:829} INFO - Processing file /Users/aymanehinane/Desktop/Airflow/py_env/lib/python3.11/site-packages/airflow/example_dags/example_params_ui_tutorial.py for tasks to queue
[2023-10-29T12:54:52.862+0100] {logging_mixin.py:151} INFO - [2023-10-29T12:54:52.862+0100] {dagbag.py:539} INFO - Filling up the DagBag from /Users/aymanehinane/Desktop/Airflow/py_env/lib/python3.11/site-packages/airflow/example_dags/example_params_ui_tutorial.py
[2023-10-29T12:54:52.904+0100] {processor.py:839} INFO - DAG(s) dict_keys(['example_params_ui_tutorial']) retrieved from /Users/aymanehinane/Desktop/Airflow/py_env/lib/python3.11/site-packages/airflow/example_dags/example_params_ui_tutorial.py
[2023-10-29T12:54:52.951+0100] {logging_mixin.py:151} INFO - [2023-10-29T12:54:52.951+0100] {dag.py:2915} INFO - Sync 1 DAGs
[2023-10-29T12:54:52.955+0100] {logging_mixin.py:151} INFO - [2023-10-29T12:54:52.955+0100] {dag.py:3696} INFO - Setting next_dagrun for example_params_ui_tutorial to None, run_after=None
[2023-10-29T12:54:52.961+0100] {processor.py:179} INFO - Processing /Users/aymanehinane/Desktop/Airflow/py_env/lib/python3.11/site-packages/airflow/example_dags/example_params_ui_tutorial.py took 0.100 seconds
[2023-10-29T12:56:14.574+0100] {processor.py:157} INFO - Started process (PID=76539) to work on /Users/aymanehinane/Desktop/Airflow/py_env/lib/python3.11/site-packages/airflow/example_dags/example_params_ui_tutorial.py
[2023-10-29T12:56:14.575+0100] {processor.py:829} INFO - Processing file /Users/aymanehinane/Desktop/Airflow/py_env/lib/python3.11/site-packages/airflow/example_dags/example_params_ui_tutorial.py for tasks to queue
[2023-10-29T12:56:14.575+0100] {logging_mixin.py:151} INFO - [2023-10-29T12:56:14.575+0100] {dagbag.py:539} INFO - Filling up the DagBag from /Users/aymanehinane/Desktop/Airflow/py_env/lib/python3.11/site-packages/airflow/example_dags/example_params_ui_tutorial.py
[2023-10-29T12:56:14.620+0100] {processor.py:839} INFO - DAG(s) dict_keys(['example_params_ui_tutorial']) retrieved from /Users/aymanehinane/Desktop/Airflow/py_env/lib/python3.11/site-packages/airflow/example_dags/example_params_ui_tutorial.py
[2023-10-29T12:56:14.668+0100] {logging_mixin.py:151} INFO - [2023-10-29T12:56:14.668+0100] {dag.py:2915} INFO - Sync 1 DAGs
[2023-10-29T12:56:14.671+0100] {logging_mixin.py:151} INFO - [2023-10-29T12:56:14.671+0100] {dag.py:3696} INFO - Setting next_dagrun for example_params_ui_tutorial to None, run_after=None
[2023-10-29T12:56:14.678+0100] {processor.py:179} INFO - Processing /Users/aymanehinane/Desktop/Airflow/py_env/lib/python3.11/site-packages/airflow/example_dags/example_params_ui_tutorial.py took 0.104 seconds
[2023-10-29T12:57:35.634+0100] {processor.py:157} INFO - Started process (PID=76719) to work on /Users/aymanehinane/Desktop/Airflow/py_env/lib/python3.11/site-packages/airflow/example_dags/example_params_ui_tutorial.py
[2023-10-29T12:57:35.635+0100] {processor.py:829} INFO - Processing file /Users/aymanehinane/Desktop/Airflow/py_env/lib/python3.11/site-packages/airflow/example_dags/example_params_ui_tutorial.py for tasks to queue
[2023-10-29T12:57:35.635+0100] {logging_mixin.py:151} INFO - [2023-10-29T12:57:35.635+0100] {dagbag.py:539} INFO - Filling up the DagBag from /Users/aymanehinane/Desktop/Airflow/py_env/lib/python3.11/site-packages/airflow/example_dags/example_params_ui_tutorial.py
[2023-10-29T12:57:35.676+0100] {processor.py:839} INFO - DAG(s) dict_keys(['example_params_ui_tutorial']) retrieved from /Users/aymanehinane/Desktop/Airflow/py_env/lib/python3.11/site-packages/airflow/example_dags/example_params_ui_tutorial.py
[2023-10-29T12:57:35.724+0100] {logging_mixin.py:151} INFO - [2023-10-29T12:57:35.724+0100] {dag.py:2915} INFO - Sync 1 DAGs
[2023-10-29T12:57:35.727+0100] {logging_mixin.py:151} INFO - [2023-10-29T12:57:35.727+0100] {dag.py:3696} INFO - Setting next_dagrun for example_params_ui_tutorial to None, run_after=None
[2023-10-29T12:57:35.733+0100] {processor.py:179} INFO - Processing /Users/aymanehinane/Desktop/Airflow/py_env/lib/python3.11/site-packages/airflow/example_dags/example_params_ui_tutorial.py took 0.100 seconds
[2023-10-29T12:58:54.702+0100] {processor.py:157} INFO - Started process (PID=76868) to work on /Users/aymanehinane/Desktop/Airflow/py_env/lib/python3.11/site-packages/airflow/example_dags/example_params_ui_tutorial.py
[2023-10-29T12:58:54.703+0100] {processor.py:829} INFO - Processing file /Users/aymanehinane/Desktop/Airflow/py_env/lib/python3.11/site-packages/airflow/example_dags/example_params_ui_tutorial.py for tasks to queue
[2023-10-29T12:58:54.703+0100] {logging_mixin.py:151} INFO - [2023-10-29T12:58:54.703+0100] {dagbag.py:539} INFO - Filling up the DagBag from /Users/aymanehinane/Desktop/Airflow/py_env/lib/python3.11/site-packages/airflow/example_dags/example_params_ui_tutorial.py
[2023-10-29T12:58:54.744+0100] {processor.py:839} INFO - DAG(s) dict_keys(['example_params_ui_tutorial']) retrieved from /Users/aymanehinane/Desktop/Airflow/py_env/lib/python3.11/site-packages/airflow/example_dags/example_params_ui_tutorial.py
[2023-10-29T12:58:54.792+0100] {logging_mixin.py:151} INFO - [2023-10-29T12:58:54.791+0100] {dag.py:2915} INFO - Sync 1 DAGs
[2023-10-29T12:58:54.795+0100] {logging_mixin.py:151} INFO - [2023-10-29T12:58:54.795+0100] {dag.py:3696} INFO - Setting next_dagrun for example_params_ui_tutorial to None, run_after=None
[2023-10-29T12:58:54.802+0100] {processor.py:179} INFO - Processing /Users/aymanehinane/Desktop/Airflow/py_env/lib/python3.11/site-packages/airflow/example_dags/example_params_ui_tutorial.py took 0.099 seconds
