[2023-10-29T12:49:42.542+0100] {processor.py:157} INFO - Started process (PID=75877) to work on /Users/aymanehinane/Desktop/Airflow/py_env/lib/python3.11/site-packages/airflow/example_dags/example_branch_day_of_week_operator.py
[2023-10-29T12:49:42.542+0100] {processor.py:829} INFO - Processing file /Users/aymanehinane/Desktop/Airflow/py_env/lib/python3.11/site-packages/airflow/example_dags/example_branch_day_of_week_operator.py for tasks to queue
[2023-10-29T12:49:42.542+0100] {logging_mixin.py:151} INFO - [2023-10-29T12:49:42.542+0100] {dagbag.py:539} INFO - Filling up the DagBag from /Users/aymanehinane/Desktop/Airflow/py_env/lib/python3.11/site-packages/airflow/example_dags/example_branch_day_of_week_operator.py
[2023-10-29T12:49:42.555+0100] {processor.py:839} INFO - DAG(s) dict_keys(['example_weekday_branch_operator']) retrieved from /Users/aymanehinane/Desktop/Airflow/py_env/lib/python3.11/site-packages/airflow/example_dags/example_branch_day_of_week_operator.py
[2023-10-29T12:49:42.877+0100] {logging_mixin.py:151} INFO - [2023-10-29T12:49:42.877+0100] {manager.py:499} INFO - Created Permission View: %s
[2023-10-29T12:49:42.881+0100] {logging_mixin.py:151} INFO - [2023-10-29T12:49:42.881+0100] {manager.py:499} INFO - Created Permission View: %s
[2023-10-29T12:49:42.884+0100] {logging_mixin.py:151} INFO - [2023-10-29T12:49:42.884+0100] {manager.py:499} INFO - Created Permission View: %s
[2023-10-29T12:49:42.884+0100] {logging_mixin.py:151} INFO - [2023-10-29T12:49:42.884+0100] {security.py:708} INFO - Not syncing DAG-level permissions for DAG 'DAG:example_weekday_branch_operator' as access control is unset.
[2023-10-29T12:49:42.884+0100] {logging_mixin.py:151} INFO - [2023-10-29T12:49:42.884+0100] {dag.py:2915} INFO - Sync 1 DAGs
[2023-10-29T12:49:42.888+0100] {logging_mixin.py:151} INFO - [2023-10-29T12:49:42.888+0100] {dag.py:2937} INFO - Creating ORM DAG for example_weekday_branch_operator
[2023-10-29T12:49:42.892+0100] {logging_mixin.py:151} INFO - [2023-10-29T12:49:42.891+0100] {dag.py:3696} INFO - Setting next_dagrun for example_weekday_branch_operator to 2023-10-28T00:00:00+00:00, run_after=2023-10-29T00:00:00+00:00
[2023-10-29T12:49:42.898+0100] {processor.py:179} INFO - Processing /Users/aymanehinane/Desktop/Airflow/py_env/lib/python3.11/site-packages/airflow/example_dags/example_branch_day_of_week_operator.py took 0.357 seconds
[2023-10-29T12:51:30.322+0100] {processor.py:157} INFO - Started process (PID=76090) to work on /Users/aymanehinane/Desktop/Airflow/py_env/lib/python3.11/site-packages/airflow/example_dags/example_branch_day_of_week_operator.py
[2023-10-29T12:51:30.323+0100] {processor.py:829} INFO - Processing file /Users/aymanehinane/Desktop/Airflow/py_env/lib/python3.11/site-packages/airflow/example_dags/example_branch_day_of_week_operator.py for tasks to queue
[2023-10-29T12:51:30.323+0100] {logging_mixin.py:151} INFO - [2023-10-29T12:51:30.323+0100] {dagbag.py:539} INFO - Filling up the DagBag from /Users/aymanehinane/Desktop/Airflow/py_env/lib/python3.11/site-packages/airflow/example_dags/example_branch_day_of_week_operator.py
[2023-10-29T12:51:30.334+0100] {processor.py:839} INFO - DAG(s) dict_keys(['example_weekday_branch_operator']) retrieved from /Users/aymanehinane/Desktop/Airflow/py_env/lib/python3.11/site-packages/airflow/example_dags/example_branch_day_of_week_operator.py
[2023-10-29T12:51:30.392+0100] {logging_mixin.py:151} INFO - [2023-10-29T12:51:30.392+0100] {dag.py:2915} INFO - Sync 1 DAGs
[2023-10-29T12:51:30.398+0100] {logging_mixin.py:151} INFO - [2023-10-29T12:51:30.398+0100] {dag.py:3696} INFO - Setting next_dagrun for example_weekday_branch_operator to 2023-10-28T00:00:00+00:00, run_after=2023-10-29T00:00:00+00:00
[2023-10-29T12:51:30.404+0100] {processor.py:179} INFO - Processing /Users/aymanehinane/Desktop/Airflow/py_env/lib/python3.11/site-packages/airflow/example_dags/example_branch_day_of_week_operator.py took 0.083 seconds
[2023-10-29T12:52:56.432+0100] {processor.py:157} INFO - Started process (PID=76235) to work on /Users/aymanehinane/Desktop/Airflow/py_env/lib/python3.11/site-packages/airflow/example_dags/example_branch_day_of_week_operator.py
[2023-10-29T12:52:56.433+0100] {processor.py:829} INFO - Processing file /Users/aymanehinane/Desktop/Airflow/py_env/lib/python3.11/site-packages/airflow/example_dags/example_branch_day_of_week_operator.py for tasks to queue
[2023-10-29T12:52:56.433+0100] {logging_mixin.py:151} INFO - [2023-10-29T12:52:56.433+0100] {dagbag.py:539} INFO - Filling up the DagBag from /Users/aymanehinane/Desktop/Airflow/py_env/lib/python3.11/site-packages/airflow/example_dags/example_branch_day_of_week_operator.py
[2023-10-29T12:52:56.445+0100] {processor.py:839} INFO - DAG(s) dict_keys(['example_weekday_branch_operator']) retrieved from /Users/aymanehinane/Desktop/Airflow/py_env/lib/python3.11/site-packages/airflow/example_dags/example_branch_day_of_week_operator.py
[2023-10-29T12:52:56.501+0100] {logging_mixin.py:151} INFO - [2023-10-29T12:52:56.501+0100] {dag.py:2915} INFO - Sync 1 DAGs
[2023-10-29T12:52:56.507+0100] {logging_mixin.py:151} INFO - [2023-10-29T12:52:56.506+0100] {dag.py:3696} INFO - Setting next_dagrun for example_weekday_branch_operator to 2023-10-28T00:00:00+00:00, run_after=2023-10-29T00:00:00+00:00
[2023-10-29T12:52:56.514+0100] {processor.py:179} INFO - Processing /Users/aymanehinane/Desktop/Airflow/py_env/lib/python3.11/site-packages/airflow/example_dags/example_branch_day_of_week_operator.py took 0.082 seconds
[2023-10-29T12:54:16.244+0100] {processor.py:157} INFO - Started process (PID=76359) to work on /Users/aymanehinane/Desktop/Airflow/py_env/lib/python3.11/site-packages/airflow/example_dags/example_branch_day_of_week_operator.py
[2023-10-29T12:54:16.245+0100] {processor.py:829} INFO - Processing file /Users/aymanehinane/Desktop/Airflow/py_env/lib/python3.11/site-packages/airflow/example_dags/example_branch_day_of_week_operator.py for tasks to queue
[2023-10-29T12:54:16.245+0100] {logging_mixin.py:151} INFO - [2023-10-29T12:54:16.245+0100] {dagbag.py:539} INFO - Filling up the DagBag from /Users/aymanehinane/Desktop/Airflow/py_env/lib/python3.11/site-packages/airflow/example_dags/example_branch_day_of_week_operator.py
[2023-10-29T12:54:16.259+0100] {processor.py:839} INFO - DAG(s) dict_keys(['example_weekday_branch_operator']) retrieved from /Users/aymanehinane/Desktop/Airflow/py_env/lib/python3.11/site-packages/airflow/example_dags/example_branch_day_of_week_operator.py
[2023-10-29T12:54:16.316+0100] {logging_mixin.py:151} INFO - [2023-10-29T12:54:16.316+0100] {dag.py:2915} INFO - Sync 1 DAGs
[2023-10-29T12:54:16.322+0100] {logging_mixin.py:151} INFO - [2023-10-29T12:54:16.322+0100] {dag.py:3696} INFO - Setting next_dagrun for example_weekday_branch_operator to 2023-10-28T00:00:00+00:00, run_after=2023-10-29T00:00:00+00:00
[2023-10-29T12:54:16.328+0100] {processor.py:179} INFO - Processing /Users/aymanehinane/Desktop/Airflow/py_env/lib/python3.11/site-packages/airflow/example_dags/example_branch_day_of_week_operator.py took 0.084 seconds
[2023-10-29T12:55:35.947+0100] {processor.py:157} INFO - Started process (PID=76479) to work on /Users/aymanehinane/Desktop/Airflow/py_env/lib/python3.11/site-packages/airflow/example_dags/example_branch_day_of_week_operator.py
[2023-10-29T12:55:35.949+0100] {processor.py:829} INFO - Processing file /Users/aymanehinane/Desktop/Airflow/py_env/lib/python3.11/site-packages/airflow/example_dags/example_branch_day_of_week_operator.py for tasks to queue
[2023-10-29T12:55:35.949+0100] {logging_mixin.py:151} INFO - [2023-10-29T12:55:35.949+0100] {dagbag.py:539} INFO - Filling up the DagBag from /Users/aymanehinane/Desktop/Airflow/py_env/lib/python3.11/site-packages/airflow/example_dags/example_branch_day_of_week_operator.py
[2023-10-29T12:55:35.960+0100] {processor.py:839} INFO - DAG(s) dict_keys(['example_weekday_branch_operator']) retrieved from /Users/aymanehinane/Desktop/Airflow/py_env/lib/python3.11/site-packages/airflow/example_dags/example_branch_day_of_week_operator.py
[2023-10-29T12:55:36.017+0100] {logging_mixin.py:151} INFO - [2023-10-29T12:55:36.017+0100] {dag.py:2915} INFO - Sync 1 DAGs
[2023-10-29T12:55:36.023+0100] {logging_mixin.py:151} INFO - [2023-10-29T12:55:36.023+0100] {dag.py:3696} INFO - Setting next_dagrun for example_weekday_branch_operator to 2023-10-28T00:00:00+00:00, run_after=2023-10-29T00:00:00+00:00
[2023-10-29T12:55:36.029+0100] {processor.py:179} INFO - Processing /Users/aymanehinane/Desktop/Airflow/py_env/lib/python3.11/site-packages/airflow/example_dags/example_branch_day_of_week_operator.py took 0.082 seconds
[2023-10-29T12:56:58.057+0100] {processor.py:157} INFO - Started process (PID=76634) to work on /Users/aymanehinane/Desktop/Airflow/py_env/lib/python3.11/site-packages/airflow/example_dags/example_branch_day_of_week_operator.py
[2023-10-29T12:56:58.058+0100] {processor.py:829} INFO - Processing file /Users/aymanehinane/Desktop/Airflow/py_env/lib/python3.11/site-packages/airflow/example_dags/example_branch_day_of_week_operator.py for tasks to queue
[2023-10-29T12:56:58.058+0100] {logging_mixin.py:151} INFO - [2023-10-29T12:56:58.058+0100] {dagbag.py:539} INFO - Filling up the DagBag from /Users/aymanehinane/Desktop/Airflow/py_env/lib/python3.11/site-packages/airflow/example_dags/example_branch_day_of_week_operator.py
[2023-10-29T12:56:58.070+0100] {processor.py:839} INFO - DAG(s) dict_keys(['example_weekday_branch_operator']) retrieved from /Users/aymanehinane/Desktop/Airflow/py_env/lib/python3.11/site-packages/airflow/example_dags/example_branch_day_of_week_operator.py
[2023-10-29T12:56:58.128+0100] {logging_mixin.py:151} INFO - [2023-10-29T12:56:58.128+0100] {dag.py:2915} INFO - Sync 1 DAGs
[2023-10-29T12:56:58.135+0100] {logging_mixin.py:151} INFO - [2023-10-29T12:56:58.135+0100] {dag.py:3696} INFO - Setting next_dagrun for example_weekday_branch_operator to 2023-10-28T00:00:00+00:00, run_after=2023-10-29T00:00:00+00:00
[2023-10-29T12:56:58.141+0100] {processor.py:179} INFO - Processing /Users/aymanehinane/Desktop/Airflow/py_env/lib/python3.11/site-packages/airflow/example_dags/example_branch_day_of_week_operator.py took 0.085 seconds
[2023-10-29T12:58:17.671+0100] {processor.py:157} INFO - Started process (PID=76795) to work on /Users/aymanehinane/Desktop/Airflow/py_env/lib/python3.11/site-packages/airflow/example_dags/example_branch_day_of_week_operator.py
[2023-10-29T12:58:17.672+0100] {processor.py:829} INFO - Processing file /Users/aymanehinane/Desktop/Airflow/py_env/lib/python3.11/site-packages/airflow/example_dags/example_branch_day_of_week_operator.py for tasks to queue
[2023-10-29T12:58:17.672+0100] {logging_mixin.py:151} INFO - [2023-10-29T12:58:17.672+0100] {dagbag.py:539} INFO - Filling up the DagBag from /Users/aymanehinane/Desktop/Airflow/py_env/lib/python3.11/site-packages/airflow/example_dags/example_branch_day_of_week_operator.py
[2023-10-29T12:58:17.684+0100] {processor.py:839} INFO - DAG(s) dict_keys(['example_weekday_branch_operator']) retrieved from /Users/aymanehinane/Desktop/Airflow/py_env/lib/python3.11/site-packages/airflow/example_dags/example_branch_day_of_week_operator.py
[2023-10-29T12:58:17.740+0100] {logging_mixin.py:151} INFO - [2023-10-29T12:58:17.740+0100] {dag.py:2915} INFO - Sync 1 DAGs
[2023-10-29T12:58:17.746+0100] {logging_mixin.py:151} INFO - [2023-10-29T12:58:17.746+0100] {dag.py:3696} INFO - Setting next_dagrun for example_weekday_branch_operator to 2023-10-28T00:00:00+00:00, run_after=2023-10-29T00:00:00+00:00
[2023-10-29T12:58:17.752+0100] {processor.py:179} INFO - Processing /Users/aymanehinane/Desktop/Airflow/py_env/lib/python3.11/site-packages/airflow/example_dags/example_branch_day_of_week_operator.py took 0.081 seconds
[2023-10-29T12:59:38.123+0100] {processor.py:157} INFO - Started process (PID=76943) to work on /Users/aymanehinane/Desktop/Airflow/py_env/lib/python3.11/site-packages/airflow/example_dags/example_branch_day_of_week_operator.py
[2023-10-29T12:59:38.123+0100] {processor.py:829} INFO - Processing file /Users/aymanehinane/Desktop/Airflow/py_env/lib/python3.11/site-packages/airflow/example_dags/example_branch_day_of_week_operator.py for tasks to queue
[2023-10-29T12:59:38.124+0100] {logging_mixin.py:151} INFO - [2023-10-29T12:59:38.123+0100] {dagbag.py:539} INFO - Filling up the DagBag from /Users/aymanehinane/Desktop/Airflow/py_env/lib/python3.11/site-packages/airflow/example_dags/example_branch_day_of_week_operator.py
[2023-10-29T12:59:38.138+0100] {processor.py:839} INFO - DAG(s) dict_keys(['example_weekday_branch_operator']) retrieved from /Users/aymanehinane/Desktop/Airflow/py_env/lib/python3.11/site-packages/airflow/example_dags/example_branch_day_of_week_operator.py
[2023-10-29T12:59:38.195+0100] {logging_mixin.py:151} INFO - [2023-10-29T12:59:38.195+0100] {dag.py:2915} INFO - Sync 1 DAGs
[2023-10-29T12:59:38.201+0100] {logging_mixin.py:151} INFO - [2023-10-29T12:59:38.201+0100] {dag.py:3696} INFO - Setting next_dagrun for example_weekday_branch_operator to 2023-10-28T00:00:00+00:00, run_after=2023-10-29T00:00:00+00:00
[2023-10-29T12:59:38.207+0100] {processor.py:179} INFO - Processing /Users/aymanehinane/Desktop/Airflow/py_env/lib/python3.11/site-packages/airflow/example_dags/example_branch_day_of_week_operator.py took 0.085 seconds
