[2023-10-29T12:49:26.516+0100] {processor.py:157} INFO - Started process (PID=75849) to work on /Users/aymanehinane/Desktop/Airflow/py_env/lib/python3.11/site-packages/airflow/example_dags/example_dynamic_task_mapping.py
[2023-10-29T12:49:26.517+0100] {processor.py:829} INFO - Processing file /Users/aymanehinane/Desktop/Airflow/py_env/lib/python3.11/site-packages/airflow/example_dags/example_dynamic_task_mapping.py for tasks to queue
[2023-10-29T12:49:26.517+0100] {logging_mixin.py:151} INFO - [2023-10-29T12:49:26.517+0100] {dagbag.py:539} INFO - Filling up the DagBag from /Users/aymanehinane/Desktop/Airflow/py_env/lib/python3.11/site-packages/airflow/example_dags/example_dynamic_task_mapping.py
[2023-10-29T12:49:26.588+0100] {processor.py:839} INFO - DAG(s) dict_keys(['example_dynamic_task_mapping']) retrieved from /Users/aymanehinane/Desktop/Airflow/py_env/lib/python3.11/site-packages/airflow/example_dags/example_dynamic_task_mapping.py
[2023-10-29T12:49:26.915+0100] {logging_mixin.py:151} INFO - [2023-10-29T12:49:26.915+0100] {manager.py:499} INFO - Created Permission View: %s
[2023-10-29T12:49:26.918+0100] {logging_mixin.py:151} INFO - [2023-10-29T12:49:26.918+0100] {manager.py:499} INFO - Created Permission View: %s
[2023-10-29T12:49:26.920+0100] {logging_mixin.py:151} INFO - [2023-10-29T12:49:26.920+0100] {manager.py:499} INFO - Created Permission View: %s
[2023-10-29T12:49:26.920+0100] {logging_mixin.py:151} INFO - [2023-10-29T12:49:26.920+0100] {security.py:708} INFO - Not syncing DAG-level permissions for DAG 'DAG:example_dynamic_task_mapping' as access control is unset.
[2023-10-29T12:49:26.920+0100] {logging_mixin.py:151} INFO - [2023-10-29T12:49:26.920+0100] {dag.py:2915} INFO - Sync 1 DAGs
[2023-10-29T12:49:26.923+0100] {logging_mixin.py:151} INFO - [2023-10-29T12:49:26.923+0100] {dag.py:2937} INFO - Creating ORM DAG for example_dynamic_task_mapping
[2023-10-29T12:49:26.925+0100] {logging_mixin.py:151} INFO - [2023-10-29T12:49:26.925+0100] {dag.py:3696} INFO - Setting next_dagrun for example_dynamic_task_mapping to 2022-03-04T00:00:00+00:00, run_after=2022-03-05T00:00:00+00:00
[2023-10-29T12:49:26.931+0100] {processor.py:179} INFO - Processing /Users/aymanehinane/Desktop/Airflow/py_env/lib/python3.11/site-packages/airflow/example_dags/example_dynamic_task_mapping.py took 0.415 seconds
[2023-10-29T12:51:16.088+0100] {processor.py:157} INFO - Started process (PID=76072) to work on /Users/aymanehinane/Desktop/Airflow/py_env/lib/python3.11/site-packages/airflow/example_dags/example_dynamic_task_mapping.py
[2023-10-29T12:51:16.092+0100] {processor.py:829} INFO - Processing file /Users/aymanehinane/Desktop/Airflow/py_env/lib/python3.11/site-packages/airflow/example_dags/example_dynamic_task_mapping.py for tasks to queue
[2023-10-29T12:51:16.092+0100] {logging_mixin.py:151} INFO - [2023-10-29T12:51:16.092+0100] {dagbag.py:539} INFO - Filling up the DagBag from /Users/aymanehinane/Desktop/Airflow/py_env/lib/python3.11/site-packages/airflow/example_dags/example_dynamic_task_mapping.py
[2023-10-29T12:51:16.114+0100] {processor.py:839} INFO - DAG(s) dict_keys(['example_dynamic_task_mapping']) retrieved from /Users/aymanehinane/Desktop/Airflow/py_env/lib/python3.11/site-packages/airflow/example_dags/example_dynamic_task_mapping.py
[2023-10-29T12:51:16.192+0100] {logging_mixin.py:151} INFO - [2023-10-29T12:51:16.192+0100] {dag.py:2915} INFO - Sync 1 DAGs
[2023-10-29T12:51:16.200+0100] {logging_mixin.py:151} INFO - [2023-10-29T12:51:16.200+0100] {dag.py:3696} INFO - Setting next_dagrun for example_dynamic_task_mapping to 2022-03-04T00:00:00+00:00, run_after=2022-03-05T00:00:00+00:00
[2023-10-29T12:51:16.208+0100] {processor.py:179} INFO - Processing /Users/aymanehinane/Desktop/Airflow/py_env/lib/python3.11/site-packages/airflow/example_dags/example_dynamic_task_mapping.py took 0.120 seconds
[2023-10-29T12:52:43.563+0100] {processor.py:157} INFO - Started process (PID=76214) to work on /Users/aymanehinane/Desktop/Airflow/py_env/lib/python3.11/site-packages/airflow/example_dags/example_dynamic_task_mapping.py
[2023-10-29T12:52:43.564+0100] {processor.py:829} INFO - Processing file /Users/aymanehinane/Desktop/Airflow/py_env/lib/python3.11/site-packages/airflow/example_dags/example_dynamic_task_mapping.py for tasks to queue
[2023-10-29T12:52:43.564+0100] {logging_mixin.py:151} INFO - [2023-10-29T12:52:43.564+0100] {dagbag.py:539} INFO - Filling up the DagBag from /Users/aymanehinane/Desktop/Airflow/py_env/lib/python3.11/site-packages/airflow/example_dags/example_dynamic_task_mapping.py
[2023-10-29T12:52:43.586+0100] {processor.py:839} INFO - DAG(s) dict_keys(['example_dynamic_task_mapping']) retrieved from /Users/aymanehinane/Desktop/Airflow/py_env/lib/python3.11/site-packages/airflow/example_dags/example_dynamic_task_mapping.py
[2023-10-29T12:52:43.641+0100] {logging_mixin.py:151} INFO - [2023-10-29T12:52:43.641+0100] {dag.py:2915} INFO - Sync 1 DAGs
[2023-10-29T12:52:43.647+0100] {logging_mixin.py:151} INFO - [2023-10-29T12:52:43.647+0100] {dag.py:3696} INFO - Setting next_dagrun for example_dynamic_task_mapping to 2022-03-04T00:00:00+00:00, run_after=2022-03-05T00:00:00+00:00
[2023-10-29T12:52:43.653+0100] {processor.py:179} INFO - Processing /Users/aymanehinane/Desktop/Airflow/py_env/lib/python3.11/site-packages/airflow/example_dags/example_dynamic_task_mapping.py took 0.090 seconds
[2023-10-29T12:54:02.395+0100] {processor.py:157} INFO - Started process (PID=76339) to work on /Users/aymanehinane/Desktop/Airflow/py_env/lib/python3.11/site-packages/airflow/example_dags/example_dynamic_task_mapping.py
[2023-10-29T12:54:02.396+0100] {processor.py:829} INFO - Processing file /Users/aymanehinane/Desktop/Airflow/py_env/lib/python3.11/site-packages/airflow/example_dags/example_dynamic_task_mapping.py for tasks to queue
[2023-10-29T12:54:02.396+0100] {logging_mixin.py:151} INFO - [2023-10-29T12:54:02.396+0100] {dagbag.py:539} INFO - Filling up the DagBag from /Users/aymanehinane/Desktop/Airflow/py_env/lib/python3.11/site-packages/airflow/example_dags/example_dynamic_task_mapping.py
[2023-10-29T12:54:02.416+0100] {processor.py:839} INFO - DAG(s) dict_keys(['example_dynamic_task_mapping']) retrieved from /Users/aymanehinane/Desktop/Airflow/py_env/lib/python3.11/site-packages/airflow/example_dags/example_dynamic_task_mapping.py
[2023-10-29T12:54:02.471+0100] {logging_mixin.py:151} INFO - [2023-10-29T12:54:02.471+0100] {dag.py:2915} INFO - Sync 1 DAGs
[2023-10-29T12:54:02.477+0100] {logging_mixin.py:151} INFO - [2023-10-29T12:54:02.477+0100] {dag.py:3696} INFO - Setting next_dagrun for example_dynamic_task_mapping to 2022-03-04T00:00:00+00:00, run_after=2022-03-05T00:00:00+00:00
[2023-10-29T12:54:02.483+0100] {processor.py:179} INFO - Processing /Users/aymanehinane/Desktop/Airflow/py_env/lib/python3.11/site-packages/airflow/example_dags/example_dynamic_task_mapping.py took 0.088 seconds
[2023-10-29T12:55:21.899+0100] {processor.py:157} INFO - Started process (PID=76458) to work on /Users/aymanehinane/Desktop/Airflow/py_env/lib/python3.11/site-packages/airflow/example_dags/example_dynamic_task_mapping.py
[2023-10-29T12:55:21.900+0100] {processor.py:829} INFO - Processing file /Users/aymanehinane/Desktop/Airflow/py_env/lib/python3.11/site-packages/airflow/example_dags/example_dynamic_task_mapping.py for tasks to queue
[2023-10-29T12:55:21.900+0100] {logging_mixin.py:151} INFO - [2023-10-29T12:55:21.900+0100] {dagbag.py:539} INFO - Filling up the DagBag from /Users/aymanehinane/Desktop/Airflow/py_env/lib/python3.11/site-packages/airflow/example_dags/example_dynamic_task_mapping.py
[2023-10-29T12:55:21.920+0100] {processor.py:839} INFO - DAG(s) dict_keys(['example_dynamic_task_mapping']) retrieved from /Users/aymanehinane/Desktop/Airflow/py_env/lib/python3.11/site-packages/airflow/example_dags/example_dynamic_task_mapping.py
[2023-10-29T12:55:21.974+0100] {logging_mixin.py:151} INFO - [2023-10-29T12:55:21.974+0100] {dag.py:2915} INFO - Sync 1 DAGs
[2023-10-29T12:55:21.980+0100] {logging_mixin.py:151} INFO - [2023-10-29T12:55:21.980+0100] {dag.py:3696} INFO - Setting next_dagrun for example_dynamic_task_mapping to 2022-03-04T00:00:00+00:00, run_after=2022-03-05T00:00:00+00:00
[2023-10-29T12:55:21.986+0100] {processor.py:179} INFO - Processing /Users/aymanehinane/Desktop/Airflow/py_env/lib/python3.11/site-packages/airflow/example_dags/example_dynamic_task_mapping.py took 0.087 seconds
[2023-10-29T12:56:45.231+0100] {processor.py:157} INFO - Started process (PID=76589) to work on /Users/aymanehinane/Desktop/Airflow/py_env/lib/python3.11/site-packages/airflow/example_dags/example_dynamic_task_mapping.py
[2023-10-29T12:56:45.234+0100] {processor.py:829} INFO - Processing file /Users/aymanehinane/Desktop/Airflow/py_env/lib/python3.11/site-packages/airflow/example_dags/example_dynamic_task_mapping.py for tasks to queue
[2023-10-29T12:56:45.234+0100] {logging_mixin.py:151} INFO - [2023-10-29T12:56:45.234+0100] {dagbag.py:539} INFO - Filling up the DagBag from /Users/aymanehinane/Desktop/Airflow/py_env/lib/python3.11/site-packages/airflow/example_dags/example_dynamic_task_mapping.py
[2023-10-29T12:56:45.257+0100] {processor.py:839} INFO - DAG(s) dict_keys(['example_dynamic_task_mapping']) retrieved from /Users/aymanehinane/Desktop/Airflow/py_env/lib/python3.11/site-packages/airflow/example_dags/example_dynamic_task_mapping.py
[2023-10-29T12:56:45.313+0100] {logging_mixin.py:151} INFO - [2023-10-29T12:56:45.313+0100] {dag.py:2915} INFO - Sync 1 DAGs
[2023-10-29T12:56:45.319+0100] {logging_mixin.py:151} INFO - [2023-10-29T12:56:45.319+0100] {dag.py:3696} INFO - Setting next_dagrun for example_dynamic_task_mapping to 2022-03-04T00:00:00+00:00, run_after=2022-03-05T00:00:00+00:00
[2023-10-29T12:56:45.325+0100] {processor.py:179} INFO - Processing /Users/aymanehinane/Desktop/Airflow/py_env/lib/python3.11/site-packages/airflow/example_dags/example_dynamic_task_mapping.py took 0.094 seconds
[2023-10-29T12:58:04.813+0100] {processor.py:157} INFO - Started process (PID=76775) to work on /Users/aymanehinane/Desktop/Airflow/py_env/lib/python3.11/site-packages/airflow/example_dags/example_dynamic_task_mapping.py
[2023-10-29T12:58:04.814+0100] {processor.py:829} INFO - Processing file /Users/aymanehinane/Desktop/Airflow/py_env/lib/python3.11/site-packages/airflow/example_dags/example_dynamic_task_mapping.py for tasks to queue
[2023-10-29T12:58:04.814+0100] {logging_mixin.py:151} INFO - [2023-10-29T12:58:04.814+0100] {dagbag.py:539} INFO - Filling up the DagBag from /Users/aymanehinane/Desktop/Airflow/py_env/lib/python3.11/site-packages/airflow/example_dags/example_dynamic_task_mapping.py
[2023-10-29T12:58:04.839+0100] {processor.py:839} INFO - DAG(s) dict_keys(['example_dynamic_task_mapping']) retrieved from /Users/aymanehinane/Desktop/Airflow/py_env/lib/python3.11/site-packages/airflow/example_dags/example_dynamic_task_mapping.py
[2023-10-29T12:58:04.894+0100] {logging_mixin.py:151} INFO - [2023-10-29T12:58:04.894+0100] {dag.py:2915} INFO - Sync 1 DAGs
[2023-10-29T12:58:04.900+0100] {logging_mixin.py:151} INFO - [2023-10-29T12:58:04.900+0100] {dag.py:3696} INFO - Setting next_dagrun for example_dynamic_task_mapping to 2022-03-04T00:00:00+00:00, run_after=2022-03-05T00:00:00+00:00
[2023-10-29T12:58:04.906+0100] {processor.py:179} INFO - Processing /Users/aymanehinane/Desktop/Airflow/py_env/lib/python3.11/site-packages/airflow/example_dags/example_dynamic_task_mapping.py took 0.094 seconds
[2023-10-29T12:59:23.994+0100] {processor.py:157} INFO - Started process (PID=76917) to work on /Users/aymanehinane/Desktop/Airflow/py_env/lib/python3.11/site-packages/airflow/example_dags/example_dynamic_task_mapping.py
[2023-10-29T12:59:23.995+0100] {processor.py:829} INFO - Processing file /Users/aymanehinane/Desktop/Airflow/py_env/lib/python3.11/site-packages/airflow/example_dags/example_dynamic_task_mapping.py for tasks to queue
[2023-10-29T12:59:23.995+0100] {logging_mixin.py:151} INFO - [2023-10-29T12:59:23.995+0100] {dagbag.py:539} INFO - Filling up the DagBag from /Users/aymanehinane/Desktop/Airflow/py_env/lib/python3.11/site-packages/airflow/example_dags/example_dynamic_task_mapping.py
[2023-10-29T12:59:24.018+0100] {processor.py:839} INFO - DAG(s) dict_keys(['example_dynamic_task_mapping']) retrieved from /Users/aymanehinane/Desktop/Airflow/py_env/lib/python3.11/site-packages/airflow/example_dags/example_dynamic_task_mapping.py
[2023-10-29T12:59:24.075+0100] {logging_mixin.py:151} INFO - [2023-10-29T12:59:24.074+0100] {dag.py:2915} INFO - Sync 1 DAGs
[2023-10-29T12:59:24.081+0100] {logging_mixin.py:151} INFO - [2023-10-29T12:59:24.081+0100] {dag.py:3696} INFO - Setting next_dagrun for example_dynamic_task_mapping to 2022-03-04T00:00:00+00:00, run_after=2022-03-05T00:00:00+00:00
[2023-10-29T12:59:24.090+0100] {processor.py:179} INFO - Processing /Users/aymanehinane/Desktop/Airflow/py_env/lib/python3.11/site-packages/airflow/example_dags/example_dynamic_task_mapping.py took 0.096 seconds
