[2023-10-29T12:49:36.688+0100] {processor.py:157} INFO - Started process (PID=75866) to work on /Users/aymanehinane/Desktop/Airflow/py_env/lib/python3.11/site-packages/airflow/example_dags/example_branch_operator_decorator.py
[2023-10-29T12:49:36.689+0100] {processor.py:829} INFO - Processing file /Users/aymanehinane/Desktop/Airflow/py_env/lib/python3.11/site-packages/airflow/example_dags/example_branch_operator_decorator.py for tasks to queue
[2023-10-29T12:49:36.689+0100] {logging_mixin.py:151} INFO - [2023-10-29T12:49:36.689+0100] {dagbag.py:539} INFO - Filling up the DagBag from /Users/aymanehinane/Desktop/Airflow/py_env/lib/python3.11/site-packages/airflow/example_dags/example_branch_operator_decorator.py
[2023-10-29T12:49:36.713+0100] {processor.py:839} INFO - DAG(s) dict_keys(['example_branch_python_operator_decorator']) retrieved from /Users/aymanehinane/Desktop/Airflow/py_env/lib/python3.11/site-packages/airflow/example_dags/example_branch_operator_decorator.py
[2023-10-29T12:49:37.013+0100] {logging_mixin.py:151} INFO - [2023-10-29T12:49:37.013+0100] {manager.py:499} INFO - Created Permission View: %s
[2023-10-29T12:49:37.016+0100] {logging_mixin.py:151} INFO - [2023-10-29T12:49:37.016+0100] {manager.py:499} INFO - Created Permission View: %s
[2023-10-29T12:49:37.018+0100] {logging_mixin.py:151} INFO - [2023-10-29T12:49:37.018+0100] {manager.py:499} INFO - Created Permission View: %s
[2023-10-29T12:49:37.018+0100] {logging_mixin.py:151} INFO - [2023-10-29T12:49:37.018+0100] {security.py:708} INFO - Not syncing DAG-level permissions for DAG 'DAG:example_branch_python_operator_decorator' as access control is unset.
[2023-10-29T12:49:37.018+0100] {logging_mixin.py:151} INFO - [2023-10-29T12:49:37.018+0100] {dag.py:2915} INFO - Sync 1 DAGs
[2023-10-29T12:49:37.022+0100] {logging_mixin.py:151} INFO - [2023-10-29T12:49:37.022+0100] {dag.py:2937} INFO - Creating ORM DAG for example_branch_python_operator_decorator
[2023-10-29T12:49:37.025+0100] {logging_mixin.py:151} INFO - [2023-10-29T12:49:37.025+0100] {dag.py:3696} INFO - Setting next_dagrun for example_branch_python_operator_decorator to 2023-10-28T00:00:00+00:00, run_after=2023-10-29T00:00:00+00:00
[2023-10-29T12:49:37.032+0100] {processor.py:179} INFO - Processing /Users/aymanehinane/Desktop/Airflow/py_env/lib/python3.11/site-packages/airflow/example_dags/example_branch_operator_decorator.py took 0.345 seconds
[2023-10-29T12:51:25.483+0100] {processor.py:157} INFO - Started process (PID=76083) to work on /Users/aymanehinane/Desktop/Airflow/py_env/lib/python3.11/site-packages/airflow/example_dags/example_branch_operator_decorator.py
[2023-10-29T12:51:25.484+0100] {processor.py:829} INFO - Processing file /Users/aymanehinane/Desktop/Airflow/py_env/lib/python3.11/site-packages/airflow/example_dags/example_branch_operator_decorator.py for tasks to queue
[2023-10-29T12:51:25.485+0100] {logging_mixin.py:151} INFO - [2023-10-29T12:51:25.484+0100] {dagbag.py:539} INFO - Filling up the DagBag from /Users/aymanehinane/Desktop/Airflow/py_env/lib/python3.11/site-packages/airflow/example_dags/example_branch_operator_decorator.py
[2023-10-29T12:51:25.505+0100] {processor.py:839} INFO - DAG(s) dict_keys(['example_branch_python_operator_decorator']) retrieved from /Users/aymanehinane/Desktop/Airflow/py_env/lib/python3.11/site-packages/airflow/example_dags/example_branch_operator_decorator.py
[2023-10-29T12:51:25.561+0100] {logging_mixin.py:151} INFO - [2023-10-29T12:51:25.561+0100] {dag.py:2915} INFO - Sync 1 DAGs
[2023-10-29T12:51:25.567+0100] {logging_mixin.py:151} INFO - [2023-10-29T12:51:25.567+0100] {dag.py:3696} INFO - Setting next_dagrun for example_branch_python_operator_decorator to 2023-10-28T00:00:00+00:00, run_after=2023-10-29T00:00:00+00:00
[2023-10-29T12:51:25.574+0100] {processor.py:179} INFO - Processing /Users/aymanehinane/Desktop/Airflow/py_env/lib/python3.11/site-packages/airflow/example_dags/example_branch_operator_decorator.py took 0.091 seconds
[2023-10-29T12:52:52.443+0100] {processor.py:157} INFO - Started process (PID=76227) to work on /Users/aymanehinane/Desktop/Airflow/py_env/lib/python3.11/site-packages/airflow/example_dags/example_branch_operator_decorator.py
[2023-10-29T12:52:52.443+0100] {processor.py:829} INFO - Processing file /Users/aymanehinane/Desktop/Airflow/py_env/lib/python3.11/site-packages/airflow/example_dags/example_branch_operator_decorator.py for tasks to queue
[2023-10-29T12:52:52.444+0100] {logging_mixin.py:151} INFO - [2023-10-29T12:52:52.444+0100] {dagbag.py:539} INFO - Filling up the DagBag from /Users/aymanehinane/Desktop/Airflow/py_env/lib/python3.11/site-packages/airflow/example_dags/example_branch_operator_decorator.py
[2023-10-29T12:52:52.464+0100] {processor.py:839} INFO - DAG(s) dict_keys(['example_branch_python_operator_decorator']) retrieved from /Users/aymanehinane/Desktop/Airflow/py_env/lib/python3.11/site-packages/airflow/example_dags/example_branch_operator_decorator.py
[2023-10-29T12:52:52.519+0100] {logging_mixin.py:151} INFO - [2023-10-29T12:52:52.519+0100] {dag.py:2915} INFO - Sync 1 DAGs
[2023-10-29T12:52:52.525+0100] {logging_mixin.py:151} INFO - [2023-10-29T12:52:52.525+0100] {dag.py:3696} INFO - Setting next_dagrun for example_branch_python_operator_decorator to 2023-10-28T00:00:00+00:00, run_after=2023-10-29T00:00:00+00:00
[2023-10-29T12:52:52.533+0100] {processor.py:179} INFO - Processing /Users/aymanehinane/Desktop/Airflow/py_env/lib/python3.11/site-packages/airflow/example_dags/example_branch_operator_decorator.py took 0.090 seconds
[2023-10-29T12:54:11.219+0100] {processor.py:157} INFO - Started process (PID=76352) to work on /Users/aymanehinane/Desktop/Airflow/py_env/lib/python3.11/site-packages/airflow/example_dags/example_branch_operator_decorator.py
[2023-10-29T12:54:11.219+0100] {processor.py:829} INFO - Processing file /Users/aymanehinane/Desktop/Airflow/py_env/lib/python3.11/site-packages/airflow/example_dags/example_branch_operator_decorator.py for tasks to queue
[2023-10-29T12:54:11.220+0100] {logging_mixin.py:151} INFO - [2023-10-29T12:54:11.220+0100] {dagbag.py:539} INFO - Filling up the DagBag from /Users/aymanehinane/Desktop/Airflow/py_env/lib/python3.11/site-packages/airflow/example_dags/example_branch_operator_decorator.py
[2023-10-29T12:54:11.240+0100] {processor.py:839} INFO - DAG(s) dict_keys(['example_branch_python_operator_decorator']) retrieved from /Users/aymanehinane/Desktop/Airflow/py_env/lib/python3.11/site-packages/airflow/example_dags/example_branch_operator_decorator.py
[2023-10-29T12:54:11.295+0100] {logging_mixin.py:151} INFO - [2023-10-29T12:54:11.295+0100] {dag.py:2915} INFO - Sync 1 DAGs
[2023-10-29T12:54:11.301+0100] {logging_mixin.py:151} INFO - [2023-10-29T12:54:11.301+0100] {dag.py:3696} INFO - Setting next_dagrun for example_branch_python_operator_decorator to 2023-10-28T00:00:00+00:00, run_after=2023-10-29T00:00:00+00:00
[2023-10-29T12:54:11.308+0100] {processor.py:179} INFO - Processing /Users/aymanehinane/Desktop/Airflow/py_env/lib/python3.11/site-packages/airflow/example_dags/example_branch_operator_decorator.py took 0.089 seconds
[2023-10-29T12:55:30.898+0100] {processor.py:157} INFO - Started process (PID=76472) to work on /Users/aymanehinane/Desktop/Airflow/py_env/lib/python3.11/site-packages/airflow/example_dags/example_branch_operator_decorator.py
[2023-10-29T12:55:30.900+0100] {processor.py:829} INFO - Processing file /Users/aymanehinane/Desktop/Airflow/py_env/lib/python3.11/site-packages/airflow/example_dags/example_branch_operator_decorator.py for tasks to queue
[2023-10-29T12:55:30.900+0100] {logging_mixin.py:151} INFO - [2023-10-29T12:55:30.900+0100] {dagbag.py:539} INFO - Filling up the DagBag from /Users/aymanehinane/Desktop/Airflow/py_env/lib/python3.11/site-packages/airflow/example_dags/example_branch_operator_decorator.py
[2023-10-29T12:55:30.922+0100] {processor.py:839} INFO - DAG(s) dict_keys(['example_branch_python_operator_decorator']) retrieved from /Users/aymanehinane/Desktop/Airflow/py_env/lib/python3.11/site-packages/airflow/example_dags/example_branch_operator_decorator.py
[2023-10-29T12:55:30.979+0100] {logging_mixin.py:151} INFO - [2023-10-29T12:55:30.979+0100] {dag.py:2915} INFO - Sync 1 DAGs
[2023-10-29T12:55:30.985+0100] {logging_mixin.py:151} INFO - [2023-10-29T12:55:30.985+0100] {dag.py:3696} INFO - Setting next_dagrun for example_branch_python_operator_decorator to 2023-10-28T00:00:00+00:00, run_after=2023-10-29T00:00:00+00:00
[2023-10-29T12:55:30.991+0100] {processor.py:179} INFO - Processing /Users/aymanehinane/Desktop/Airflow/py_env/lib/python3.11/site-packages/airflow/example_dags/example_branch_operator_decorator.py took 0.093 seconds
[2023-10-29T12:56:54.039+0100] {processor.py:157} INFO - Started process (PID=76621) to work on /Users/aymanehinane/Desktop/Airflow/py_env/lib/python3.11/site-packages/airflow/example_dags/example_branch_operator_decorator.py
[2023-10-29T12:56:54.040+0100] {processor.py:829} INFO - Processing file /Users/aymanehinane/Desktop/Airflow/py_env/lib/python3.11/site-packages/airflow/example_dags/example_branch_operator_decorator.py for tasks to queue
[2023-10-29T12:56:54.040+0100] {logging_mixin.py:151} INFO - [2023-10-29T12:56:54.040+0100] {dagbag.py:539} INFO - Filling up the DagBag from /Users/aymanehinane/Desktop/Airflow/py_env/lib/python3.11/site-packages/airflow/example_dags/example_branch_operator_decorator.py
[2023-10-29T12:56:54.061+0100] {processor.py:839} INFO - DAG(s) dict_keys(['example_branch_python_operator_decorator']) retrieved from /Users/aymanehinane/Desktop/Airflow/py_env/lib/python3.11/site-packages/airflow/example_dags/example_branch_operator_decorator.py
[2023-10-29T12:56:54.117+0100] {logging_mixin.py:151} INFO - [2023-10-29T12:56:54.117+0100] {dag.py:2915} INFO - Sync 1 DAGs
[2023-10-29T12:56:54.124+0100] {logging_mixin.py:151} INFO - [2023-10-29T12:56:54.124+0100] {dag.py:3696} INFO - Setting next_dagrun for example_branch_python_operator_decorator to 2023-10-28T00:00:00+00:00, run_after=2023-10-29T00:00:00+00:00
[2023-10-29T12:56:54.131+0100] {processor.py:179} INFO - Processing /Users/aymanehinane/Desktop/Airflow/py_env/lib/python3.11/site-packages/airflow/example_dags/example_branch_operator_decorator.py took 0.091 seconds
[2023-10-29T12:58:12.642+0100] {processor.py:157} INFO - Started process (PID=76788) to work on /Users/aymanehinane/Desktop/Airflow/py_env/lib/python3.11/site-packages/airflow/example_dags/example_branch_operator_decorator.py
[2023-10-29T12:58:12.643+0100] {processor.py:829} INFO - Processing file /Users/aymanehinane/Desktop/Airflow/py_env/lib/python3.11/site-packages/airflow/example_dags/example_branch_operator_decorator.py for tasks to queue
[2023-10-29T12:58:12.643+0100] {logging_mixin.py:151} INFO - [2023-10-29T12:58:12.643+0100] {dagbag.py:539} INFO - Filling up the DagBag from /Users/aymanehinane/Desktop/Airflow/py_env/lib/python3.11/site-packages/airflow/example_dags/example_branch_operator_decorator.py
[2023-10-29T12:58:12.665+0100] {processor.py:839} INFO - DAG(s) dict_keys(['example_branch_python_operator_decorator']) retrieved from /Users/aymanehinane/Desktop/Airflow/py_env/lib/python3.11/site-packages/airflow/example_dags/example_branch_operator_decorator.py
[2023-10-29T12:58:12.720+0100] {logging_mixin.py:151} INFO - [2023-10-29T12:58:12.720+0100] {dag.py:2915} INFO - Sync 1 DAGs
[2023-10-29T12:58:12.726+0100] {logging_mixin.py:151} INFO - [2023-10-29T12:58:12.726+0100] {dag.py:3696} INFO - Setting next_dagrun for example_branch_python_operator_decorator to 2023-10-28T00:00:00+00:00, run_after=2023-10-29T00:00:00+00:00
[2023-10-29T12:58:12.733+0100] {processor.py:179} INFO - Processing /Users/aymanehinane/Desktop/Airflow/py_env/lib/python3.11/site-packages/airflow/example_dags/example_branch_operator_decorator.py took 0.091 seconds
[2023-10-29T12:59:33.099+0100] {processor.py:157} INFO - Started process (PID=76931) to work on /Users/aymanehinane/Desktop/Airflow/py_env/lib/python3.11/site-packages/airflow/example_dags/example_branch_operator_decorator.py
[2023-10-29T12:59:33.100+0100] {processor.py:829} INFO - Processing file /Users/aymanehinane/Desktop/Airflow/py_env/lib/python3.11/site-packages/airflow/example_dags/example_branch_operator_decorator.py for tasks to queue
[2023-10-29T12:59:33.100+0100] {logging_mixin.py:151} INFO - [2023-10-29T12:59:33.100+0100] {dagbag.py:539} INFO - Filling up the DagBag from /Users/aymanehinane/Desktop/Airflow/py_env/lib/python3.11/site-packages/airflow/example_dags/example_branch_operator_decorator.py
[2023-10-29T12:59:33.121+0100] {processor.py:839} INFO - DAG(s) dict_keys(['example_branch_python_operator_decorator']) retrieved from /Users/aymanehinane/Desktop/Airflow/py_env/lib/python3.11/site-packages/airflow/example_dags/example_branch_operator_decorator.py
[2023-10-29T12:59:33.176+0100] {logging_mixin.py:151} INFO - [2023-10-29T12:59:33.176+0100] {dag.py:2915} INFO - Sync 1 DAGs
[2023-10-29T12:59:33.182+0100] {logging_mixin.py:151} INFO - [2023-10-29T12:59:33.182+0100] {dag.py:3696} INFO - Setting next_dagrun for example_branch_python_operator_decorator to 2023-10-28T00:00:00+00:00, run_after=2023-10-29T00:00:00+00:00
[2023-10-29T12:59:33.189+0100] {processor.py:179} INFO - Processing /Users/aymanehinane/Desktop/Airflow/py_env/lib/python3.11/site-packages/airflow/example_dags/example_branch_operator_decorator.py took 0.091 seconds
