[2023-10-29T12:48:40.180+0100] {processor.py:157} INFO - Started process (PID=75778) to work on /Users/aymanehinane/Desktop/Airflow/py_env/lib/python3.11/site-packages/airflow/example_dags/example_trigger_controller_dag.py
[2023-10-29T12:48:40.180+0100] {processor.py:829} INFO - Processing file /Users/aymanehinane/Desktop/Airflow/py_env/lib/python3.11/site-packages/airflow/example_dags/example_trigger_controller_dag.py for tasks to queue
[2023-10-29T12:48:40.180+0100] {logging_mixin.py:151} INFO - [2023-10-29T12:48:40.180+0100] {dagbag.py:539} INFO - Filling up the DagBag from /Users/aymanehinane/Desktop/Airflow/py_env/lib/python3.11/site-packages/airflow/example_dags/example_trigger_controller_dag.py
[2023-10-29T12:48:40.191+0100] {processor.py:839} INFO - DAG(s) dict_keys(['example_trigger_controller_dag']) retrieved from /Users/aymanehinane/Desktop/Airflow/py_env/lib/python3.11/site-packages/airflow/example_dags/example_trigger_controller_dag.py
[2023-10-29T12:48:40.486+0100] {logging_mixin.py:151} INFO - [2023-10-29T12:48:40.486+0100] {manager.py:499} INFO - Created Permission View: %s
[2023-10-29T12:48:40.491+0100] {logging_mixin.py:151} INFO - [2023-10-29T12:48:40.491+0100] {manager.py:499} INFO - Created Permission View: %s
[2023-10-29T12:48:40.493+0100] {logging_mixin.py:151} INFO - [2023-10-29T12:48:40.493+0100] {manager.py:499} INFO - Created Permission View: %s
[2023-10-29T12:48:40.493+0100] {logging_mixin.py:151} INFO - [2023-10-29T12:48:40.493+0100] {security.py:708} INFO - Not syncing DAG-level permissions for DAG 'DAG:example_trigger_controller_dag' as access control is unset.
[2023-10-29T12:48:40.493+0100] {logging_mixin.py:151} INFO - [2023-10-29T12:48:40.493+0100] {dag.py:2915} INFO - Sync 1 DAGs
[2023-10-29T12:48:40.497+0100] {logging_mixin.py:151} INFO - [2023-10-29T12:48:40.497+0100] {dag.py:2937} INFO - Creating ORM DAG for example_trigger_controller_dag
[2023-10-29T12:48:40.500+0100] {logging_mixin.py:151} INFO - [2023-10-29T12:48:40.500+0100] {dag.py:3696} INFO - Setting next_dagrun for example_trigger_controller_dag to 2021-01-01T00:00:00+00:00, run_after=2021-01-01T00:00:00+00:00
[2023-10-29T12:48:40.507+0100] {processor.py:179} INFO - Processing /Users/aymanehinane/Desktop/Airflow/py_env/lib/python3.11/site-packages/airflow/example_dags/example_trigger_controller_dag.py took 0.328 seconds
[2023-10-29T12:50:04.364+0100] {processor.py:157} INFO - Started process (PID=75932) to work on /Users/aymanehinane/Desktop/Airflow/py_env/lib/python3.11/site-packages/airflow/example_dags/example_trigger_controller_dag.py
[2023-10-29T12:50:04.365+0100] {processor.py:829} INFO - Processing file /Users/aymanehinane/Desktop/Airflow/py_env/lib/python3.11/site-packages/airflow/example_dags/example_trigger_controller_dag.py for tasks to queue
[2023-10-29T12:50:04.365+0100] {logging_mixin.py:151} INFO - [2023-10-29T12:50:04.365+0100] {dagbag.py:539} INFO - Filling up the DagBag from /Users/aymanehinane/Desktop/Airflow/py_env/lib/python3.11/site-packages/airflow/example_dags/example_trigger_controller_dag.py
[2023-10-29T12:50:04.378+0100] {processor.py:839} INFO - DAG(s) dict_keys(['example_trigger_controller_dag']) retrieved from /Users/aymanehinane/Desktop/Airflow/py_env/lib/python3.11/site-packages/airflow/example_dags/example_trigger_controller_dag.py
[2023-10-29T12:50:04.473+0100] {logging_mixin.py:151} INFO - [2023-10-29T12:50:04.473+0100] {dag.py:2915} INFO - Sync 1 DAGs
[2023-10-29T12:50:04.482+0100] {logging_mixin.py:151} INFO - [2023-10-29T12:50:04.482+0100] {dag.py:3696} INFO - Setting next_dagrun for example_trigger_controller_dag to 2021-01-01T00:00:00+00:00, run_after=2021-01-01T00:00:00+00:00
[2023-10-29T12:50:04.510+0100] {processor.py:179} INFO - Processing /Users/aymanehinane/Desktop/Airflow/py_env/lib/python3.11/site-packages/airflow/example_dags/example_trigger_controller_dag.py took 0.147 seconds
[2023-10-29T12:50:59.971+0100] {processor.py:157} INFO - Started process (PID=76045) to work on /Users/aymanehinane/Desktop/Airflow/py_env/lib/python3.11/site-packages/airflow/example_dags/example_trigger_controller_dag.py
[2023-10-29T12:50:59.972+0100] {processor.py:829} INFO - Processing file /Users/aymanehinane/Desktop/Airflow/py_env/lib/python3.11/site-packages/airflow/example_dags/example_trigger_controller_dag.py for tasks to queue
[2023-10-29T12:50:59.972+0100] {logging_mixin.py:151} INFO - [2023-10-29T12:50:59.972+0100] {dagbag.py:539} INFO - Filling up the DagBag from /Users/aymanehinane/Desktop/Airflow/py_env/lib/python3.11/site-packages/airflow/example_dags/example_trigger_controller_dag.py
[2023-10-29T12:50:59.984+0100] {processor.py:839} INFO - DAG(s) dict_keys(['example_trigger_controller_dag']) retrieved from /Users/aymanehinane/Desktop/Airflow/py_env/lib/python3.11/site-packages/airflow/example_dags/example_trigger_controller_dag.py
[2023-10-29T12:51:00.051+0100] {logging_mixin.py:151} INFO - [2023-10-29T12:51:00.051+0100] {dag.py:2915} INFO - Sync 1 DAGs
[2023-10-29T12:51:00.057+0100] {logging_mixin.py:151} INFO - [2023-10-29T12:51:00.057+0100] {dag.py:3696} INFO - Setting next_dagrun for example_trigger_controller_dag to 2021-01-01T00:00:00+00:00, run_after=2021-01-01T00:00:00+00:00
[2023-10-29T12:51:00.068+0100] {processor.py:179} INFO - Processing /Users/aymanehinane/Desktop/Airflow/py_env/lib/python3.11/site-packages/airflow/example_dags/example_trigger_controller_dag.py took 0.097 seconds
[2023-10-29T12:51:49.884+0100] {processor.py:157} INFO - Started process (PID=76125) to work on /Users/aymanehinane/Desktop/Airflow/py_env/lib/python3.11/site-packages/airflow/example_dags/example_trigger_controller_dag.py
[2023-10-29T12:51:49.885+0100] {processor.py:829} INFO - Processing file /Users/aymanehinane/Desktop/Airflow/py_env/lib/python3.11/site-packages/airflow/example_dags/example_trigger_controller_dag.py for tasks to queue
[2023-10-29T12:51:49.886+0100] {logging_mixin.py:151} INFO - [2023-10-29T12:51:49.886+0100] {dagbag.py:539} INFO - Filling up the DagBag from /Users/aymanehinane/Desktop/Airflow/py_env/lib/python3.11/site-packages/airflow/example_dags/example_trigger_controller_dag.py
[2023-10-29T12:51:49.896+0100] {processor.py:839} INFO - DAG(s) dict_keys(['example_trigger_controller_dag']) retrieved from /Users/aymanehinane/Desktop/Airflow/py_env/lib/python3.11/site-packages/airflow/example_dags/example_trigger_controller_dag.py
[2023-10-29T12:51:49.954+0100] {logging_mixin.py:151} INFO - [2023-10-29T12:51:49.954+0100] {dag.py:2915} INFO - Sync 1 DAGs
[2023-10-29T12:51:49.960+0100] {logging_mixin.py:151} INFO - [2023-10-29T12:51:49.960+0100] {dag.py:3696} INFO - Setting next_dagrun for example_trigger_controller_dag to 2021-01-01T00:00:00+00:00, run_after=2021-01-01T00:00:00+00:00
[2023-10-29T12:51:49.966+0100] {processor.py:179} INFO - Processing /Users/aymanehinane/Desktop/Airflow/py_env/lib/python3.11/site-packages/airflow/example_dags/example_trigger_controller_dag.py took 0.083 seconds
[2023-10-29T12:53:15.018+0100] {processor.py:157} INFO - Started process (PID=76262) to work on /Users/aymanehinane/Desktop/Airflow/py_env/lib/python3.11/site-packages/airflow/example_dags/example_trigger_controller_dag.py
[2023-10-29T12:53:15.019+0100] {processor.py:829} INFO - Processing file /Users/aymanehinane/Desktop/Airflow/py_env/lib/python3.11/site-packages/airflow/example_dags/example_trigger_controller_dag.py for tasks to queue
[2023-10-29T12:53:15.019+0100] {logging_mixin.py:151} INFO - [2023-10-29T12:53:15.019+0100] {dagbag.py:539} INFO - Filling up the DagBag from /Users/aymanehinane/Desktop/Airflow/py_env/lib/python3.11/site-packages/airflow/example_dags/example_trigger_controller_dag.py
[2023-10-29T12:53:15.030+0100] {processor.py:839} INFO - DAG(s) dict_keys(['example_trigger_controller_dag']) retrieved from /Users/aymanehinane/Desktop/Airflow/py_env/lib/python3.11/site-packages/airflow/example_dags/example_trigger_controller_dag.py
[2023-10-29T12:53:15.085+0100] {logging_mixin.py:151} INFO - [2023-10-29T12:53:15.085+0100] {dag.py:2915} INFO - Sync 1 DAGs
[2023-10-29T12:53:15.090+0100] {logging_mixin.py:151} INFO - [2023-10-29T12:53:15.090+0100] {dag.py:3696} INFO - Setting next_dagrun for example_trigger_controller_dag to 2021-01-01T00:00:00+00:00, run_after=2021-01-01T00:00:00+00:00
[2023-10-29T12:53:15.097+0100] {processor.py:179} INFO - Processing /Users/aymanehinane/Desktop/Airflow/py_env/lib/python3.11/site-packages/airflow/example_dags/example_trigger_controller_dag.py took 0.079 seconds
[2023-10-29T12:54:35.890+0100] {processor.py:157} INFO - Started process (PID=76389) to work on /Users/aymanehinane/Desktop/Airflow/py_env/lib/python3.11/site-packages/airflow/example_dags/example_trigger_controller_dag.py
[2023-10-29T12:54:35.890+0100] {processor.py:829} INFO - Processing file /Users/aymanehinane/Desktop/Airflow/py_env/lib/python3.11/site-packages/airflow/example_dags/example_trigger_controller_dag.py for tasks to queue
[2023-10-29T12:54:35.890+0100] {logging_mixin.py:151} INFO - [2023-10-29T12:54:35.890+0100] {dagbag.py:539} INFO - Filling up the DagBag from /Users/aymanehinane/Desktop/Airflow/py_env/lib/python3.11/site-packages/airflow/example_dags/example_trigger_controller_dag.py
[2023-10-29T12:54:35.901+0100] {processor.py:839} INFO - DAG(s) dict_keys(['example_trigger_controller_dag']) retrieved from /Users/aymanehinane/Desktop/Airflow/py_env/lib/python3.11/site-packages/airflow/example_dags/example_trigger_controller_dag.py
[2023-10-29T12:54:35.955+0100] {logging_mixin.py:151} INFO - [2023-10-29T12:54:35.955+0100] {dag.py:2915} INFO - Sync 1 DAGs
[2023-10-29T12:54:35.960+0100] {logging_mixin.py:151} INFO - [2023-10-29T12:54:35.960+0100] {dag.py:3696} INFO - Setting next_dagrun for example_trigger_controller_dag to 2021-01-01T00:00:00+00:00, run_after=2021-01-01T00:00:00+00:00
[2023-10-29T12:54:35.967+0100] {processor.py:179} INFO - Processing /Users/aymanehinane/Desktop/Airflow/py_env/lib/python3.11/site-packages/airflow/example_dags/example_trigger_controller_dag.py took 0.078 seconds
[2023-10-29T12:55:56.175+0100] {processor.py:157} INFO - Started process (PID=76512) to work on /Users/aymanehinane/Desktop/Airflow/py_env/lib/python3.11/site-packages/airflow/example_dags/example_trigger_controller_dag.py
[2023-10-29T12:55:56.175+0100] {processor.py:829} INFO - Processing file /Users/aymanehinane/Desktop/Airflow/py_env/lib/python3.11/site-packages/airflow/example_dags/example_trigger_controller_dag.py for tasks to queue
[2023-10-29T12:55:56.176+0100] {logging_mixin.py:151} INFO - [2023-10-29T12:55:56.176+0100] {dagbag.py:539} INFO - Filling up the DagBag from /Users/aymanehinane/Desktop/Airflow/py_env/lib/python3.11/site-packages/airflow/example_dags/example_trigger_controller_dag.py
[2023-10-29T12:55:56.186+0100] {processor.py:839} INFO - DAG(s) dict_keys(['example_trigger_controller_dag']) retrieved from /Users/aymanehinane/Desktop/Airflow/py_env/lib/python3.11/site-packages/airflow/example_dags/example_trigger_controller_dag.py
[2023-10-29T12:55:56.241+0100] {logging_mixin.py:151} INFO - [2023-10-29T12:55:56.241+0100] {dag.py:2915} INFO - Sync 1 DAGs
[2023-10-29T12:55:56.246+0100] {logging_mixin.py:151} INFO - [2023-10-29T12:55:56.246+0100] {dag.py:3696} INFO - Setting next_dagrun for example_trigger_controller_dag to 2021-01-01T00:00:00+00:00, run_after=2021-01-01T00:00:00+00:00
[2023-10-29T12:55:56.252+0100] {processor.py:179} INFO - Processing /Users/aymanehinane/Desktop/Airflow/py_env/lib/python3.11/site-packages/airflow/example_dags/example_trigger_controller_dag.py took 0.078 seconds
[2023-10-29T12:57:17.694+0100] {processor.py:157} INFO - Started process (PID=76674) to work on /Users/aymanehinane/Desktop/Airflow/py_env/lib/python3.11/site-packages/airflow/example_dags/example_trigger_controller_dag.py
[2023-10-29T12:57:17.695+0100] {processor.py:829} INFO - Processing file /Users/aymanehinane/Desktop/Airflow/py_env/lib/python3.11/site-packages/airflow/example_dags/example_trigger_controller_dag.py for tasks to queue
[2023-10-29T12:57:17.696+0100] {logging_mixin.py:151} INFO - [2023-10-29T12:57:17.696+0100] {dagbag.py:539} INFO - Filling up the DagBag from /Users/aymanehinane/Desktop/Airflow/py_env/lib/python3.11/site-packages/airflow/example_dags/example_trigger_controller_dag.py
[2023-10-29T12:57:17.706+0100] {processor.py:839} INFO - DAG(s) dict_keys(['example_trigger_controller_dag']) retrieved from /Users/aymanehinane/Desktop/Airflow/py_env/lib/python3.11/site-packages/airflow/example_dags/example_trigger_controller_dag.py
[2023-10-29T12:57:17.761+0100] {logging_mixin.py:151} INFO - [2023-10-29T12:57:17.761+0100] {dag.py:2915} INFO - Sync 1 DAGs
[2023-10-29T12:57:17.766+0100] {logging_mixin.py:151} INFO - [2023-10-29T12:57:17.766+0100] {dag.py:3696} INFO - Setting next_dagrun for example_trigger_controller_dag to 2021-01-01T00:00:00+00:00, run_after=2021-01-01T00:00:00+00:00
[2023-10-29T12:57:17.772+0100] {processor.py:179} INFO - Processing /Users/aymanehinane/Desktop/Airflow/py_env/lib/python3.11/site-packages/airflow/example_dags/example_trigger_controller_dag.py took 0.079 seconds
[2023-10-29T12:58:37.364+0100] {processor.py:157} INFO - Started process (PID=76833) to work on /Users/aymanehinane/Desktop/Airflow/py_env/lib/python3.11/site-packages/airflow/example_dags/example_trigger_controller_dag.py
[2023-10-29T12:58:37.365+0100] {processor.py:829} INFO - Processing file /Users/aymanehinane/Desktop/Airflow/py_env/lib/python3.11/site-packages/airflow/example_dags/example_trigger_controller_dag.py for tasks to queue
[2023-10-29T12:58:37.365+0100] {logging_mixin.py:151} INFO - [2023-10-29T12:58:37.365+0100] {dagbag.py:539} INFO - Filling up the DagBag from /Users/aymanehinane/Desktop/Airflow/py_env/lib/python3.11/site-packages/airflow/example_dags/example_trigger_controller_dag.py
[2023-10-29T12:58:37.376+0100] {processor.py:839} INFO - DAG(s) dict_keys(['example_trigger_controller_dag']) retrieved from /Users/aymanehinane/Desktop/Airflow/py_env/lib/python3.11/site-packages/airflow/example_dags/example_trigger_controller_dag.py
[2023-10-29T12:58:37.431+0100] {logging_mixin.py:151} INFO - [2023-10-29T12:58:37.430+0100] {dag.py:2915} INFO - Sync 1 DAGs
[2023-10-29T12:58:37.436+0100] {logging_mixin.py:151} INFO - [2023-10-29T12:58:37.436+0100] {dag.py:3696} INFO - Setting next_dagrun for example_trigger_controller_dag to 2021-01-01T00:00:00+00:00, run_after=2021-01-01T00:00:00+00:00
[2023-10-29T12:58:37.443+0100] {processor.py:179} INFO - Processing /Users/aymanehinane/Desktop/Airflow/py_env/lib/python3.11/site-packages/airflow/example_dags/example_trigger_controller_dag.py took 0.079 seconds
[2023-10-29T12:59:55.383+0100] {processor.py:157} INFO - Started process (PID=76974) to work on /Users/aymanehinane/Desktop/Airflow/py_env/lib/python3.11/site-packages/airflow/example_dags/example_trigger_controller_dag.py
[2023-10-29T12:59:55.384+0100] {processor.py:829} INFO - Processing file /Users/aymanehinane/Desktop/Airflow/py_env/lib/python3.11/site-packages/airflow/example_dags/example_trigger_controller_dag.py for tasks to queue
[2023-10-29T12:59:55.385+0100] {logging_mixin.py:151} INFO - [2023-10-29T12:59:55.385+0100] {dagbag.py:539} INFO - Filling up the DagBag from /Users/aymanehinane/Desktop/Airflow/py_env/lib/python3.11/site-packages/airflow/example_dags/example_trigger_controller_dag.py
[2023-10-29T12:59:55.395+0100] {processor.py:839} INFO - DAG(s) dict_keys(['example_trigger_controller_dag']) retrieved from /Users/aymanehinane/Desktop/Airflow/py_env/lib/python3.11/site-packages/airflow/example_dags/example_trigger_controller_dag.py
[2023-10-29T12:59:55.454+0100] {logging_mixin.py:151} INFO - [2023-10-29T12:59:55.454+0100] {dag.py:2915} INFO - Sync 1 DAGs
[2023-10-29T12:59:55.459+0100] {logging_mixin.py:151} INFO - [2023-10-29T12:59:55.459+0100] {dag.py:3696} INFO - Setting next_dagrun for example_trigger_controller_dag to 2021-01-01T00:00:00+00:00, run_after=2021-01-01T00:00:00+00:00
[2023-10-29T12:59:55.466+0100] {processor.py:179} INFO - Processing /Users/aymanehinane/Desktop/Airflow/py_env/lib/python3.11/site-packages/airflow/example_dags/example_trigger_controller_dag.py took 0.083 seconds
