[2023-10-29T12:48:37.264+0100] {processor.py:157} INFO - Started process (PID=75774) to work on /Users/aymanehinane/Desktop/Airflow/py_env/lib/python3.11/site-packages/airflow/example_dags/example_xcom.py
[2023-10-29T12:48:37.264+0100] {processor.py:829} INFO - Processing file /Users/aymanehinane/Desktop/Airflow/py_env/lib/python3.11/site-packages/airflow/example_dags/example_xcom.py for tasks to queue
[2023-10-29T12:48:37.264+0100] {logging_mixin.py:151} INFO - [2023-10-29T12:48:37.264+0100] {dagbag.py:539} INFO - Filling up the DagBag from /Users/aymanehinane/Desktop/Airflow/py_env/lib/python3.11/site-packages/airflow/example_dags/example_xcom.py
[2023-10-29T12:48:37.286+0100] {processor.py:839} INFO - DAG(s) dict_keys(['example_xcom']) retrieved from /Users/aymanehinane/Desktop/Airflow/py_env/lib/python3.11/site-packages/airflow/example_dags/example_xcom.py
[2023-10-29T12:48:37.575+0100] {logging_mixin.py:151} INFO - [2023-10-29T12:48:37.575+0100] {manager.py:499} INFO - Created Permission View: %s
[2023-10-29T12:48:37.578+0100] {logging_mixin.py:151} INFO - [2023-10-29T12:48:37.578+0100] {manager.py:499} INFO - Created Permission View: %s
[2023-10-29T12:48:37.580+0100] {logging_mixin.py:151} INFO - [2023-10-29T12:48:37.580+0100] {manager.py:499} INFO - Created Permission View: %s
[2023-10-29T12:48:37.580+0100] {logging_mixin.py:151} INFO - [2023-10-29T12:48:37.580+0100] {security.py:708} INFO - Not syncing DAG-level permissions for DAG 'DAG:example_xcom' as access control is unset.
[2023-10-29T12:48:37.580+0100] {logging_mixin.py:151} INFO - [2023-10-29T12:48:37.580+0100] {dag.py:2915} INFO - Sync 1 DAGs
[2023-10-29T12:48:37.583+0100] {logging_mixin.py:151} INFO - [2023-10-29T12:48:37.583+0100] {dag.py:2937} INFO - Creating ORM DAG for example_xcom
[2023-10-29T12:48:37.586+0100] {logging_mixin.py:151} INFO - [2023-10-29T12:48:37.586+0100] {dag.py:3696} INFO - Setting next_dagrun for example_xcom to 2021-01-01T00:00:00+00:00, run_after=2021-01-01T00:00:00+00:00
[2023-10-29T12:48:37.592+0100] {processor.py:179} INFO - Processing /Users/aymanehinane/Desktop/Airflow/py_env/lib/python3.11/site-packages/airflow/example_dags/example_xcom.py took 0.328 seconds
[2023-10-29T12:50:00.852+0100] {processor.py:157} INFO - Started process (PID=75928) to work on /Users/aymanehinane/Desktop/Airflow/py_env/lib/python3.11/site-packages/airflow/example_dags/example_xcom.py
[2023-10-29T12:50:00.854+0100] {processor.py:829} INFO - Processing file /Users/aymanehinane/Desktop/Airflow/py_env/lib/python3.11/site-packages/airflow/example_dags/example_xcom.py for tasks to queue
[2023-10-29T12:50:00.854+0100] {logging_mixin.py:151} INFO - [2023-10-29T12:50:00.854+0100] {dagbag.py:539} INFO - Filling up the DagBag from /Users/aymanehinane/Desktop/Airflow/py_env/lib/python3.11/site-packages/airflow/example_dags/example_xcom.py
[2023-10-29T12:50:00.875+0100] {processor.py:839} INFO - DAG(s) dict_keys(['example_xcom']) retrieved from /Users/aymanehinane/Desktop/Airflow/py_env/lib/python3.11/site-packages/airflow/example_dags/example_xcom.py
[2023-10-29T12:50:00.932+0100] {logging_mixin.py:151} INFO - [2023-10-29T12:50:00.932+0100] {dag.py:2915} INFO - Sync 1 DAGs
[2023-10-29T12:50:00.939+0100] {logging_mixin.py:151} INFO - [2023-10-29T12:50:00.939+0100] {dag.py:3696} INFO - Setting next_dagrun for example_xcom to 2021-01-01T00:00:00+00:00, run_after=2021-01-01T00:00:00+00:00
[2023-10-29T12:50:00.946+0100] {processor.py:179} INFO - Processing /Users/aymanehinane/Desktop/Airflow/py_env/lib/python3.11/site-packages/airflow/example_dags/example_xcom.py took 0.094 seconds
[2023-10-29T12:50:56.866+0100] {processor.py:157} INFO - Started process (PID=76041) to work on /Users/aymanehinane/Desktop/Airflow/py_env/lib/python3.11/site-packages/airflow/example_dags/example_xcom.py
[2023-10-29T12:50:56.867+0100] {processor.py:829} INFO - Processing file /Users/aymanehinane/Desktop/Airflow/py_env/lib/python3.11/site-packages/airflow/example_dags/example_xcom.py for tasks to queue
[2023-10-29T12:50:56.867+0100] {logging_mixin.py:151} INFO - [2023-10-29T12:50:56.867+0100] {dagbag.py:539} INFO - Filling up the DagBag from /Users/aymanehinane/Desktop/Airflow/py_env/lib/python3.11/site-packages/airflow/example_dags/example_xcom.py
[2023-10-29T12:50:56.891+0100] {processor.py:839} INFO - DAG(s) dict_keys(['example_xcom']) retrieved from /Users/aymanehinane/Desktop/Airflow/py_env/lib/python3.11/site-packages/airflow/example_dags/example_xcom.py
[2023-10-29T12:50:56.957+0100] {logging_mixin.py:151} INFO - [2023-10-29T12:50:56.957+0100] {dag.py:2915} INFO - Sync 1 DAGs
[2023-10-29T12:50:56.964+0100] {logging_mixin.py:151} INFO - [2023-10-29T12:50:56.964+0100] {dag.py:3696} INFO - Setting next_dagrun for example_xcom to 2021-01-01T00:00:00+00:00, run_after=2021-01-01T00:00:00+00:00
[2023-10-29T12:50:56.972+0100] {processor.py:179} INFO - Processing /Users/aymanehinane/Desktop/Airflow/py_env/lib/python3.11/site-packages/airflow/example_dags/example_xcom.py took 0.107 seconds
[2023-10-29T12:51:47.558+0100] {processor.py:157} INFO - Started process (PID=76121) to work on /Users/aymanehinane/Desktop/Airflow/py_env/lib/python3.11/site-packages/airflow/example_dags/example_xcom.py
[2023-10-29T12:51:47.559+0100] {processor.py:829} INFO - Processing file /Users/aymanehinane/Desktop/Airflow/py_env/lib/python3.11/site-packages/airflow/example_dags/example_xcom.py for tasks to queue
[2023-10-29T12:51:47.559+0100] {logging_mixin.py:151} INFO - [2023-10-29T12:51:47.559+0100] {dagbag.py:539} INFO - Filling up the DagBag from /Users/aymanehinane/Desktop/Airflow/py_env/lib/python3.11/site-packages/airflow/example_dags/example_xcom.py
[2023-10-29T12:51:47.580+0100] {processor.py:839} INFO - DAG(s) dict_keys(['example_xcom']) retrieved from /Users/aymanehinane/Desktop/Airflow/py_env/lib/python3.11/site-packages/airflow/example_dags/example_xcom.py
[2023-10-29T12:51:47.635+0100] {logging_mixin.py:151} INFO - [2023-10-29T12:51:47.635+0100] {dag.py:2915} INFO - Sync 1 DAGs
[2023-10-29T12:51:47.641+0100] {logging_mixin.py:151} INFO - [2023-10-29T12:51:47.641+0100] {dag.py:3696} INFO - Setting next_dagrun for example_xcom to 2021-01-01T00:00:00+00:00, run_after=2021-01-01T00:00:00+00:00
[2023-10-29T12:51:47.648+0100] {processor.py:179} INFO - Processing /Users/aymanehinane/Desktop/Airflow/py_env/lib/python3.11/site-packages/airflow/example_dags/example_xcom.py took 0.090 seconds
[2023-10-29T12:52:31.226+0100] {processor.py:157} INFO - Started process (PID=76198) to work on /Users/aymanehinane/Desktop/Airflow/py_env/lib/python3.11/site-packages/airflow/example_dags/example_xcom.py
[2023-10-29T12:52:31.226+0100] {processor.py:829} INFO - Processing file /Users/aymanehinane/Desktop/Airflow/py_env/lib/python3.11/site-packages/airflow/example_dags/example_xcom.py for tasks to queue
[2023-10-29T12:52:31.226+0100] {logging_mixin.py:151} INFO - [2023-10-29T12:52:31.226+0100] {dagbag.py:539} INFO - Filling up the DagBag from /Users/aymanehinane/Desktop/Airflow/py_env/lib/python3.11/site-packages/airflow/example_dags/example_xcom.py
[2023-10-29T12:52:31.248+0100] {processor.py:839} INFO - DAG(s) dict_keys(['example_xcom']) retrieved from /Users/aymanehinane/Desktop/Airflow/py_env/lib/python3.11/site-packages/airflow/example_dags/example_xcom.py
[2023-10-29T12:52:31.302+0100] {logging_mixin.py:151} INFO - [2023-10-29T12:52:31.302+0100] {dag.py:2915} INFO - Sync 1 DAGs
[2023-10-29T12:52:31.308+0100] {logging_mixin.py:151} INFO - [2023-10-29T12:52:31.308+0100] {dag.py:3696} INFO - Setting next_dagrun for example_xcom to 2021-01-01T00:00:00+00:00, run_after=2021-01-01T00:00:00+00:00
[2023-10-29T12:52:31.315+0100] {processor.py:179} INFO - Processing /Users/aymanehinane/Desktop/Airflow/py_env/lib/python3.11/site-packages/airflow/example_dags/example_xcom.py took 0.089 seconds
[2023-10-29T12:53:51.003+0100] {processor.py:157} INFO - Started process (PID=76320) to work on /Users/aymanehinane/Desktop/Airflow/py_env/lib/python3.11/site-packages/airflow/example_dags/example_xcom.py
[2023-10-29T12:53:51.004+0100] {processor.py:829} INFO - Processing file /Users/aymanehinane/Desktop/Airflow/py_env/lib/python3.11/site-packages/airflow/example_dags/example_xcom.py for tasks to queue
[2023-10-29T12:53:51.004+0100] {logging_mixin.py:151} INFO - [2023-10-29T12:53:51.004+0100] {dagbag.py:539} INFO - Filling up the DagBag from /Users/aymanehinane/Desktop/Airflow/py_env/lib/python3.11/site-packages/airflow/example_dags/example_xcom.py
[2023-10-29T12:53:51.027+0100] {processor.py:839} INFO - DAG(s) dict_keys(['example_xcom']) retrieved from /Users/aymanehinane/Desktop/Airflow/py_env/lib/python3.11/site-packages/airflow/example_dags/example_xcom.py
[2023-10-29T12:53:51.083+0100] {logging_mixin.py:151} INFO - [2023-10-29T12:53:51.083+0100] {dag.py:2915} INFO - Sync 1 DAGs
[2023-10-29T12:53:51.089+0100] {logging_mixin.py:151} INFO - [2023-10-29T12:53:51.089+0100] {dag.py:3696} INFO - Setting next_dagrun for example_xcom to 2021-01-01T00:00:00+00:00, run_after=2021-01-01T00:00:00+00:00
[2023-10-29T12:53:51.095+0100] {processor.py:179} INFO - Processing /Users/aymanehinane/Desktop/Airflow/py_env/lib/python3.11/site-packages/airflow/example_dags/example_xcom.py took 0.092 seconds
[2023-10-29T12:55:09.513+0100] {processor.py:157} INFO - Started process (PID=76440) to work on /Users/aymanehinane/Desktop/Airflow/py_env/lib/python3.11/site-packages/airflow/example_dags/example_xcom.py
[2023-10-29T12:55:09.514+0100] {processor.py:829} INFO - Processing file /Users/aymanehinane/Desktop/Airflow/py_env/lib/python3.11/site-packages/airflow/example_dags/example_xcom.py for tasks to queue
[2023-10-29T12:55:09.515+0100] {logging_mixin.py:151} INFO - [2023-10-29T12:55:09.515+0100] {dagbag.py:539} INFO - Filling up the DagBag from /Users/aymanehinane/Desktop/Airflow/py_env/lib/python3.11/site-packages/airflow/example_dags/example_xcom.py
[2023-10-29T12:55:09.536+0100] {processor.py:839} INFO - DAG(s) dict_keys(['example_xcom']) retrieved from /Users/aymanehinane/Desktop/Airflow/py_env/lib/python3.11/site-packages/airflow/example_dags/example_xcom.py
[2023-10-29T12:55:09.591+0100] {logging_mixin.py:151} INFO - [2023-10-29T12:55:09.590+0100] {dag.py:2915} INFO - Sync 1 DAGs
[2023-10-29T12:55:09.596+0100] {logging_mixin.py:151} INFO - [2023-10-29T12:55:09.596+0100] {dag.py:3696} INFO - Setting next_dagrun for example_xcom to 2021-01-01T00:00:00+00:00, run_after=2021-01-01T00:00:00+00:00
[2023-10-29T12:55:09.603+0100] {processor.py:179} INFO - Processing /Users/aymanehinane/Desktop/Airflow/py_env/lib/python3.11/site-packages/airflow/example_dags/example_xcom.py took 0.090 seconds
[2023-10-29T12:55:53.271+0100] {processor.py:157} INFO - Started process (PID=76506) to work on /Users/aymanehinane/Desktop/Airflow/py_env/lib/python3.11/site-packages/airflow/example_dags/example_xcom.py
[2023-10-29T12:55:53.272+0100] {processor.py:829} INFO - Processing file /Users/aymanehinane/Desktop/Airflow/py_env/lib/python3.11/site-packages/airflow/example_dags/example_xcom.py for tasks to queue
[2023-10-29T12:55:53.272+0100] {logging_mixin.py:151} INFO - [2023-10-29T12:55:53.272+0100] {dagbag.py:539} INFO - Filling up the DagBag from /Users/aymanehinane/Desktop/Airflow/py_env/lib/python3.11/site-packages/airflow/example_dags/example_xcom.py
[2023-10-29T12:55:53.292+0100] {processor.py:839} INFO - DAG(s) dict_keys(['example_xcom']) retrieved from /Users/aymanehinane/Desktop/Airflow/py_env/lib/python3.11/site-packages/airflow/example_dags/example_xcom.py
[2023-10-29T12:55:53.349+0100] {logging_mixin.py:151} INFO - [2023-10-29T12:55:53.348+0100] {dag.py:2915} INFO - Sync 1 DAGs
[2023-10-29T12:55:53.354+0100] {logging_mixin.py:151} INFO - [2023-10-29T12:55:53.354+0100] {dag.py:3696} INFO - Setting next_dagrun for example_xcom to 2021-01-01T00:00:00+00:00, run_after=2021-01-01T00:00:00+00:00
[2023-10-29T12:55:53.361+0100] {processor.py:179} INFO - Processing /Users/aymanehinane/Desktop/Airflow/py_env/lib/python3.11/site-packages/airflow/example_dags/example_xcom.py took 0.090 seconds
[2023-10-29T12:57:15.270+0100] {processor.py:157} INFO - Started process (PID=76670) to work on /Users/aymanehinane/Desktop/Airflow/py_env/lib/python3.11/site-packages/airflow/example_dags/example_xcom.py
[2023-10-29T12:57:15.272+0100] {processor.py:829} INFO - Processing file /Users/aymanehinane/Desktop/Airflow/py_env/lib/python3.11/site-packages/airflow/example_dags/example_xcom.py for tasks to queue
[2023-10-29T12:57:15.272+0100] {logging_mixin.py:151} INFO - [2023-10-29T12:57:15.272+0100] {dagbag.py:539} INFO - Filling up the DagBag from /Users/aymanehinane/Desktop/Airflow/py_env/lib/python3.11/site-packages/airflow/example_dags/example_xcom.py
[2023-10-29T12:57:15.300+0100] {processor.py:839} INFO - DAG(s) dict_keys(['example_xcom']) retrieved from /Users/aymanehinane/Desktop/Airflow/py_env/lib/python3.11/site-packages/airflow/example_dags/example_xcom.py
[2023-10-29T12:57:15.364+0100] {logging_mixin.py:151} INFO - [2023-10-29T12:57:15.363+0100] {dag.py:2915} INFO - Sync 1 DAGs
[2023-10-29T12:57:15.370+0100] {logging_mixin.py:151} INFO - [2023-10-29T12:57:15.370+0100] {dag.py:3696} INFO - Setting next_dagrun for example_xcom to 2021-01-01T00:00:00+00:00, run_after=2021-01-01T00:00:00+00:00
[2023-10-29T12:57:15.377+0100] {processor.py:179} INFO - Processing /Users/aymanehinane/Desktop/Airflow/py_env/lib/python3.11/site-packages/airflow/example_dags/example_xcom.py took 0.107 seconds
[2023-10-29T12:58:34.031+0100] {processor.py:157} INFO - Started process (PID=76825) to work on /Users/aymanehinane/Desktop/Airflow/py_env/lib/python3.11/site-packages/airflow/example_dags/example_xcom.py
[2023-10-29T12:58:34.032+0100] {processor.py:829} INFO - Processing file /Users/aymanehinane/Desktop/Airflow/py_env/lib/python3.11/site-packages/airflow/example_dags/example_xcom.py for tasks to queue
[2023-10-29T12:58:34.033+0100] {logging_mixin.py:151} INFO - [2023-10-29T12:58:34.033+0100] {dagbag.py:539} INFO - Filling up the DagBag from /Users/aymanehinane/Desktop/Airflow/py_env/lib/python3.11/site-packages/airflow/example_dags/example_xcom.py
[2023-10-29T12:58:34.053+0100] {processor.py:839} INFO - DAG(s) dict_keys(['example_xcom']) retrieved from /Users/aymanehinane/Desktop/Airflow/py_env/lib/python3.11/site-packages/airflow/example_dags/example_xcom.py
[2023-10-29T12:58:34.111+0100] {logging_mixin.py:151} INFO - [2023-10-29T12:58:34.111+0100] {dag.py:2915} INFO - Sync 1 DAGs
[2023-10-29T12:58:34.116+0100] {logging_mixin.py:151} INFO - [2023-10-29T12:58:34.116+0100] {dag.py:3696} INFO - Setting next_dagrun for example_xcom to 2021-01-01T00:00:00+00:00, run_after=2021-01-01T00:00:00+00:00
[2023-10-29T12:58:34.123+0100] {processor.py:179} INFO - Processing /Users/aymanehinane/Desktop/Airflow/py_env/lib/python3.11/site-packages/airflow/example_dags/example_xcom.py took 0.092 seconds
[2023-10-29T12:59:52.730+0100] {processor.py:157} INFO - Started process (PID=76969) to work on /Users/aymanehinane/Desktop/Airflow/py_env/lib/python3.11/site-packages/airflow/example_dags/example_xcom.py
[2023-10-29T12:59:52.731+0100] {processor.py:829} INFO - Processing file /Users/aymanehinane/Desktop/Airflow/py_env/lib/python3.11/site-packages/airflow/example_dags/example_xcom.py for tasks to queue
[2023-10-29T12:59:52.731+0100] {logging_mixin.py:151} INFO - [2023-10-29T12:59:52.731+0100] {dagbag.py:539} INFO - Filling up the DagBag from /Users/aymanehinane/Desktop/Airflow/py_env/lib/python3.11/site-packages/airflow/example_dags/example_xcom.py
[2023-10-29T12:59:52.753+0100] {processor.py:839} INFO - DAG(s) dict_keys(['example_xcom']) retrieved from /Users/aymanehinane/Desktop/Airflow/py_env/lib/python3.11/site-packages/airflow/example_dags/example_xcom.py
[2023-10-29T12:59:52.809+0100] {logging_mixin.py:151} INFO - [2023-10-29T12:59:52.809+0100] {dag.py:2915} INFO - Sync 1 DAGs
[2023-10-29T12:59:52.814+0100] {logging_mixin.py:151} INFO - [2023-10-29T12:59:52.814+0100] {dag.py:3696} INFO - Setting next_dagrun for example_xcom to 2021-01-01T00:00:00+00:00, run_after=2021-01-01T00:00:00+00:00
[2023-10-29T12:59:52.821+0100] {processor.py:179} INFO - Processing /Users/aymanehinane/Desktop/Airflow/py_env/lib/python3.11/site-packages/airflow/example_dags/example_xcom.py took 0.091 seconds
