[2023-10-29T12:49:46.077+0100] {processor.py:157} INFO - Started process (PID=75884) to work on /Users/aymanehinane/Desktop/Airflow/py_env/lib/python3.11/site-packages/airflow/example_dags/example_bash_operator.py
[2023-10-29T12:49:46.078+0100] {processor.py:829} INFO - Processing file /Users/aymanehinane/Desktop/Airflow/py_env/lib/python3.11/site-packages/airflow/example_dags/example_bash_operator.py for tasks to queue
[2023-10-29T12:49:46.078+0100] {logging_mixin.py:151} INFO - [2023-10-29T12:49:46.078+0100] {dagbag.py:539} INFO - Filling up the DagBag from /Users/aymanehinane/Desktop/Airflow/py_env/lib/python3.11/site-packages/airflow/example_dags/example_bash_operator.py
[2023-10-29T12:49:46.111+0100] {processor.py:839} INFO - DAG(s) dict_keys(['example_bash_operator']) retrieved from /Users/aymanehinane/Desktop/Airflow/py_env/lib/python3.11/site-packages/airflow/example_dags/example_bash_operator.py
[2023-10-29T12:49:46.415+0100] {logging_mixin.py:151} INFO - [2023-10-29T12:49:46.415+0100] {manager.py:499} INFO - Created Permission View: %s
[2023-10-29T12:49:46.419+0100] {logging_mixin.py:151} INFO - [2023-10-29T12:49:46.419+0100] {manager.py:499} INFO - Created Permission View: %s
[2023-10-29T12:49:46.422+0100] {logging_mixin.py:151} INFO - [2023-10-29T12:49:46.422+0100] {manager.py:499} INFO - Created Permission View: %s
[2023-10-29T12:49:46.422+0100] {logging_mixin.py:151} INFO - [2023-10-29T12:49:46.422+0100] {security.py:708} INFO - Not syncing DAG-level permissions for DAG 'DAG:example_bash_operator' as access control is unset.
[2023-10-29T12:49:46.422+0100] {logging_mixin.py:151} INFO - [2023-10-29T12:49:46.422+0100] {dag.py:2915} INFO - Sync 1 DAGs
[2023-10-29T12:49:46.426+0100] {logging_mixin.py:151} INFO - [2023-10-29T12:49:46.426+0100] {dag.py:2937} INFO - Creating ORM DAG for example_bash_operator
[2023-10-29T12:49:46.429+0100] {logging_mixin.py:151} INFO - [2023-10-29T12:49:46.429+0100] {dag.py:3696} INFO - Setting next_dagrun for example_bash_operator to 2023-10-28T00:00:00+00:00, run_after=2023-10-29T00:00:00+00:00
[2023-10-29T12:49:46.437+0100] {processor.py:179} INFO - Processing /Users/aymanehinane/Desktop/Airflow/py_env/lib/python3.11/site-packages/airflow/example_dags/example_bash_operator.py took 0.360 seconds
[2023-10-29T12:51:32.853+0100] {processor.py:157} INFO - Started process (PID=76097) to work on /Users/aymanehinane/Desktop/Airflow/py_env/lib/python3.11/site-packages/airflow/example_dags/example_bash_operator.py
[2023-10-29T12:51:32.854+0100] {processor.py:829} INFO - Processing file /Users/aymanehinane/Desktop/Airflow/py_env/lib/python3.11/site-packages/airflow/example_dags/example_bash_operator.py for tasks to queue
[2023-10-29T12:51:32.854+0100] {logging_mixin.py:151} INFO - [2023-10-29T12:51:32.854+0100] {dagbag.py:539} INFO - Filling up the DagBag from /Users/aymanehinane/Desktop/Airflow/py_env/lib/python3.11/site-packages/airflow/example_dags/example_bash_operator.py
[2023-10-29T12:51:32.881+0100] {processor.py:839} INFO - DAG(s) dict_keys(['example_bash_operator']) retrieved from /Users/aymanehinane/Desktop/Airflow/py_env/lib/python3.11/site-packages/airflow/example_dags/example_bash_operator.py
[2023-10-29T12:51:32.926+0100] {logging_mixin.py:151} INFO - [2023-10-29T12:51:32.926+0100] {dag.py:2915} INFO - Sync 1 DAGs
[2023-10-29T12:51:32.932+0100] {logging_mixin.py:151} INFO - [2023-10-29T12:51:32.932+0100] {dag.py:3696} INFO - Setting next_dagrun for example_bash_operator to 2023-10-29T00:00:00+00:00, run_after=2023-10-30T00:00:00+00:00
[2023-10-29T12:51:32.939+0100] {processor.py:179} INFO - Processing /Users/aymanehinane/Desktop/Airflow/py_env/lib/python3.11/site-packages/airflow/example_dags/example_bash_operator.py took 0.086 seconds
[2023-10-29T12:52:59.792+0100] {processor.py:157} INFO - Started process (PID=76239) to work on /Users/aymanehinane/Desktop/Airflow/py_env/lib/python3.11/site-packages/airflow/example_dags/example_bash_operator.py
[2023-10-29T12:52:59.792+0100] {processor.py:829} INFO - Processing file /Users/aymanehinane/Desktop/Airflow/py_env/lib/python3.11/site-packages/airflow/example_dags/example_bash_operator.py for tasks to queue
[2023-10-29T12:52:59.792+0100] {logging_mixin.py:151} INFO - [2023-10-29T12:52:59.792+0100] {dagbag.py:539} INFO - Filling up the DagBag from /Users/aymanehinane/Desktop/Airflow/py_env/lib/python3.11/site-packages/airflow/example_dags/example_bash_operator.py
[2023-10-29T12:52:59.819+0100] {processor.py:839} INFO - DAG(s) dict_keys(['example_bash_operator']) retrieved from /Users/aymanehinane/Desktop/Airflow/py_env/lib/python3.11/site-packages/airflow/example_dags/example_bash_operator.py
[2023-10-29T12:52:59.863+0100] {logging_mixin.py:151} INFO - [2023-10-29T12:52:59.863+0100] {dag.py:2915} INFO - Sync 1 DAGs
[2023-10-29T12:52:59.869+0100] {logging_mixin.py:151} INFO - [2023-10-29T12:52:59.869+0100] {dag.py:3696} INFO - Setting next_dagrun for example_bash_operator to 2023-10-29T00:00:00+00:00, run_after=2023-10-30T00:00:00+00:00
[2023-10-29T12:52:59.876+0100] {processor.py:179} INFO - Processing /Users/aymanehinane/Desktop/Airflow/py_env/lib/python3.11/site-packages/airflow/example_dags/example_bash_operator.py took 0.085 seconds
[2023-10-29T12:54:19.595+0100] {processor.py:157} INFO - Started process (PID=76363) to work on /Users/aymanehinane/Desktop/Airflow/py_env/lib/python3.11/site-packages/airflow/example_dags/example_bash_operator.py
[2023-10-29T12:54:19.596+0100] {processor.py:829} INFO - Processing file /Users/aymanehinane/Desktop/Airflow/py_env/lib/python3.11/site-packages/airflow/example_dags/example_bash_operator.py for tasks to queue
[2023-10-29T12:54:19.596+0100] {logging_mixin.py:151} INFO - [2023-10-29T12:54:19.596+0100] {dagbag.py:539} INFO - Filling up the DagBag from /Users/aymanehinane/Desktop/Airflow/py_env/lib/python3.11/site-packages/airflow/example_dags/example_bash_operator.py
[2023-10-29T12:54:19.623+0100] {processor.py:839} INFO - DAG(s) dict_keys(['example_bash_operator']) retrieved from /Users/aymanehinane/Desktop/Airflow/py_env/lib/python3.11/site-packages/airflow/example_dags/example_bash_operator.py
[2023-10-29T12:54:19.668+0100] {logging_mixin.py:151} INFO - [2023-10-29T12:54:19.667+0100] {dag.py:2915} INFO - Sync 1 DAGs
[2023-10-29T12:54:19.673+0100] {logging_mixin.py:151} INFO - [2023-10-29T12:54:19.673+0100] {dag.py:3696} INFO - Setting next_dagrun for example_bash_operator to 2023-10-29T00:00:00+00:00, run_after=2023-10-30T00:00:00+00:00
[2023-10-29T12:54:19.680+0100] {processor.py:179} INFO - Processing /Users/aymanehinane/Desktop/Airflow/py_env/lib/python3.11/site-packages/airflow/example_dags/example_bash_operator.py took 0.084 seconds
[2023-10-29T12:55:39.289+0100] {processor.py:157} INFO - Started process (PID=76481) to work on /Users/aymanehinane/Desktop/Airflow/py_env/lib/python3.11/site-packages/airflow/example_dags/example_bash_operator.py
[2023-10-29T12:55:39.289+0100] {processor.py:829} INFO - Processing file /Users/aymanehinane/Desktop/Airflow/py_env/lib/python3.11/site-packages/airflow/example_dags/example_bash_operator.py for tasks to queue
[2023-10-29T12:55:39.289+0100] {logging_mixin.py:151} INFO - [2023-10-29T12:55:39.289+0100] {dagbag.py:539} INFO - Filling up the DagBag from /Users/aymanehinane/Desktop/Airflow/py_env/lib/python3.11/site-packages/airflow/example_dags/example_bash_operator.py
[2023-10-29T12:55:39.316+0100] {processor.py:839} INFO - DAG(s) dict_keys(['example_bash_operator']) retrieved from /Users/aymanehinane/Desktop/Airflow/py_env/lib/python3.11/site-packages/airflow/example_dags/example_bash_operator.py
[2023-10-29T12:55:39.361+0100] {logging_mixin.py:151} INFO - [2023-10-29T12:55:39.361+0100] {dag.py:2915} INFO - Sync 1 DAGs
[2023-10-29T12:55:39.367+0100] {logging_mixin.py:151} INFO - [2023-10-29T12:55:39.367+0100] {dag.py:3696} INFO - Setting next_dagrun for example_bash_operator to 2023-10-29T00:00:00+00:00, run_after=2023-10-30T00:00:00+00:00
[2023-10-29T12:55:39.373+0100] {processor.py:179} INFO - Processing /Users/aymanehinane/Desktop/Airflow/py_env/lib/python3.11/site-packages/airflow/example_dags/example_bash_operator.py took 0.085 seconds
[2023-10-29T12:57:01.385+0100] {processor.py:157} INFO - Started process (PID=76643) to work on /Users/aymanehinane/Desktop/Airflow/py_env/lib/python3.11/site-packages/airflow/example_dags/example_bash_operator.py
[2023-10-29T12:57:01.386+0100] {processor.py:829} INFO - Processing file /Users/aymanehinane/Desktop/Airflow/py_env/lib/python3.11/site-packages/airflow/example_dags/example_bash_operator.py for tasks to queue
[2023-10-29T12:57:01.386+0100] {logging_mixin.py:151} INFO - [2023-10-29T12:57:01.386+0100] {dagbag.py:539} INFO - Filling up the DagBag from /Users/aymanehinane/Desktop/Airflow/py_env/lib/python3.11/site-packages/airflow/example_dags/example_bash_operator.py
[2023-10-29T12:57:01.413+0100] {processor.py:839} INFO - DAG(s) dict_keys(['example_bash_operator']) retrieved from /Users/aymanehinane/Desktop/Airflow/py_env/lib/python3.11/site-packages/airflow/example_dags/example_bash_operator.py
[2023-10-29T12:57:01.457+0100] {logging_mixin.py:151} INFO - [2023-10-29T12:57:01.457+0100] {dag.py:2915} INFO - Sync 1 DAGs
[2023-10-29T12:57:01.463+0100] {logging_mixin.py:151} INFO - [2023-10-29T12:57:01.463+0100] {dag.py:3696} INFO - Setting next_dagrun for example_bash_operator to 2023-10-29T00:00:00+00:00, run_after=2023-10-30T00:00:00+00:00
[2023-10-29T12:57:01.469+0100] {processor.py:179} INFO - Processing /Users/aymanehinane/Desktop/Airflow/py_env/lib/python3.11/site-packages/airflow/example_dags/example_bash_operator.py took 0.084 seconds
[2023-10-29T12:58:20.999+0100] {processor.py:157} INFO - Started process (PID=76803) to work on /Users/aymanehinane/Desktop/Airflow/py_env/lib/python3.11/site-packages/airflow/example_dags/example_bash_operator.py
[2023-10-29T12:58:21.000+0100] {processor.py:829} INFO - Processing file /Users/aymanehinane/Desktop/Airflow/py_env/lib/python3.11/site-packages/airflow/example_dags/example_bash_operator.py for tasks to queue
[2023-10-29T12:58:21.000+0100] {logging_mixin.py:151} INFO - [2023-10-29T12:58:21.000+0100] {dagbag.py:539} INFO - Filling up the DagBag from /Users/aymanehinane/Desktop/Airflow/py_env/lib/python3.11/site-packages/airflow/example_dags/example_bash_operator.py
[2023-10-29T12:58:21.029+0100] {processor.py:839} INFO - DAG(s) dict_keys(['example_bash_operator']) retrieved from /Users/aymanehinane/Desktop/Airflow/py_env/lib/python3.11/site-packages/airflow/example_dags/example_bash_operator.py
[2023-10-29T12:58:21.074+0100] {logging_mixin.py:151} INFO - [2023-10-29T12:58:21.074+0100] {dag.py:2915} INFO - Sync 1 DAGs
[2023-10-29T12:58:21.080+0100] {logging_mixin.py:151} INFO - [2023-10-29T12:58:21.080+0100] {dag.py:3696} INFO - Setting next_dagrun for example_bash_operator to 2023-10-29T00:00:00+00:00, run_after=2023-10-30T00:00:00+00:00
[2023-10-29T12:58:21.086+0100] {processor.py:179} INFO - Processing /Users/aymanehinane/Desktop/Airflow/py_env/lib/python3.11/site-packages/airflow/example_dags/example_bash_operator.py took 0.088 seconds
[2023-10-29T12:59:40.441+0100] {processor.py:157} INFO - Started process (PID=76947) to work on /Users/aymanehinane/Desktop/Airflow/py_env/lib/python3.11/site-packages/airflow/example_dags/example_bash_operator.py
[2023-10-29T12:59:40.441+0100] {processor.py:829} INFO - Processing file /Users/aymanehinane/Desktop/Airflow/py_env/lib/python3.11/site-packages/airflow/example_dags/example_bash_operator.py for tasks to queue
[2023-10-29T12:59:40.442+0100] {logging_mixin.py:151} INFO - [2023-10-29T12:59:40.441+0100] {dagbag.py:539} INFO - Filling up the DagBag from /Users/aymanehinane/Desktop/Airflow/py_env/lib/python3.11/site-packages/airflow/example_dags/example_bash_operator.py
[2023-10-29T12:59:40.468+0100] {processor.py:839} INFO - DAG(s) dict_keys(['example_bash_operator']) retrieved from /Users/aymanehinane/Desktop/Airflow/py_env/lib/python3.11/site-packages/airflow/example_dags/example_bash_operator.py
[2023-10-29T12:59:40.513+0100] {logging_mixin.py:151} INFO - [2023-10-29T12:59:40.513+0100] {dag.py:2915} INFO - Sync 1 DAGs
[2023-10-29T12:59:40.519+0100] {logging_mixin.py:151} INFO - [2023-10-29T12:59:40.519+0100] {dag.py:3696} INFO - Setting next_dagrun for example_bash_operator to 2023-10-29T00:00:00+00:00, run_after=2023-10-30T00:00:00+00:00
[2023-10-29T12:59:40.525+0100] {processor.py:179} INFO - Processing /Users/aymanehinane/Desktop/Airflow/py_env/lib/python3.11/site-packages/airflow/example_dags/example_bash_operator.py took 0.084 seconds
