[2023-10-29T12:48:47.395+0100] {processor.py:157} INFO - Started process (PID=75791) to work on /Users/aymanehinane/Desktop/Airflow/py_env/lib/python3.11/site-packages/airflow/example_dags/example_subdag_operator.py
[2023-10-29T12:48:47.396+0100] {processor.py:829} INFO - Processing file /Users/aymanehinane/Desktop/Airflow/py_env/lib/python3.11/site-packages/airflow/example_dags/example_subdag_operator.py for tasks to queue
[2023-10-29T12:48:47.396+0100] {logging_mixin.py:151} INFO - [2023-10-29T12:48:47.396+0100] {dagbag.py:539} INFO - Filling up the DagBag from /Users/aymanehinane/Desktop/Airflow/py_env/lib/python3.11/site-packages/airflow/example_dags/example_subdag_operator.py
[2023-10-29T12:48:47.446+0100] {processor.py:839} INFO - DAG(s) dict_keys(['example_subdag_operator.section-1', 'example_subdag_operator.section-2', 'example_subdag_operator']) retrieved from /Users/aymanehinane/Desktop/Airflow/py_env/lib/python3.11/site-packages/airflow/example_dags/example_subdag_operator.py
[2023-10-29T12:48:47.710+0100] {logging_mixin.py:151} INFO - [2023-10-29T12:48:47.710+0100] {manager.py:499} INFO - Created Permission View: %s
[2023-10-29T12:48:47.713+0100] {logging_mixin.py:151} INFO - [2023-10-29T12:48:47.713+0100] {manager.py:499} INFO - Created Permission View: %s
[2023-10-29T12:48:47.715+0100] {logging_mixin.py:151} INFO - [2023-10-29T12:48:47.715+0100] {manager.py:499} INFO - Created Permission View: %s
[2023-10-29T12:48:47.715+0100] {logging_mixin.py:151} INFO - [2023-10-29T12:48:47.715+0100] {security.py:708} INFO - Not syncing DAG-level permissions for DAG 'DAG:example_subdag_operator' as access control is unset.
[2023-10-29T12:48:47.715+0100] {logging_mixin.py:151} INFO - [2023-10-29T12:48:47.715+0100] {dag.py:2915} INFO - Sync 3 DAGs
[2023-10-29T12:48:47.718+0100] {logging_mixin.py:151} INFO - [2023-10-29T12:48:47.718+0100] {dag.py:2937} INFO - Creating ORM DAG for example_subdag_operator
[2023-10-29T12:48:47.718+0100] {logging_mixin.py:151} INFO - [2023-10-29T12:48:47.718+0100] {dag.py:2937} INFO - Creating ORM DAG for example_subdag_operator.section-1
[2023-10-29T12:48:47.718+0100] {logging_mixin.py:151} INFO - [2023-10-29T12:48:47.718+0100] {dag.py:2937} INFO - Creating ORM DAG for example_subdag_operator.section-2
[2023-10-29T12:48:47.721+0100] {logging_mixin.py:151} INFO - [2023-10-29T12:48:47.721+0100] {dag.py:3696} INFO - Setting next_dagrun for example_subdag_operator to 2022-01-01T00:00:00+00:00, run_after=2022-01-01T00:00:00+00:00
[2023-10-29T12:48:47.721+0100] {logging_mixin.py:151} INFO - [2023-10-29T12:48:47.721+0100] {dag.py:3696} INFO - Setting next_dagrun for example_subdag_operator.section-1 to None, run_after=None
[2023-10-29T12:48:47.721+0100] {logging_mixin.py:151} INFO - [2023-10-29T12:48:47.721+0100] {dag.py:3696} INFO - Setting next_dagrun for example_subdag_operator.section-2 to None, run_after=None
[2023-10-29T12:48:47.723+0100] {logging_mixin.py:151} INFO - [2023-10-29T12:48:47.723+0100] {dag.py:2915} INFO - Sync 2 DAGs
[2023-10-29T12:48:47.724+0100] {logging_mixin.py:151} INFO - [2023-10-29T12:48:47.724+0100] {dag.py:3696} INFO - Setting next_dagrun for example_subdag_operator.section-1 to None, run_after=None
[2023-10-29T12:48:47.725+0100] {logging_mixin.py:151} INFO - [2023-10-29T12:48:47.725+0100] {dag.py:3696} INFO - Setting next_dagrun for example_subdag_operator.section-2 to None, run_after=None
[2023-10-29T12:48:47.729+0100] {processor.py:179} INFO - Processing /Users/aymanehinane/Desktop/Airflow/py_env/lib/python3.11/site-packages/airflow/example_dags/example_subdag_operator.py took 0.334 seconds
[2023-10-29T12:50:11.578+0100] {processor.py:157} INFO - Started process (PID=75947) to work on /Users/aymanehinane/Desktop/Airflow/py_env/lib/python3.11/site-packages/airflow/example_dags/example_subdag_operator.py
[2023-10-29T12:50:11.579+0100] {processor.py:829} INFO - Processing file /Users/aymanehinane/Desktop/Airflow/py_env/lib/python3.11/site-packages/airflow/example_dags/example_subdag_operator.py for tasks to queue
[2023-10-29T12:50:11.579+0100] {logging_mixin.py:151} INFO - [2023-10-29T12:50:11.579+0100] {dagbag.py:539} INFO - Filling up the DagBag from /Users/aymanehinane/Desktop/Airflow/py_env/lib/python3.11/site-packages/airflow/example_dags/example_subdag_operator.py
[2023-10-29T12:50:11.631+0100] {processor.py:839} INFO - DAG(s) dict_keys(['example_subdag_operator.section-1', 'example_subdag_operator.section-2', 'example_subdag_operator']) retrieved from /Users/aymanehinane/Desktop/Airflow/py_env/lib/python3.11/site-packages/airflow/example_dags/example_subdag_operator.py
[2023-10-29T12:50:11.659+0100] {logging_mixin.py:151} INFO - [2023-10-29T12:50:11.659+0100] {dag.py:2915} INFO - Sync 3 DAGs
[2023-10-29T12:50:11.664+0100] {logging_mixin.py:151} INFO - [2023-10-29T12:50:11.664+0100] {dag.py:3696} INFO - Setting next_dagrun for example_subdag_operator to 2022-01-01T00:00:00+00:00, run_after=2022-01-01T00:00:00+00:00
[2023-10-29T12:50:11.665+0100] {logging_mixin.py:151} INFO - [2023-10-29T12:50:11.665+0100] {dag.py:3696} INFO - Setting next_dagrun for example_subdag_operator.section-1 to None, run_after=None
[2023-10-29T12:50:11.665+0100] {logging_mixin.py:151} INFO - [2023-10-29T12:50:11.665+0100] {dag.py:3696} INFO - Setting next_dagrun for example_subdag_operator.section-2 to None, run_after=None
[2023-10-29T12:50:11.667+0100] {logging_mixin.py:151} INFO - [2023-10-29T12:50:11.667+0100] {dag.py:2915} INFO - Sync 2 DAGs
[2023-10-29T12:50:11.668+0100] {logging_mixin.py:151} INFO - [2023-10-29T12:50:11.668+0100] {dag.py:3696} INFO - Setting next_dagrun for example_subdag_operator.section-1 to None, run_after=None
[2023-10-29T12:50:11.668+0100] {logging_mixin.py:151} INFO - [2023-10-29T12:50:11.668+0100] {dag.py:3696} INFO - Setting next_dagrun for example_subdag_operator.section-2 to None, run_after=None
[2023-10-29T12:50:11.673+0100] {processor.py:179} INFO - Processing /Users/aymanehinane/Desktop/Airflow/py_env/lib/python3.11/site-packages/airflow/example_dags/example_subdag_operator.py took 0.096 seconds
[2023-10-29T12:51:06.852+0100] {processor.py:157} INFO - Started process (PID=76058) to work on /Users/aymanehinane/Desktop/Airflow/py_env/lib/python3.11/site-packages/airflow/example_dags/example_subdag_operator.py
[2023-10-29T12:51:06.853+0100] {processor.py:829} INFO - Processing file /Users/aymanehinane/Desktop/Airflow/py_env/lib/python3.11/site-packages/airflow/example_dags/example_subdag_operator.py for tasks to queue
[2023-10-29T12:51:06.853+0100] {logging_mixin.py:151} INFO - [2023-10-29T12:51:06.853+0100] {dagbag.py:539} INFO - Filling up the DagBag from /Users/aymanehinane/Desktop/Airflow/py_env/lib/python3.11/site-packages/airflow/example_dags/example_subdag_operator.py
[2023-10-29T12:51:06.903+0100] {processor.py:839} INFO - DAG(s) dict_keys(['example_subdag_operator.section-1', 'example_subdag_operator.section-2', 'example_subdag_operator']) retrieved from /Users/aymanehinane/Desktop/Airflow/py_env/lib/python3.11/site-packages/airflow/example_dags/example_subdag_operator.py
[2023-10-29T12:51:06.929+0100] {logging_mixin.py:151} INFO - [2023-10-29T12:51:06.929+0100] {dag.py:2915} INFO - Sync 3 DAGs
[2023-10-29T12:51:06.935+0100] {logging_mixin.py:151} INFO - [2023-10-29T12:51:06.935+0100] {dag.py:3696} INFO - Setting next_dagrun for example_subdag_operator to 2022-01-01T00:00:00+00:00, run_after=2022-01-01T00:00:00+00:00
[2023-10-29T12:51:06.936+0100] {logging_mixin.py:151} INFO - [2023-10-29T12:51:06.936+0100] {dag.py:3696} INFO - Setting next_dagrun for example_subdag_operator.section-1 to None, run_after=None
[2023-10-29T12:51:06.936+0100] {logging_mixin.py:151} INFO - [2023-10-29T12:51:06.936+0100] {dag.py:3696} INFO - Setting next_dagrun for example_subdag_operator.section-2 to None, run_after=None
[2023-10-29T12:51:06.938+0100] {logging_mixin.py:151} INFO - [2023-10-29T12:51:06.938+0100] {dag.py:2915} INFO - Sync 2 DAGs
[2023-10-29T12:51:06.939+0100] {logging_mixin.py:151} INFO - [2023-10-29T12:51:06.939+0100] {dag.py:3696} INFO - Setting next_dagrun for example_subdag_operator.section-1 to None, run_after=None
[2023-10-29T12:51:06.939+0100] {logging_mixin.py:151} INFO - [2023-10-29T12:51:06.939+0100] {dag.py:3696} INFO - Setting next_dagrun for example_subdag_operator.section-2 to None, run_after=None
[2023-10-29T12:51:06.943+0100] {processor.py:179} INFO - Processing /Users/aymanehinane/Desktop/Airflow/py_env/lib/python3.11/site-packages/airflow/example_dags/example_subdag_operator.py took 0.092 seconds
[2023-10-29T12:52:34.572+0100] {processor.py:157} INFO - Started process (PID=76202) to work on /Users/aymanehinane/Desktop/Airflow/py_env/lib/python3.11/site-packages/airflow/example_dags/example_subdag_operator.py
[2023-10-29T12:52:34.573+0100] {processor.py:829} INFO - Processing file /Users/aymanehinane/Desktop/Airflow/py_env/lib/python3.11/site-packages/airflow/example_dags/example_subdag_operator.py for tasks to queue
[2023-10-29T12:52:34.573+0100] {logging_mixin.py:151} INFO - [2023-10-29T12:52:34.573+0100] {dagbag.py:539} INFO - Filling up the DagBag from /Users/aymanehinane/Desktop/Airflow/py_env/lib/python3.11/site-packages/airflow/example_dags/example_subdag_operator.py
[2023-10-29T12:52:34.626+0100] {processor.py:839} INFO - DAG(s) dict_keys(['example_subdag_operator.section-1', 'example_subdag_operator.section-2', 'example_subdag_operator']) retrieved from /Users/aymanehinane/Desktop/Airflow/py_env/lib/python3.11/site-packages/airflow/example_dags/example_subdag_operator.py
[2023-10-29T12:52:34.653+0100] {logging_mixin.py:151} INFO - [2023-10-29T12:52:34.653+0100] {dag.py:2915} INFO - Sync 3 DAGs
[2023-10-29T12:52:34.658+0100] {logging_mixin.py:151} INFO - [2023-10-29T12:52:34.658+0100] {dag.py:3696} INFO - Setting next_dagrun for example_subdag_operator to 2022-01-01T00:00:00+00:00, run_after=2022-01-01T00:00:00+00:00
[2023-10-29T12:52:34.659+0100] {logging_mixin.py:151} INFO - [2023-10-29T12:52:34.659+0100] {dag.py:3696} INFO - Setting next_dagrun for example_subdag_operator.section-1 to None, run_after=None
[2023-10-29T12:52:34.659+0100] {logging_mixin.py:151} INFO - [2023-10-29T12:52:34.659+0100] {dag.py:3696} INFO - Setting next_dagrun for example_subdag_operator.section-2 to None, run_after=None
[2023-10-29T12:52:34.661+0100] {logging_mixin.py:151} INFO - [2023-10-29T12:52:34.661+0100] {dag.py:2915} INFO - Sync 2 DAGs
[2023-10-29T12:52:34.662+0100] {logging_mixin.py:151} INFO - [2023-10-29T12:52:34.662+0100] {dag.py:3696} INFO - Setting next_dagrun for example_subdag_operator.section-1 to None, run_after=None
[2023-10-29T12:52:34.662+0100] {logging_mixin.py:151} INFO - [2023-10-29T12:52:34.662+0100] {dag.py:3696} INFO - Setting next_dagrun for example_subdag_operator.section-2 to None, run_after=None
[2023-10-29T12:52:34.666+0100] {processor.py:179} INFO - Processing /Users/aymanehinane/Desktop/Airflow/py_env/lib/python3.11/site-packages/airflow/example_dags/example_subdag_operator.py took 0.095 seconds
[2023-10-29T12:53:54.353+0100] {processor.py:157} INFO - Started process (PID=76322) to work on /Users/aymanehinane/Desktop/Airflow/py_env/lib/python3.11/site-packages/airflow/example_dags/example_subdag_operator.py
[2023-10-29T12:53:54.355+0100] {processor.py:829} INFO - Processing file /Users/aymanehinane/Desktop/Airflow/py_env/lib/python3.11/site-packages/airflow/example_dags/example_subdag_operator.py for tasks to queue
[2023-10-29T12:53:54.355+0100] {logging_mixin.py:151} INFO - [2023-10-29T12:53:54.355+0100] {dagbag.py:539} INFO - Filling up the DagBag from /Users/aymanehinane/Desktop/Airflow/py_env/lib/python3.11/site-packages/airflow/example_dags/example_subdag_operator.py
[2023-10-29T12:53:54.404+0100] {processor.py:839} INFO - DAG(s) dict_keys(['example_subdag_operator.section-1', 'example_subdag_operator.section-2', 'example_subdag_operator']) retrieved from /Users/aymanehinane/Desktop/Airflow/py_env/lib/python3.11/site-packages/airflow/example_dags/example_subdag_operator.py
[2023-10-29T12:53:54.431+0100] {logging_mixin.py:151} INFO - [2023-10-29T12:53:54.431+0100] {dag.py:2915} INFO - Sync 3 DAGs
[2023-10-29T12:53:54.437+0100] {logging_mixin.py:151} INFO - [2023-10-29T12:53:54.436+0100] {dag.py:3696} INFO - Setting next_dagrun for example_subdag_operator to 2022-01-01T00:00:00+00:00, run_after=2022-01-01T00:00:00+00:00
[2023-10-29T12:53:54.437+0100] {logging_mixin.py:151} INFO - [2023-10-29T12:53:54.437+0100] {dag.py:3696} INFO - Setting next_dagrun for example_subdag_operator.section-1 to None, run_after=None
[2023-10-29T12:53:54.438+0100] {logging_mixin.py:151} INFO - [2023-10-29T12:53:54.438+0100] {dag.py:3696} INFO - Setting next_dagrun for example_subdag_operator.section-2 to None, run_after=None
[2023-10-29T12:53:54.439+0100] {logging_mixin.py:151} INFO - [2023-10-29T12:53:54.439+0100] {dag.py:2915} INFO - Sync 2 DAGs
[2023-10-29T12:53:54.441+0100] {logging_mixin.py:151} INFO - [2023-10-29T12:53:54.441+0100] {dag.py:3696} INFO - Setting next_dagrun for example_subdag_operator.section-1 to None, run_after=None
[2023-10-29T12:53:54.441+0100] {logging_mixin.py:151} INFO - [2023-10-29T12:53:54.441+0100] {dag.py:3696} INFO - Setting next_dagrun for example_subdag_operator.section-2 to None, run_after=None
[2023-10-29T12:53:54.445+0100] {processor.py:179} INFO - Processing /Users/aymanehinane/Desktop/Airflow/py_env/lib/python3.11/site-packages/airflow/example_dags/example_subdag_operator.py took 0.092 seconds
[2023-10-29T12:55:12.789+0100] {processor.py:157} INFO - Started process (PID=76444) to work on /Users/aymanehinane/Desktop/Airflow/py_env/lib/python3.11/site-packages/airflow/example_dags/example_subdag_operator.py
[2023-10-29T12:55:12.791+0100] {processor.py:829} INFO - Processing file /Users/aymanehinane/Desktop/Airflow/py_env/lib/python3.11/site-packages/airflow/example_dags/example_subdag_operator.py for tasks to queue
[2023-10-29T12:55:12.791+0100] {logging_mixin.py:151} INFO - [2023-10-29T12:55:12.791+0100] {dagbag.py:539} INFO - Filling up the DagBag from /Users/aymanehinane/Desktop/Airflow/py_env/lib/python3.11/site-packages/airflow/example_dags/example_subdag_operator.py
[2023-10-29T12:55:12.857+0100] {processor.py:839} INFO - DAG(s) dict_keys(['example_subdag_operator.section-1', 'example_subdag_operator.section-2', 'example_subdag_operator']) retrieved from /Users/aymanehinane/Desktop/Airflow/py_env/lib/python3.11/site-packages/airflow/example_dags/example_subdag_operator.py
[2023-10-29T12:55:12.900+0100] {logging_mixin.py:151} INFO - [2023-10-29T12:55:12.900+0100] {dag.py:2915} INFO - Sync 3 DAGs
[2023-10-29T12:55:12.906+0100] {logging_mixin.py:151} INFO - [2023-10-29T12:55:12.906+0100] {dag.py:3696} INFO - Setting next_dagrun for example_subdag_operator to 2022-01-01T00:00:00+00:00, run_after=2022-01-01T00:00:00+00:00
[2023-10-29T12:55:12.907+0100] {logging_mixin.py:151} INFO - [2023-10-29T12:55:12.907+0100] {dag.py:3696} INFO - Setting next_dagrun for example_subdag_operator.section-1 to None, run_after=None
[2023-10-29T12:55:12.907+0100] {logging_mixin.py:151} INFO - [2023-10-29T12:55:12.907+0100] {dag.py:3696} INFO - Setting next_dagrun for example_subdag_operator.section-2 to None, run_after=None
[2023-10-29T12:55:12.909+0100] {logging_mixin.py:151} INFO - [2023-10-29T12:55:12.909+0100] {dag.py:2915} INFO - Sync 2 DAGs
[2023-10-29T12:55:12.910+0100] {logging_mixin.py:151} INFO - [2023-10-29T12:55:12.910+0100] {dag.py:3696} INFO - Setting next_dagrun for example_subdag_operator.section-1 to None, run_after=None
[2023-10-29T12:55:12.910+0100] {logging_mixin.py:151} INFO - [2023-10-29T12:55:12.910+0100] {dag.py:3696} INFO - Setting next_dagrun for example_subdag_operator.section-2 to None, run_after=None
[2023-10-29T12:55:12.915+0100] {processor.py:179} INFO - Processing /Users/aymanehinane/Desktop/Airflow/py_env/lib/python3.11/site-packages/airflow/example_dags/example_subdag_operator.py took 0.126 seconds
[2023-10-29T12:56:36.141+0100] {processor.py:157} INFO - Started process (PID=76575) to work on /Users/aymanehinane/Desktop/Airflow/py_env/lib/python3.11/site-packages/airflow/example_dags/example_subdag_operator.py
[2023-10-29T12:56:36.141+0100] {processor.py:829} INFO - Processing file /Users/aymanehinane/Desktop/Airflow/py_env/lib/python3.11/site-packages/airflow/example_dags/example_subdag_operator.py for tasks to queue
[2023-10-29T12:56:36.142+0100] {logging_mixin.py:151} INFO - [2023-10-29T12:56:36.142+0100] {dagbag.py:539} INFO - Filling up the DagBag from /Users/aymanehinane/Desktop/Airflow/py_env/lib/python3.11/site-packages/airflow/example_dags/example_subdag_operator.py
[2023-10-29T12:56:36.197+0100] {processor.py:839} INFO - DAG(s) dict_keys(['example_subdag_operator.section-1', 'example_subdag_operator.section-2', 'example_subdag_operator']) retrieved from /Users/aymanehinane/Desktop/Airflow/py_env/lib/python3.11/site-packages/airflow/example_dags/example_subdag_operator.py
[2023-10-29T12:56:36.224+0100] {logging_mixin.py:151} INFO - [2023-10-29T12:56:36.224+0100] {dag.py:2915} INFO - Sync 3 DAGs
[2023-10-29T12:56:36.229+0100] {logging_mixin.py:151} INFO - [2023-10-29T12:56:36.229+0100] {dag.py:3696} INFO - Setting next_dagrun for example_subdag_operator to 2022-01-01T00:00:00+00:00, run_after=2022-01-01T00:00:00+00:00
[2023-10-29T12:56:36.230+0100] {logging_mixin.py:151} INFO - [2023-10-29T12:56:36.230+0100] {dag.py:3696} INFO - Setting next_dagrun for example_subdag_operator.section-1 to None, run_after=None
[2023-10-29T12:56:36.230+0100] {logging_mixin.py:151} INFO - [2023-10-29T12:56:36.230+0100] {dag.py:3696} INFO - Setting next_dagrun for example_subdag_operator.section-2 to None, run_after=None
[2023-10-29T12:56:36.232+0100] {logging_mixin.py:151} INFO - [2023-10-29T12:56:36.232+0100] {dag.py:2915} INFO - Sync 2 DAGs
[2023-10-29T12:56:36.233+0100] {logging_mixin.py:151} INFO - [2023-10-29T12:56:36.233+0100] {dag.py:3696} INFO - Setting next_dagrun for example_subdag_operator.section-1 to None, run_after=None
[2023-10-29T12:56:36.233+0100] {logging_mixin.py:151} INFO - [2023-10-29T12:56:36.233+0100] {dag.py:3696} INFO - Setting next_dagrun for example_subdag_operator.section-2 to None, run_after=None
[2023-10-29T12:56:36.238+0100] {processor.py:179} INFO - Processing /Users/aymanehinane/Desktop/Airflow/py_env/lib/python3.11/site-packages/airflow/example_dags/example_subdag_operator.py took 0.097 seconds
[2023-10-29T12:57:55.873+0100] {processor.py:157} INFO - Started process (PID=76758) to work on /Users/aymanehinane/Desktop/Airflow/py_env/lib/python3.11/site-packages/airflow/example_dags/example_subdag_operator.py
[2023-10-29T12:57:55.875+0100] {processor.py:829} INFO - Processing file /Users/aymanehinane/Desktop/Airflow/py_env/lib/python3.11/site-packages/airflow/example_dags/example_subdag_operator.py for tasks to queue
[2023-10-29T12:57:55.875+0100] {logging_mixin.py:151} INFO - [2023-10-29T12:57:55.875+0100] {dagbag.py:539} INFO - Filling up the DagBag from /Users/aymanehinane/Desktop/Airflow/py_env/lib/python3.11/site-packages/airflow/example_dags/example_subdag_operator.py
[2023-10-29T12:57:55.924+0100] {processor.py:839} INFO - DAG(s) dict_keys(['example_subdag_operator.section-1', 'example_subdag_operator.section-2', 'example_subdag_operator']) retrieved from /Users/aymanehinane/Desktop/Airflow/py_env/lib/python3.11/site-packages/airflow/example_dags/example_subdag_operator.py
[2023-10-29T12:57:55.952+0100] {logging_mixin.py:151} INFO - [2023-10-29T12:57:55.952+0100] {dag.py:2915} INFO - Sync 3 DAGs
[2023-10-29T12:57:55.957+0100] {logging_mixin.py:151} INFO - [2023-10-29T12:57:55.957+0100] {dag.py:3696} INFO - Setting next_dagrun for example_subdag_operator to 2022-01-01T00:00:00+00:00, run_after=2022-01-01T00:00:00+00:00
[2023-10-29T12:57:55.958+0100] {logging_mixin.py:151} INFO - [2023-10-29T12:57:55.958+0100] {dag.py:3696} INFO - Setting next_dagrun for example_subdag_operator.section-1 to None, run_after=None
[2023-10-29T12:57:55.958+0100] {logging_mixin.py:151} INFO - [2023-10-29T12:57:55.958+0100] {dag.py:3696} INFO - Setting next_dagrun for example_subdag_operator.section-2 to None, run_after=None
[2023-10-29T12:57:55.960+0100] {logging_mixin.py:151} INFO - [2023-10-29T12:57:55.960+0100] {dag.py:2915} INFO - Sync 2 DAGs
[2023-10-29T12:57:55.961+0100] {logging_mixin.py:151} INFO - [2023-10-29T12:57:55.961+0100] {dag.py:3696} INFO - Setting next_dagrun for example_subdag_operator.section-1 to None, run_after=None
[2023-10-29T12:57:55.961+0100] {logging_mixin.py:151} INFO - [2023-10-29T12:57:55.961+0100] {dag.py:3696} INFO - Setting next_dagrun for example_subdag_operator.section-2 to None, run_after=None
[2023-10-29T12:57:55.965+0100] {processor.py:179} INFO - Processing /Users/aymanehinane/Desktop/Airflow/py_env/lib/python3.11/site-packages/airflow/example_dags/example_subdag_operator.py took 0.092 seconds
[2023-10-29T12:59:14.746+0100] {processor.py:157} INFO - Started process (PID=76905) to work on /Users/aymanehinane/Desktop/Airflow/py_env/lib/python3.11/site-packages/airflow/example_dags/example_subdag_operator.py
[2023-10-29T12:59:14.747+0100] {processor.py:829} INFO - Processing file /Users/aymanehinane/Desktop/Airflow/py_env/lib/python3.11/site-packages/airflow/example_dags/example_subdag_operator.py for tasks to queue
[2023-10-29T12:59:14.748+0100] {logging_mixin.py:151} INFO - [2023-10-29T12:59:14.748+0100] {dagbag.py:539} INFO - Filling up the DagBag from /Users/aymanehinane/Desktop/Airflow/py_env/lib/python3.11/site-packages/airflow/example_dags/example_subdag_operator.py
[2023-10-29T12:59:14.796+0100] {processor.py:839} INFO - DAG(s) dict_keys(['example_subdag_operator.section-1', 'example_subdag_operator.section-2', 'example_subdag_operator']) retrieved from /Users/aymanehinane/Desktop/Airflow/py_env/lib/python3.11/site-packages/airflow/example_dags/example_subdag_operator.py
[2023-10-29T12:59:14.823+0100] {logging_mixin.py:151} INFO - [2023-10-29T12:59:14.823+0100] {dag.py:2915} INFO - Sync 3 DAGs
[2023-10-29T12:59:14.828+0100] {logging_mixin.py:151} INFO - [2023-10-29T12:59:14.828+0100] {dag.py:3696} INFO - Setting next_dagrun for example_subdag_operator to 2022-01-01T00:00:00+00:00, run_after=2022-01-01T00:00:00+00:00
[2023-10-29T12:59:14.829+0100] {logging_mixin.py:151} INFO - [2023-10-29T12:59:14.829+0100] {dag.py:3696} INFO - Setting next_dagrun for example_subdag_operator.section-1 to None, run_after=None
[2023-10-29T12:59:14.829+0100] {logging_mixin.py:151} INFO - [2023-10-29T12:59:14.829+0100] {dag.py:3696} INFO - Setting next_dagrun for example_subdag_operator.section-2 to None, run_after=None
[2023-10-29T12:59:14.831+0100] {logging_mixin.py:151} INFO - [2023-10-29T12:59:14.831+0100] {dag.py:2915} INFO - Sync 2 DAGs
[2023-10-29T12:59:14.832+0100] {logging_mixin.py:151} INFO - [2023-10-29T12:59:14.832+0100] {dag.py:3696} INFO - Setting next_dagrun for example_subdag_operator.section-1 to None, run_after=None
[2023-10-29T12:59:14.832+0100] {logging_mixin.py:151} INFO - [2023-10-29T12:59:14.832+0100] {dag.py:3696} INFO - Setting next_dagrun for example_subdag_operator.section-2 to None, run_after=None
[2023-10-29T12:59:14.836+0100] {processor.py:179} INFO - Processing /Users/aymanehinane/Desktop/Airflow/py_env/lib/python3.11/site-packages/airflow/example_dags/example_subdag_operator.py took 0.090 seconds
