[2023-10-29T12:48:51.333+0100] {processor.py:157} INFO - Started process (PID=75797) to work on /Users/aymanehinane/Desktop/Airflow/py_env/lib/python3.11/site-packages/airflow/example_dags/example_skip_dag.py
[2023-10-29T12:48:51.334+0100] {processor.py:829} INFO - Processing file /Users/aymanehinane/Desktop/Airflow/py_env/lib/python3.11/site-packages/airflow/example_dags/example_skip_dag.py for tasks to queue
[2023-10-29T12:48:51.335+0100] {logging_mixin.py:151} INFO - [2023-10-29T12:48:51.334+0100] {dagbag.py:539} INFO - Filling up the DagBag from /Users/aymanehinane/Desktop/Airflow/py_env/lib/python3.11/site-packages/airflow/example_dags/example_skip_dag.py
[2023-10-29T12:48:51.352+0100] {processor.py:839} INFO - DAG(s) dict_keys(['example_skip_dag']) retrieved from /Users/aymanehinane/Desktop/Airflow/py_env/lib/python3.11/site-packages/airflow/example_dags/example_skip_dag.py
[2023-10-29T12:48:51.701+0100] {logging_mixin.py:151} INFO - [2023-10-29T12:48:51.701+0100] {manager.py:499} INFO - Created Permission View: %s
[2023-10-29T12:48:51.705+0100] {logging_mixin.py:151} INFO - [2023-10-29T12:48:51.705+0100] {manager.py:499} INFO - Created Permission View: %s
[2023-10-29T12:48:51.707+0100] {logging_mixin.py:151} INFO - [2023-10-29T12:48:51.707+0100] {manager.py:499} INFO - Created Permission View: %s
[2023-10-29T12:48:51.708+0100] {logging_mixin.py:151} INFO - [2023-10-29T12:48:51.708+0100] {security.py:708} INFO - Not syncing DAG-level permissions for DAG 'DAG:example_skip_dag' as access control is unset.
[2023-10-29T12:48:51.708+0100] {logging_mixin.py:151} INFO - [2023-10-29T12:48:51.708+0100] {dag.py:2915} INFO - Sync 1 DAGs
[2023-10-29T12:48:51.711+0100] {logging_mixin.py:151} INFO - [2023-10-29T12:48:51.711+0100] {dag.py:2937} INFO - Creating ORM DAG for example_skip_dag
[2023-10-29T12:48:51.714+0100] {logging_mixin.py:151} INFO - [2023-10-29T12:48:51.714+0100] {dag.py:3696} INFO - Setting next_dagrun for example_skip_dag to 2023-10-28T11:48:51.714452+00:00, run_after=2023-10-29T11:48:51.714452+00:00
[2023-10-29T12:48:51.721+0100] {processor.py:179} INFO - Processing /Users/aymanehinane/Desktop/Airflow/py_env/lib/python3.11/site-packages/airflow/example_dags/example_skip_dag.py took 0.389 seconds
[2023-10-29T12:50:15.004+0100] {processor.py:157} INFO - Started process (PID=75951) to work on /Users/aymanehinane/Desktop/Airflow/py_env/lib/python3.11/site-packages/airflow/example_dags/example_skip_dag.py
[2023-10-29T12:50:15.005+0100] {processor.py:829} INFO - Processing file /Users/aymanehinane/Desktop/Airflow/py_env/lib/python3.11/site-packages/airflow/example_dags/example_skip_dag.py for tasks to queue
[2023-10-29T12:50:15.006+0100] {logging_mixin.py:151} INFO - [2023-10-29T12:50:15.005+0100] {dagbag.py:539} INFO - Filling up the DagBag from /Users/aymanehinane/Desktop/Airflow/py_env/lib/python3.11/site-packages/airflow/example_dags/example_skip_dag.py
[2023-10-29T12:50:15.016+0100] {processor.py:839} INFO - DAG(s) dict_keys(['example_skip_dag']) retrieved from /Users/aymanehinane/Desktop/Airflow/py_env/lib/python3.11/site-packages/airflow/example_dags/example_skip_dag.py
[2023-10-29T12:50:15.074+0100] {logging_mixin.py:151} INFO - [2023-10-29T12:50:15.074+0100] {dag.py:2915} INFO - Sync 1 DAGs
[2023-10-29T12:50:15.079+0100] {logging_mixin.py:151} INFO - [2023-10-29T12:50:15.079+0100] {dag.py:3696} INFO - Setting next_dagrun for example_skip_dag to 2023-10-28T11:50:15.079745+00:00, run_after=2023-10-29T11:50:15.079745+00:00
[2023-10-29T12:50:15.086+0100] {processor.py:179} INFO - Processing /Users/aymanehinane/Desktop/Airflow/py_env/lib/python3.11/site-packages/airflow/example_dags/example_skip_dag.py took 0.082 seconds
[2023-10-29T12:51:54.893+0100] {processor.py:157} INFO - Started process (PID=76132) to work on /Users/aymanehinane/Desktop/Airflow/py_env/lib/python3.11/site-packages/airflow/example_dags/example_skip_dag.py
[2023-10-29T12:51:54.895+0100] {processor.py:829} INFO - Processing file /Users/aymanehinane/Desktop/Airflow/py_env/lib/python3.11/site-packages/airflow/example_dags/example_skip_dag.py for tasks to queue
[2023-10-29T12:51:54.895+0100] {logging_mixin.py:151} INFO - [2023-10-29T12:51:54.895+0100] {dagbag.py:539} INFO - Filling up the DagBag from /Users/aymanehinane/Desktop/Airflow/py_env/lib/python3.11/site-packages/airflow/example_dags/example_skip_dag.py
[2023-10-29T12:51:54.907+0100] {processor.py:839} INFO - DAG(s) dict_keys(['example_skip_dag']) retrieved from /Users/aymanehinane/Desktop/Airflow/py_env/lib/python3.11/site-packages/airflow/example_dags/example_skip_dag.py
[2023-10-29T12:51:54.966+0100] {logging_mixin.py:151} INFO - [2023-10-29T12:51:54.966+0100] {dag.py:2915} INFO - Sync 1 DAGs
[2023-10-29T12:51:54.971+0100] {logging_mixin.py:151} INFO - [2023-10-29T12:51:54.971+0100] {dag.py:3696} INFO - Setting next_dagrun for example_skip_dag to 2023-10-28T11:51:54.971663+00:00, run_after=2023-10-29T11:51:54.971663+00:00
[2023-10-29T12:51:54.978+0100] {processor.py:179} INFO - Processing /Users/aymanehinane/Desktop/Airflow/py_env/lib/python3.11/site-packages/airflow/example_dags/example_skip_dag.py took 0.085 seconds
[2023-10-29T12:53:20.083+0100] {processor.py:157} INFO - Started process (PID=76270) to work on /Users/aymanehinane/Desktop/Airflow/py_env/lib/python3.11/site-packages/airflow/example_dags/example_skip_dag.py
[2023-10-29T12:53:20.084+0100] {processor.py:829} INFO - Processing file /Users/aymanehinane/Desktop/Airflow/py_env/lib/python3.11/site-packages/airflow/example_dags/example_skip_dag.py for tasks to queue
[2023-10-29T12:53:20.084+0100] {logging_mixin.py:151} INFO - [2023-10-29T12:53:20.084+0100] {dagbag.py:539} INFO - Filling up the DagBag from /Users/aymanehinane/Desktop/Airflow/py_env/lib/python3.11/site-packages/airflow/example_dags/example_skip_dag.py
[2023-10-29T12:53:20.094+0100] {processor.py:839} INFO - DAG(s) dict_keys(['example_skip_dag']) retrieved from /Users/aymanehinane/Desktop/Airflow/py_env/lib/python3.11/site-packages/airflow/example_dags/example_skip_dag.py
[2023-10-29T12:53:20.152+0100] {logging_mixin.py:151} INFO - [2023-10-29T12:53:20.151+0100] {dag.py:2915} INFO - Sync 1 DAGs
[2023-10-29T12:53:20.157+0100] {logging_mixin.py:151} INFO - [2023-10-29T12:53:20.157+0100] {dag.py:3696} INFO - Setting next_dagrun for example_skip_dag to 2023-10-28T11:53:20.157171+00:00, run_after=2023-10-29T11:53:20.157171+00:00
[2023-10-29T12:53:20.163+0100] {processor.py:179} INFO - Processing /Users/aymanehinane/Desktop/Airflow/py_env/lib/python3.11/site-packages/airflow/example_dags/example_skip_dag.py took 0.080 seconds
[2023-10-29T12:54:39.846+0100] {processor.py:157} INFO - Started process (PID=76394) to work on /Users/aymanehinane/Desktop/Airflow/py_env/lib/python3.11/site-packages/airflow/example_dags/example_skip_dag.py
[2023-10-29T12:54:39.847+0100] {processor.py:829} INFO - Processing file /Users/aymanehinane/Desktop/Airflow/py_env/lib/python3.11/site-packages/airflow/example_dags/example_skip_dag.py for tasks to queue
[2023-10-29T12:54:39.847+0100] {logging_mixin.py:151} INFO - [2023-10-29T12:54:39.847+0100] {dagbag.py:539} INFO - Filling up the DagBag from /Users/aymanehinane/Desktop/Airflow/py_env/lib/python3.11/site-packages/airflow/example_dags/example_skip_dag.py
[2023-10-29T12:54:39.858+0100] {processor.py:839} INFO - DAG(s) dict_keys(['example_skip_dag']) retrieved from /Users/aymanehinane/Desktop/Airflow/py_env/lib/python3.11/site-packages/airflow/example_dags/example_skip_dag.py
[2023-10-29T12:54:39.914+0100] {logging_mixin.py:151} INFO - [2023-10-29T12:54:39.914+0100] {dag.py:2915} INFO - Sync 1 DAGs
[2023-10-29T12:54:39.920+0100] {logging_mixin.py:151} INFO - [2023-10-29T12:54:39.920+0100] {dag.py:3696} INFO - Setting next_dagrun for example_skip_dag to 2023-10-28T11:54:39.920032+00:00, run_after=2023-10-29T11:54:39.920032+00:00
[2023-10-29T12:54:39.926+0100] {processor.py:179} INFO - Processing /Users/aymanehinane/Desktop/Airflow/py_env/lib/python3.11/site-packages/airflow/example_dags/example_skip_dag.py took 0.081 seconds
[2023-10-29T12:56:01.220+0100] {processor.py:157} INFO - Started process (PID=76520) to work on /Users/aymanehinane/Desktop/Airflow/py_env/lib/python3.11/site-packages/airflow/example_dags/example_skip_dag.py
[2023-10-29T12:56:01.221+0100] {processor.py:829} INFO - Processing file /Users/aymanehinane/Desktop/Airflow/py_env/lib/python3.11/site-packages/airflow/example_dags/example_skip_dag.py for tasks to queue
[2023-10-29T12:56:01.221+0100] {logging_mixin.py:151} INFO - [2023-10-29T12:56:01.221+0100] {dagbag.py:539} INFO - Filling up the DagBag from /Users/aymanehinane/Desktop/Airflow/py_env/lib/python3.11/site-packages/airflow/example_dags/example_skip_dag.py
[2023-10-29T12:56:01.231+0100] {processor.py:839} INFO - DAG(s) dict_keys(['example_skip_dag']) retrieved from /Users/aymanehinane/Desktop/Airflow/py_env/lib/python3.11/site-packages/airflow/example_dags/example_skip_dag.py
[2023-10-29T12:56:01.288+0100] {logging_mixin.py:151} INFO - [2023-10-29T12:56:01.288+0100] {dag.py:2915} INFO - Sync 1 DAGs
[2023-10-29T12:56:01.293+0100] {logging_mixin.py:151} INFO - [2023-10-29T12:56:01.293+0100] {dag.py:3696} INFO - Setting next_dagrun for example_skip_dag to 2023-10-28T11:56:01.293493+00:00, run_after=2023-10-29T11:56:01.293493+00:00
[2023-10-29T12:56:01.302+0100] {processor.py:179} INFO - Processing /Users/aymanehinane/Desktop/Airflow/py_env/lib/python3.11/site-packages/airflow/example_dags/example_skip_dag.py took 0.082 seconds
[2023-10-29T12:57:21.944+0100] {processor.py:157} INFO - Started process (PID=76686) to work on /Users/aymanehinane/Desktop/Airflow/py_env/lib/python3.11/site-packages/airflow/example_dags/example_skip_dag.py
[2023-10-29T12:57:21.946+0100] {processor.py:829} INFO - Processing file /Users/aymanehinane/Desktop/Airflow/py_env/lib/python3.11/site-packages/airflow/example_dags/example_skip_dag.py for tasks to queue
[2023-10-29T12:57:21.946+0100] {logging_mixin.py:151} INFO - [2023-10-29T12:57:21.946+0100] {dagbag.py:539} INFO - Filling up the DagBag from /Users/aymanehinane/Desktop/Airflow/py_env/lib/python3.11/site-packages/airflow/example_dags/example_skip_dag.py
[2023-10-29T12:57:21.956+0100] {processor.py:839} INFO - DAG(s) dict_keys(['example_skip_dag']) retrieved from /Users/aymanehinane/Desktop/Airflow/py_env/lib/python3.11/site-packages/airflow/example_dags/example_skip_dag.py
[2023-10-29T12:57:22.012+0100] {logging_mixin.py:151} INFO - [2023-10-29T12:57:22.012+0100] {dag.py:2915} INFO - Sync 1 DAGs
[2023-10-29T12:57:22.018+0100] {logging_mixin.py:151} INFO - [2023-10-29T12:57:22.018+0100] {dag.py:3696} INFO - Setting next_dagrun for example_skip_dag to 2023-10-28T11:57:22.017982+00:00, run_after=2023-10-29T11:57:22.017982+00:00
[2023-10-29T12:57:22.024+0100] {processor.py:179} INFO - Processing /Users/aymanehinane/Desktop/Airflow/py_env/lib/python3.11/site-packages/airflow/example_dags/example_skip_dag.py took 0.081 seconds
[2023-10-29T12:58:41.344+0100] {processor.py:157} INFO - Started process (PID=76840) to work on /Users/aymanehinane/Desktop/Airflow/py_env/lib/python3.11/site-packages/airflow/example_dags/example_skip_dag.py
[2023-10-29T12:58:41.345+0100] {processor.py:829} INFO - Processing file /Users/aymanehinane/Desktop/Airflow/py_env/lib/python3.11/site-packages/airflow/example_dags/example_skip_dag.py for tasks to queue
[2023-10-29T12:58:41.346+0100] {logging_mixin.py:151} INFO - [2023-10-29T12:58:41.346+0100] {dagbag.py:539} INFO - Filling up the DagBag from /Users/aymanehinane/Desktop/Airflow/py_env/lib/python3.11/site-packages/airflow/example_dags/example_skip_dag.py
[2023-10-29T12:58:41.356+0100] {processor.py:839} INFO - DAG(s) dict_keys(['example_skip_dag']) retrieved from /Users/aymanehinane/Desktop/Airflow/py_env/lib/python3.11/site-packages/airflow/example_dags/example_skip_dag.py
[2023-10-29T12:58:41.413+0100] {logging_mixin.py:151} INFO - [2023-10-29T12:58:41.413+0100] {dag.py:2915} INFO - Sync 1 DAGs
[2023-10-29T12:58:41.418+0100] {logging_mixin.py:151} INFO - [2023-10-29T12:58:41.418+0100] {dag.py:3696} INFO - Setting next_dagrun for example_skip_dag to 2023-10-28T11:58:41.418277+00:00, run_after=2023-10-29T11:58:41.418277+00:00
[2023-10-29T12:58:41.424+0100] {processor.py:179} INFO - Processing /Users/aymanehinane/Desktop/Airflow/py_env/lib/python3.11/site-packages/airflow/example_dags/example_skip_dag.py took 0.081 seconds
