[2023-10-29T12:49:38.716+0100] {processor.py:157} INFO - Started process (PID=75871) to work on /Users/aymanehinane/Desktop/Airflow/py_env/lib/python3.11/site-packages/airflow/example_dags/example_branch_operator.py
[2023-10-29T12:49:38.716+0100] {processor.py:829} INFO - Processing file /Users/aymanehinane/Desktop/Airflow/py_env/lib/python3.11/site-packages/airflow/example_dags/example_branch_operator.py for tasks to queue
[2023-10-29T12:49:38.716+0100] {logging_mixin.py:151} INFO - [2023-10-29T12:49:38.716+0100] {dagbag.py:539} INFO - Filling up the DagBag from /Users/aymanehinane/Desktop/Airflow/py_env/lib/python3.11/site-packages/airflow/example_dags/example_branch_operator.py
[2023-10-29T12:49:38.732+0100] {processor.py:839} INFO - DAG(s) dict_keys(['example_branch_operator']) retrieved from /Users/aymanehinane/Desktop/Airflow/py_env/lib/python3.11/site-packages/airflow/example_dags/example_branch_operator.py
[2023-10-29T12:49:39.035+0100] {logging_mixin.py:151} INFO - [2023-10-29T12:49:39.035+0100] {manager.py:499} INFO - Created Permission View: %s
[2023-10-29T12:49:39.040+0100] {logging_mixin.py:151} INFO - [2023-10-29T12:49:39.040+0100] {manager.py:499} INFO - Created Permission View: %s
[2023-10-29T12:49:39.042+0100] {logging_mixin.py:151} INFO - [2023-10-29T12:49:39.042+0100] {manager.py:499} INFO - Created Permission View: %s
[2023-10-29T12:49:39.042+0100] {logging_mixin.py:151} INFO - [2023-10-29T12:49:39.042+0100] {security.py:708} INFO - Not syncing DAG-level permissions for DAG 'DAG:example_branch_operator' as access control is unset.
[2023-10-29T12:49:39.042+0100] {logging_mixin.py:151} INFO - [2023-10-29T12:49:39.042+0100] {dag.py:2915} INFO - Sync 1 DAGs
[2023-10-29T12:49:39.046+0100] {logging_mixin.py:151} INFO - [2023-10-29T12:49:39.046+0100] {dag.py:2937} INFO - Creating ORM DAG for example_branch_operator
[2023-10-29T12:49:39.050+0100] {logging_mixin.py:151} INFO - [2023-10-29T12:49:39.050+0100] {dag.py:3696} INFO - Setting next_dagrun for example_branch_operator to 2023-10-28T00:00:00+00:00, run_after=2023-10-29T00:00:00+00:00
[2023-10-29T12:49:39.059+0100] {processor.py:179} INFO - Processing /Users/aymanehinane/Desktop/Airflow/py_env/lib/python3.11/site-packages/airflow/example_dags/example_branch_operator.py took 0.343 seconds
[2023-10-29T12:51:27.317+0100] {processor.py:157} INFO - Started process (PID=76086) to work on /Users/aymanehinane/Desktop/Airflow/py_env/lib/python3.11/site-packages/airflow/example_dags/example_branch_operator.py
[2023-10-29T12:51:27.318+0100] {processor.py:829} INFO - Processing file /Users/aymanehinane/Desktop/Airflow/py_env/lib/python3.11/site-packages/airflow/example_dags/example_branch_operator.py for tasks to queue
[2023-10-29T12:51:27.318+0100] {logging_mixin.py:151} INFO - [2023-10-29T12:51:27.318+0100] {dagbag.py:539} INFO - Filling up the DagBag from /Users/aymanehinane/Desktop/Airflow/py_env/lib/python3.11/site-packages/airflow/example_dags/example_branch_operator.py
[2023-10-29T12:51:27.337+0100] {processor.py:839} INFO - DAG(s) dict_keys(['example_branch_operator']) retrieved from /Users/aymanehinane/Desktop/Airflow/py_env/lib/python3.11/site-packages/airflow/example_dags/example_branch_operator.py
[2023-10-29T12:51:27.423+0100] {logging_mixin.py:151} INFO - [2023-10-29T12:51:27.423+0100] {dag.py:2915} INFO - Sync 1 DAGs
[2023-10-29T12:51:27.429+0100] {logging_mixin.py:151} INFO - [2023-10-29T12:51:27.429+0100] {dag.py:3696} INFO - Setting next_dagrun for example_branch_operator to 2023-10-28T00:00:00+00:00, run_after=2023-10-29T00:00:00+00:00
[2023-10-29T12:51:27.436+0100] {processor.py:179} INFO - Processing /Users/aymanehinane/Desktop/Airflow/py_env/lib/python3.11/site-packages/airflow/example_dags/example_branch_operator.py took 0.119 seconds
[2023-10-29T12:52:54.109+0100] {processor.py:157} INFO - Started process (PID=76228) to work on /Users/aymanehinane/Desktop/Airflow/py_env/lib/python3.11/site-packages/airflow/example_dags/example_branch_operator.py
[2023-10-29T12:52:54.110+0100] {processor.py:829} INFO - Processing file /Users/aymanehinane/Desktop/Airflow/py_env/lib/python3.11/site-packages/airflow/example_dags/example_branch_operator.py for tasks to queue
[2023-10-29T12:52:54.110+0100] {logging_mixin.py:151} INFO - [2023-10-29T12:52:54.110+0100] {dagbag.py:539} INFO - Filling up the DagBag from /Users/aymanehinane/Desktop/Airflow/py_env/lib/python3.11/site-packages/airflow/example_dags/example_branch_operator.py
[2023-10-29T12:52:54.125+0100] {processor.py:839} INFO - DAG(s) dict_keys(['example_branch_operator']) retrieved from /Users/aymanehinane/Desktop/Airflow/py_env/lib/python3.11/site-packages/airflow/example_dags/example_branch_operator.py
[2023-10-29T12:52:54.183+0100] {logging_mixin.py:151} INFO - [2023-10-29T12:52:54.183+0100] {dag.py:2915} INFO - Sync 1 DAGs
[2023-10-29T12:52:54.188+0100] {logging_mixin.py:151} INFO - [2023-10-29T12:52:54.188+0100] {dag.py:3696} INFO - Setting next_dagrun for example_branch_operator to 2023-10-28T00:00:00+00:00, run_after=2023-10-29T00:00:00+00:00
[2023-10-29T12:52:54.197+0100] {processor.py:179} INFO - Processing /Users/aymanehinane/Desktop/Airflow/py_env/lib/python3.11/site-packages/airflow/example_dags/example_branch_operator.py took 0.088 seconds
[2023-10-29T12:54:12.895+0100] {processor.py:157} INFO - Started process (PID=76353) to work on /Users/aymanehinane/Desktop/Airflow/py_env/lib/python3.11/site-packages/airflow/example_dags/example_branch_operator.py
[2023-10-29T12:54:12.896+0100] {processor.py:829} INFO - Processing file /Users/aymanehinane/Desktop/Airflow/py_env/lib/python3.11/site-packages/airflow/example_dags/example_branch_operator.py for tasks to queue
[2023-10-29T12:54:12.897+0100] {logging_mixin.py:151} INFO - [2023-10-29T12:54:12.897+0100] {dagbag.py:539} INFO - Filling up the DagBag from /Users/aymanehinane/Desktop/Airflow/py_env/lib/python3.11/site-packages/airflow/example_dags/example_branch_operator.py
[2023-10-29T12:54:12.912+0100] {processor.py:839} INFO - DAG(s) dict_keys(['example_branch_operator']) retrieved from /Users/aymanehinane/Desktop/Airflow/py_env/lib/python3.11/site-packages/airflow/example_dags/example_branch_operator.py
[2023-10-29T12:54:12.974+0100] {logging_mixin.py:151} INFO - [2023-10-29T12:54:12.974+0100] {dag.py:2915} INFO - Sync 1 DAGs
[2023-10-29T12:54:12.980+0100] {logging_mixin.py:151} INFO - [2023-10-29T12:54:12.980+0100] {dag.py:3696} INFO - Setting next_dagrun for example_branch_operator to 2023-10-28T00:00:00+00:00, run_after=2023-10-29T00:00:00+00:00
[2023-10-29T12:54:12.987+0100] {processor.py:179} INFO - Processing /Users/aymanehinane/Desktop/Airflow/py_env/lib/python3.11/site-packages/airflow/example_dags/example_branch_operator.py took 0.092 seconds
[2023-10-29T12:55:32.602+0100] {processor.py:157} INFO - Started process (PID=76473) to work on /Users/aymanehinane/Desktop/Airflow/py_env/lib/python3.11/site-packages/airflow/example_dags/example_branch_operator.py
[2023-10-29T12:55:32.603+0100] {processor.py:829} INFO - Processing file /Users/aymanehinane/Desktop/Airflow/py_env/lib/python3.11/site-packages/airflow/example_dags/example_branch_operator.py for tasks to queue
[2023-10-29T12:55:32.603+0100] {logging_mixin.py:151} INFO - [2023-10-29T12:55:32.603+0100] {dagbag.py:539} INFO - Filling up the DagBag from /Users/aymanehinane/Desktop/Airflow/py_env/lib/python3.11/site-packages/airflow/example_dags/example_branch_operator.py
[2023-10-29T12:55:32.618+0100] {processor.py:839} INFO - DAG(s) dict_keys(['example_branch_operator']) retrieved from /Users/aymanehinane/Desktop/Airflow/py_env/lib/python3.11/site-packages/airflow/example_dags/example_branch_operator.py
[2023-10-29T12:55:32.675+0100] {logging_mixin.py:151} INFO - [2023-10-29T12:55:32.675+0100] {dag.py:2915} INFO - Sync 1 DAGs
[2023-10-29T12:55:32.681+0100] {logging_mixin.py:151} INFO - [2023-10-29T12:55:32.681+0100] {dag.py:3696} INFO - Setting next_dagrun for example_branch_operator to 2023-10-28T00:00:00+00:00, run_after=2023-10-29T00:00:00+00:00
[2023-10-29T12:55:32.688+0100] {processor.py:179} INFO - Processing /Users/aymanehinane/Desktop/Airflow/py_env/lib/python3.11/site-packages/airflow/example_dags/example_branch_operator.py took 0.087 seconds
[2023-10-29T12:56:55.723+0100] {processor.py:157} INFO - Started process (PID=76629) to work on /Users/aymanehinane/Desktop/Airflow/py_env/lib/python3.11/site-packages/airflow/example_dags/example_branch_operator.py
[2023-10-29T12:56:55.724+0100] {processor.py:829} INFO - Processing file /Users/aymanehinane/Desktop/Airflow/py_env/lib/python3.11/site-packages/airflow/example_dags/example_branch_operator.py for tasks to queue
[2023-10-29T12:56:55.724+0100] {logging_mixin.py:151} INFO - [2023-10-29T12:56:55.724+0100] {dagbag.py:539} INFO - Filling up the DagBag from /Users/aymanehinane/Desktop/Airflow/py_env/lib/python3.11/site-packages/airflow/example_dags/example_branch_operator.py
[2023-10-29T12:56:55.740+0100] {processor.py:839} INFO - DAG(s) dict_keys(['example_branch_operator']) retrieved from /Users/aymanehinane/Desktop/Airflow/py_env/lib/python3.11/site-packages/airflow/example_dags/example_branch_operator.py
[2023-10-29T12:56:55.799+0100] {logging_mixin.py:151} INFO - [2023-10-29T12:56:55.799+0100] {dag.py:2915} INFO - Sync 1 DAGs
[2023-10-29T12:56:55.805+0100] {logging_mixin.py:151} INFO - [2023-10-29T12:56:55.805+0100] {dag.py:3696} INFO - Setting next_dagrun for example_branch_operator to 2023-10-28T00:00:00+00:00, run_after=2023-10-29T00:00:00+00:00
[2023-10-29T12:56:55.812+0100] {processor.py:179} INFO - Processing /Users/aymanehinane/Desktop/Airflow/py_env/lib/python3.11/site-packages/airflow/example_dags/example_branch_operator.py took 0.089 seconds
[2023-10-29T12:58:14.325+0100] {processor.py:157} INFO - Started process (PID=76789) to work on /Users/aymanehinane/Desktop/Airflow/py_env/lib/python3.11/site-packages/airflow/example_dags/example_branch_operator.py
[2023-10-29T12:58:14.326+0100] {processor.py:829} INFO - Processing file /Users/aymanehinane/Desktop/Airflow/py_env/lib/python3.11/site-packages/airflow/example_dags/example_branch_operator.py for tasks to queue
[2023-10-29T12:58:14.326+0100] {logging_mixin.py:151} INFO - [2023-10-29T12:58:14.326+0100] {dagbag.py:539} INFO - Filling up the DagBag from /Users/aymanehinane/Desktop/Airflow/py_env/lib/python3.11/site-packages/airflow/example_dags/example_branch_operator.py
[2023-10-29T12:58:14.342+0100] {processor.py:839} INFO - DAG(s) dict_keys(['example_branch_operator']) retrieved from /Users/aymanehinane/Desktop/Airflow/py_env/lib/python3.11/site-packages/airflow/example_dags/example_branch_operator.py
[2023-10-29T12:58:14.399+0100] {logging_mixin.py:151} INFO - [2023-10-29T12:58:14.398+0100] {dag.py:2915} INFO - Sync 1 DAGs
[2023-10-29T12:58:14.404+0100] {logging_mixin.py:151} INFO - [2023-10-29T12:58:14.404+0100] {dag.py:3696} INFO - Setting next_dagrun for example_branch_operator to 2023-10-28T00:00:00+00:00, run_after=2023-10-29T00:00:00+00:00
[2023-10-29T12:58:14.411+0100] {processor.py:179} INFO - Processing /Users/aymanehinane/Desktop/Airflow/py_env/lib/python3.11/site-packages/airflow/example_dags/example_branch_operator.py took 0.087 seconds
[2023-10-29T12:59:34.799+0100] {processor.py:157} INFO - Started process (PID=76934) to work on /Users/aymanehinane/Desktop/Airflow/py_env/lib/python3.11/site-packages/airflow/example_dags/example_branch_operator.py
[2023-10-29T12:59:34.800+0100] {processor.py:829} INFO - Processing file /Users/aymanehinane/Desktop/Airflow/py_env/lib/python3.11/site-packages/airflow/example_dags/example_branch_operator.py for tasks to queue
[2023-10-29T12:59:34.800+0100] {logging_mixin.py:151} INFO - [2023-10-29T12:59:34.800+0100] {dagbag.py:539} INFO - Filling up the DagBag from /Users/aymanehinane/Desktop/Airflow/py_env/lib/python3.11/site-packages/airflow/example_dags/example_branch_operator.py
[2023-10-29T12:59:34.815+0100] {processor.py:839} INFO - DAG(s) dict_keys(['example_branch_operator']) retrieved from /Users/aymanehinane/Desktop/Airflow/py_env/lib/python3.11/site-packages/airflow/example_dags/example_branch_operator.py
[2023-10-29T12:59:34.872+0100] {logging_mixin.py:151} INFO - [2023-10-29T12:59:34.872+0100] {dag.py:2915} INFO - Sync 1 DAGs
[2023-10-29T12:59:34.878+0100] {logging_mixin.py:151} INFO - [2023-10-29T12:59:34.878+0100] {dag.py:3696} INFO - Setting next_dagrun for example_branch_operator to 2023-10-28T00:00:00+00:00, run_after=2023-10-29T00:00:00+00:00
[2023-10-29T12:59:34.885+0100] {processor.py:179} INFO - Processing /Users/aymanehinane/Desktop/Airflow/py_env/lib/python3.11/site-packages/airflow/example_dags/example_branch_operator.py took 0.086 seconds
