[2023-10-29T12:49:24.447+0100] {processor.py:157} INFO - Started process (PID=75844) to work on /Users/aymanehinane/Desktop/Airflow/py_env/lib/python3.11/site-packages/airflow/example_dags/example_dynamic_task_mapping_with_no_taskflow_operators.py
[2023-10-29T12:49:24.447+0100] {processor.py:829} INFO - Processing file /Users/aymanehinane/Desktop/Airflow/py_env/lib/python3.11/site-packages/airflow/example_dags/example_dynamic_task_mapping_with_no_taskflow_operators.py for tasks to queue
[2023-10-29T12:49:24.448+0100] {logging_mixin.py:151} INFO - [2023-10-29T12:49:24.448+0100] {dagbag.py:539} INFO - Filling up the DagBag from /Users/aymanehinane/Desktop/Airflow/py_env/lib/python3.11/site-packages/airflow/example_dags/example_dynamic_task_mapping_with_no_taskflow_operators.py
[2023-10-29T12:49:24.457+0100] {processor.py:839} INFO - DAG(s) dict_keys(['example_dynamic_task_mapping_with_no_taskflow_operators']) retrieved from /Users/aymanehinane/Desktop/Airflow/py_env/lib/python3.11/site-packages/airflow/example_dags/example_dynamic_task_mapping_with_no_taskflow_operators.py
[2023-10-29T12:49:24.765+0100] {logging_mixin.py:151} INFO - [2023-10-29T12:49:24.764+0100] {manager.py:499} INFO - Created Permission View: %s
[2023-10-29T12:49:24.768+0100] {logging_mixin.py:151} INFO - [2023-10-29T12:49:24.768+0100] {manager.py:499} INFO - Created Permission View: %s
[2023-10-29T12:49:24.770+0100] {logging_mixin.py:151} INFO - [2023-10-29T12:49:24.770+0100] {manager.py:499} INFO - Created Permission View: %s
[2023-10-29T12:49:24.770+0100] {logging_mixin.py:151} INFO - [2023-10-29T12:49:24.770+0100] {security.py:708} INFO - Not syncing DAG-level permissions for DAG 'DAG:example_dynamic_task_mapping_with_no_taskflow_operators' as access control is unset.
[2023-10-29T12:49:24.770+0100] {logging_mixin.py:151} INFO - [2023-10-29T12:49:24.770+0100] {dag.py:2915} INFO - Sync 1 DAGs
[2023-10-29T12:49:24.773+0100] {logging_mixin.py:151} INFO - [2023-10-29T12:49:24.773+0100] {dag.py:2937} INFO - Creating ORM DAG for example_dynamic_task_mapping_with_no_taskflow_operators
[2023-10-29T12:49:24.775+0100] {logging_mixin.py:151} INFO - [2023-10-29T12:49:24.775+0100] {dag.py:3696} INFO - Setting next_dagrun for example_dynamic_task_mapping_with_no_taskflow_operators to 2023-10-28T11:49:24.775852+00:00, run_after=2023-10-29T11:49:24.775852+00:00
[2023-10-29T12:49:24.781+0100] {processor.py:179} INFO - Processing /Users/aymanehinane/Desktop/Airflow/py_env/lib/python3.11/site-packages/airflow/example_dags/example_dynamic_task_mapping_with_no_taskflow_operators.py took 0.334 seconds
[2023-10-29T12:51:14.354+0100] {processor.py:157} INFO - Started process (PID=76067) to work on /Users/aymanehinane/Desktop/Airflow/py_env/lib/python3.11/site-packages/airflow/example_dags/example_dynamic_task_mapping_with_no_taskflow_operators.py
[2023-10-29T12:51:14.356+0100] {processor.py:829} INFO - Processing file /Users/aymanehinane/Desktop/Airflow/py_env/lib/python3.11/site-packages/airflow/example_dags/example_dynamic_task_mapping_with_no_taskflow_operators.py for tasks to queue
[2023-10-29T12:51:14.356+0100] {logging_mixin.py:151} INFO - [2023-10-29T12:51:14.356+0100] {dagbag.py:539} INFO - Filling up the DagBag from /Users/aymanehinane/Desktop/Airflow/py_env/lib/python3.11/site-packages/airflow/example_dags/example_dynamic_task_mapping_with_no_taskflow_operators.py
[2023-10-29T12:51:14.370+0100] {processor.py:839} INFO - DAG(s) dict_keys(['example_dynamic_task_mapping_with_no_taskflow_operators']) retrieved from /Users/aymanehinane/Desktop/Airflow/py_env/lib/python3.11/site-packages/airflow/example_dags/example_dynamic_task_mapping_with_no_taskflow_operators.py
[2023-10-29T12:51:14.435+0100] {logging_mixin.py:151} INFO - [2023-10-29T12:51:14.434+0100] {dag.py:2915} INFO - Sync 1 DAGs
[2023-10-29T12:51:14.441+0100] {logging_mixin.py:151} INFO - [2023-10-29T12:51:14.441+0100] {dag.py:3696} INFO - Setting next_dagrun for example_dynamic_task_mapping_with_no_taskflow_operators to 2023-10-28T11:51:14.441373+00:00, run_after=2023-10-29T11:51:14.441373+00:00
[2023-10-29T12:51:14.448+0100] {processor.py:179} INFO - Processing /Users/aymanehinane/Desktop/Airflow/py_env/lib/python3.11/site-packages/airflow/example_dags/example_dynamic_task_mapping_with_no_taskflow_operators.py took 0.094 seconds
[2023-10-29T12:52:41.912+0100] {processor.py:157} INFO - Started process (PID=76213) to work on /Users/aymanehinane/Desktop/Airflow/py_env/lib/python3.11/site-packages/airflow/example_dags/example_dynamic_task_mapping_with_no_taskflow_operators.py
[2023-10-29T12:52:41.913+0100] {processor.py:829} INFO - Processing file /Users/aymanehinane/Desktop/Airflow/py_env/lib/python3.11/site-packages/airflow/example_dags/example_dynamic_task_mapping_with_no_taskflow_operators.py for tasks to queue
[2023-10-29T12:52:41.913+0100] {logging_mixin.py:151} INFO - [2023-10-29T12:52:41.913+0100] {dagbag.py:539} INFO - Filling up the DagBag from /Users/aymanehinane/Desktop/Airflow/py_env/lib/python3.11/site-packages/airflow/example_dags/example_dynamic_task_mapping_with_no_taskflow_operators.py
[2023-10-29T12:52:41.923+0100] {processor.py:839} INFO - DAG(s) dict_keys(['example_dynamic_task_mapping_with_no_taskflow_operators']) retrieved from /Users/aymanehinane/Desktop/Airflow/py_env/lib/python3.11/site-packages/airflow/example_dags/example_dynamic_task_mapping_with_no_taskflow_operators.py
[2023-10-29T12:52:41.979+0100] {logging_mixin.py:151} INFO - [2023-10-29T12:52:41.979+0100] {dag.py:2915} INFO - Sync 1 DAGs
[2023-10-29T12:52:41.984+0100] {logging_mixin.py:151} INFO - [2023-10-29T12:52:41.984+0100] {dag.py:3696} INFO - Setting next_dagrun for example_dynamic_task_mapping_with_no_taskflow_operators to 2023-10-28T11:52:41.984285+00:00, run_after=2023-10-29T11:52:41.984285+00:00
[2023-10-29T12:52:41.990+0100] {processor.py:179} INFO - Processing /Users/aymanehinane/Desktop/Airflow/py_env/lib/python3.11/site-packages/airflow/example_dags/example_dynamic_task_mapping_with_no_taskflow_operators.py took 0.079 seconds
[2023-10-29T12:54:00.933+0100] {processor.py:157} INFO - Started process (PID=76338) to work on /Users/aymanehinane/Desktop/Airflow/py_env/lib/python3.11/site-packages/airflow/example_dags/example_dynamic_task_mapping_with_no_taskflow_operators.py
[2023-10-29T12:54:00.934+0100] {processor.py:829} INFO - Processing file /Users/aymanehinane/Desktop/Airflow/py_env/lib/python3.11/site-packages/airflow/example_dags/example_dynamic_task_mapping_with_no_taskflow_operators.py for tasks to queue
[2023-10-29T12:54:00.934+0100] {logging_mixin.py:151} INFO - [2023-10-29T12:54:00.934+0100] {dagbag.py:539} INFO - Filling up the DagBag from /Users/aymanehinane/Desktop/Airflow/py_env/lib/python3.11/site-packages/airflow/example_dags/example_dynamic_task_mapping_with_no_taskflow_operators.py
[2023-10-29T12:54:00.944+0100] {processor.py:839} INFO - DAG(s) dict_keys(['example_dynamic_task_mapping_with_no_taskflow_operators']) retrieved from /Users/aymanehinane/Desktop/Airflow/py_env/lib/python3.11/site-packages/airflow/example_dags/example_dynamic_task_mapping_with_no_taskflow_operators.py
[2023-10-29T12:54:01.000+0100] {logging_mixin.py:151} INFO - [2023-10-29T12:54:01.000+0100] {dag.py:2915} INFO - Sync 1 DAGs
[2023-10-29T12:54:01.006+0100] {logging_mixin.py:151} INFO - [2023-10-29T12:54:01.006+0100] {dag.py:3696} INFO - Setting next_dagrun for example_dynamic_task_mapping_with_no_taskflow_operators to 2023-10-28T11:54:01.006019+00:00, run_after=2023-10-29T11:54:01.006019+00:00
[2023-10-29T12:54:01.014+0100] {processor.py:179} INFO - Processing /Users/aymanehinane/Desktop/Airflow/py_env/lib/python3.11/site-packages/airflow/example_dags/example_dynamic_task_mapping_with_no_taskflow_operators.py took 0.080 seconds
[2023-10-29T12:55:20.217+0100] {processor.py:157} INFO - Started process (PID=76455) to work on /Users/aymanehinane/Desktop/Airflow/py_env/lib/python3.11/site-packages/airflow/example_dags/example_dynamic_task_mapping_with_no_taskflow_operators.py
[2023-10-29T12:55:20.218+0100] {processor.py:829} INFO - Processing file /Users/aymanehinane/Desktop/Airflow/py_env/lib/python3.11/site-packages/airflow/example_dags/example_dynamic_task_mapping_with_no_taskflow_operators.py for tasks to queue
[2023-10-29T12:55:20.218+0100] {logging_mixin.py:151} INFO - [2023-10-29T12:55:20.218+0100] {dagbag.py:539} INFO - Filling up the DagBag from /Users/aymanehinane/Desktop/Airflow/py_env/lib/python3.11/site-packages/airflow/example_dags/example_dynamic_task_mapping_with_no_taskflow_operators.py
[2023-10-29T12:55:20.228+0100] {processor.py:839} INFO - DAG(s) dict_keys(['example_dynamic_task_mapping_with_no_taskflow_operators']) retrieved from /Users/aymanehinane/Desktop/Airflow/py_env/lib/python3.11/site-packages/airflow/example_dags/example_dynamic_task_mapping_with_no_taskflow_operators.py
[2023-10-29T12:55:20.284+0100] {logging_mixin.py:151} INFO - [2023-10-29T12:55:20.284+0100] {dag.py:2915} INFO - Sync 1 DAGs
[2023-10-29T12:55:20.289+0100] {logging_mixin.py:151} INFO - [2023-10-29T12:55:20.289+0100] {dag.py:3696} INFO - Setting next_dagrun for example_dynamic_task_mapping_with_no_taskflow_operators to 2023-10-28T11:55:20.289679+00:00, run_after=2023-10-29T11:55:20.289679+00:00
[2023-10-29T12:55:20.296+0100] {processor.py:179} INFO - Processing /Users/aymanehinane/Desktop/Airflow/py_env/lib/python3.11/site-packages/airflow/example_dags/example_dynamic_task_mapping_with_no_taskflow_operators.py took 0.079 seconds
[2023-10-29T12:56:43.906+0100] {processor.py:157} INFO - Started process (PID=76586) to work on /Users/aymanehinane/Desktop/Airflow/py_env/lib/python3.11/site-packages/airflow/example_dags/example_dynamic_task_mapping_with_no_taskflow_operators.py
[2023-10-29T12:56:43.906+0100] {processor.py:829} INFO - Processing file /Users/aymanehinane/Desktop/Airflow/py_env/lib/python3.11/site-packages/airflow/example_dags/example_dynamic_task_mapping_with_no_taskflow_operators.py for tasks to queue
[2023-10-29T12:56:43.906+0100] {logging_mixin.py:151} INFO - [2023-10-29T12:56:43.906+0100] {dagbag.py:539} INFO - Filling up the DagBag from /Users/aymanehinane/Desktop/Airflow/py_env/lib/python3.11/site-packages/airflow/example_dags/example_dynamic_task_mapping_with_no_taskflow_operators.py
[2023-10-29T12:56:43.916+0100] {processor.py:839} INFO - DAG(s) dict_keys(['example_dynamic_task_mapping_with_no_taskflow_operators']) retrieved from /Users/aymanehinane/Desktop/Airflow/py_env/lib/python3.11/site-packages/airflow/example_dags/example_dynamic_task_mapping_with_no_taskflow_operators.py
[2023-10-29T12:56:43.977+0100] {logging_mixin.py:151} INFO - [2023-10-29T12:56:43.977+0100] {dag.py:2915} INFO - Sync 1 DAGs
[2023-10-29T12:56:43.982+0100] {logging_mixin.py:151} INFO - [2023-10-29T12:56:43.982+0100] {dag.py:3696} INFO - Setting next_dagrun for example_dynamic_task_mapping_with_no_taskflow_operators to 2023-10-28T11:56:43.982609+00:00, run_after=2023-10-29T11:56:43.982609+00:00
[2023-10-29T12:56:43.989+0100] {processor.py:179} INFO - Processing /Users/aymanehinane/Desktop/Airflow/py_env/lib/python3.11/site-packages/airflow/example_dags/example_dynamic_task_mapping_with_no_taskflow_operators.py took 0.084 seconds
[2023-10-29T12:58:03.174+0100] {processor.py:157} INFO - Started process (PID=76770) to work on /Users/aymanehinane/Desktop/Airflow/py_env/lib/python3.11/site-packages/airflow/example_dags/example_dynamic_task_mapping_with_no_taskflow_operators.py
[2023-10-29T12:58:03.175+0100] {processor.py:829} INFO - Processing file /Users/aymanehinane/Desktop/Airflow/py_env/lib/python3.11/site-packages/airflow/example_dags/example_dynamic_task_mapping_with_no_taskflow_operators.py for tasks to queue
[2023-10-29T12:58:03.175+0100] {logging_mixin.py:151} INFO - [2023-10-29T12:58:03.175+0100] {dagbag.py:539} INFO - Filling up the DagBag from /Users/aymanehinane/Desktop/Airflow/py_env/lib/python3.11/site-packages/airflow/example_dags/example_dynamic_task_mapping_with_no_taskflow_operators.py
[2023-10-29T12:58:03.185+0100] {processor.py:839} INFO - DAG(s) dict_keys(['example_dynamic_task_mapping_with_no_taskflow_operators']) retrieved from /Users/aymanehinane/Desktop/Airflow/py_env/lib/python3.11/site-packages/airflow/example_dags/example_dynamic_task_mapping_with_no_taskflow_operators.py
[2023-10-29T12:58:03.242+0100] {logging_mixin.py:151} INFO - [2023-10-29T12:58:03.241+0100] {dag.py:2915} INFO - Sync 1 DAGs
[2023-10-29T12:58:03.247+0100] {logging_mixin.py:151} INFO - [2023-10-29T12:58:03.247+0100] {dag.py:3696} INFO - Setting next_dagrun for example_dynamic_task_mapping_with_no_taskflow_operators to 2023-10-28T11:58:03.247158+00:00, run_after=2023-10-29T11:58:03.247158+00:00
[2023-10-29T12:58:03.253+0100] {processor.py:179} INFO - Processing /Users/aymanehinane/Desktop/Airflow/py_env/lib/python3.11/site-packages/airflow/example_dags/example_dynamic_task_mapping_with_no_taskflow_operators.py took 0.080 seconds
[2023-10-29T12:59:22.385+0100] {processor.py:157} INFO - Started process (PID=76916) to work on /Users/aymanehinane/Desktop/Airflow/py_env/lib/python3.11/site-packages/airflow/example_dags/example_dynamic_task_mapping_with_no_taskflow_operators.py
[2023-10-29T12:59:22.385+0100] {processor.py:829} INFO - Processing file /Users/aymanehinane/Desktop/Airflow/py_env/lib/python3.11/site-packages/airflow/example_dags/example_dynamic_task_mapping_with_no_taskflow_operators.py for tasks to queue
[2023-10-29T12:59:22.386+0100] {logging_mixin.py:151} INFO - [2023-10-29T12:59:22.386+0100] {dagbag.py:539} INFO - Filling up the DagBag from /Users/aymanehinane/Desktop/Airflow/py_env/lib/python3.11/site-packages/airflow/example_dags/example_dynamic_task_mapping_with_no_taskflow_operators.py
[2023-10-29T12:59:22.395+0100] {processor.py:839} INFO - DAG(s) dict_keys(['example_dynamic_task_mapping_with_no_taskflow_operators']) retrieved from /Users/aymanehinane/Desktop/Airflow/py_env/lib/python3.11/site-packages/airflow/example_dags/example_dynamic_task_mapping_with_no_taskflow_operators.py
[2023-10-29T12:59:22.451+0100] {logging_mixin.py:151} INFO - [2023-10-29T12:59:22.451+0100] {dag.py:2915} INFO - Sync 1 DAGs
[2023-10-29T12:59:22.457+0100] {logging_mixin.py:151} INFO - [2023-10-29T12:59:22.457+0100] {dag.py:3696} INFO - Setting next_dagrun for example_dynamic_task_mapping_with_no_taskflow_operators to 2023-10-28T11:59:22.457043+00:00, run_after=2023-10-29T11:59:22.457043+00:00
[2023-10-29T12:59:22.463+0100] {processor.py:179} INFO - Processing /Users/aymanehinane/Desktop/Airflow/py_env/lib/python3.11/site-packages/airflow/example_dags/example_dynamic_task_mapping_with_no_taskflow_operators.py took 0.079 seconds
