[2023-10-29T12:49:34.796+0100] {processor.py:157} INFO - Started process (PID=75863) to work on /Users/aymanehinane/Desktop/Airflow/py_env/lib/python3.11/site-packages/airflow/example_dags/example_branch_python_dop_operator_3.py
[2023-10-29T12:49:34.797+0100] {processor.py:829} INFO - Processing file /Users/aymanehinane/Desktop/Airflow/py_env/lib/python3.11/site-packages/airflow/example_dags/example_branch_python_dop_operator_3.py for tasks to queue
[2023-10-29T12:49:34.797+0100] {logging_mixin.py:151} INFO - [2023-10-29T12:49:34.797+0100] {dagbag.py:539} INFO - Filling up the DagBag from /Users/aymanehinane/Desktop/Airflow/py_env/lib/python3.11/site-packages/airflow/example_dags/example_branch_python_dop_operator_3.py
[2023-10-29T12:49:34.827+0100] {processor.py:839} INFO - DAG(s) dict_keys(['example_branch_dop_operator_v3']) retrieved from /Users/aymanehinane/Desktop/Airflow/py_env/lib/python3.11/site-packages/airflow/example_dags/example_branch_python_dop_operator_3.py
[2023-10-29T12:49:35.352+0100] {logging_mixin.py:151} INFO - [2023-10-29T12:49:35.351+0100] {manager.py:499} INFO - Created Permission View: %s
[2023-10-29T12:49:35.356+0100] {logging_mixin.py:151} INFO - [2023-10-29T12:49:35.356+0100] {manager.py:499} INFO - Created Permission View: %s
[2023-10-29T12:49:35.358+0100] {logging_mixin.py:151} INFO - [2023-10-29T12:49:35.358+0100] {manager.py:499} INFO - Created Permission View: %s
[2023-10-29T12:49:35.358+0100] {logging_mixin.py:151} INFO - [2023-10-29T12:49:35.358+0100] {security.py:708} INFO - Not syncing DAG-level permissions for DAG 'DAG:example_branch_dop_operator_v3' as access control is unset.
[2023-10-29T12:49:35.358+0100] {logging_mixin.py:151} INFO - [2023-10-29T12:49:35.358+0100] {dag.py:2915} INFO - Sync 1 DAGs
[2023-10-29T12:49:35.361+0100] {logging_mixin.py:151} INFO - [2023-10-29T12:49:35.361+0100] {dag.py:2937} INFO - Creating ORM DAG for example_branch_dop_operator_v3
[2023-10-29T12:49:35.366+0100] {logging_mixin.py:151} INFO - [2023-10-29T12:49:35.366+0100] {dag.py:3696} INFO - Setting next_dagrun for example_branch_dop_operator_v3 to 2023-10-29T11:48:00+00:00, run_after=2023-10-29T11:49:00+00:00
[2023-10-29T12:49:35.373+0100] {processor.py:179} INFO - Processing /Users/aymanehinane/Desktop/Airflow/py_env/lib/python3.11/site-packages/airflow/example_dags/example_branch_python_dop_operator_3.py took 0.578 seconds
[2023-10-29T12:51:23.808+0100] {processor.py:157} INFO - Started process (PID=76080) to work on /Users/aymanehinane/Desktop/Airflow/py_env/lib/python3.11/site-packages/airflow/example_dags/example_branch_python_dop_operator_3.py
[2023-10-29T12:51:23.808+0100] {processor.py:829} INFO - Processing file /Users/aymanehinane/Desktop/Airflow/py_env/lib/python3.11/site-packages/airflow/example_dags/example_branch_python_dop_operator_3.py for tasks to queue
[2023-10-29T12:51:23.809+0100] {logging_mixin.py:151} INFO - [2023-10-29T12:51:23.809+0100] {dagbag.py:539} INFO - Filling up the DagBag from /Users/aymanehinane/Desktop/Airflow/py_env/lib/python3.11/site-packages/airflow/example_dags/example_branch_python_dop_operator_3.py
[2023-10-29T12:51:23.829+0100] {processor.py:839} INFO - DAG(s) dict_keys(['example_branch_dop_operator_v3']) retrieved from /Users/aymanehinane/Desktop/Airflow/py_env/lib/python3.11/site-packages/airflow/example_dags/example_branch_python_dop_operator_3.py
[2023-10-29T12:51:23.885+0100] {logging_mixin.py:151} INFO - [2023-10-29T12:51:23.885+0100] {dag.py:2915} INFO - Sync 1 DAGs
[2023-10-29T12:51:23.892+0100] {logging_mixin.py:151} INFO - [2023-10-29T12:51:23.892+0100] {dag.py:3696} INFO - Setting next_dagrun for example_branch_dop_operator_v3 to 2023-10-29T11:50:00+00:00, run_after=2023-10-29T11:51:00+00:00
[2023-10-29T12:51:23.899+0100] {processor.py:179} INFO - Processing /Users/aymanehinane/Desktop/Airflow/py_env/lib/python3.11/site-packages/airflow/example_dags/example_branch_python_dop_operator_3.py took 0.091 seconds
[2023-10-29T12:52:50.754+0100] {processor.py:157} INFO - Started process (PID=76226) to work on /Users/aymanehinane/Desktop/Airflow/py_env/lib/python3.11/site-packages/airflow/example_dags/example_branch_python_dop_operator_3.py
[2023-10-29T12:52:50.756+0100] {processor.py:829} INFO - Processing file /Users/aymanehinane/Desktop/Airflow/py_env/lib/python3.11/site-packages/airflow/example_dags/example_branch_python_dop_operator_3.py for tasks to queue
[2023-10-29T12:52:50.756+0100] {logging_mixin.py:151} INFO - [2023-10-29T12:52:50.756+0100] {dagbag.py:539} INFO - Filling up the DagBag from /Users/aymanehinane/Desktop/Airflow/py_env/lib/python3.11/site-packages/airflow/example_dags/example_branch_python_dop_operator_3.py
[2023-10-29T12:52:50.776+0100] {processor.py:839} INFO - DAG(s) dict_keys(['example_branch_dop_operator_v3']) retrieved from /Users/aymanehinane/Desktop/Airflow/py_env/lib/python3.11/site-packages/airflow/example_dags/example_branch_python_dop_operator_3.py
[2023-10-29T12:52:50.830+0100] {logging_mixin.py:151} INFO - [2023-10-29T12:52:50.830+0100] {dag.py:2915} INFO - Sync 1 DAGs
[2023-10-29T12:52:50.837+0100] {logging_mixin.py:151} INFO - [2023-10-29T12:52:50.837+0100] {dag.py:3696} INFO - Setting next_dagrun for example_branch_dop_operator_v3 to 2023-10-29T11:51:00+00:00, run_after=2023-10-29T11:52:00+00:00
[2023-10-29T12:52:50.844+0100] {processor.py:179} INFO - Processing /Users/aymanehinane/Desktop/Airflow/py_env/lib/python3.11/site-packages/airflow/example_dags/example_branch_python_dop_operator_3.py took 0.090 seconds
[2023-10-29T12:54:09.550+0100] {processor.py:157} INFO - Started process (PID=76349) to work on /Users/aymanehinane/Desktop/Airflow/py_env/lib/python3.11/site-packages/airflow/example_dags/example_branch_python_dop_operator_3.py
[2023-10-29T12:54:09.551+0100] {processor.py:829} INFO - Processing file /Users/aymanehinane/Desktop/Airflow/py_env/lib/python3.11/site-packages/airflow/example_dags/example_branch_python_dop_operator_3.py for tasks to queue
[2023-10-29T12:54:09.551+0100] {logging_mixin.py:151} INFO - [2023-10-29T12:54:09.551+0100] {dagbag.py:539} INFO - Filling up the DagBag from /Users/aymanehinane/Desktop/Airflow/py_env/lib/python3.11/site-packages/airflow/example_dags/example_branch_python_dop_operator_3.py
[2023-10-29T12:54:09.572+0100] {processor.py:839} INFO - DAG(s) dict_keys(['example_branch_dop_operator_v3']) retrieved from /Users/aymanehinane/Desktop/Airflow/py_env/lib/python3.11/site-packages/airflow/example_dags/example_branch_python_dop_operator_3.py
[2023-10-29T12:54:09.626+0100] {logging_mixin.py:151} INFO - [2023-10-29T12:54:09.626+0100] {dag.py:2915} INFO - Sync 1 DAGs
[2023-10-29T12:54:09.633+0100] {logging_mixin.py:151} INFO - [2023-10-29T12:54:09.633+0100] {dag.py:3696} INFO - Setting next_dagrun for example_branch_dop_operator_v3 to 2023-10-29T11:53:00+00:00, run_after=2023-10-29T11:54:00+00:00
[2023-10-29T12:54:09.640+0100] {processor.py:179} INFO - Processing /Users/aymanehinane/Desktop/Airflow/py_env/lib/python3.11/site-packages/airflow/example_dags/example_branch_python_dop_operator_3.py took 0.090 seconds
[2023-10-29T12:55:29.257+0100] {processor.py:157} INFO - Started process (PID=76467) to work on /Users/aymanehinane/Desktop/Airflow/py_env/lib/python3.11/site-packages/airflow/example_dags/example_branch_python_dop_operator_3.py
[2023-10-29T12:55:29.257+0100] {processor.py:829} INFO - Processing file /Users/aymanehinane/Desktop/Airflow/py_env/lib/python3.11/site-packages/airflow/example_dags/example_branch_python_dop_operator_3.py for tasks to queue
[2023-10-29T12:55:29.257+0100] {logging_mixin.py:151} INFO - [2023-10-29T12:55:29.257+0100] {dagbag.py:539} INFO - Filling up the DagBag from /Users/aymanehinane/Desktop/Airflow/py_env/lib/python3.11/site-packages/airflow/example_dags/example_branch_python_dop_operator_3.py
[2023-10-29T12:55:29.278+0100] {processor.py:839} INFO - DAG(s) dict_keys(['example_branch_dop_operator_v3']) retrieved from /Users/aymanehinane/Desktop/Airflow/py_env/lib/python3.11/site-packages/airflow/example_dags/example_branch_python_dop_operator_3.py
[2023-10-29T12:55:29.333+0100] {logging_mixin.py:151} INFO - [2023-10-29T12:55:29.333+0100] {dag.py:2915} INFO - Sync 1 DAGs
[2023-10-29T12:55:29.340+0100] {logging_mixin.py:151} INFO - [2023-10-29T12:55:29.340+0100] {dag.py:3696} INFO - Setting next_dagrun for example_branch_dop_operator_v3 to 2023-10-29T11:54:00+00:00, run_after=2023-10-29T11:55:00+00:00
[2023-10-29T12:55:29.349+0100] {processor.py:179} INFO - Processing /Users/aymanehinane/Desktop/Airflow/py_env/lib/python3.11/site-packages/airflow/example_dags/example_branch_python_dop_operator_3.py took 0.093 seconds
[2023-10-29T12:56:52.367+0100] {processor.py:157} INFO - Started process (PID=76599) to work on /Users/aymanehinane/Desktop/Airflow/py_env/lib/python3.11/site-packages/airflow/example_dags/example_branch_python_dop_operator_3.py
[2023-10-29T12:56:52.368+0100] {processor.py:829} INFO - Processing file /Users/aymanehinane/Desktop/Airflow/py_env/lib/python3.11/site-packages/airflow/example_dags/example_branch_python_dop_operator_3.py for tasks to queue
[2023-10-29T12:56:52.368+0100] {logging_mixin.py:151} INFO - [2023-10-29T12:56:52.368+0100] {dagbag.py:539} INFO - Filling up the DagBag from /Users/aymanehinane/Desktop/Airflow/py_env/lib/python3.11/site-packages/airflow/example_dags/example_branch_python_dop_operator_3.py
[2023-10-29T12:56:52.389+0100] {processor.py:839} INFO - DAG(s) dict_keys(['example_branch_dop_operator_v3']) retrieved from /Users/aymanehinane/Desktop/Airflow/py_env/lib/python3.11/site-packages/airflow/example_dags/example_branch_python_dop_operator_3.py
[2023-10-29T12:56:52.444+0100] {logging_mixin.py:151} INFO - [2023-10-29T12:56:52.444+0100] {dag.py:2915} INFO - Sync 1 DAGs
[2023-10-29T12:56:52.451+0100] {logging_mixin.py:151} INFO - [2023-10-29T12:56:52.451+0100] {dag.py:3696} INFO - Setting next_dagrun for example_branch_dop_operator_v3 to 2023-10-29T11:55:00+00:00, run_after=2023-10-29T11:56:00+00:00
[2023-10-29T12:56:52.458+0100] {processor.py:179} INFO - Processing /Users/aymanehinane/Desktop/Airflow/py_env/lib/python3.11/site-packages/airflow/example_dags/example_branch_python_dop_operator_3.py took 0.092 seconds
[2023-10-29T12:58:10.960+0100] {processor.py:157} INFO - Started process (PID=76787) to work on /Users/aymanehinane/Desktop/Airflow/py_env/lib/python3.11/site-packages/airflow/example_dags/example_branch_python_dop_operator_3.py
[2023-10-29T12:58:10.961+0100] {processor.py:829} INFO - Processing file /Users/aymanehinane/Desktop/Airflow/py_env/lib/python3.11/site-packages/airflow/example_dags/example_branch_python_dop_operator_3.py for tasks to queue
[2023-10-29T12:58:10.961+0100] {logging_mixin.py:151} INFO - [2023-10-29T12:58:10.961+0100] {dagbag.py:539} INFO - Filling up the DagBag from /Users/aymanehinane/Desktop/Airflow/py_env/lib/python3.11/site-packages/airflow/example_dags/example_branch_python_dop_operator_3.py
[2023-10-29T12:58:10.981+0100] {processor.py:839} INFO - DAG(s) dict_keys(['example_branch_dop_operator_v3']) retrieved from /Users/aymanehinane/Desktop/Airflow/py_env/lib/python3.11/site-packages/airflow/example_dags/example_branch_python_dop_operator_3.py
[2023-10-29T12:58:11.035+0100] {logging_mixin.py:151} INFO - [2023-10-29T12:58:11.035+0100] {dag.py:2915} INFO - Sync 1 DAGs
[2023-10-29T12:58:11.042+0100] {logging_mixin.py:151} INFO - [2023-10-29T12:58:11.042+0100] {dag.py:3696} INFO - Setting next_dagrun for example_branch_dop_operator_v3 to 2023-10-29T11:57:00+00:00, run_after=2023-10-29T11:58:00+00:00
[2023-10-29T12:58:11.049+0100] {processor.py:179} INFO - Processing /Users/aymanehinane/Desktop/Airflow/py_env/lib/python3.11/site-packages/airflow/example_dags/example_branch_python_dop_operator_3.py took 0.090 seconds
[2023-10-29T12:59:31.418+0100] {processor.py:157} INFO - Started process (PID=76930) to work on /Users/aymanehinane/Desktop/Airflow/py_env/lib/python3.11/site-packages/airflow/example_dags/example_branch_python_dop_operator_3.py
[2023-10-29T12:59:31.419+0100] {processor.py:829} INFO - Processing file /Users/aymanehinane/Desktop/Airflow/py_env/lib/python3.11/site-packages/airflow/example_dags/example_branch_python_dop_operator_3.py for tasks to queue
[2023-10-29T12:59:31.419+0100] {logging_mixin.py:151} INFO - [2023-10-29T12:59:31.419+0100] {dagbag.py:539} INFO - Filling up the DagBag from /Users/aymanehinane/Desktop/Airflow/py_env/lib/python3.11/site-packages/airflow/example_dags/example_branch_python_dop_operator_3.py
[2023-10-29T12:59:31.439+0100] {processor.py:839} INFO - DAG(s) dict_keys(['example_branch_dop_operator_v3']) retrieved from /Users/aymanehinane/Desktop/Airflow/py_env/lib/python3.11/site-packages/airflow/example_dags/example_branch_python_dop_operator_3.py
[2023-10-29T12:59:31.495+0100] {logging_mixin.py:151} INFO - [2023-10-29T12:59:31.495+0100] {dag.py:2915} INFO - Sync 1 DAGs
[2023-10-29T12:59:31.502+0100] {logging_mixin.py:151} INFO - [2023-10-29T12:59:31.502+0100] {dag.py:3696} INFO - Setting next_dagrun for example_branch_dop_operator_v3 to 2023-10-29T11:58:00+00:00, run_after=2023-10-29T11:59:00+00:00
[2023-10-29T12:59:31.510+0100] {processor.py:179} INFO - Processing /Users/aymanehinane/Desktop/Airflow/py_env/lib/python3.11/site-packages/airflow/example_dags/example_branch_python_dop_operator_3.py took 0.092 seconds
