[2023-10-29T12:48:34.285+0100] {processor.py:157} INFO - Started process (PID=75766) to work on /Users/aymanehinane/Desktop/Airflow/py_env/lib/python3.11/site-packages/airflow/example_dags/tutorial.py
[2023-10-29T12:48:34.286+0100] {processor.py:829} INFO - Processing file /Users/aymanehinane/Desktop/Airflow/py_env/lib/python3.11/site-packages/airflow/example_dags/tutorial.py for tasks to queue
[2023-10-29T12:48:34.287+0100] {logging_mixin.py:151} INFO - [2023-10-29T12:48:34.287+0100] {dagbag.py:539} INFO - Filling up the DagBag from /Users/aymanehinane/Desktop/Airflow/py_env/lib/python3.11/site-packages/airflow/example_dags/tutorial.py
[2023-10-29T12:48:34.297+0100] {processor.py:839} INFO - DAG(s) dict_keys(['tutorial']) retrieved from /Users/aymanehinane/Desktop/Airflow/py_env/lib/python3.11/site-packages/airflow/example_dags/tutorial.py
[2023-10-29T12:48:34.591+0100] {logging_mixin.py:151} INFO - [2023-10-29T12:48:34.591+0100] {manager.py:499} INFO - Created Permission View: %s
[2023-10-29T12:48:34.594+0100] {logging_mixin.py:151} INFO - [2023-10-29T12:48:34.594+0100] {manager.py:499} INFO - Created Permission View: %s
[2023-10-29T12:48:34.596+0100] {logging_mixin.py:151} INFO - [2023-10-29T12:48:34.596+0100] {manager.py:499} INFO - Created Permission View: %s
[2023-10-29T12:48:34.596+0100] {logging_mixin.py:151} INFO - [2023-10-29T12:48:34.596+0100] {security.py:708} INFO - Not syncing DAG-level permissions for DAG 'DAG:tutorial' as access control is unset.
[2023-10-29T12:48:34.596+0100] {logging_mixin.py:151} INFO - [2023-10-29T12:48:34.596+0100] {dag.py:2915} INFO - Sync 1 DAGs
[2023-10-29T12:48:34.599+0100] {logging_mixin.py:151} INFO - [2023-10-29T12:48:34.599+0100] {dag.py:2937} INFO - Creating ORM DAG for tutorial
[2023-10-29T12:48:34.602+0100] {logging_mixin.py:151} INFO - [2023-10-29T12:48:34.602+0100] {dag.py:3696} INFO - Setting next_dagrun for tutorial to 2023-10-28T11:48:34.601970+00:00, run_after=2023-10-29T11:48:34.601970+00:00
[2023-10-29T12:48:34.607+0100] {processor.py:179} INFO - Processing /Users/aymanehinane/Desktop/Airflow/py_env/lib/python3.11/site-packages/airflow/example_dags/tutorial.py took 0.323 seconds
[2023-10-29T12:49:57.271+0100] {processor.py:157} INFO - Started process (PID=75920) to work on /Users/aymanehinane/Desktop/Airflow/py_env/lib/python3.11/site-packages/airflow/example_dags/tutorial.py
[2023-10-29T12:49:57.272+0100] {processor.py:829} INFO - Processing file /Users/aymanehinane/Desktop/Airflow/py_env/lib/python3.11/site-packages/airflow/example_dags/tutorial.py for tasks to queue
[2023-10-29T12:49:57.273+0100] {logging_mixin.py:151} INFO - [2023-10-29T12:49:57.272+0100] {dagbag.py:539} INFO - Filling up the DagBag from /Users/aymanehinane/Desktop/Airflow/py_env/lib/python3.11/site-packages/airflow/example_dags/tutorial.py
[2023-10-29T12:49:57.287+0100] {processor.py:839} INFO - DAG(s) dict_keys(['tutorial']) retrieved from /Users/aymanehinane/Desktop/Airflow/py_env/lib/python3.11/site-packages/airflow/example_dags/tutorial.py
[2023-10-29T12:49:57.360+0100] {logging_mixin.py:151} INFO - [2023-10-29T12:49:57.360+0100] {dag.py:2915} INFO - Sync 1 DAGs
[2023-10-29T12:49:57.366+0100] {logging_mixin.py:151} INFO - [2023-10-29T12:49:57.366+0100] {dag.py:3696} INFO - Setting next_dagrun for tutorial to 2023-10-28T11:49:57.365962+00:00, run_after=2023-10-29T11:49:57.365962+00:00
[2023-10-29T12:49:57.373+0100] {processor.py:179} INFO - Processing /Users/aymanehinane/Desktop/Airflow/py_env/lib/python3.11/site-packages/airflow/example_dags/tutorial.py took 0.102 seconds
[2023-10-29T12:50:54.128+0100] {processor.py:157} INFO - Started process (PID=76035) to work on /Users/aymanehinane/Desktop/Airflow/py_env/lib/python3.11/site-packages/airflow/example_dags/tutorial.py
[2023-10-29T12:50:54.129+0100] {processor.py:829} INFO - Processing file /Users/aymanehinane/Desktop/Airflow/py_env/lib/python3.11/site-packages/airflow/example_dags/tutorial.py for tasks to queue
[2023-10-29T12:50:54.129+0100] {logging_mixin.py:151} INFO - [2023-10-29T12:50:54.129+0100] {dagbag.py:539} INFO - Filling up the DagBag from /Users/aymanehinane/Desktop/Airflow/py_env/lib/python3.11/site-packages/airflow/example_dags/tutorial.py
[2023-10-29T12:50:54.141+0100] {processor.py:839} INFO - DAG(s) dict_keys(['tutorial']) retrieved from /Users/aymanehinane/Desktop/Airflow/py_env/lib/python3.11/site-packages/airflow/example_dags/tutorial.py
[2023-10-29T12:50:54.199+0100] {logging_mixin.py:151} INFO - [2023-10-29T12:50:54.199+0100] {dag.py:2915} INFO - Sync 1 DAGs
[2023-10-29T12:50:54.204+0100] {logging_mixin.py:151} INFO - [2023-10-29T12:50:54.204+0100] {dag.py:3696} INFO - Setting next_dagrun for tutorial to 2023-10-28T11:50:54.204772+00:00, run_after=2023-10-29T11:50:54.204772+00:00
[2023-10-29T12:50:54.211+0100] {processor.py:179} INFO - Processing /Users/aymanehinane/Desktop/Airflow/py_env/lib/python3.11/site-packages/airflow/example_dags/tutorial.py took 0.083 seconds
[2023-10-29T12:51:44.206+0100] {processor.py:157} INFO - Started process (PID=76113) to work on /Users/aymanehinane/Desktop/Airflow/py_env/lib/python3.11/site-packages/airflow/example_dags/tutorial.py
[2023-10-29T12:51:44.207+0100] {processor.py:829} INFO - Processing file /Users/aymanehinane/Desktop/Airflow/py_env/lib/python3.11/site-packages/airflow/example_dags/tutorial.py for tasks to queue
[2023-10-29T12:51:44.207+0100] {logging_mixin.py:151} INFO - [2023-10-29T12:51:44.207+0100] {dagbag.py:539} INFO - Filling up the DagBag from /Users/aymanehinane/Desktop/Airflow/py_env/lib/python3.11/site-packages/airflow/example_dags/tutorial.py
[2023-10-29T12:51:44.218+0100] {processor.py:839} INFO - DAG(s) dict_keys(['tutorial']) retrieved from /Users/aymanehinane/Desktop/Airflow/py_env/lib/python3.11/site-packages/airflow/example_dags/tutorial.py
[2023-10-29T12:51:44.275+0100] {logging_mixin.py:151} INFO - [2023-10-29T12:51:44.275+0100] {dag.py:2915} INFO - Sync 1 DAGs
[2023-10-29T12:51:44.280+0100] {logging_mixin.py:151} INFO - [2023-10-29T12:51:44.280+0100] {dag.py:3696} INFO - Setting next_dagrun for tutorial to 2023-10-28T11:51:44.280353+00:00, run_after=2023-10-29T11:51:44.280353+00:00
[2023-10-29T12:51:44.286+0100] {processor.py:179} INFO - Processing /Users/aymanehinane/Desktop/Airflow/py_env/lib/python3.11/site-packages/airflow/example_dags/tutorial.py took 0.081 seconds
[2023-10-29T12:52:27.844+0100] {processor.py:157} INFO - Started process (PID=76192) to work on /Users/aymanehinane/Desktop/Airflow/py_env/lib/python3.11/site-packages/airflow/example_dags/tutorial.py
[2023-10-29T12:52:27.845+0100] {processor.py:829} INFO - Processing file /Users/aymanehinane/Desktop/Airflow/py_env/lib/python3.11/site-packages/airflow/example_dags/tutorial.py for tasks to queue
[2023-10-29T12:52:27.845+0100] {logging_mixin.py:151} INFO - [2023-10-29T12:52:27.845+0100] {dagbag.py:539} INFO - Filling up the DagBag from /Users/aymanehinane/Desktop/Airflow/py_env/lib/python3.11/site-packages/airflow/example_dags/tutorial.py
[2023-10-29T12:52:27.856+0100] {processor.py:839} INFO - DAG(s) dict_keys(['tutorial']) retrieved from /Users/aymanehinane/Desktop/Airflow/py_env/lib/python3.11/site-packages/airflow/example_dags/tutorial.py
[2023-10-29T12:52:27.912+0100] {logging_mixin.py:151} INFO - [2023-10-29T12:52:27.912+0100] {dag.py:2915} INFO - Sync 1 DAGs
[2023-10-29T12:52:27.918+0100] {logging_mixin.py:151} INFO - [2023-10-29T12:52:27.918+0100] {dag.py:3696} INFO - Setting next_dagrun for tutorial to 2023-10-28T11:52:27.918001+00:00, run_after=2023-10-29T11:52:27.918001+00:00
[2023-10-29T12:52:27.924+0100] {processor.py:179} INFO - Processing /Users/aymanehinane/Desktop/Airflow/py_env/lib/python3.11/site-packages/airflow/example_dags/tutorial.py took 0.080 seconds
[2023-10-29T12:53:10.760+0100] {processor.py:157} INFO - Started process (PID=76257) to work on /Users/aymanehinane/Desktop/Airflow/py_env/lib/python3.11/site-packages/airflow/example_dags/tutorial.py
[2023-10-29T12:53:10.761+0100] {processor.py:829} INFO - Processing file /Users/aymanehinane/Desktop/Airflow/py_env/lib/python3.11/site-packages/airflow/example_dags/tutorial.py for tasks to queue
[2023-10-29T12:53:10.762+0100] {logging_mixin.py:151} INFO - [2023-10-29T12:53:10.762+0100] {dagbag.py:539} INFO - Filling up the DagBag from /Users/aymanehinane/Desktop/Airflow/py_env/lib/python3.11/site-packages/airflow/example_dags/tutorial.py
[2023-10-29T12:53:10.772+0100] {processor.py:839} INFO - DAG(s) dict_keys(['tutorial']) retrieved from /Users/aymanehinane/Desktop/Airflow/py_env/lib/python3.11/site-packages/airflow/example_dags/tutorial.py
[2023-10-29T12:53:10.828+0100] {logging_mixin.py:151} INFO - [2023-10-29T12:53:10.828+0100] {dag.py:2915} INFO - Sync 1 DAGs
[2023-10-29T12:53:10.833+0100] {logging_mixin.py:151} INFO - [2023-10-29T12:53:10.833+0100] {dag.py:3696} INFO - Setting next_dagrun for tutorial to 2023-10-28T11:53:10.833763+00:00, run_after=2023-10-29T11:53:10.833763+00:00
[2023-10-29T12:53:10.840+0100] {processor.py:179} INFO - Processing /Users/aymanehinane/Desktop/Airflow/py_env/lib/python3.11/site-packages/airflow/example_dags/tutorial.py took 0.080 seconds
[2023-10-29T12:54:30.846+0100] {processor.py:157} INFO - Started process (PID=76382) to work on /Users/aymanehinane/Desktop/Airflow/py_env/lib/python3.11/site-packages/airflow/example_dags/tutorial.py
[2023-10-29T12:54:30.847+0100] {processor.py:829} INFO - Processing file /Users/aymanehinane/Desktop/Airflow/py_env/lib/python3.11/site-packages/airflow/example_dags/tutorial.py for tasks to queue
[2023-10-29T12:54:30.847+0100] {logging_mixin.py:151} INFO - [2023-10-29T12:54:30.847+0100] {dagbag.py:539} INFO - Filling up the DagBag from /Users/aymanehinane/Desktop/Airflow/py_env/lib/python3.11/site-packages/airflow/example_dags/tutorial.py
[2023-10-29T12:54:30.858+0100] {processor.py:839} INFO - DAG(s) dict_keys(['tutorial']) retrieved from /Users/aymanehinane/Desktop/Airflow/py_env/lib/python3.11/site-packages/airflow/example_dags/tutorial.py
[2023-10-29T12:54:30.915+0100] {logging_mixin.py:151} INFO - [2023-10-29T12:54:30.915+0100] {dag.py:2915} INFO - Sync 1 DAGs
[2023-10-29T12:54:30.921+0100] {logging_mixin.py:151} INFO - [2023-10-29T12:54:30.921+0100] {dag.py:3696} INFO - Setting next_dagrun for tutorial to 2023-10-28T11:54:30.920962+00:00, run_after=2023-10-29T11:54:30.920962+00:00
[2023-10-29T12:54:30.927+0100] {processor.py:179} INFO - Processing /Users/aymanehinane/Desktop/Airflow/py_env/lib/python3.11/site-packages/airflow/example_dags/tutorial.py took 0.081 seconds
[2023-10-29T12:55:50.506+0100] {processor.py:157} INFO - Started process (PID=76504) to work on /Users/aymanehinane/Desktop/Airflow/py_env/lib/python3.11/site-packages/airflow/example_dags/tutorial.py
[2023-10-29T12:55:50.507+0100] {processor.py:829} INFO - Processing file /Users/aymanehinane/Desktop/Airflow/py_env/lib/python3.11/site-packages/airflow/example_dags/tutorial.py for tasks to queue
[2023-10-29T12:55:50.508+0100] {logging_mixin.py:151} INFO - [2023-10-29T12:55:50.508+0100] {dagbag.py:539} INFO - Filling up the DagBag from /Users/aymanehinane/Desktop/Airflow/py_env/lib/python3.11/site-packages/airflow/example_dags/tutorial.py
[2023-10-29T12:55:50.519+0100] {processor.py:839} INFO - DAG(s) dict_keys(['tutorial']) retrieved from /Users/aymanehinane/Desktop/Airflow/py_env/lib/python3.11/site-packages/airflow/example_dags/tutorial.py
[2023-10-29T12:55:50.575+0100] {logging_mixin.py:151} INFO - [2023-10-29T12:55:50.575+0100] {dag.py:2915} INFO - Sync 1 DAGs
[2023-10-29T12:55:50.581+0100] {logging_mixin.py:151} INFO - [2023-10-29T12:55:50.581+0100] {dag.py:3696} INFO - Setting next_dagrun for tutorial to 2023-10-28T11:55:50.580959+00:00, run_after=2023-10-29T11:55:50.580959+00:00
[2023-10-29T12:55:50.588+0100] {processor.py:179} INFO - Processing /Users/aymanehinane/Desktop/Airflow/py_env/lib/python3.11/site-packages/airflow/example_dags/tutorial.py took 0.082 seconds
[2023-10-29T12:56:32.151+0100] {processor.py:157} INFO - Started process (PID=76568) to work on /Users/aymanehinane/Desktop/Airflow/py_env/lib/python3.11/site-packages/airflow/example_dags/tutorial.py
[2023-10-29T12:56:32.152+0100] {processor.py:829} INFO - Processing file /Users/aymanehinane/Desktop/Airflow/py_env/lib/python3.11/site-packages/airflow/example_dags/tutorial.py for tasks to queue
[2023-10-29T12:56:32.152+0100] {logging_mixin.py:151} INFO - [2023-10-29T12:56:32.152+0100] {dagbag.py:539} INFO - Filling up the DagBag from /Users/aymanehinane/Desktop/Airflow/py_env/lib/python3.11/site-packages/airflow/example_dags/tutorial.py
[2023-10-29T12:56:32.163+0100] {processor.py:839} INFO - DAG(s) dict_keys(['tutorial']) retrieved from /Users/aymanehinane/Desktop/Airflow/py_env/lib/python3.11/site-packages/airflow/example_dags/tutorial.py
[2023-10-29T12:56:32.221+0100] {logging_mixin.py:151} INFO - [2023-10-29T12:56:32.221+0100] {dag.py:2915} INFO - Sync 1 DAGs
[2023-10-29T12:56:32.226+0100] {logging_mixin.py:151} INFO - [2023-10-29T12:56:32.226+0100] {dag.py:3696} INFO - Setting next_dagrun for tutorial to 2023-10-28T11:56:32.226552+00:00, run_after=2023-10-29T11:56:32.226552+00:00
[2023-10-29T12:56:32.233+0100] {processor.py:179} INFO - Processing /Users/aymanehinane/Desktop/Airflow/py_env/lib/python3.11/site-packages/airflow/example_dags/tutorial.py took 0.081 seconds
[2023-10-29T12:57:13.717+0100] {processor.py:157} INFO - Started process (PID=76667) to work on /Users/aymanehinane/Desktop/Airflow/py_env/lib/python3.11/site-packages/airflow/example_dags/tutorial.py
[2023-10-29T12:57:13.718+0100] {processor.py:829} INFO - Processing file /Users/aymanehinane/Desktop/Airflow/py_env/lib/python3.11/site-packages/airflow/example_dags/tutorial.py for tasks to queue
[2023-10-29T12:57:13.718+0100] {logging_mixin.py:151} INFO - [2023-10-29T12:57:13.718+0100] {dagbag.py:539} INFO - Filling up the DagBag from /Users/aymanehinane/Desktop/Airflow/py_env/lib/python3.11/site-packages/airflow/example_dags/tutorial.py
[2023-10-29T12:57:13.729+0100] {processor.py:839} INFO - DAG(s) dict_keys(['tutorial']) retrieved from /Users/aymanehinane/Desktop/Airflow/py_env/lib/python3.11/site-packages/airflow/example_dags/tutorial.py
[2023-10-29T12:57:13.785+0100] {logging_mixin.py:151} INFO - [2023-10-29T12:57:13.785+0100] {dag.py:2915} INFO - Sync 1 DAGs
[2023-10-29T12:57:13.791+0100] {logging_mixin.py:151} INFO - [2023-10-29T12:57:13.791+0100] {dag.py:3696} INFO - Setting next_dagrun for tutorial to 2023-10-28T11:57:13.790994+00:00, run_after=2023-10-29T11:57:13.790994+00:00
[2023-10-29T12:57:13.798+0100] {processor.py:179} INFO - Processing /Users/aymanehinane/Desktop/Airflow/py_env/lib/python3.11/site-packages/airflow/example_dags/tutorial.py took 0.081 seconds
[2023-10-29T12:58:32.337+0100] {processor.py:157} INFO - Started process (PID=76824) to work on /Users/aymanehinane/Desktop/Airflow/py_env/lib/python3.11/site-packages/airflow/example_dags/tutorial.py
[2023-10-29T12:58:32.337+0100] {processor.py:829} INFO - Processing file /Users/aymanehinane/Desktop/Airflow/py_env/lib/python3.11/site-packages/airflow/example_dags/tutorial.py for tasks to queue
[2023-10-29T12:58:32.338+0100] {logging_mixin.py:151} INFO - [2023-10-29T12:58:32.338+0100] {dagbag.py:539} INFO - Filling up the DagBag from /Users/aymanehinane/Desktop/Airflow/py_env/lib/python3.11/site-packages/airflow/example_dags/tutorial.py
[2023-10-29T12:58:32.348+0100] {processor.py:839} INFO - DAG(s) dict_keys(['tutorial']) retrieved from /Users/aymanehinane/Desktop/Airflow/py_env/lib/python3.11/site-packages/airflow/example_dags/tutorial.py
[2023-10-29T12:58:32.405+0100] {logging_mixin.py:151} INFO - [2023-10-29T12:58:32.404+0100] {dag.py:2915} INFO - Sync 1 DAGs
[2023-10-29T12:58:32.410+0100] {logging_mixin.py:151} INFO - [2023-10-29T12:58:32.410+0100] {dag.py:3696} INFO - Setting next_dagrun for tutorial to 2023-10-28T11:58:32.410268+00:00, run_after=2023-10-29T11:58:32.410268+00:00
[2023-10-29T12:58:32.416+0100] {processor.py:179} INFO - Processing /Users/aymanehinane/Desktop/Airflow/py_env/lib/python3.11/site-packages/airflow/example_dags/tutorial.py took 0.080 seconds
[2023-10-29T12:59:51.693+0100] {processor.py:157} INFO - Started process (PID=76968) to work on /Users/aymanehinane/Desktop/Airflow/py_env/lib/python3.11/site-packages/airflow/example_dags/tutorial.py
[2023-10-29T12:59:51.695+0100] {processor.py:829} INFO - Processing file /Users/aymanehinane/Desktop/Airflow/py_env/lib/python3.11/site-packages/airflow/example_dags/tutorial.py for tasks to queue
[2023-10-29T12:59:51.695+0100] {logging_mixin.py:151} INFO - [2023-10-29T12:59:51.695+0100] {dagbag.py:539} INFO - Filling up the DagBag from /Users/aymanehinane/Desktop/Airflow/py_env/lib/python3.11/site-packages/airflow/example_dags/tutorial.py
[2023-10-29T12:59:51.706+0100] {processor.py:839} INFO - DAG(s) dict_keys(['tutorial']) retrieved from /Users/aymanehinane/Desktop/Airflow/py_env/lib/python3.11/site-packages/airflow/example_dags/tutorial.py
[2023-10-29T12:59:51.763+0100] {logging_mixin.py:151} INFO - [2023-10-29T12:59:51.763+0100] {dag.py:2915} INFO - Sync 1 DAGs
[2023-10-29T12:59:51.768+0100] {logging_mixin.py:151} INFO - [2023-10-29T12:59:51.768+0100] {dag.py:3696} INFO - Setting next_dagrun for tutorial to 2023-10-28T11:59:51.768512+00:00, run_after=2023-10-29T11:59:51.768512+00:00
[2023-10-29T12:59:51.775+0100] {processor.py:179} INFO - Processing /Users/aymanehinane/Desktop/Airflow/py_env/lib/python3.11/site-packages/airflow/example_dags/tutorial.py took 0.082 seconds
