[2023-10-29T16:24:48.972+0000] {taskinstance.py:1159} INFO - Dependencies all met for dep_context=non-requeueable deps ti=<TaskInstance: our_dag_with_python_operator_v5.first_task scheduled__2021-10-29T00:00:00+00:00 [queued]>
[2023-10-29T16:24:49.001+0000] {taskinstance.py:1159} INFO - Dependencies all met for dep_context=requeueable deps ti=<TaskInstance: our_dag_with_python_operator_v5.first_task scheduled__2021-10-29T00:00:00+00:00 [queued]>
[2023-10-29T16:24:49.003+0000] {taskinstance.py:1361} INFO - Starting attempt 1 of 6
[2023-10-29T16:24:49.062+0000] {taskinstance.py:1382} INFO - Executing <Task(PythonOperator): first_task> on 2021-10-29 00:00:00+00:00
[2023-10-29T16:24:49.074+0000] {standard_task_runner.py:57} INFO - Started process 9140 to run task
[2023-10-29T16:24:49.142+0000] {standard_task_runner.py:84} INFO - Running: ['***', 'tasks', 'run', 'our_dag_with_python_operator_v5', 'first_task', 'scheduled__2021-10-29T00:00:00+00:00', '--job-id', '2496', '--raw', '--subdir', 'DAGS_FOLDER/create_dag_with_python_operator.py', '--cfg-path', '/tmp/tmph88ang9j']
[2023-10-29T16:24:49.150+0000] {standard_task_runner.py:85} INFO - Job 2496: Subtask first_task
[2023-10-29T16:24:49.388+0000] {task_command.py:416} INFO - Running <TaskInstance: our_dag_with_python_operator_v5.first_task scheduled__2021-10-29T00:00:00+00:00 [running]> on host 9bb87dc64328
[2023-10-29T16:24:49.974+0000] {taskinstance.py:1662} INFO - Exporting env vars: AIRFLOW_CTX_DAG_OWNER='coder3j' AIRFLOW_CTX_DAG_ID='our_dag_with_python_operator_v5' AIRFLOW_CTX_TASK_ID='first_task' AIRFLOW_CTX_EXECUTION_DATE='2021-10-29T00:00:00+00:00' AIRFLOW_CTX_TRY_NUMBER='1' AIRFLOW_CTX_DAG_RUN_ID='scheduled__2021-10-29T00:00:00+00:00'
[2023-10-29T16:24:49.999+0000] {logging_mixin.py:151} INFO - Hello world!
[2023-10-29T16:24:50.006+0000] {python.py:194} INFO - Done. Returned value was: None
[2023-10-29T16:24:50.039+0000] {taskinstance.py:1400} INFO - Marking task as SUCCESS. dag_id=our_dag_with_python_operator_v5, task_id=first_task, execution_date=20211029T000000, start_date=20231029T162448, end_date=20231029T162450
[2023-10-29T16:24:50.148+0000] {local_task_job_runner.py:228} INFO - Task exited with return code 0
[2023-10-29T16:24:50.297+0000] {taskinstance.py:2778} INFO - 0 downstream tasks scheduled from follow-on schedule check
[2023-10-30T14:20:03.245+0000] {taskinstance.py:1159} INFO - Dependencies all met for dep_context=non-requeueable deps ti=<TaskInstance: our_dag_with_python_operator_v5.first_task scheduled__2021-10-29T00:00:00+00:00 [queued]>
[2023-10-30T14:20:03.262+0000] {taskinstance.py:1159} INFO - Dependencies all met for dep_context=requeueable deps ti=<TaskInstance: our_dag_with_python_operator_v5.first_task scheduled__2021-10-29T00:00:00+00:00 [queued]>
[2023-10-30T14:20:03.265+0000] {taskinstance.py:1361} INFO - Starting attempt 1 of 6
[2023-10-30T14:20:03.378+0000] {taskinstance.py:1382} INFO - Executing <Task(PythonOperator): first_task> on 2021-10-29 00:00:00+00:00
[2023-10-30T14:20:03.516+0000] {standard_task_runner.py:57} INFO - Started process 1166 to run task
[2023-10-30T14:20:03.576+0000] {standard_task_runner.py:84} INFO - Running: ['***', 'tasks', 'run', 'our_dag_with_python_operator_v5', 'first_task', 'scheduled__2021-10-29T00:00:00+00:00', '--job-id', '3800', '--raw', '--subdir', 'DAGS_FOLDER/create_dag_with_python_operator.py', '--cfg-path', '/tmp/tmpadmrzam6']
[2023-10-30T14:20:03.592+0000] {standard_task_runner.py:85} INFO - Job 3800: Subtask first_task
[2023-10-30T14:20:04.320+0000] {task_command.py:416} INFO - Running <TaskInstance: our_dag_with_python_operator_v5.first_task scheduled__2021-10-29T00:00:00+00:00 [running]> on host 9bb87dc64328
[2023-10-30T14:20:04.550+0000] {taskinstance.py:1662} INFO - Exporting env vars: AIRFLOW_CTX_DAG_OWNER='coder3j' AIRFLOW_CTX_DAG_ID='our_dag_with_python_operator_v5' AIRFLOW_CTX_TASK_ID='first_task' AIRFLOW_CTX_EXECUTION_DATE='2021-10-29T00:00:00+00:00' AIRFLOW_CTX_TRY_NUMBER='1' AIRFLOW_CTX_DAG_RUN_ID='scheduled__2021-10-29T00:00:00+00:00'
[2023-10-30T14:20:04.575+0000] {logging_mixin.py:151} INFO - Hello world! name Jerry age: 23
[2023-10-30T14:20:04.577+0000] {python.py:194} INFO - Done. Returned value was: None
[2023-10-30T14:20:04.604+0000] {taskinstance.py:1400} INFO - Marking task as SUCCESS. dag_id=our_dag_with_python_operator_v5, task_id=first_task, execution_date=20211029T000000, start_date=20231030T142003, end_date=20231030T142004
[2023-10-30T14:20:04.685+0000] {local_task_job_runner.py:228} INFO - Task exited with return code 0
[2023-10-30T14:20:04.741+0000] {taskinstance.py:2778} INFO - 0 downstream tasks scheduled from follow-on schedule check
