[2023-10-29T16:24:48.670+0000] {taskinstance.py:1159} INFO - Dependencies all met for dep_context=non-requeueable deps ti=<TaskInstance: our_dag_with_python_operator_v5.first_task scheduled__2021-10-26T00:00:00+00:00 [queued]>
[2023-10-29T16:24:48.723+0000] {taskinstance.py:1159} INFO - Dependencies all met for dep_context=requeueable deps ti=<TaskInstance: our_dag_with_python_operator_v5.first_task scheduled__2021-10-26T00:00:00+00:00 [queued]>
[2023-10-29T16:24:48.724+0000] {taskinstance.py:1361} INFO - Starting attempt 1 of 6
[2023-10-29T16:24:48.805+0000] {taskinstance.py:1382} INFO - Executing <Task(PythonOperator): first_task> on 2021-10-26 00:00:00+00:00
[2023-10-29T16:24:48.815+0000] {standard_task_runner.py:57} INFO - Started process 9137 to run task
[2023-10-29T16:24:48.853+0000] {standard_task_runner.py:84} INFO - Running: ['***', 'tasks', 'run', 'our_dag_with_python_operator_v5', 'first_task', 'scheduled__2021-10-26T00:00:00+00:00', '--job-id', '2494', '--raw', '--subdir', 'DAGS_FOLDER/create_dag_with_python_operator.py', '--cfg-path', '/tmp/tmpmjvjwz6r']
[2023-10-29T16:24:48.872+0000] {standard_task_runner.py:85} INFO - Job 2494: Subtask first_task
[2023-10-29T16:24:49.038+0000] {task_command.py:416} INFO - Running <TaskInstance: our_dag_with_python_operator_v5.first_task scheduled__2021-10-26T00:00:00+00:00 [running]> on host 9bb87dc64328
[2023-10-29T16:24:49.628+0000] {taskinstance.py:1662} INFO - Exporting env vars: AIRFLOW_CTX_DAG_OWNER='coder3j' AIRFLOW_CTX_DAG_ID='our_dag_with_python_operator_v5' AIRFLOW_CTX_TASK_ID='first_task' AIRFLOW_CTX_EXECUTION_DATE='2021-10-26T00:00:00+00:00' AIRFLOW_CTX_TRY_NUMBER='1' AIRFLOW_CTX_DAG_RUN_ID='scheduled__2021-10-26T00:00:00+00:00'
[2023-10-29T16:24:49.639+0000] {logging_mixin.py:151} INFO - Hello world!
[2023-10-29T16:24:49.646+0000] {python.py:194} INFO - Done. Returned value was: None
[2023-10-29T16:24:49.705+0000] {taskinstance.py:1400} INFO - Marking task as SUCCESS. dag_id=our_dag_with_python_operator_v5, task_id=first_task, execution_date=20211026T000000, start_date=20231029T162448, end_date=20231029T162449
[2023-10-29T16:24:49.802+0000] {local_task_job_runner.py:228} INFO - Task exited with return code 0
[2023-10-29T16:24:49.887+0000] {taskinstance.py:2778} INFO - 0 downstream tasks scheduled from follow-on schedule check
[2023-10-30T14:20:01.203+0000] {taskinstance.py:1159} INFO - Dependencies all met for dep_context=non-requeueable deps ti=<TaskInstance: our_dag_with_python_operator_v5.first_task scheduled__2021-10-26T00:00:00+00:00 [queued]>
[2023-10-30T14:20:01.221+0000] {taskinstance.py:1159} INFO - Dependencies all met for dep_context=requeueable deps ti=<TaskInstance: our_dag_with_python_operator_v5.first_task scheduled__2021-10-26T00:00:00+00:00 [queued]>
[2023-10-30T14:20:01.222+0000] {taskinstance.py:1361} INFO - Starting attempt 1 of 6
[2023-10-30T14:20:01.380+0000] {taskinstance.py:1382} INFO - Executing <Task(PythonOperator): first_task> on 2021-10-26 00:00:00+00:00
[2023-10-30T14:20:01.390+0000] {standard_task_runner.py:57} INFO - Started process 1151 to run task
[2023-10-30T14:20:01.416+0000] {standard_task_runner.py:84} INFO - Running: ['***', 'tasks', 'run', 'our_dag_with_python_operator_v5', 'first_task', 'scheduled__2021-10-26T00:00:00+00:00', '--job-id', '3792', '--raw', '--subdir', 'DAGS_FOLDER/create_dag_with_python_operator.py', '--cfg-path', '/tmp/tmphktqq4fa']
[2023-10-30T14:20:01.446+0000] {standard_task_runner.py:85} INFO - Job 3792: Subtask first_task
[2023-10-30T14:20:01.752+0000] {task_command.py:416} INFO - Running <TaskInstance: our_dag_with_python_operator_v5.first_task scheduled__2021-10-26T00:00:00+00:00 [running]> on host 9bb87dc64328
[2023-10-30T14:20:01.990+0000] {taskinstance.py:1662} INFO - Exporting env vars: AIRFLOW_CTX_DAG_OWNER='coder3j' AIRFLOW_CTX_DAG_ID='our_dag_with_python_operator_v5' AIRFLOW_CTX_TASK_ID='first_task' AIRFLOW_CTX_EXECUTION_DATE='2021-10-26T00:00:00+00:00' AIRFLOW_CTX_TRY_NUMBER='1' AIRFLOW_CTX_DAG_RUN_ID='scheduled__2021-10-26T00:00:00+00:00'
[2023-10-30T14:20:02.036+0000] {logging_mixin.py:151} INFO - Hello world! name Jerry age: 23
[2023-10-30T14:20:02.039+0000] {python.py:194} INFO - Done. Returned value was: None
[2023-10-30T14:20:02.069+0000] {taskinstance.py:1400} INFO - Marking task as SUCCESS. dag_id=our_dag_with_python_operator_v5, task_id=first_task, execution_date=20211026T000000, start_date=20231030T142001, end_date=20231030T142002
[2023-10-30T14:20:02.160+0000] {local_task_job_runner.py:228} INFO - Task exited with return code 0
[2023-10-30T14:20:02.195+0000] {taskinstance.py:2778} INFO - 0 downstream tasks scheduled from follow-on schedule check
