[2023-10-29T16:25:09.606+0000] {taskinstance.py:1159} INFO - Dependencies all met for dep_context=non-requeueable deps ti=<TaskInstance: our_dag_with_python_operator_v5.first_task scheduled__2021-12-14T00:00:00+00:00 [queued]>
[2023-10-29T16:25:09.643+0000] {taskinstance.py:1159} INFO - Dependencies all met for dep_context=requeueable deps ti=<TaskInstance: our_dag_with_python_operator_v5.first_task scheduled__2021-12-14T00:00:00+00:00 [queued]>
[2023-10-29T16:25:09.646+0000] {taskinstance.py:1361} INFO - Starting attempt 1 of 6
[2023-10-29T16:25:09.691+0000] {taskinstance.py:1382} INFO - Executing <Task(PythonOperator): first_task> on 2021-12-14 00:00:00+00:00
[2023-10-29T16:25:09.707+0000] {standard_task_runner.py:57} INFO - Started process 9238 to run task
[2023-10-29T16:25:09.755+0000] {standard_task_runner.py:84} INFO - Running: ['***', 'tasks', 'run', 'our_dag_with_python_operator_v5', 'first_task', 'scheduled__2021-12-14T00:00:00+00:00', '--job-id', '2542', '--raw', '--subdir', 'DAGS_FOLDER/create_dag_with_python_operator.py', '--cfg-path', '/tmp/tmph86frq25']
[2023-10-29T16:25:09.783+0000] {standard_task_runner.py:85} INFO - Job 2542: Subtask first_task
[2023-10-29T16:25:09.965+0000] {task_command.py:416} INFO - Running <TaskInstance: our_dag_with_python_operator_v5.first_task scheduled__2021-12-14T00:00:00+00:00 [running]> on host 9bb87dc64328
[2023-10-29T16:25:10.323+0000] {taskinstance.py:1662} INFO - Exporting env vars: AIRFLOW_CTX_DAG_OWNER='coder3j' AIRFLOW_CTX_DAG_ID='our_dag_with_python_operator_v5' AIRFLOW_CTX_TASK_ID='first_task' AIRFLOW_CTX_EXECUTION_DATE='2021-12-14T00:00:00+00:00' AIRFLOW_CTX_TRY_NUMBER='1' AIRFLOW_CTX_DAG_RUN_ID='scheduled__2021-12-14T00:00:00+00:00'
[2023-10-29T16:25:10.325+0000] {logging_mixin.py:151} INFO - Hello world!
[2023-10-29T16:25:10.326+0000] {python.py:194} INFO - Done. Returned value was: None
[2023-10-29T16:25:10.350+0000] {taskinstance.py:1400} INFO - Marking task as SUCCESS. dag_id=our_dag_with_python_operator_v5, task_id=first_task, execution_date=20211214T000000, start_date=20231029T162509, end_date=20231029T162510
[2023-10-29T16:25:10.514+0000] {local_task_job_runner.py:228} INFO - Task exited with return code 0
[2023-10-29T16:25:10.581+0000] {taskinstance.py:2778} INFO - 0 downstream tasks scheduled from follow-on schedule check
[2023-10-30T14:20:34.698+0000] {taskinstance.py:1159} INFO - Dependencies all met for dep_context=non-requeueable deps ti=<TaskInstance: our_dag_with_python_operator_v5.first_task scheduled__2021-12-14T00:00:00+00:00 [queued]>
[2023-10-30T14:20:34.714+0000] {taskinstance.py:1159} INFO - Dependencies all met for dep_context=requeueable deps ti=<TaskInstance: our_dag_with_python_operator_v5.first_task scheduled__2021-12-14T00:00:00+00:00 [queued]>
[2023-10-30T14:20:34.716+0000] {taskinstance.py:1361} INFO - Starting attempt 1 of 6
[2023-10-30T14:20:34.889+0000] {taskinstance.py:1382} INFO - Executing <Task(PythonOperator): first_task> on 2021-12-14 00:00:00+00:00
[2023-10-30T14:20:34.908+0000] {standard_task_runner.py:57} INFO - Started process 1366 to run task
[2023-10-30T14:20:34.922+0000] {standard_task_runner.py:84} INFO - Running: ['***', 'tasks', 'run', 'our_dag_with_python_operator_v5', 'first_task', 'scheduled__2021-12-14T00:00:00+00:00', '--job-id', '3890', '--raw', '--subdir', 'DAGS_FOLDER/create_dag_with_python_operator.py', '--cfg-path', '/tmp/tmpv5x05tek']
[2023-10-30T14:20:34.927+0000] {standard_task_runner.py:85} INFO - Job 3890: Subtask first_task
[2023-10-30T14:20:35.029+0000] {task_command.py:416} INFO - Running <TaskInstance: our_dag_with_python_operator_v5.first_task scheduled__2021-12-14T00:00:00+00:00 [running]> on host 9bb87dc64328
[2023-10-30T14:20:35.251+0000] {taskinstance.py:1662} INFO - Exporting env vars: AIRFLOW_CTX_DAG_OWNER='coder3j' AIRFLOW_CTX_DAG_ID='our_dag_with_python_operator_v5' AIRFLOW_CTX_TASK_ID='first_task' AIRFLOW_CTX_EXECUTION_DATE='2021-12-14T00:00:00+00:00' AIRFLOW_CTX_TRY_NUMBER='1' AIRFLOW_CTX_DAG_RUN_ID='scheduled__2021-12-14T00:00:00+00:00'
[2023-10-30T14:20:35.289+0000] {logging_mixin.py:151} INFO - Hello world! name Jerry age: 23
[2023-10-30T14:20:35.291+0000] {python.py:194} INFO - Done. Returned value was: None
[2023-10-30T14:20:35.306+0000] {taskinstance.py:1400} INFO - Marking task as SUCCESS. dag_id=our_dag_with_python_operator_v5, task_id=first_task, execution_date=20211214T000000, start_date=20231030T142034, end_date=20231030T142035
[2023-10-30T14:20:35.423+0000] {local_task_job_runner.py:228} INFO - Task exited with return code 0
[2023-10-30T14:20:35.544+0000] {taskinstance.py:2778} INFO - 0 downstream tasks scheduled from follow-on schedule check
