[2023-10-29T16:25:22.937+0000] {taskinstance.py:1159} INFO - Dependencies all met for dep_context=non-requeueable deps ti=<TaskInstance: our_dag_with_python_operator_v5.first_task scheduled__2022-01-14T00:00:00+00:00 [queued]>
[2023-10-29T16:25:22.964+0000] {taskinstance.py:1159} INFO - Dependencies all met for dep_context=requeueable deps ti=<TaskInstance: our_dag_with_python_operator_v5.first_task scheduled__2022-01-14T00:00:00+00:00 [queued]>
[2023-10-29T16:25:22.970+0000] {taskinstance.py:1361} INFO - Starting attempt 1 of 6
[2023-10-29T16:25:22.985+0000] {taskinstance.py:1382} INFO - Executing <Task(PythonOperator): first_task> on 2022-01-14 00:00:00+00:00
[2023-10-29T16:25:22.997+0000] {standard_task_runner.py:57} INFO - Started process 9309 to run task
[2023-10-29T16:25:23.007+0000] {standard_task_runner.py:84} INFO - Running: ['***', 'tasks', 'run', 'our_dag_with_python_operator_v5', 'first_task', 'scheduled__2022-01-14T00:00:00+00:00', '--job-id', '2573', '--raw', '--subdir', 'DAGS_FOLDER/create_dag_with_python_operator.py', '--cfg-path', '/tmp/tmpwt7gt8b4']
[2023-10-29T16:25:23.016+0000] {standard_task_runner.py:85} INFO - Job 2573: Subtask first_task
[2023-10-29T16:25:23.142+0000] {task_command.py:416} INFO - Running <TaskInstance: our_dag_with_python_operator_v5.first_task scheduled__2022-01-14T00:00:00+00:00 [running]> on host 9bb87dc64328
[2023-10-29T16:25:23.244+0000] {taskinstance.py:1662} INFO - Exporting env vars: AIRFLOW_CTX_DAG_OWNER='coder3j' AIRFLOW_CTX_DAG_ID='our_dag_with_python_operator_v5' AIRFLOW_CTX_TASK_ID='first_task' AIRFLOW_CTX_EXECUTION_DATE='2022-01-14T00:00:00+00:00' AIRFLOW_CTX_TRY_NUMBER='1' AIRFLOW_CTX_DAG_RUN_ID='scheduled__2022-01-14T00:00:00+00:00'
[2023-10-29T16:25:23.246+0000] {logging_mixin.py:151} INFO - Hello world!
[2023-10-29T16:25:23.247+0000] {python.py:194} INFO - Done. Returned value was: None
[2023-10-29T16:25:23.262+0000] {taskinstance.py:1400} INFO - Marking task as SUCCESS. dag_id=our_dag_with_python_operator_v5, task_id=first_task, execution_date=20220114T000000, start_date=20231029T162522, end_date=20231029T162523
[2023-10-29T16:25:23.297+0000] {local_task_job_runner.py:228} INFO - Task exited with return code 0
[2023-10-29T16:25:23.312+0000] {taskinstance.py:2778} INFO - 0 downstream tasks scheduled from follow-on schedule check
[2023-10-30T14:20:50.883+0000] {taskinstance.py:1159} INFO - Dependencies all met for dep_context=non-requeueable deps ti=<TaskInstance: our_dag_with_python_operator_v5.first_task scheduled__2022-01-14T00:00:00+00:00 [queued]>
[2023-10-30T14:20:50.910+0000] {taskinstance.py:1159} INFO - Dependencies all met for dep_context=requeueable deps ti=<TaskInstance: our_dag_with_python_operator_v5.first_task scheduled__2022-01-14T00:00:00+00:00 [queued]>
[2023-10-30T14:20:50.916+0000] {taskinstance.py:1361} INFO - Starting attempt 1 of 6
[2023-10-30T14:20:51.033+0000] {taskinstance.py:1382} INFO - Executing <Task(PythonOperator): first_task> on 2022-01-14 00:00:00+00:00
[2023-10-30T14:20:51.038+0000] {standard_task_runner.py:57} INFO - Started process 1508 to run task
[2023-10-30T14:20:51.056+0000] {standard_task_runner.py:84} INFO - Running: ['***', 'tasks', 'run', 'our_dag_with_python_operator_v5', 'first_task', 'scheduled__2022-01-14T00:00:00+00:00', '--job-id', '3954', '--raw', '--subdir', 'DAGS_FOLDER/create_dag_with_python_operator.py', '--cfg-path', '/tmp/tmprbxqxrf6']
[2023-10-30T14:20:51.078+0000] {standard_task_runner.py:85} INFO - Job 3954: Subtask first_task
[2023-10-30T14:20:51.242+0000] {task_command.py:416} INFO - Running <TaskInstance: our_dag_with_python_operator_v5.first_task scheduled__2022-01-14T00:00:00+00:00 [running]> on host 9bb87dc64328
[2023-10-30T14:20:51.590+0000] {taskinstance.py:1662} INFO - Exporting env vars: AIRFLOW_CTX_DAG_OWNER='coder3j' AIRFLOW_CTX_DAG_ID='our_dag_with_python_operator_v5' AIRFLOW_CTX_TASK_ID='first_task' AIRFLOW_CTX_EXECUTION_DATE='2022-01-14T00:00:00+00:00' AIRFLOW_CTX_TRY_NUMBER='1' AIRFLOW_CTX_DAG_RUN_ID='scheduled__2022-01-14T00:00:00+00:00'
[2023-10-30T14:20:51.698+0000] {logging_mixin.py:151} INFO - Hello world! name Jerry age: 23
[2023-10-30T14:20:51.705+0000] {python.py:194} INFO - Done. Returned value was: None
[2023-10-30T14:20:51.817+0000] {taskinstance.py:1400} INFO - Marking task as SUCCESS. dag_id=our_dag_with_python_operator_v5, task_id=first_task, execution_date=20220114T000000, start_date=20231030T142050, end_date=20231030T142051
[2023-10-30T14:20:52.350+0000] {local_task_job_runner.py:228} INFO - Task exited with return code 0
[2023-10-30T14:20:52.468+0000] {taskinstance.py:2778} INFO - 0 downstream tasks scheduled from follow-on schedule check
