[2023-10-29T16:24:56.645+0000] {taskinstance.py:1159} INFO - Dependencies all met for dep_context=non-requeueable deps ti=<TaskInstance: our_dag_with_python_operator_v5.first_task scheduled__2021-11-18T00:00:00+00:00 [queued]>
[2023-10-29T16:24:56.669+0000] {taskinstance.py:1159} INFO - Dependencies all met for dep_context=requeueable deps ti=<TaskInstance: our_dag_with_python_operator_v5.first_task scheduled__2021-11-18T00:00:00+00:00 [queued]>
[2023-10-29T16:24:56.671+0000] {taskinstance.py:1361} INFO - Starting attempt 1 of 6
[2023-10-29T16:24:56.730+0000] {taskinstance.py:1382} INFO - Executing <Task(PythonOperator): first_task> on 2021-11-18 00:00:00+00:00
[2023-10-29T16:24:56.739+0000] {standard_task_runner.py:57} INFO - Started process 9179 to run task
[2023-10-29T16:24:56.781+0000] {standard_task_runner.py:84} INFO - Running: ['***', 'tasks', 'run', 'our_dag_with_python_operator_v5', 'first_task', 'scheduled__2021-11-18T00:00:00+00:00', '--job-id', '2516', '--raw', '--subdir', 'DAGS_FOLDER/create_dag_with_python_operator.py', '--cfg-path', '/tmp/tmpskvaj7v3']
[2023-10-29T16:24:56.797+0000] {standard_task_runner.py:85} INFO - Job 2516: Subtask first_task
[2023-10-29T16:24:57.190+0000] {task_command.py:416} INFO - Running <TaskInstance: our_dag_with_python_operator_v5.first_task scheduled__2021-11-18T00:00:00+00:00 [running]> on host 9bb87dc64328
[2023-10-29T16:24:57.499+0000] {taskinstance.py:1662} INFO - Exporting env vars: AIRFLOW_CTX_DAG_OWNER='coder3j' AIRFLOW_CTX_DAG_ID='our_dag_with_python_operator_v5' AIRFLOW_CTX_TASK_ID='first_task' AIRFLOW_CTX_EXECUTION_DATE='2021-11-18T00:00:00+00:00' AIRFLOW_CTX_TRY_NUMBER='1' AIRFLOW_CTX_DAG_RUN_ID='scheduled__2021-11-18T00:00:00+00:00'
[2023-10-29T16:24:57.523+0000] {logging_mixin.py:151} INFO - Hello world!
[2023-10-29T16:24:57.525+0000] {python.py:194} INFO - Done. Returned value was: None
[2023-10-29T16:24:57.553+0000] {taskinstance.py:1400} INFO - Marking task as SUCCESS. dag_id=our_dag_with_python_operator_v5, task_id=first_task, execution_date=20211118T000000, start_date=20231029T162456, end_date=20231029T162457
[2023-10-29T16:24:57.638+0000] {local_task_job_runner.py:228} INFO - Task exited with return code 0
[2023-10-29T16:24:57.702+0000] {taskinstance.py:2778} INFO - 0 downstream tasks scheduled from follow-on schedule check
[2023-10-30T14:20:17.960+0000] {taskinstance.py:1159} INFO - Dependencies all met for dep_context=non-requeueable deps ti=<TaskInstance: our_dag_with_python_operator_v5.first_task scheduled__2021-11-18T00:00:00+00:00 [queued]>
[2023-10-30T14:20:17.983+0000] {taskinstance.py:1159} INFO - Dependencies all met for dep_context=requeueable deps ti=<TaskInstance: our_dag_with_python_operator_v5.first_task scheduled__2021-11-18T00:00:00+00:00 [queued]>
[2023-10-30T14:20:17.983+0000] {taskinstance.py:1361} INFO - Starting attempt 1 of 6
[2023-10-30T14:20:18.169+0000] {taskinstance.py:1382} INFO - Executing <Task(PythonOperator): first_task> on 2021-11-18 00:00:00+00:00
[2023-10-30T14:20:18.174+0000] {standard_task_runner.py:57} INFO - Started process 1260 to run task
[2023-10-30T14:20:18.182+0000] {standard_task_runner.py:84} INFO - Running: ['***', 'tasks', 'run', 'our_dag_with_python_operator_v5', 'first_task', 'scheduled__2021-11-18T00:00:00+00:00', '--job-id', '3838', '--raw', '--subdir', 'DAGS_FOLDER/create_dag_with_python_operator.py', '--cfg-path', '/tmp/tmp6dxgmwvo']
[2023-10-30T14:20:18.185+0000] {standard_task_runner.py:85} INFO - Job 3838: Subtask first_task
[2023-10-30T14:20:18.351+0000] {task_command.py:416} INFO - Running <TaskInstance: our_dag_with_python_operator_v5.first_task scheduled__2021-11-18T00:00:00+00:00 [running]> on host 9bb87dc64328
[2023-10-30T14:20:18.496+0000] {taskinstance.py:1662} INFO - Exporting env vars: AIRFLOW_CTX_DAG_OWNER='coder3j' AIRFLOW_CTX_DAG_ID='our_dag_with_python_operator_v5' AIRFLOW_CTX_TASK_ID='first_task' AIRFLOW_CTX_EXECUTION_DATE='2021-11-18T00:00:00+00:00' AIRFLOW_CTX_TRY_NUMBER='1' AIRFLOW_CTX_DAG_RUN_ID='scheduled__2021-11-18T00:00:00+00:00'
[2023-10-30T14:20:18.530+0000] {logging_mixin.py:151} INFO - Hello world! name Jerry age: 23
[2023-10-30T14:20:18.535+0000] {python.py:194} INFO - Done. Returned value was: None
[2023-10-30T14:20:18.548+0000] {taskinstance.py:1400} INFO - Marking task as SUCCESS. dag_id=our_dag_with_python_operator_v5, task_id=first_task, execution_date=20211118T000000, start_date=20231030T142017, end_date=20231030T142018
[2023-10-30T14:20:18.606+0000] {local_task_job_runner.py:228} INFO - Task exited with return code 0
[2023-10-30T14:20:18.744+0000] {taskinstance.py:2778} INFO - 0 downstream tasks scheduled from follow-on schedule check
