[2023-10-29T12:48:22.782+0100] {processor.py:157} INFO - Started process (PID=75734) to work on /Users/aymanehinane/Desktop/Airflow/py_env/lib/python3.11/site-packages/airflow/example_dags/subdags/subdag.py
[2023-10-29T12:48:22.782+0100] {processor.py:829} INFO - Processing file /Users/aymanehinane/Desktop/Airflow/py_env/lib/python3.11/site-packages/airflow/example_dags/subdags/subdag.py for tasks to queue
[2023-10-29T12:48:22.783+0100] {logging_mixin.py:151} INFO - [2023-10-29T12:48:22.783+0100] {dagbag.py:539} INFO - Filling up the DagBag from /Users/aymanehinane/Desktop/Airflow/py_env/lib/python3.11/site-packages/airflow/example_dags/subdags/subdag.py
[2023-10-29T12:48:22.783+0100] {processor.py:841} WARNING - No viable dags retrieved from /Users/aymanehinane/Desktop/Airflow/py_env/lib/python3.11/site-packages/airflow/example_dags/subdags/subdag.py
[2023-10-29T12:48:22.828+0100] {processor.py:179} INFO - Processing /Users/aymanehinane/Desktop/Airflow/py_env/lib/python3.11/site-packages/airflow/example_dags/subdags/subdag.py took 0.046 seconds
[2023-10-29T12:49:48.299+0100] {processor.py:157} INFO - Started process (PID=75885) to work on /Users/aymanehinane/Desktop/Airflow/py_env/lib/python3.11/site-packages/airflow/example_dags/subdags/subdag.py
[2023-10-29T12:49:48.300+0100] {processor.py:829} INFO - Processing file /Users/aymanehinane/Desktop/Airflow/py_env/lib/python3.11/site-packages/airflow/example_dags/subdags/subdag.py for tasks to queue
[2023-10-29T12:49:48.300+0100] {logging_mixin.py:151} INFO - [2023-10-29T12:49:48.300+0100] {dagbag.py:539} INFO - Filling up the DagBag from /Users/aymanehinane/Desktop/Airflow/py_env/lib/python3.11/site-packages/airflow/example_dags/subdags/subdag.py
[2023-10-29T12:49:48.301+0100] {processor.py:841} WARNING - No viable dags retrieved from /Users/aymanehinane/Desktop/Airflow/py_env/lib/python3.11/site-packages/airflow/example_dags/subdags/subdag.py
[2023-10-29T12:49:48.352+0100] {processor.py:179} INFO - Processing /Users/aymanehinane/Desktop/Airflow/py_env/lib/python3.11/site-packages/airflow/example_dags/subdags/subdag.py took 0.054 seconds
[2023-10-29T12:50:44.499+0100] {processor.py:157} INFO - Started process (PID=76022) to work on /Users/aymanehinane/Desktop/Airflow/py_env/lib/python3.11/site-packages/airflow/example_dags/subdags/subdag.py
[2023-10-29T12:50:44.500+0100] {processor.py:829} INFO - Processing file /Users/aymanehinane/Desktop/Airflow/py_env/lib/python3.11/site-packages/airflow/example_dags/subdags/subdag.py for tasks to queue
[2023-10-29T12:50:44.500+0100] {logging_mixin.py:151} INFO - [2023-10-29T12:50:44.500+0100] {dagbag.py:539} INFO - Filling up the DagBag from /Users/aymanehinane/Desktop/Airflow/py_env/lib/python3.11/site-packages/airflow/example_dags/subdags/subdag.py
[2023-10-29T12:50:44.501+0100] {processor.py:841} WARNING - No viable dags retrieved from /Users/aymanehinane/Desktop/Airflow/py_env/lib/python3.11/site-packages/airflow/example_dags/subdags/subdag.py
[2023-10-29T12:50:44.544+0100] {processor.py:179} INFO - Processing /Users/aymanehinane/Desktop/Airflow/py_env/lib/python3.11/site-packages/airflow/example_dags/subdags/subdag.py took 0.046 seconds
[2023-10-29T12:51:34.529+0100] {processor.py:157} INFO - Started process (PID=76100) to work on /Users/aymanehinane/Desktop/Airflow/py_env/lib/python3.11/site-packages/airflow/example_dags/subdags/subdag.py
[2023-10-29T12:51:34.530+0100] {processor.py:829} INFO - Processing file /Users/aymanehinane/Desktop/Airflow/py_env/lib/python3.11/site-packages/airflow/example_dags/subdags/subdag.py for tasks to queue
[2023-10-29T12:51:34.530+0100] {logging_mixin.py:151} INFO - [2023-10-29T12:51:34.530+0100] {dagbag.py:539} INFO - Filling up the DagBag from /Users/aymanehinane/Desktop/Airflow/py_env/lib/python3.11/site-packages/airflow/example_dags/subdags/subdag.py
[2023-10-29T12:51:34.532+0100] {processor.py:841} WARNING - No viable dags retrieved from /Users/aymanehinane/Desktop/Airflow/py_env/lib/python3.11/site-packages/airflow/example_dags/subdags/subdag.py
[2023-10-29T12:51:34.578+0100] {processor.py:179} INFO - Processing /Users/aymanehinane/Desktop/Airflow/py_env/lib/python3.11/site-packages/airflow/example_dags/subdags/subdag.py took 0.049 seconds
[2023-10-29T12:52:18.335+0100] {processor.py:157} INFO - Started process (PID=76175) to work on /Users/aymanehinane/Desktop/Airflow/py_env/lib/python3.11/site-packages/airflow/example_dags/subdags/subdag.py
[2023-10-29T12:52:18.336+0100] {processor.py:829} INFO - Processing file /Users/aymanehinane/Desktop/Airflow/py_env/lib/python3.11/site-packages/airflow/example_dags/subdags/subdag.py for tasks to queue
[2023-10-29T12:52:18.337+0100] {logging_mixin.py:151} INFO - [2023-10-29T12:52:18.337+0100] {dagbag.py:539} INFO - Filling up the DagBag from /Users/aymanehinane/Desktop/Airflow/py_env/lib/python3.11/site-packages/airflow/example_dags/subdags/subdag.py
[2023-10-29T12:52:18.338+0100] {processor.py:841} WARNING - No viable dags retrieved from /Users/aymanehinane/Desktop/Airflow/py_env/lib/python3.11/site-packages/airflow/example_dags/subdags/subdag.py
[2023-10-29T12:52:18.381+0100] {processor.py:179} INFO - Processing /Users/aymanehinane/Desktop/Airflow/py_env/lib/python3.11/site-packages/airflow/example_dags/subdags/subdag.py took 0.046 seconds
[2023-10-29T12:53:01.463+0100] {processor.py:157} INFO - Started process (PID=76242) to work on /Users/aymanehinane/Desktop/Airflow/py_env/lib/python3.11/site-packages/airflow/example_dags/subdags/subdag.py
[2023-10-29T12:53:01.464+0100] {processor.py:829} INFO - Processing file /Users/aymanehinane/Desktop/Airflow/py_env/lib/python3.11/site-packages/airflow/example_dags/subdags/subdag.py for tasks to queue
[2023-10-29T12:53:01.464+0100] {logging_mixin.py:151} INFO - [2023-10-29T12:53:01.464+0100] {dagbag.py:539} INFO - Filling up the DagBag from /Users/aymanehinane/Desktop/Airflow/py_env/lib/python3.11/site-packages/airflow/example_dags/subdags/subdag.py
[2023-10-29T12:53:01.465+0100] {processor.py:841} WARNING - No viable dags retrieved from /Users/aymanehinane/Desktop/Airflow/py_env/lib/python3.11/site-packages/airflow/example_dags/subdags/subdag.py
[2023-10-29T12:53:01.508+0100] {processor.py:179} INFO - Processing /Users/aymanehinane/Desktop/Airflow/py_env/lib/python3.11/site-packages/airflow/example_dags/subdags/subdag.py took 0.045 seconds
[2023-10-29T12:53:40.370+0100] {processor.py:157} INFO - Started process (PID=76303) to work on /Users/aymanehinane/Desktop/Airflow/py_env/lib/python3.11/site-packages/airflow/example_dags/subdags/subdag.py
[2023-10-29T12:53:40.371+0100] {processor.py:829} INFO - Processing file /Users/aymanehinane/Desktop/Airflow/py_env/lib/python3.11/site-packages/airflow/example_dags/subdags/subdag.py for tasks to queue
[2023-10-29T12:53:40.371+0100] {logging_mixin.py:151} INFO - [2023-10-29T12:53:40.371+0100] {dagbag.py:539} INFO - Filling up the DagBag from /Users/aymanehinane/Desktop/Airflow/py_env/lib/python3.11/site-packages/airflow/example_dags/subdags/subdag.py
[2023-10-29T12:53:40.372+0100] {processor.py:841} WARNING - No viable dags retrieved from /Users/aymanehinane/Desktop/Airflow/py_env/lib/python3.11/site-packages/airflow/example_dags/subdags/subdag.py
[2023-10-29T12:53:40.415+0100] {processor.py:179} INFO - Processing /Users/aymanehinane/Desktop/Airflow/py_env/lib/python3.11/site-packages/airflow/example_dags/subdags/subdag.py took 0.046 seconds
[2023-10-29T12:54:21.264+0100] {processor.py:157} INFO - Started process (PID=76366) to work on /Users/aymanehinane/Desktop/Airflow/py_env/lib/python3.11/site-packages/airflow/example_dags/subdags/subdag.py
[2023-10-29T12:54:21.265+0100] {processor.py:829} INFO - Processing file /Users/aymanehinane/Desktop/Airflow/py_env/lib/python3.11/site-packages/airflow/example_dags/subdags/subdag.py for tasks to queue
[2023-10-29T12:54:21.265+0100] {logging_mixin.py:151} INFO - [2023-10-29T12:54:21.265+0100] {dagbag.py:539} INFO - Filling up the DagBag from /Users/aymanehinane/Desktop/Airflow/py_env/lib/python3.11/site-packages/airflow/example_dags/subdags/subdag.py
[2023-10-29T12:54:21.267+0100] {processor.py:841} WARNING - No viable dags retrieved from /Users/aymanehinane/Desktop/Airflow/py_env/lib/python3.11/site-packages/airflow/example_dags/subdags/subdag.py
[2023-10-29T12:54:21.310+0100] {processor.py:179} INFO - Processing /Users/aymanehinane/Desktop/Airflow/py_env/lib/python3.11/site-packages/airflow/example_dags/subdags/subdag.py took 0.046 seconds
[2023-10-29T12:54:59.853+0100] {processor.py:157} INFO - Started process (PID=76425) to work on /Users/aymanehinane/Desktop/Airflow/py_env/lib/python3.11/site-packages/airflow/example_dags/subdags/subdag.py
[2023-10-29T12:54:59.854+0100] {processor.py:829} INFO - Processing file /Users/aymanehinane/Desktop/Airflow/py_env/lib/python3.11/site-packages/airflow/example_dags/subdags/subdag.py for tasks to queue
[2023-10-29T12:54:59.854+0100] {logging_mixin.py:151} INFO - [2023-10-29T12:54:59.854+0100] {dagbag.py:539} INFO - Filling up the DagBag from /Users/aymanehinane/Desktop/Airflow/py_env/lib/python3.11/site-packages/airflow/example_dags/subdags/subdag.py
[2023-10-29T12:54:59.855+0100] {processor.py:841} WARNING - No viable dags retrieved from /Users/aymanehinane/Desktop/Airflow/py_env/lib/python3.11/site-packages/airflow/example_dags/subdags/subdag.py
[2023-10-29T12:54:59.898+0100] {processor.py:179} INFO - Processing /Users/aymanehinane/Desktop/Airflow/py_env/lib/python3.11/site-packages/airflow/example_dags/subdags/subdag.py took 0.045 seconds
[2023-10-29T12:55:40.965+0100] {processor.py:157} INFO - Started process (PID=76489) to work on /Users/aymanehinane/Desktop/Airflow/py_env/lib/python3.11/site-packages/airflow/example_dags/subdags/subdag.py
[2023-10-29T12:55:40.967+0100] {processor.py:829} INFO - Processing file /Users/aymanehinane/Desktop/Airflow/py_env/lib/python3.11/site-packages/airflow/example_dags/subdags/subdag.py for tasks to queue
[2023-10-29T12:55:40.967+0100] {logging_mixin.py:151} INFO - [2023-10-29T12:55:40.967+0100] {dagbag.py:539} INFO - Filling up the DagBag from /Users/aymanehinane/Desktop/Airflow/py_env/lib/python3.11/site-packages/airflow/example_dags/subdags/subdag.py
[2023-10-29T12:55:40.968+0100] {processor.py:841} WARNING - No viable dags retrieved from /Users/aymanehinane/Desktop/Airflow/py_env/lib/python3.11/site-packages/airflow/example_dags/subdags/subdag.py
[2023-10-29T12:55:41.011+0100] {processor.py:179} INFO - Processing /Users/aymanehinane/Desktop/Airflow/py_env/lib/python3.11/site-packages/airflow/example_dags/subdags/subdag.py took 0.046 seconds
[2023-10-29T12:56:22.541+0100] {processor.py:157} INFO - Started process (PID=76550) to work on /Users/aymanehinane/Desktop/Airflow/py_env/lib/python3.11/site-packages/airflow/example_dags/subdags/subdag.py
[2023-10-29T12:56:22.542+0100] {processor.py:829} INFO - Processing file /Users/aymanehinane/Desktop/Airflow/py_env/lib/python3.11/site-packages/airflow/example_dags/subdags/subdag.py for tasks to queue
[2023-10-29T12:56:22.542+0100] {logging_mixin.py:151} INFO - [2023-10-29T12:56:22.542+0100] {dagbag.py:539} INFO - Filling up the DagBag from /Users/aymanehinane/Desktop/Airflow/py_env/lib/python3.11/site-packages/airflow/example_dags/subdags/subdag.py
[2023-10-29T12:56:22.543+0100] {processor.py:841} WARNING - No viable dags retrieved from /Users/aymanehinane/Desktop/Airflow/py_env/lib/python3.11/site-packages/airflow/example_dags/subdags/subdag.py
[2023-10-29T12:56:22.586+0100] {processor.py:179} INFO - Processing /Users/aymanehinane/Desktop/Airflow/py_env/lib/python3.11/site-packages/airflow/example_dags/subdags/subdag.py took 0.045 seconds
[2023-10-29T12:57:03.048+0100] {processor.py:157} INFO - Started process (PID=76645) to work on /Users/aymanehinane/Desktop/Airflow/py_env/lib/python3.11/site-packages/airflow/example_dags/subdags/subdag.py
[2023-10-29T12:57:03.049+0100] {processor.py:829} INFO - Processing file /Users/aymanehinane/Desktop/Airflow/py_env/lib/python3.11/site-packages/airflow/example_dags/subdags/subdag.py for tasks to queue
[2023-10-29T12:57:03.049+0100] {logging_mixin.py:151} INFO - [2023-10-29T12:57:03.049+0100] {dagbag.py:539} INFO - Filling up the DagBag from /Users/aymanehinane/Desktop/Airflow/py_env/lib/python3.11/site-packages/airflow/example_dags/subdags/subdag.py
[2023-10-29T12:57:03.050+0100] {processor.py:841} WARNING - No viable dags retrieved from /Users/aymanehinane/Desktop/Airflow/py_env/lib/python3.11/site-packages/airflow/example_dags/subdags/subdag.py
[2023-10-29T12:57:03.093+0100] {processor.py:179} INFO - Processing /Users/aymanehinane/Desktop/Airflow/py_env/lib/python3.11/site-packages/airflow/example_dags/subdags/subdag.py took 0.045 seconds
[2023-10-29T12:57:42.946+0100] {processor.py:157} INFO - Started process (PID=76734) to work on /Users/aymanehinane/Desktop/Airflow/py_env/lib/python3.11/site-packages/airflow/example_dags/subdags/subdag.py
[2023-10-29T12:57:42.947+0100] {processor.py:829} INFO - Processing file /Users/aymanehinane/Desktop/Airflow/py_env/lib/python3.11/site-packages/airflow/example_dags/subdags/subdag.py for tasks to queue
[2023-10-29T12:57:42.948+0100] {logging_mixin.py:151} INFO - [2023-10-29T12:57:42.947+0100] {dagbag.py:539} INFO - Filling up the DagBag from /Users/aymanehinane/Desktop/Airflow/py_env/lib/python3.11/site-packages/airflow/example_dags/subdags/subdag.py
[2023-10-29T12:57:42.952+0100] {processor.py:841} WARNING - No viable dags retrieved from /Users/aymanehinane/Desktop/Airflow/py_env/lib/python3.11/site-packages/airflow/example_dags/subdags/subdag.py
[2023-10-29T12:57:43.018+0100] {processor.py:179} INFO - Processing /Users/aymanehinane/Desktop/Airflow/py_env/lib/python3.11/site-packages/airflow/example_dags/subdags/subdag.py took 0.072 seconds
[2023-10-29T12:58:22.164+0100] {processor.py:157} INFO - Started process (PID=76804) to work on /Users/aymanehinane/Desktop/Airflow/py_env/lib/python3.11/site-packages/airflow/example_dags/subdags/subdag.py
[2023-10-29T12:58:22.165+0100] {processor.py:829} INFO - Processing file /Users/aymanehinane/Desktop/Airflow/py_env/lib/python3.11/site-packages/airflow/example_dags/subdags/subdag.py for tasks to queue
[2023-10-29T12:58:22.166+0100] {logging_mixin.py:151} INFO - [2023-10-29T12:58:22.165+0100] {dagbag.py:539} INFO - Filling up the DagBag from /Users/aymanehinane/Desktop/Airflow/py_env/lib/python3.11/site-packages/airflow/example_dags/subdags/subdag.py
[2023-10-29T12:58:22.167+0100] {processor.py:841} WARNING - No viable dags retrieved from /Users/aymanehinane/Desktop/Airflow/py_env/lib/python3.11/site-packages/airflow/example_dags/subdags/subdag.py
[2023-10-29T12:58:22.215+0100] {processor.py:179} INFO - Processing /Users/aymanehinane/Desktop/Airflow/py_env/lib/python3.11/site-packages/airflow/example_dags/subdags/subdag.py took 0.051 seconds
[2023-10-29T12:59:01.728+0100] {processor.py:157} INFO - Started process (PID=76886) to work on /Users/aymanehinane/Desktop/Airflow/py_env/lib/python3.11/site-packages/airflow/example_dags/subdags/subdag.py
[2023-10-29T12:59:01.729+0100] {processor.py:829} INFO - Processing file /Users/aymanehinane/Desktop/Airflow/py_env/lib/python3.11/site-packages/airflow/example_dags/subdags/subdag.py for tasks to queue
[2023-10-29T12:59:01.729+0100] {logging_mixin.py:151} INFO - [2023-10-29T12:59:01.729+0100] {dagbag.py:539} INFO - Filling up the DagBag from /Users/aymanehinane/Desktop/Airflow/py_env/lib/python3.11/site-packages/airflow/example_dags/subdags/subdag.py
[2023-10-29T12:59:01.730+0100] {processor.py:841} WARNING - No viable dags retrieved from /Users/aymanehinane/Desktop/Airflow/py_env/lib/python3.11/site-packages/airflow/example_dags/subdags/subdag.py
[2023-10-29T12:59:01.773+0100] {processor.py:179} INFO - Processing /Users/aymanehinane/Desktop/Airflow/py_env/lib/python3.11/site-packages/airflow/example_dags/subdags/subdag.py took 0.045 seconds
[2023-10-29T12:59:42.096+0100] {processor.py:157} INFO - Started process (PID=76950) to work on /Users/aymanehinane/Desktop/Airflow/py_env/lib/python3.11/site-packages/airflow/example_dags/subdags/subdag.py
[2023-10-29T12:59:42.096+0100] {processor.py:829} INFO - Processing file /Users/aymanehinane/Desktop/Airflow/py_env/lib/python3.11/site-packages/airflow/example_dags/subdags/subdag.py for tasks to queue
[2023-10-29T12:59:42.096+0100] {logging_mixin.py:151} INFO - [2023-10-29T12:59:42.096+0100] {dagbag.py:539} INFO - Filling up the DagBag from /Users/aymanehinane/Desktop/Airflow/py_env/lib/python3.11/site-packages/airflow/example_dags/subdags/subdag.py
[2023-10-29T12:59:42.097+0100] {processor.py:841} WARNING - No viable dags retrieved from /Users/aymanehinane/Desktop/Airflow/py_env/lib/python3.11/site-packages/airflow/example_dags/subdags/subdag.py
[2023-10-29T12:59:42.141+0100] {processor.py:179} INFO - Processing /Users/aymanehinane/Desktop/Airflow/py_env/lib/python3.11/site-packages/airflow/example_dags/subdags/subdag.py took 0.046 seconds
