[2023-10-29T16:24:57.436+0000] {taskinstance.py:1159} INFO - Dependencies all met for dep_context=non-requeueable deps ti=<TaskInstance: our_dag_with_python_operator_v5.first_task scheduled__2021-11-19T00:00:00+00:00 [queued]>
[2023-10-29T16:24:57.522+0000] {taskinstance.py:1159} INFO - Dependencies all met for dep_context=requeueable deps ti=<TaskInstance: our_dag_with_python_operator_v5.first_task scheduled__2021-11-19T00:00:00+00:00 [queued]>
[2023-10-29T16:24:57.525+0000] {taskinstance.py:1361} INFO - Starting attempt 1 of 6
[2023-10-29T16:24:57.624+0000] {taskinstance.py:1382} INFO - Executing <Task(PythonOperator): first_task> on 2021-11-19 00:00:00+00:00
[2023-10-29T16:24:57.633+0000] {standard_task_runner.py:57} INFO - Started process 9183 to run task
[2023-10-29T16:24:57.686+0000] {standard_task_runner.py:84} INFO - Running: ['***', 'tasks', 'run', 'our_dag_with_python_operator_v5', 'first_task', 'scheduled__2021-11-19T00:00:00+00:00', '--job-id', '2517', '--raw', '--subdir', 'DAGS_FOLDER/create_dag_with_python_operator.py', '--cfg-path', '/tmp/tmptq3q_19h']
[2023-10-29T16:24:57.695+0000] {standard_task_runner.py:85} INFO - Job 2517: Subtask first_task
[2023-10-29T16:24:57.916+0000] {task_command.py:416} INFO - Running <TaskInstance: our_dag_with_python_operator_v5.first_task scheduled__2021-11-19T00:00:00+00:00 [running]> on host 9bb87dc64328
[2023-10-29T16:24:58.175+0000] {taskinstance.py:1662} INFO - Exporting env vars: AIRFLOW_CTX_DAG_OWNER='coder3j' AIRFLOW_CTX_DAG_ID='our_dag_with_python_operator_v5' AIRFLOW_CTX_TASK_ID='first_task' AIRFLOW_CTX_EXECUTION_DATE='2021-11-19T00:00:00+00:00' AIRFLOW_CTX_TRY_NUMBER='1' AIRFLOW_CTX_DAG_RUN_ID='scheduled__2021-11-19T00:00:00+00:00'
[2023-10-29T16:24:58.178+0000] {logging_mixin.py:151} INFO - Hello world!
[2023-10-29T16:24:58.180+0000] {python.py:194} INFO - Done. Returned value was: None
[2023-10-29T16:24:58.208+0000] {taskinstance.py:1400} INFO - Marking task as SUCCESS. dag_id=our_dag_with_python_operator_v5, task_id=first_task, execution_date=20211119T000000, start_date=20231029T162457, end_date=20231029T162458
[2023-10-29T16:24:58.252+0000] {local_task_job_runner.py:228} INFO - Task exited with return code 0
[2023-10-29T16:24:58.290+0000] {taskinstance.py:2778} INFO - 0 downstream tasks scheduled from follow-on schedule check
[2023-10-30T14:20:18.287+0000] {taskinstance.py:1159} INFO - Dependencies all met for dep_context=non-requeueable deps ti=<TaskInstance: our_dag_with_python_operator_v5.first_task scheduled__2021-11-19T00:00:00+00:00 [queued]>
[2023-10-30T14:20:18.320+0000] {taskinstance.py:1159} INFO - Dependencies all met for dep_context=requeueable deps ti=<TaskInstance: our_dag_with_python_operator_v5.first_task scheduled__2021-11-19T00:00:00+00:00 [queued]>
[2023-10-30T14:20:18.323+0000] {taskinstance.py:1361} INFO - Starting attempt 1 of 6
[2023-10-30T14:20:18.497+0000] {taskinstance.py:1382} INFO - Executing <Task(PythonOperator): first_task> on 2021-11-19 00:00:00+00:00
[2023-10-30T14:20:18.508+0000] {standard_task_runner.py:57} INFO - Started process 1265 to run task
[2023-10-30T14:20:18.532+0000] {standard_task_runner.py:84} INFO - Running: ['***', 'tasks', 'run', 'our_dag_with_python_operator_v5', 'first_task', 'scheduled__2021-11-19T00:00:00+00:00', '--job-id', '3841', '--raw', '--subdir', 'DAGS_FOLDER/create_dag_with_python_operator.py', '--cfg-path', '/tmp/tmpmurvkh2r']
[2023-10-30T14:20:18.541+0000] {standard_task_runner.py:85} INFO - Job 3841: Subtask first_task
[2023-10-30T14:20:18.624+0000] {task_command.py:416} INFO - Running <TaskInstance: our_dag_with_python_operator_v5.first_task scheduled__2021-11-19T00:00:00+00:00 [running]> on host 9bb87dc64328
[2023-10-30T14:20:18.755+0000] {taskinstance.py:1662} INFO - Exporting env vars: AIRFLOW_CTX_DAG_OWNER='coder3j' AIRFLOW_CTX_DAG_ID='our_dag_with_python_operator_v5' AIRFLOW_CTX_TASK_ID='first_task' AIRFLOW_CTX_EXECUTION_DATE='2021-11-19T00:00:00+00:00' AIRFLOW_CTX_TRY_NUMBER='1' AIRFLOW_CTX_DAG_RUN_ID='scheduled__2021-11-19T00:00:00+00:00'
[2023-10-30T14:20:18.786+0000] {logging_mixin.py:151} INFO - Hello world! name Jerry age: 23
[2023-10-30T14:20:18.788+0000] {python.py:194} INFO - Done. Returned value was: None
[2023-10-30T14:20:18.805+0000] {taskinstance.py:1400} INFO - Marking task as SUCCESS. dag_id=our_dag_with_python_operator_v5, task_id=first_task, execution_date=20211119T000000, start_date=20231030T142018, end_date=20231030T142018
[2023-10-30T14:20:18.854+0000] {local_task_job_runner.py:228} INFO - Task exited with return code 0
[2023-10-30T14:20:18.968+0000] {taskinstance.py:2778} INFO - 0 downstream tasks scheduled from follow-on schedule check
