[2023-10-29T16:25:14.493+0000] {taskinstance.py:1159} INFO - Dependencies all met for dep_context=non-requeueable deps ti=<TaskInstance: our_dag_with_python_operator_v5.first_task scheduled__2021-12-25T00:00:00+00:00 [queued]>
[2023-10-29T16:25:14.501+0000] {taskinstance.py:1159} INFO - Dependencies all met for dep_context=requeueable deps ti=<TaskInstance: our_dag_with_python_operator_v5.first_task scheduled__2021-12-25T00:00:00+00:00 [queued]>
[2023-10-29T16:25:14.502+0000] {taskinstance.py:1361} INFO - Starting attempt 1 of 6
[2023-10-29T16:25:14.517+0000] {taskinstance.py:1382} INFO - Executing <Task(PythonOperator): first_task> on 2021-12-25 00:00:00+00:00
[2023-10-29T16:25:14.524+0000] {standard_task_runner.py:57} INFO - Started process 9263 to run task
[2023-10-29T16:25:14.533+0000] {standard_task_runner.py:84} INFO - Running: ['***', 'tasks', 'run', 'our_dag_with_python_operator_v5', 'first_task', 'scheduled__2021-12-25T00:00:00+00:00', '--job-id', '2553', '--raw', '--subdir', 'DAGS_FOLDER/create_dag_with_python_operator.py', '--cfg-path', '/tmp/tmp7xdm8qr_']
[2023-10-29T16:25:14.540+0000] {standard_task_runner.py:85} INFO - Job 2553: Subtask first_task
[2023-10-29T16:25:14.656+0000] {task_command.py:416} INFO - Running <TaskInstance: our_dag_with_python_operator_v5.first_task scheduled__2021-12-25T00:00:00+00:00 [running]> on host 9bb87dc64328
[2023-10-29T16:25:14.760+0000] {taskinstance.py:1662} INFO - Exporting env vars: AIRFLOW_CTX_DAG_OWNER='coder3j' AIRFLOW_CTX_DAG_ID='our_dag_with_python_operator_v5' AIRFLOW_CTX_TASK_ID='first_task' AIRFLOW_CTX_EXECUTION_DATE='2021-12-25T00:00:00+00:00' AIRFLOW_CTX_TRY_NUMBER='1' AIRFLOW_CTX_DAG_RUN_ID='scheduled__2021-12-25T00:00:00+00:00'
[2023-10-29T16:25:14.761+0000] {logging_mixin.py:151} INFO - Hello world!
[2023-10-29T16:25:14.761+0000] {python.py:194} INFO - Done. Returned value was: None
[2023-10-29T16:25:14.771+0000] {taskinstance.py:1400} INFO - Marking task as SUCCESS. dag_id=our_dag_with_python_operator_v5, task_id=first_task, execution_date=20211225T000000, start_date=20231029T162514, end_date=20231029T162514
[2023-10-29T16:25:14.791+0000] {local_task_job_runner.py:228} INFO - Task exited with return code 0
[2023-10-29T16:25:14.806+0000] {taskinstance.py:2778} INFO - 0 downstream tasks scheduled from follow-on schedule check
[2023-10-30T14:20:40.615+0000] {taskinstance.py:1159} INFO - Dependencies all met for dep_context=non-requeueable deps ti=<TaskInstance: our_dag_with_python_operator_v5.first_task scheduled__2021-12-25T00:00:00+00:00 [queued]>
[2023-10-30T14:20:40.625+0000] {taskinstance.py:1159} INFO - Dependencies all met for dep_context=requeueable deps ti=<TaskInstance: our_dag_with_python_operator_v5.first_task scheduled__2021-12-25T00:00:00+00:00 [queued]>
[2023-10-30T14:20:40.626+0000] {taskinstance.py:1361} INFO - Starting attempt 1 of 6
[2023-10-30T14:20:40.711+0000] {taskinstance.py:1382} INFO - Executing <Task(PythonOperator): first_task> on 2021-12-25 00:00:00+00:00
[2023-10-30T14:20:40.723+0000] {standard_task_runner.py:57} INFO - Started process 1423 to run task
[2023-10-30T14:20:40.752+0000] {standard_task_runner.py:84} INFO - Running: ['***', 'tasks', 'run', 'our_dag_with_python_operator_v5', 'first_task', 'scheduled__2021-12-25T00:00:00+00:00', '--job-id', '3913', '--raw', '--subdir', 'DAGS_FOLDER/create_dag_with_python_operator.py', '--cfg-path', '/tmp/tmp2onpwm7t']
[2023-10-30T14:20:40.763+0000] {standard_task_runner.py:85} INFO - Job 3913: Subtask first_task
[2023-10-30T14:20:40.858+0000] {task_command.py:416} INFO - Running <TaskInstance: our_dag_with_python_operator_v5.first_task scheduled__2021-12-25T00:00:00+00:00 [running]> on host 9bb87dc64328
[2023-10-30T14:20:41.083+0000] {taskinstance.py:1662} INFO - Exporting env vars: AIRFLOW_CTX_DAG_OWNER='coder3j' AIRFLOW_CTX_DAG_ID='our_dag_with_python_operator_v5' AIRFLOW_CTX_TASK_ID='first_task' AIRFLOW_CTX_EXECUTION_DATE='2021-12-25T00:00:00+00:00' AIRFLOW_CTX_TRY_NUMBER='1' AIRFLOW_CTX_DAG_RUN_ID='scheduled__2021-12-25T00:00:00+00:00'
[2023-10-30T14:20:41.151+0000] {logging_mixin.py:151} INFO - Hello world! name Jerry age: 23
[2023-10-30T14:20:41.158+0000] {python.py:194} INFO - Done. Returned value was: None
[2023-10-30T14:20:41.197+0000] {taskinstance.py:1400} INFO - Marking task as SUCCESS. dag_id=our_dag_with_python_operator_v5, task_id=first_task, execution_date=20211225T000000, start_date=20231030T142040, end_date=20231030T142041
[2023-10-30T14:20:41.374+0000] {local_task_job_runner.py:228} INFO - Task exited with return code 0
[2023-10-30T14:20:41.581+0000] {taskinstance.py:2778} INFO - 0 downstream tasks scheduled from follow-on schedule check
