[2023-10-29T16:25:11.288+0000] {taskinstance.py:1159} INFO - Dependencies all met for dep_context=non-requeueable deps ti=<TaskInstance: our_dag_with_python_operator_v5.first_task scheduled__2021-12-21T00:00:00+00:00 [queued]>
[2023-10-29T16:25:11.334+0000] {taskinstance.py:1159} INFO - Dependencies all met for dep_context=requeueable deps ti=<TaskInstance: our_dag_with_python_operator_v5.first_task scheduled__2021-12-21T00:00:00+00:00 [queued]>
[2023-10-29T16:25:11.344+0000] {taskinstance.py:1361} INFO - Starting attempt 1 of 6
[2023-10-29T16:25:11.375+0000] {taskinstance.py:1382} INFO - Executing <Task(PythonOperator): first_task> on 2021-12-21 00:00:00+00:00
[2023-10-29T16:25:11.384+0000] {standard_task_runner.py:57} INFO - Started process 9251 to run task
[2023-10-29T16:25:11.398+0000] {standard_task_runner.py:84} INFO - Running: ['***', 'tasks', 'run', 'our_dag_with_python_operator_v5', 'first_task', 'scheduled__2021-12-21T00:00:00+00:00', '--job-id', '2549', '--raw', '--subdir', 'DAGS_FOLDER/create_dag_with_python_operator.py', '--cfg-path', '/tmp/tmp6vexiaeu']
[2023-10-29T16:25:11.405+0000] {standard_task_runner.py:85} INFO - Job 2549: Subtask first_task
[2023-10-29T16:25:11.516+0000] {task_command.py:416} INFO - Running <TaskInstance: our_dag_with_python_operator_v5.first_task scheduled__2021-12-21T00:00:00+00:00 [running]> on host 9bb87dc64328
[2023-10-29T16:25:11.688+0000] {taskinstance.py:1662} INFO - Exporting env vars: AIRFLOW_CTX_DAG_OWNER='coder3j' AIRFLOW_CTX_DAG_ID='our_dag_with_python_operator_v5' AIRFLOW_CTX_TASK_ID='first_task' AIRFLOW_CTX_EXECUTION_DATE='2021-12-21T00:00:00+00:00' AIRFLOW_CTX_TRY_NUMBER='1' AIRFLOW_CTX_DAG_RUN_ID='scheduled__2021-12-21T00:00:00+00:00'
[2023-10-29T16:25:11.690+0000] {logging_mixin.py:151} INFO - Hello world!
[2023-10-29T16:25:11.692+0000] {python.py:194} INFO - Done. Returned value was: None
[2023-10-29T16:25:11.705+0000] {taskinstance.py:1400} INFO - Marking task as SUCCESS. dag_id=our_dag_with_python_operator_v5, task_id=first_task, execution_date=20211221T000000, start_date=20231029T162511, end_date=20231029T162511
[2023-10-29T16:25:11.771+0000] {local_task_job_runner.py:228} INFO - Task exited with return code 0
[2023-10-29T16:25:11.808+0000] {taskinstance.py:2778} INFO - 0 downstream tasks scheduled from follow-on schedule check
[2023-10-30T14:20:36.561+0000] {taskinstance.py:1159} INFO - Dependencies all met for dep_context=non-requeueable deps ti=<TaskInstance: our_dag_with_python_operator_v5.first_task scheduled__2021-12-21T00:00:00+00:00 [queued]>
[2023-10-30T14:20:36.570+0000] {taskinstance.py:1159} INFO - Dependencies all met for dep_context=requeueable deps ti=<TaskInstance: our_dag_with_python_operator_v5.first_task scheduled__2021-12-21T00:00:00+00:00 [queued]>
[2023-10-30T14:20:36.571+0000] {taskinstance.py:1361} INFO - Starting attempt 1 of 6
[2023-10-30T14:20:36.581+0000] {taskinstance.py:1382} INFO - Executing <Task(PythonOperator): first_task> on 2021-12-21 00:00:00+00:00
[2023-10-30T14:20:36.585+0000] {standard_task_runner.py:57} INFO - Started process 1380 to run task
[2023-10-30T14:20:36.590+0000] {standard_task_runner.py:84} INFO - Running: ['***', 'tasks', 'run', 'our_dag_with_python_operator_v5', 'first_task', 'scheduled__2021-12-21T00:00:00+00:00', '--job-id', '3899', '--raw', '--subdir', 'DAGS_FOLDER/create_dag_with_python_operator.py', '--cfg-path', '/tmp/tmplm7h4g7e']
[2023-10-30T14:20:36.593+0000] {standard_task_runner.py:85} INFO - Job 3899: Subtask first_task
[2023-10-30T14:20:36.657+0000] {task_command.py:416} INFO - Running <TaskInstance: our_dag_with_python_operator_v5.first_task scheduled__2021-12-21T00:00:00+00:00 [running]> on host 9bb87dc64328
[2023-10-30T14:20:36.740+0000] {taskinstance.py:1662} INFO - Exporting env vars: AIRFLOW_CTX_DAG_OWNER='coder3j' AIRFLOW_CTX_DAG_ID='our_dag_with_python_operator_v5' AIRFLOW_CTX_TASK_ID='first_task' AIRFLOW_CTX_EXECUTION_DATE='2021-12-21T00:00:00+00:00' AIRFLOW_CTX_TRY_NUMBER='1' AIRFLOW_CTX_DAG_RUN_ID='scheduled__2021-12-21T00:00:00+00:00'
[2023-10-30T14:20:36.757+0000] {logging_mixin.py:151} INFO - Hello world! name Jerry age: 23
[2023-10-30T14:20:36.758+0000] {python.py:194} INFO - Done. Returned value was: None
[2023-10-30T14:20:36.772+0000] {taskinstance.py:1400} INFO - Marking task as SUCCESS. dag_id=our_dag_with_python_operator_v5, task_id=first_task, execution_date=20211221T000000, start_date=20231030T142036, end_date=20231030T142036
[2023-10-30T14:20:36.807+0000] {local_task_job_runner.py:228} INFO - Task exited with return code 0
[2023-10-30T14:20:36.831+0000] {taskinstance.py:2778} INFO - 0 downstream tasks scheduled from follow-on schedule check
