[2023-10-29T16:24:54.537+0000] {taskinstance.py:1159} INFO - Dependencies all met for dep_context=non-requeueable deps ti=<TaskInstance: our_dag_with_python_operator_v5.first_task scheduled__2021-11-11T00:00:00+00:00 [queued]>
[2023-10-29T16:24:54.556+0000] {taskinstance.py:1159} INFO - Dependencies all met for dep_context=requeueable deps ti=<TaskInstance: our_dag_with_python_operator_v5.first_task scheduled__2021-11-11T00:00:00+00:00 [queued]>
[2023-10-29T16:24:54.558+0000] {taskinstance.py:1361} INFO - Starting attempt 1 of 6
[2023-10-29T16:24:54.595+0000] {taskinstance.py:1382} INFO - Executing <Task(PythonOperator): first_task> on 2021-11-11 00:00:00+00:00
[2023-10-29T16:24:54.600+0000] {standard_task_runner.py:57} INFO - Started process 9165 to run task
[2023-10-29T16:24:54.607+0000] {standard_task_runner.py:84} INFO - Running: ['***', 'tasks', 'run', 'our_dag_with_python_operator_v5', 'first_task', 'scheduled__2021-11-11T00:00:00+00:00', '--job-id', '2509', '--raw', '--subdir', 'DAGS_FOLDER/create_dag_with_python_operator.py', '--cfg-path', '/tmp/tmp91fhsms4']
[2023-10-29T16:24:54.611+0000] {standard_task_runner.py:85} INFO - Job 2509: Subtask first_task
[2023-10-29T16:24:54.719+0000] {task_command.py:416} INFO - Running <TaskInstance: our_dag_with_python_operator_v5.first_task scheduled__2021-11-11T00:00:00+00:00 [running]> on host 9bb87dc64328
[2023-10-29T16:24:54.807+0000] {taskinstance.py:1662} INFO - Exporting env vars: AIRFLOW_CTX_DAG_OWNER='coder3j' AIRFLOW_CTX_DAG_ID='our_dag_with_python_operator_v5' AIRFLOW_CTX_TASK_ID='first_task' AIRFLOW_CTX_EXECUTION_DATE='2021-11-11T00:00:00+00:00' AIRFLOW_CTX_TRY_NUMBER='1' AIRFLOW_CTX_DAG_RUN_ID='scheduled__2021-11-11T00:00:00+00:00'
[2023-10-29T16:24:54.811+0000] {logging_mixin.py:151} INFO - Hello world!
[2023-10-29T16:24:54.812+0000] {python.py:194} INFO - Done. Returned value was: None
[2023-10-29T16:24:54.822+0000] {taskinstance.py:1400} INFO - Marking task as SUCCESS. dag_id=our_dag_with_python_operator_v5, task_id=first_task, execution_date=20211111T000000, start_date=20231029T162454, end_date=20231029T162454
[2023-10-29T16:24:54.861+0000] {local_task_job_runner.py:228} INFO - Task exited with return code 0
[2023-10-29T16:24:54.876+0000] {taskinstance.py:2778} INFO - 0 downstream tasks scheduled from follow-on schedule check
[2023-10-30T14:20:11.864+0000] {taskinstance.py:1159} INFO - Dependencies all met for dep_context=non-requeueable deps ti=<TaskInstance: our_dag_with_python_operator_v5.first_task scheduled__2021-11-11T00:00:00+00:00 [queued]>
[2023-10-30T14:20:11.874+0000] {taskinstance.py:1159} INFO - Dependencies all met for dep_context=requeueable deps ti=<TaskInstance: our_dag_with_python_operator_v5.first_task scheduled__2021-11-11T00:00:00+00:00 [queued]>
[2023-10-30T14:20:11.886+0000] {taskinstance.py:1361} INFO - Starting attempt 1 of 6
[2023-10-30T14:20:11.913+0000] {taskinstance.py:1382} INFO - Executing <Task(PythonOperator): first_task> on 2021-11-11 00:00:00+00:00
[2023-10-30T14:20:11.919+0000] {standard_task_runner.py:57} INFO - Started process 1224 to run task
[2023-10-30T14:20:11.933+0000] {standard_task_runner.py:84} INFO - Running: ['***', 'tasks', 'run', 'our_dag_with_python_operator_v5', 'first_task', 'scheduled__2021-11-11T00:00:00+00:00', '--job-id', '3825', '--raw', '--subdir', 'DAGS_FOLDER/create_dag_with_python_operator.py', '--cfg-path', '/tmp/tmpf95fhko0']
[2023-10-30T14:20:11.941+0000] {standard_task_runner.py:85} INFO - Job 3825: Subtask first_task
[2023-10-30T14:20:12.036+0000] {task_command.py:416} INFO - Running <TaskInstance: our_dag_with_python_operator_v5.first_task scheduled__2021-11-11T00:00:00+00:00 [running]> on host 9bb87dc64328
[2023-10-30T14:20:12.099+0000] {taskinstance.py:1662} INFO - Exporting env vars: AIRFLOW_CTX_DAG_OWNER='coder3j' AIRFLOW_CTX_DAG_ID='our_dag_with_python_operator_v5' AIRFLOW_CTX_TASK_ID='first_task' AIRFLOW_CTX_EXECUTION_DATE='2021-11-11T00:00:00+00:00' AIRFLOW_CTX_TRY_NUMBER='1' AIRFLOW_CTX_DAG_RUN_ID='scheduled__2021-11-11T00:00:00+00:00'
[2023-10-30T14:20:12.114+0000] {logging_mixin.py:151} INFO - Hello world! name Jerry age: 23
[2023-10-30T14:20:12.115+0000] {python.py:194} INFO - Done. Returned value was: None
[2023-10-30T14:20:12.123+0000] {taskinstance.py:1400} INFO - Marking task as SUCCESS. dag_id=our_dag_with_python_operator_v5, task_id=first_task, execution_date=20211111T000000, start_date=20231030T142011, end_date=20231030T142012
[2023-10-30T14:20:12.154+0000] {local_task_job_runner.py:228} INFO - Task exited with return code 0
[2023-10-30T14:20:12.173+0000] {taskinstance.py:2778} INFO - 0 downstream tasks scheduled from follow-on schedule check
