[2023-10-29T16:24:53.502+0000] {taskinstance.py:1159} INFO - Dependencies all met for dep_context=non-requeueable deps ti=<TaskInstance: our_dag_with_python_operator_v5.first_task scheduled__2021-11-04T00:00:00+00:00 [queued]>
[2023-10-29T16:24:53.535+0000] {taskinstance.py:1159} INFO - Dependencies all met for dep_context=requeueable deps ti=<TaskInstance: our_dag_with_python_operator_v5.first_task scheduled__2021-11-04T00:00:00+00:00 [queued]>
[2023-10-29T16:24:53.537+0000] {taskinstance.py:1361} INFO - Starting attempt 1 of 6
[2023-10-29T16:24:53.563+0000] {taskinstance.py:1382} INFO - Executing <Task(PythonOperator): first_task> on 2021-11-04 00:00:00+00:00
[2023-10-29T16:24:53.571+0000] {standard_task_runner.py:57} INFO - Started process 9155 to run task
[2023-10-29T16:24:53.614+0000] {standard_task_runner.py:84} INFO - Running: ['***', 'tasks', 'run', 'our_dag_with_python_operator_v5', 'first_task', 'scheduled__2021-11-04T00:00:00+00:00', '--job-id', '2503', '--raw', '--subdir', 'DAGS_FOLDER/create_dag_with_python_operator.py', '--cfg-path', '/tmp/tmpyhuq197l']
[2023-10-29T16:24:53.622+0000] {standard_task_runner.py:85} INFO - Job 2503: Subtask first_task
[2023-10-29T16:24:53.812+0000] {task_command.py:416} INFO - Running <TaskInstance: our_dag_with_python_operator_v5.first_task scheduled__2021-11-04T00:00:00+00:00 [running]> on host 9bb87dc64328
[2023-10-29T16:24:54.077+0000] {taskinstance.py:1662} INFO - Exporting env vars: AIRFLOW_CTX_DAG_OWNER='coder3j' AIRFLOW_CTX_DAG_ID='our_dag_with_python_operator_v5' AIRFLOW_CTX_TASK_ID='first_task' AIRFLOW_CTX_EXECUTION_DATE='2021-11-04T00:00:00+00:00' AIRFLOW_CTX_TRY_NUMBER='1' AIRFLOW_CTX_DAG_RUN_ID='scheduled__2021-11-04T00:00:00+00:00'
[2023-10-29T16:24:54.085+0000] {logging_mixin.py:151} INFO - Hello world!
[2023-10-29T16:24:54.095+0000] {python.py:194} INFO - Done. Returned value was: None
[2023-10-29T16:24:54.118+0000] {taskinstance.py:1400} INFO - Marking task as SUCCESS. dag_id=our_dag_with_python_operator_v5, task_id=first_task, execution_date=20211104T000000, start_date=20231029T162453, end_date=20231029T162454
[2023-10-29T16:24:54.189+0000] {local_task_job_runner.py:228} INFO - Task exited with return code 0
[2023-10-29T16:24:54.266+0000] {taskinstance.py:2778} INFO - 0 downstream tasks scheduled from follow-on schedule check
[2023-10-30T14:20:05.653+0000] {taskinstance.py:1159} INFO - Dependencies all met for dep_context=non-requeueable deps ti=<TaskInstance: our_dag_with_python_operator_v5.first_task scheduled__2021-11-04T00:00:00+00:00 [queued]>
[2023-10-30T14:20:05.658+0000] {taskinstance.py:1159} INFO - Dependencies all met for dep_context=requeueable deps ti=<TaskInstance: our_dag_with_python_operator_v5.first_task scheduled__2021-11-04T00:00:00+00:00 [queued]>
[2023-10-30T14:20:05.659+0000] {taskinstance.py:1361} INFO - Starting attempt 1 of 6
[2023-10-30T14:20:05.667+0000] {taskinstance.py:1382} INFO - Executing <Task(PythonOperator): first_task> on 2021-11-04 00:00:00+00:00
[2023-10-30T14:20:05.672+0000] {standard_task_runner.py:57} INFO - Started process 1178 to run task
[2023-10-30T14:20:05.675+0000] {standard_task_runner.py:84} INFO - Running: ['***', 'tasks', 'run', 'our_dag_with_python_operator_v5', 'first_task', 'scheduled__2021-11-04T00:00:00+00:00', '--job-id', '3807', '--raw', '--subdir', 'DAGS_FOLDER/create_dag_with_python_operator.py', '--cfg-path', '/tmp/tmp5vabsd3d']
[2023-10-30T14:20:05.678+0000] {standard_task_runner.py:85} INFO - Job 3807: Subtask first_task
[2023-10-30T14:20:05.723+0000] {task_command.py:416} INFO - Running <TaskInstance: our_dag_with_python_operator_v5.first_task scheduled__2021-11-04T00:00:00+00:00 [running]> on host 9bb87dc64328
[2023-10-30T14:20:05.781+0000] {taskinstance.py:1662} INFO - Exporting env vars: AIRFLOW_CTX_DAG_OWNER='coder3j' AIRFLOW_CTX_DAG_ID='our_dag_with_python_operator_v5' AIRFLOW_CTX_TASK_ID='first_task' AIRFLOW_CTX_EXECUTION_DATE='2021-11-04T00:00:00+00:00' AIRFLOW_CTX_TRY_NUMBER='1' AIRFLOW_CTX_DAG_RUN_ID='scheduled__2021-11-04T00:00:00+00:00'
[2023-10-30T14:20:05.790+0000] {logging_mixin.py:151} INFO - Hello world! name Jerry age: 23
[2023-10-30T14:20:05.791+0000] {python.py:194} INFO - Done. Returned value was: None
[2023-10-30T14:20:05.799+0000] {taskinstance.py:1400} INFO - Marking task as SUCCESS. dag_id=our_dag_with_python_operator_v5, task_id=first_task, execution_date=20211104T000000, start_date=20231030T142005, end_date=20231030T142005
[2023-10-30T14:20:05.853+0000] {local_task_job_runner.py:228} INFO - Task exited with return code 0
[2023-10-30T14:20:05.866+0000] {taskinstance.py:2778} INFO - 0 downstream tasks scheduled from follow-on schedule check
