[2023-10-29T16:24:37.245+0000] {taskinstance.py:1159} INFO - Dependencies all met for dep_context=non-requeueable deps ti=<TaskInstance: our_dag_with_python_operator_v5.first_task scheduled__2021-10-12T00:00:00+00:00 [queued]>
[2023-10-29T16:24:37.341+0000] {taskinstance.py:1159} INFO - Dependencies all met for dep_context=requeueable deps ti=<TaskInstance: our_dag_with_python_operator_v5.first_task scheduled__2021-10-12T00:00:00+00:00 [queued]>
[2023-10-29T16:24:37.346+0000] {taskinstance.py:1361} INFO - Starting attempt 1 of 6
[2023-10-29T16:24:37.611+0000] {taskinstance.py:1382} INFO - Executing <Task(PythonOperator): first_task> on 2021-10-12 00:00:00+00:00
[2023-10-29T16:24:37.849+0000] {standard_task_runner.py:57} INFO - Started process 9094 to run task
[2023-10-29T16:24:38.004+0000] {standard_task_runner.py:84} INFO - Running: ['***', 'tasks', 'run', 'our_dag_with_python_operator_v5', 'first_task', 'scheduled__2021-10-12T00:00:00+00:00', '--job-id', '2478', '--raw', '--subdir', 'DAGS_FOLDER/create_dag_with_python_operator.py', '--cfg-path', '/tmp/tmp84n6tevf']
[2023-10-29T16:24:38.061+0000] {standard_task_runner.py:85} INFO - Job 2478: Subtask first_task
[2023-10-29T16:24:39.200+0000] {task_command.py:416} INFO - Running <TaskInstance: our_dag_with_python_operator_v5.first_task scheduled__2021-10-12T00:00:00+00:00 [running]> on host 9bb87dc64328
[2023-10-29T16:24:40.015+0000] {taskinstance.py:1662} INFO - Exporting env vars: AIRFLOW_CTX_DAG_OWNER='coder3j' AIRFLOW_CTX_DAG_ID='our_dag_with_python_operator_v5' AIRFLOW_CTX_TASK_ID='first_task' AIRFLOW_CTX_EXECUTION_DATE='2021-10-12T00:00:00+00:00' AIRFLOW_CTX_TRY_NUMBER='1' AIRFLOW_CTX_DAG_RUN_ID='scheduled__2021-10-12T00:00:00+00:00'
[2023-10-29T16:24:40.018+0000] {logging_mixin.py:151} INFO - Hello world!
[2023-10-29T16:24:40.019+0000] {python.py:194} INFO - Done. Returned value was: None
[2023-10-29T16:24:40.049+0000] {taskinstance.py:1400} INFO - Marking task as SUCCESS. dag_id=our_dag_with_python_operator_v5, task_id=first_task, execution_date=20211012T000000, start_date=20231029T162437, end_date=20231029T162440
[2023-10-29T16:24:40.135+0000] {local_task_job_runner.py:228} INFO - Task exited with return code 0
[2023-10-29T16:24:40.281+0000] {taskinstance.py:2778} INFO - 0 downstream tasks scheduled from follow-on schedule check
[2023-10-30T14:19:49.041+0000] {taskinstance.py:1159} INFO - Dependencies all met for dep_context=non-requeueable deps ti=<TaskInstance: our_dag_with_python_operator_v5.first_task scheduled__2021-10-12T00:00:00+00:00 [queued]>
[2023-10-30T14:19:49.057+0000] {taskinstance.py:1159} INFO - Dependencies all met for dep_context=requeueable deps ti=<TaskInstance: our_dag_with_python_operator_v5.first_task scheduled__2021-10-12T00:00:00+00:00 [queued]>
[2023-10-30T14:19:49.058+0000] {taskinstance.py:1361} INFO - Starting attempt 1 of 6
[2023-10-30T14:19:49.234+0000] {taskinstance.py:1382} INFO - Executing <Task(PythonOperator): first_task> on 2021-10-12 00:00:00+00:00
[2023-10-30T14:19:49.243+0000] {standard_task_runner.py:57} INFO - Started process 1096 to run task
[2023-10-30T14:19:49.258+0000] {standard_task_runner.py:84} INFO - Running: ['***', 'tasks', 'run', 'our_dag_with_python_operator_v5', 'first_task', 'scheduled__2021-10-12T00:00:00+00:00', '--job-id', '3764', '--raw', '--subdir', 'DAGS_FOLDER/create_dag_with_python_operator.py', '--cfg-path', '/tmp/tmp41wr7h8_']
[2023-10-30T14:19:49.268+0000] {standard_task_runner.py:85} INFO - Job 3764: Subtask first_task
[2023-10-30T14:19:49.382+0000] {task_command.py:416} INFO - Running <TaskInstance: our_dag_with_python_operator_v5.first_task scheduled__2021-10-12T00:00:00+00:00 [running]> on host 9bb87dc64328
[2023-10-30T14:19:49.470+0000] {taskinstance.py:1662} INFO - Exporting env vars: AIRFLOW_CTX_DAG_OWNER='coder3j' AIRFLOW_CTX_DAG_ID='our_dag_with_python_operator_v5' AIRFLOW_CTX_TASK_ID='first_task' AIRFLOW_CTX_EXECUTION_DATE='2021-10-12T00:00:00+00:00' AIRFLOW_CTX_TRY_NUMBER='1' AIRFLOW_CTX_DAG_RUN_ID='scheduled__2021-10-12T00:00:00+00:00'
[2023-10-30T14:19:49.481+0000] {logging_mixin.py:151} INFO - Hello world! name Jerry age: 23
[2023-10-30T14:19:49.485+0000] {python.py:194} INFO - Done. Returned value was: None
[2023-10-30T14:19:49.499+0000] {taskinstance.py:1400} INFO - Marking task as SUCCESS. dag_id=our_dag_with_python_operator_v5, task_id=first_task, execution_date=20211012T000000, start_date=20231030T141949, end_date=20231030T141949
[2023-10-30T14:19:49.522+0000] {local_task_job_runner.py:228} INFO - Task exited with return code 0
[2023-10-30T14:19:49.537+0000] {taskinstance.py:2778} INFO - 0 downstream tasks scheduled from follow-on schedule check
