[2023-10-29T16:25:02.937+0000] {taskinstance.py:1159} INFO - Dependencies all met for dep_context=non-requeueable deps ti=<TaskInstance: our_dag_with_python_operator_v5.first_task scheduled__2021-12-03T00:00:00+00:00 [queued]>
[2023-10-29T16:25:02.947+0000] {taskinstance.py:1159} INFO - Dependencies all met for dep_context=requeueable deps ti=<TaskInstance: our_dag_with_python_operator_v5.first_task scheduled__2021-12-03T00:00:00+00:00 [queued]>
[2023-10-29T16:25:02.948+0000] {taskinstance.py:1361} INFO - Starting attempt 1 of 6
[2023-10-29T16:25:02.960+0000] {taskinstance.py:1382} INFO - Executing <Task(PythonOperator): first_task> on 2021-12-03 00:00:00+00:00
[2023-10-29T16:25:02.969+0000] {standard_task_runner.py:57} INFO - Started process 9214 to run task
[2023-10-29T16:25:02.978+0000] {standard_task_runner.py:84} INFO - Running: ['***', 'tasks', 'run', 'our_dag_with_python_operator_v5', 'first_task', 'scheduled__2021-12-03T00:00:00+00:00', '--job-id', '2531', '--raw', '--subdir', 'DAGS_FOLDER/create_dag_with_python_operator.py', '--cfg-path', '/tmp/tmp0uzm11hp']
[2023-10-29T16:25:02.981+0000] {standard_task_runner.py:85} INFO - Job 2531: Subtask first_task
[2023-10-29T16:25:03.103+0000] {task_command.py:416} INFO - Running <TaskInstance: our_dag_with_python_operator_v5.first_task scheduled__2021-12-03T00:00:00+00:00 [running]> on host 9bb87dc64328
[2023-10-29T16:25:03.191+0000] {taskinstance.py:1662} INFO - Exporting env vars: AIRFLOW_CTX_DAG_OWNER='coder3j' AIRFLOW_CTX_DAG_ID='our_dag_with_python_operator_v5' AIRFLOW_CTX_TASK_ID='first_task' AIRFLOW_CTX_EXECUTION_DATE='2021-12-03T00:00:00+00:00' AIRFLOW_CTX_TRY_NUMBER='1' AIRFLOW_CTX_DAG_RUN_ID='scheduled__2021-12-03T00:00:00+00:00'
[2023-10-29T16:25:03.193+0000] {logging_mixin.py:151} INFO - Hello world!
[2023-10-29T16:25:03.194+0000] {python.py:194} INFO - Done. Returned value was: None
[2023-10-29T16:25:03.206+0000] {taskinstance.py:1400} INFO - Marking task as SUCCESS. dag_id=our_dag_with_python_operator_v5, task_id=first_task, execution_date=20211203T000000, start_date=20231029T162502, end_date=20231029T162503
[2023-10-29T16:25:03.231+0000] {local_task_job_runner.py:228} INFO - Task exited with return code 0
[2023-10-29T16:25:03.246+0000] {taskinstance.py:2778} INFO - 0 downstream tasks scheduled from follow-on schedule check
[2023-10-30T14:20:23.824+0000] {taskinstance.py:1159} INFO - Dependencies all met for dep_context=non-requeueable deps ti=<TaskInstance: our_dag_with_python_operator_v5.first_task scheduled__2021-12-03T00:00:00+00:00 [queued]>
[2023-10-30T14:20:23.859+0000] {taskinstance.py:1159} INFO - Dependencies all met for dep_context=requeueable deps ti=<TaskInstance: our_dag_with_python_operator_v5.first_task scheduled__2021-12-03T00:00:00+00:00 [queued]>
[2023-10-30T14:20:23.860+0000] {taskinstance.py:1361} INFO - Starting attempt 1 of 6
[2023-10-30T14:20:23.951+0000] {taskinstance.py:1382} INFO - Executing <Task(PythonOperator): first_task> on 2021-12-03 00:00:00+00:00
[2023-10-30T14:20:23.957+0000] {standard_task_runner.py:57} INFO - Started process 1316 to run task
[2023-10-30T14:20:23.970+0000] {standard_task_runner.py:84} INFO - Running: ['***', 'tasks', 'run', 'our_dag_with_python_operator_v5', 'first_task', 'scheduled__2021-12-03T00:00:00+00:00', '--job-id', '3866', '--raw', '--subdir', 'DAGS_FOLDER/create_dag_with_python_operator.py', '--cfg-path', '/tmp/tmpbtow3rcn']
[2023-10-30T14:20:23.975+0000] {standard_task_runner.py:85} INFO - Job 3866: Subtask first_task
[2023-10-30T14:20:24.078+0000] {task_command.py:416} INFO - Running <TaskInstance: our_dag_with_python_operator_v5.first_task scheduled__2021-12-03T00:00:00+00:00 [running]> on host 9bb87dc64328
[2023-10-30T14:20:24.158+0000] {taskinstance.py:1662} INFO - Exporting env vars: AIRFLOW_CTX_DAG_OWNER='coder3j' AIRFLOW_CTX_DAG_ID='our_dag_with_python_operator_v5' AIRFLOW_CTX_TASK_ID='first_task' AIRFLOW_CTX_EXECUTION_DATE='2021-12-03T00:00:00+00:00' AIRFLOW_CTX_TRY_NUMBER='1' AIRFLOW_CTX_DAG_RUN_ID='scheduled__2021-12-03T00:00:00+00:00'
[2023-10-30T14:20:24.173+0000] {logging_mixin.py:151} INFO - Hello world! name Jerry age: 23
[2023-10-30T14:20:24.174+0000] {python.py:194} INFO - Done. Returned value was: None
[2023-10-30T14:20:24.182+0000] {taskinstance.py:1400} INFO - Marking task as SUCCESS. dag_id=our_dag_with_python_operator_v5, task_id=first_task, execution_date=20211203T000000, start_date=20231030T142023, end_date=20231030T142024
[2023-10-30T14:20:24.225+0000] {local_task_job_runner.py:228} INFO - Task exited with return code 0
[2023-10-30T14:20:24.239+0000] {taskinstance.py:2778} INFO - 0 downstream tasks scheduled from follow-on schedule check
