[2023-10-29T16:25:07.373+0000] {taskinstance.py:1159} INFO - Dependencies all met for dep_context=non-requeueable deps ti=<TaskInstance: our_dag_with_python_operator_v5.first_task scheduled__2021-12-11T00:00:00+00:00 [queued]>
[2023-10-29T16:25:07.399+0000] {taskinstance.py:1159} INFO - Dependencies all met for dep_context=requeueable deps ti=<TaskInstance: our_dag_with_python_operator_v5.first_task scheduled__2021-12-11T00:00:00+00:00 [queued]>
[2023-10-29T16:25:07.400+0000] {taskinstance.py:1361} INFO - Starting attempt 1 of 6
[2023-10-29T16:25:07.543+0000] {taskinstance.py:1382} INFO - Executing <Task(PythonOperator): first_task> on 2021-12-11 00:00:00+00:00
[2023-10-29T16:25:07.597+0000] {standard_task_runner.py:57} INFO - Started process 9231 to run task
[2023-10-29T16:25:07.619+0000] {standard_task_runner.py:84} INFO - Running: ['***', 'tasks', 'run', 'our_dag_with_python_operator_v5', 'first_task', 'scheduled__2021-12-11T00:00:00+00:00', '--job-id', '2539', '--raw', '--subdir', 'DAGS_FOLDER/create_dag_with_python_operator.py', '--cfg-path', '/tmp/tmpet33u2w9']
[2023-10-29T16:25:07.652+0000] {standard_task_runner.py:85} INFO - Job 2539: Subtask first_task
[2023-10-29T16:25:07.779+0000] {task_command.py:416} INFO - Running <TaskInstance: our_dag_with_python_operator_v5.first_task scheduled__2021-12-11T00:00:00+00:00 [running]> on host 9bb87dc64328
[2023-10-29T16:25:08.066+0000] {taskinstance.py:1662} INFO - Exporting env vars: AIRFLOW_CTX_DAG_OWNER='coder3j' AIRFLOW_CTX_DAG_ID='our_dag_with_python_operator_v5' AIRFLOW_CTX_TASK_ID='first_task' AIRFLOW_CTX_EXECUTION_DATE='2021-12-11T00:00:00+00:00' AIRFLOW_CTX_TRY_NUMBER='1' AIRFLOW_CTX_DAG_RUN_ID='scheduled__2021-12-11T00:00:00+00:00'
[2023-10-29T16:25:08.073+0000] {logging_mixin.py:151} INFO - Hello world!
[2023-10-29T16:25:08.076+0000] {python.py:194} INFO - Done. Returned value was: None
[2023-10-29T16:25:08.145+0000] {taskinstance.py:1400} INFO - Marking task as SUCCESS. dag_id=our_dag_with_python_operator_v5, task_id=first_task, execution_date=20211211T000000, start_date=20231029T162507, end_date=20231029T162508
[2023-10-29T16:25:08.348+0000] {local_task_job_runner.py:228} INFO - Task exited with return code 0
[2023-10-29T16:25:08.399+0000] {taskinstance.py:2778} INFO - 0 downstream tasks scheduled from follow-on schedule check
[2023-10-30T14:20:29.805+0000] {taskinstance.py:1159} INFO - Dependencies all met for dep_context=non-requeueable deps ti=<TaskInstance: our_dag_with_python_operator_v5.first_task scheduled__2021-12-11T00:00:00+00:00 [queued]>
[2023-10-30T14:20:29.814+0000] {taskinstance.py:1159} INFO - Dependencies all met for dep_context=requeueable deps ti=<TaskInstance: our_dag_with_python_operator_v5.first_task scheduled__2021-12-11T00:00:00+00:00 [queued]>
[2023-10-30T14:20:29.815+0000] {taskinstance.py:1361} INFO - Starting attempt 1 of 6
[2023-10-30T14:20:29.831+0000] {taskinstance.py:1382} INFO - Executing <Task(PythonOperator): first_task> on 2021-12-11 00:00:00+00:00
[2023-10-30T14:20:29.837+0000] {standard_task_runner.py:57} INFO - Started process 1341 to run task
[2023-10-30T14:20:29.841+0000] {standard_task_runner.py:84} INFO - Running: ['***', 'tasks', 'run', 'our_dag_with_python_operator_v5', 'first_task', 'scheduled__2021-12-11T00:00:00+00:00', '--job-id', '3880', '--raw', '--subdir', 'DAGS_FOLDER/create_dag_with_python_operator.py', '--cfg-path', '/tmp/tmpvx5rh6i7']
[2023-10-30T14:20:29.845+0000] {standard_task_runner.py:85} INFO - Job 3880: Subtask first_task
[2023-10-30T14:20:29.902+0000] {task_command.py:416} INFO - Running <TaskInstance: our_dag_with_python_operator_v5.first_task scheduled__2021-12-11T00:00:00+00:00 [running]> on host 9bb87dc64328
[2023-10-30T14:20:30.001+0000] {taskinstance.py:1662} INFO - Exporting env vars: AIRFLOW_CTX_DAG_OWNER='coder3j' AIRFLOW_CTX_DAG_ID='our_dag_with_python_operator_v5' AIRFLOW_CTX_TASK_ID='first_task' AIRFLOW_CTX_EXECUTION_DATE='2021-12-11T00:00:00+00:00' AIRFLOW_CTX_TRY_NUMBER='1' AIRFLOW_CTX_DAG_RUN_ID='scheduled__2021-12-11T00:00:00+00:00'
[2023-10-30T14:20:30.016+0000] {logging_mixin.py:151} INFO - Hello world! name Jerry age: 23
[2023-10-30T14:20:30.017+0000] {python.py:194} INFO - Done. Returned value was: None
[2023-10-30T14:20:30.026+0000] {taskinstance.py:1400} INFO - Marking task as SUCCESS. dag_id=our_dag_with_python_operator_v5, task_id=first_task, execution_date=20211211T000000, start_date=20231030T142029, end_date=20231030T142030
[2023-10-30T14:20:30.054+0000] {local_task_job_runner.py:228} INFO - Task exited with return code 0
[2023-10-30T14:20:30.072+0000] {taskinstance.py:2778} INFO - 0 downstream tasks scheduled from follow-on schedule check
