[2023-10-29T16:25:05.353+0000] {taskinstance.py:1159} INFO - Dependencies all met for dep_context=non-requeueable deps ti=<TaskInstance: our_dag_with_python_operator_v5.first_task scheduled__2021-12-07T00:00:00+00:00 [queued]>
[2023-10-29T16:25:05.715+0000] {taskinstance.py:1159} INFO - Dependencies all met for dep_context=requeueable deps ti=<TaskInstance: our_dag_with_python_operator_v5.first_task scheduled__2021-12-07T00:00:00+00:00 [queued]>
[2023-10-29T16:25:05.747+0000] {taskinstance.py:1361} INFO - Starting attempt 1 of 6
[2023-10-29T16:25:06.261+0000] {taskinstance.py:1382} INFO - Executing <Task(PythonOperator): first_task> on 2021-12-07 00:00:00+00:00
[2023-10-29T16:25:06.282+0000] {standard_task_runner.py:57} INFO - Started process 9225 to run task
[2023-10-29T16:25:06.339+0000] {standard_task_runner.py:84} INFO - Running: ['***', 'tasks', 'run', 'our_dag_with_python_operator_v5', 'first_task', 'scheduled__2021-12-07T00:00:00+00:00', '--job-id', '2535', '--raw', '--subdir', 'DAGS_FOLDER/create_dag_with_python_operator.py', '--cfg-path', '/tmp/tmpl6ifd4qw']
[2023-10-29T16:25:06.372+0000] {standard_task_runner.py:85} INFO - Job 2535: Subtask first_task
[2023-10-29T16:25:06.657+0000] {task_command.py:416} INFO - Running <TaskInstance: our_dag_with_python_operator_v5.first_task scheduled__2021-12-07T00:00:00+00:00 [running]> on host 9bb87dc64328
[2023-10-29T16:25:07.065+0000] {taskinstance.py:1662} INFO - Exporting env vars: AIRFLOW_CTX_DAG_OWNER='coder3j' AIRFLOW_CTX_DAG_ID='our_dag_with_python_operator_v5' AIRFLOW_CTX_TASK_ID='first_task' AIRFLOW_CTX_EXECUTION_DATE='2021-12-07T00:00:00+00:00' AIRFLOW_CTX_TRY_NUMBER='1' AIRFLOW_CTX_DAG_RUN_ID='scheduled__2021-12-07T00:00:00+00:00'
[2023-10-29T16:25:07.072+0000] {logging_mixin.py:151} INFO - Hello world!
[2023-10-29T16:25:07.074+0000] {python.py:194} INFO - Done. Returned value was: None
[2023-10-29T16:25:07.126+0000] {taskinstance.py:1400} INFO - Marking task as SUCCESS. dag_id=our_dag_with_python_operator_v5, task_id=first_task, execution_date=20211207T000000, start_date=20231029T162505, end_date=20231029T162507
[2023-10-29T16:25:07.314+0000] {local_task_job_runner.py:228} INFO - Task exited with return code 0
[2023-10-29T16:25:07.467+0000] {taskinstance.py:2778} INFO - 0 downstream tasks scheduled from follow-on schedule check
[2023-10-30T14:20:28.453+0000] {taskinstance.py:1159} INFO - Dependencies all met for dep_context=non-requeueable deps ti=<TaskInstance: our_dag_with_python_operator_v5.first_task scheduled__2021-12-07T00:00:00+00:00 [queued]>
[2023-10-30T14:20:28.464+0000] {taskinstance.py:1159} INFO - Dependencies all met for dep_context=requeueable deps ti=<TaskInstance: our_dag_with_python_operator_v5.first_task scheduled__2021-12-07T00:00:00+00:00 [queued]>
[2023-10-30T14:20:28.465+0000] {taskinstance.py:1361} INFO - Starting attempt 1 of 6
[2023-10-30T14:20:28.473+0000] {taskinstance.py:1382} INFO - Executing <Task(PythonOperator): first_task> on 2021-12-07 00:00:00+00:00
[2023-10-30T14:20:28.480+0000] {standard_task_runner.py:57} INFO - Started process 1337 to run task
[2023-10-30T14:20:28.484+0000] {standard_task_runner.py:84} INFO - Running: ['***', 'tasks', 'run', 'our_dag_with_python_operator_v5', 'first_task', 'scheduled__2021-12-07T00:00:00+00:00', '--job-id', '3878', '--raw', '--subdir', 'DAGS_FOLDER/create_dag_with_python_operator.py', '--cfg-path', '/tmp/tmpigh5v7zd']
[2023-10-30T14:20:28.493+0000] {standard_task_runner.py:85} INFO - Job 3878: Subtask first_task
[2023-10-30T14:20:28.542+0000] {task_command.py:416} INFO - Running <TaskInstance: our_dag_with_python_operator_v5.first_task scheduled__2021-12-07T00:00:00+00:00 [running]> on host 9bb87dc64328
[2023-10-30T14:20:28.605+0000] {taskinstance.py:1662} INFO - Exporting env vars: AIRFLOW_CTX_DAG_OWNER='coder3j' AIRFLOW_CTX_DAG_ID='our_dag_with_python_operator_v5' AIRFLOW_CTX_TASK_ID='first_task' AIRFLOW_CTX_EXECUTION_DATE='2021-12-07T00:00:00+00:00' AIRFLOW_CTX_TRY_NUMBER='1' AIRFLOW_CTX_DAG_RUN_ID='scheduled__2021-12-07T00:00:00+00:00'
[2023-10-30T14:20:28.617+0000] {logging_mixin.py:151} INFO - Hello world! name Jerry age: 23
[2023-10-30T14:20:28.618+0000] {python.py:194} INFO - Done. Returned value was: None
[2023-10-30T14:20:28.630+0000] {taskinstance.py:1400} INFO - Marking task as SUCCESS. dag_id=our_dag_with_python_operator_v5, task_id=first_task, execution_date=20211207T000000, start_date=20231030T142028, end_date=20231030T142028
[2023-10-30T14:20:28.657+0000] {local_task_job_runner.py:228} INFO - Task exited with return code 0
[2023-10-30T14:20:28.670+0000] {taskinstance.py:2778} INFO - 0 downstream tasks scheduled from follow-on schedule check
