[2023-10-29T16:25:18.378+0000] {taskinstance.py:1159} INFO - Dependencies all met for dep_context=non-requeueable deps ti=<TaskInstance: our_dag_with_python_operator_v5.first_task scheduled__2021-12-31T00:00:00+00:00 [queued]>
[2023-10-29T16:25:18.396+0000] {taskinstance.py:1159} INFO - Dependencies all met for dep_context=requeueable deps ti=<TaskInstance: our_dag_with_python_operator_v5.first_task scheduled__2021-12-31T00:00:00+00:00 [queued]>
[2023-10-29T16:25:18.398+0000] {taskinstance.py:1361} INFO - Starting attempt 1 of 6
[2023-10-29T16:25:18.415+0000] {taskinstance.py:1382} INFO - Executing <Task(PythonOperator): first_task> on 2021-12-31 00:00:00+00:00
[2023-10-29T16:25:18.448+0000] {standard_task_runner.py:57} INFO - Started process 9283 to run task
[2023-10-29T16:25:18.461+0000] {standard_task_runner.py:84} INFO - Running: ['***', 'tasks', 'run', 'our_dag_with_python_operator_v5', 'first_task', 'scheduled__2021-12-31T00:00:00+00:00', '--job-id', '2559', '--raw', '--subdir', 'DAGS_FOLDER/create_dag_with_python_operator.py', '--cfg-path', '/tmp/tmpbbbdqnxo']
[2023-10-29T16:25:18.473+0000] {standard_task_runner.py:85} INFO - Job 2559: Subtask first_task
[2023-10-29T16:25:18.643+0000] {task_command.py:416} INFO - Running <TaskInstance: our_dag_with_python_operator_v5.first_task scheduled__2021-12-31T00:00:00+00:00 [running]> on host 9bb87dc64328
[2023-10-29T16:25:18.968+0000] {taskinstance.py:1662} INFO - Exporting env vars: AIRFLOW_CTX_DAG_OWNER='coder3j' AIRFLOW_CTX_DAG_ID='our_dag_with_python_operator_v5' AIRFLOW_CTX_TASK_ID='first_task' AIRFLOW_CTX_EXECUTION_DATE='2021-12-31T00:00:00+00:00' AIRFLOW_CTX_TRY_NUMBER='1' AIRFLOW_CTX_DAG_RUN_ID='scheduled__2021-12-31T00:00:00+00:00'
[2023-10-29T16:25:18.973+0000] {logging_mixin.py:151} INFO - Hello world!
[2023-10-29T16:25:18.974+0000] {python.py:194} INFO - Done. Returned value was: None
[2023-10-29T16:25:18.990+0000] {taskinstance.py:1400} INFO - Marking task as SUCCESS. dag_id=our_dag_with_python_operator_v5, task_id=first_task, execution_date=20211231T000000, start_date=20231029T162518, end_date=20231029T162518
[2023-10-29T16:25:19.041+0000] {local_task_job_runner.py:228} INFO - Task exited with return code 0
[2023-10-29T16:25:19.067+0000] {taskinstance.py:2778} INFO - 0 downstream tasks scheduled from follow-on schedule check
[2023-10-30T14:20:42.456+0000] {taskinstance.py:1159} INFO - Dependencies all met for dep_context=non-requeueable deps ti=<TaskInstance: our_dag_with_python_operator_v5.first_task scheduled__2021-12-31T00:00:00+00:00 [queued]>
[2023-10-30T14:20:42.463+0000] {taskinstance.py:1159} INFO - Dependencies all met for dep_context=requeueable deps ti=<TaskInstance: our_dag_with_python_operator_v5.first_task scheduled__2021-12-31T00:00:00+00:00 [queued]>
[2023-10-30T14:20:42.463+0000] {taskinstance.py:1361} INFO - Starting attempt 1 of 6
[2023-10-30T14:20:42.474+0000] {taskinstance.py:1382} INFO - Executing <Task(PythonOperator): first_task> on 2021-12-31 00:00:00+00:00
[2023-10-30T14:20:42.480+0000] {standard_task_runner.py:57} INFO - Started process 1437 to run task
[2023-10-30T14:20:42.484+0000] {standard_task_runner.py:84} INFO - Running: ['***', 'tasks', 'run', 'our_dag_with_python_operator_v5', 'first_task', 'scheduled__2021-12-31T00:00:00+00:00', '--job-id', '3923', '--raw', '--subdir', 'DAGS_FOLDER/create_dag_with_python_operator.py', '--cfg-path', '/tmp/tmpozqhe8q0']
[2023-10-30T14:20:42.488+0000] {standard_task_runner.py:85} INFO - Job 3923: Subtask first_task
[2023-10-30T14:20:42.542+0000] {task_command.py:416} INFO - Running <TaskInstance: our_dag_with_python_operator_v5.first_task scheduled__2021-12-31T00:00:00+00:00 [running]> on host 9bb87dc64328
[2023-10-30T14:20:42.602+0000] {taskinstance.py:1662} INFO - Exporting env vars: AIRFLOW_CTX_DAG_OWNER='coder3j' AIRFLOW_CTX_DAG_ID='our_dag_with_python_operator_v5' AIRFLOW_CTX_TASK_ID='first_task' AIRFLOW_CTX_EXECUTION_DATE='2021-12-31T00:00:00+00:00' AIRFLOW_CTX_TRY_NUMBER='1' AIRFLOW_CTX_DAG_RUN_ID='scheduled__2021-12-31T00:00:00+00:00'
[2023-10-30T14:20:42.612+0000] {logging_mixin.py:151} INFO - Hello world! name Jerry age: 23
[2023-10-30T14:20:42.613+0000] {python.py:194} INFO - Done. Returned value was: None
[2023-10-30T14:20:42.621+0000] {taskinstance.py:1400} INFO - Marking task as SUCCESS. dag_id=our_dag_with_python_operator_v5, task_id=first_task, execution_date=20211231T000000, start_date=20231030T142042, end_date=20231030T142042
[2023-10-30T14:20:42.663+0000] {local_task_job_runner.py:228} INFO - Task exited with return code 0
[2023-10-30T14:20:42.677+0000] {taskinstance.py:2778} INFO - 0 downstream tasks scheduled from follow-on schedule check
