[2023-10-29T16:24:40.287+0000] {taskinstance.py:1159} INFO - Dependencies all met for dep_context=non-requeueable deps ti=<TaskInstance: our_dag_with_python_operator_v5.first_task scheduled__2021-10-15T00:00:00+00:00 [queued]>
[2023-10-29T16:24:40.319+0000] {taskinstance.py:1159} INFO - Dependencies all met for dep_context=requeueable deps ti=<TaskInstance: our_dag_with_python_operator_v5.first_task scheduled__2021-10-15T00:00:00+00:00 [queued]>
[2023-10-29T16:24:40.321+0000] {taskinstance.py:1361} INFO - Starting attempt 1 of 6
[2023-10-29T16:24:40.464+0000] {taskinstance.py:1382} INFO - Executing <Task(PythonOperator): first_task> on 2021-10-15 00:00:00+00:00
[2023-10-29T16:24:40.487+0000] {standard_task_runner.py:57} INFO - Started process 9100 to run task
[2023-10-29T16:24:40.543+0000] {standard_task_runner.py:84} INFO - Running: ['***', 'tasks', 'run', 'our_dag_with_python_operator_v5', 'first_task', 'scheduled__2021-10-15T00:00:00+00:00', '--job-id', '2481', '--raw', '--subdir', 'DAGS_FOLDER/create_dag_with_python_operator.py', '--cfg-path', '/tmp/tmpo31p71lx']
[2023-10-29T16:24:40.582+0000] {standard_task_runner.py:85} INFO - Job 2481: Subtask first_task
[2023-10-29T16:24:40.730+0000] {task_command.py:416} INFO - Running <TaskInstance: our_dag_with_python_operator_v5.first_task scheduled__2021-10-15T00:00:00+00:00 [running]> on host 9bb87dc64328
[2023-10-29T16:24:40.945+0000] {taskinstance.py:1662} INFO - Exporting env vars: AIRFLOW_CTX_DAG_OWNER='coder3j' AIRFLOW_CTX_DAG_ID='our_dag_with_python_operator_v5' AIRFLOW_CTX_TASK_ID='first_task' AIRFLOW_CTX_EXECUTION_DATE='2021-10-15T00:00:00+00:00' AIRFLOW_CTX_TRY_NUMBER='1' AIRFLOW_CTX_DAG_RUN_ID='scheduled__2021-10-15T00:00:00+00:00'
[2023-10-29T16:24:40.948+0000] {logging_mixin.py:151} INFO - Hello world!
[2023-10-29T16:24:40.950+0000] {python.py:194} INFO - Done. Returned value was: None
[2023-10-29T16:24:40.985+0000] {taskinstance.py:1400} INFO - Marking task as SUCCESS. dag_id=our_dag_with_python_operator_v5, task_id=first_task, execution_date=20211015T000000, start_date=20231029T162440, end_date=20231029T162440
[2023-10-29T16:24:41.020+0000] {local_task_job_runner.py:228} INFO - Task exited with return code 0
[2023-10-29T16:24:41.068+0000] {taskinstance.py:2778} INFO - 0 downstream tasks scheduled from follow-on schedule check
[2023-10-30T14:19:50.237+0000] {taskinstance.py:1159} INFO - Dependencies all met for dep_context=non-requeueable deps ti=<TaskInstance: our_dag_with_python_operator_v5.first_task scheduled__2021-10-15T00:00:00+00:00 [queued]>
[2023-10-30T14:19:50.246+0000] {taskinstance.py:1159} INFO - Dependencies all met for dep_context=requeueable deps ti=<TaskInstance: our_dag_with_python_operator_v5.first_task scheduled__2021-10-15T00:00:00+00:00 [queued]>
[2023-10-30T14:19:50.247+0000] {taskinstance.py:1361} INFO - Starting attempt 1 of 6
[2023-10-30T14:19:50.262+0000] {taskinstance.py:1382} INFO - Executing <Task(PythonOperator): first_task> on 2021-10-15 00:00:00+00:00
[2023-10-30T14:19:50.268+0000] {standard_task_runner.py:57} INFO - Started process 1102 to run task
[2023-10-30T14:19:50.272+0000] {standard_task_runner.py:84} INFO - Running: ['***', 'tasks', 'run', 'our_dag_with_python_operator_v5', 'first_task', 'scheduled__2021-10-15T00:00:00+00:00', '--job-id', '3769', '--raw', '--subdir', 'DAGS_FOLDER/create_dag_with_python_operator.py', '--cfg-path', '/tmp/tmpxlkyomzk']
[2023-10-30T14:19:50.275+0000] {standard_task_runner.py:85} INFO - Job 3769: Subtask first_task
[2023-10-30T14:19:50.323+0000] {task_command.py:416} INFO - Running <TaskInstance: our_dag_with_python_operator_v5.first_task scheduled__2021-10-15T00:00:00+00:00 [running]> on host 9bb87dc64328
[2023-10-30T14:19:50.397+0000] {taskinstance.py:1662} INFO - Exporting env vars: AIRFLOW_CTX_DAG_OWNER='coder3j' AIRFLOW_CTX_DAG_ID='our_dag_with_python_operator_v5' AIRFLOW_CTX_TASK_ID='first_task' AIRFLOW_CTX_EXECUTION_DATE='2021-10-15T00:00:00+00:00' AIRFLOW_CTX_TRY_NUMBER='1' AIRFLOW_CTX_DAG_RUN_ID='scheduled__2021-10-15T00:00:00+00:00'
[2023-10-30T14:19:50.408+0000] {logging_mixin.py:151} INFO - Hello world! name Jerry age: 23
[2023-10-30T14:19:50.410+0000] {python.py:194} INFO - Done. Returned value was: None
[2023-10-30T14:19:50.420+0000] {taskinstance.py:1400} INFO - Marking task as SUCCESS. dag_id=our_dag_with_python_operator_v5, task_id=first_task, execution_date=20211015T000000, start_date=20231030T141950, end_date=20231030T141950
[2023-10-30T14:19:50.444+0000] {local_task_job_runner.py:228} INFO - Task exited with return code 0
[2023-10-30T14:19:50.459+0000] {taskinstance.py:2778} INFO - 0 downstream tasks scheduled from follow-on schedule check
