[2023-10-29T16:25:10.556+0000] {taskinstance.py:1159} INFO - Dependencies all met for dep_context=non-requeueable deps ti=<TaskInstance: our_dag_with_python_operator_v5.first_task scheduled__2021-12-18T00:00:00+00:00 [queued]>
[2023-10-29T16:25:10.601+0000] {taskinstance.py:1159} INFO - Dependencies all met for dep_context=requeueable deps ti=<TaskInstance: our_dag_with_python_operator_v5.first_task scheduled__2021-12-18T00:00:00+00:00 [queued]>
[2023-10-29T16:25:10.616+0000] {taskinstance.py:1361} INFO - Starting attempt 1 of 6
[2023-10-29T16:25:10.741+0000] {taskinstance.py:1382} INFO - Executing <Task(PythonOperator): first_task> on 2021-12-18 00:00:00+00:00
[2023-10-29T16:25:10.749+0000] {standard_task_runner.py:57} INFO - Started process 9248 to run task
[2023-10-29T16:25:10.774+0000] {standard_task_runner.py:84} INFO - Running: ['***', 'tasks', 'run', 'our_dag_with_python_operator_v5', 'first_task', 'scheduled__2021-12-18T00:00:00+00:00', '--job-id', '2546', '--raw', '--subdir', 'DAGS_FOLDER/create_dag_with_python_operator.py', '--cfg-path', '/tmp/tmp4o0idh_s']
[2023-10-29T16:25:10.812+0000] {standard_task_runner.py:85} INFO - Job 2546: Subtask first_task
[2023-10-29T16:25:10.989+0000] {task_command.py:416} INFO - Running <TaskInstance: our_dag_with_python_operator_v5.first_task scheduled__2021-12-18T00:00:00+00:00 [running]> on host 9bb87dc64328
[2023-10-29T16:25:11.311+0000] {taskinstance.py:1662} INFO - Exporting env vars: AIRFLOW_CTX_DAG_OWNER='coder3j' AIRFLOW_CTX_DAG_ID='our_dag_with_python_operator_v5' AIRFLOW_CTX_TASK_ID='first_task' AIRFLOW_CTX_EXECUTION_DATE='2021-12-18T00:00:00+00:00' AIRFLOW_CTX_TRY_NUMBER='1' AIRFLOW_CTX_DAG_RUN_ID='scheduled__2021-12-18T00:00:00+00:00'
[2023-10-29T16:25:11.313+0000] {logging_mixin.py:151} INFO - Hello world!
[2023-10-29T16:25:11.314+0000] {python.py:194} INFO - Done. Returned value was: None
[2023-10-29T16:25:11.377+0000] {taskinstance.py:1400} INFO - Marking task as SUCCESS. dag_id=our_dag_with_python_operator_v5, task_id=first_task, execution_date=20211218T000000, start_date=20231029T162510, end_date=20231029T162511
[2023-10-29T16:25:11.510+0000] {local_task_job_runner.py:228} INFO - Task exited with return code 0
[2023-10-29T16:25:11.572+0000] {taskinstance.py:2778} INFO - 0 downstream tasks scheduled from follow-on schedule check
[2023-10-30T14:20:36.602+0000] {taskinstance.py:1159} INFO - Dependencies all met for dep_context=non-requeueable deps ti=<TaskInstance: our_dag_with_python_operator_v5.first_task scheduled__2021-12-18T00:00:00+00:00 [queued]>
[2023-10-30T14:20:36.608+0000] {taskinstance.py:1159} INFO - Dependencies all met for dep_context=requeueable deps ti=<TaskInstance: our_dag_with_python_operator_v5.first_task scheduled__2021-12-18T00:00:00+00:00 [queued]>
[2023-10-30T14:20:36.608+0000] {taskinstance.py:1361} INFO - Starting attempt 1 of 6
[2023-10-30T14:20:36.619+0000] {taskinstance.py:1382} INFO - Executing <Task(PythonOperator): first_task> on 2021-12-18 00:00:00+00:00
[2023-10-30T14:20:36.623+0000] {standard_task_runner.py:57} INFO - Started process 1383 to run task
[2023-10-30T14:20:36.629+0000] {standard_task_runner.py:84} INFO - Running: ['***', 'tasks', 'run', 'our_dag_with_python_operator_v5', 'first_task', 'scheduled__2021-12-18T00:00:00+00:00', '--job-id', '3901', '--raw', '--subdir', 'DAGS_FOLDER/create_dag_with_python_operator.py', '--cfg-path', '/tmp/tmpgoxwccd4']
[2023-10-30T14:20:36.632+0000] {standard_task_runner.py:85} INFO - Job 3901: Subtask first_task
[2023-10-30T14:20:36.689+0000] {task_command.py:416} INFO - Running <TaskInstance: our_dag_with_python_operator_v5.first_task scheduled__2021-12-18T00:00:00+00:00 [running]> on host 9bb87dc64328
[2023-10-30T14:20:36.762+0000] {taskinstance.py:1662} INFO - Exporting env vars: AIRFLOW_CTX_DAG_OWNER='coder3j' AIRFLOW_CTX_DAG_ID='our_dag_with_python_operator_v5' AIRFLOW_CTX_TASK_ID='first_task' AIRFLOW_CTX_EXECUTION_DATE='2021-12-18T00:00:00+00:00' AIRFLOW_CTX_TRY_NUMBER='1' AIRFLOW_CTX_DAG_RUN_ID='scheduled__2021-12-18T00:00:00+00:00'
[2023-10-30T14:20:36.778+0000] {logging_mixin.py:151} INFO - Hello world! name Jerry age: 23
[2023-10-30T14:20:36.779+0000] {python.py:194} INFO - Done. Returned value was: None
[2023-10-30T14:20:36.792+0000] {taskinstance.py:1400} INFO - Marking task as SUCCESS. dag_id=our_dag_with_python_operator_v5, task_id=first_task, execution_date=20211218T000000, start_date=20231030T142036, end_date=20231030T142036
[2023-10-30T14:20:36.844+0000] {local_task_job_runner.py:228} INFO - Task exited with return code 0
[2023-10-30T14:20:36.871+0000] {taskinstance.py:2778} INFO - 0 downstream tasks scheduled from follow-on schedule check
