[2023-10-29T16:24:43.685+0000] {taskinstance.py:1159} INFO - Dependencies all met for dep_context=non-requeueable deps ti=<TaskInstance: our_dag_with_python_operator_v5.first_task scheduled__2021-10-18T00:00:00+00:00 [queued]>
[2023-10-29T16:24:43.742+0000] {taskinstance.py:1159} INFO - Dependencies all met for dep_context=requeueable deps ti=<TaskInstance: our_dag_with_python_operator_v5.first_task scheduled__2021-10-18T00:00:00+00:00 [queued]>
[2023-10-29T16:24:43.748+0000] {taskinstance.py:1361} INFO - Starting attempt 1 of 6
[2023-10-29T16:24:43.797+0000] {taskinstance.py:1382} INFO - Executing <Task(PythonOperator): first_task> on 2021-10-18 00:00:00+00:00
[2023-10-29T16:24:43.811+0000] {standard_task_runner.py:57} INFO - Started process 9116 to run task
[2023-10-29T16:24:43.852+0000] {standard_task_runner.py:84} INFO - Running: ['***', 'tasks', 'run', 'our_dag_with_python_operator_v5', 'first_task', 'scheduled__2021-10-18T00:00:00+00:00', '--job-id', '2486', '--raw', '--subdir', 'DAGS_FOLDER/create_dag_with_python_operator.py', '--cfg-path', '/tmp/tmp7gctuxqp']
[2023-10-29T16:24:43.872+0000] {standard_task_runner.py:85} INFO - Job 2486: Subtask first_task
[2023-10-29T16:24:44.015+0000] {task_command.py:416} INFO - Running <TaskInstance: our_dag_with_python_operator_v5.first_task scheduled__2021-10-18T00:00:00+00:00 [running]> on host 9bb87dc64328
[2023-10-29T16:24:44.301+0000] {taskinstance.py:1662} INFO - Exporting env vars: AIRFLOW_CTX_DAG_OWNER='coder3j' AIRFLOW_CTX_DAG_ID='our_dag_with_python_operator_v5' AIRFLOW_CTX_TASK_ID='first_task' AIRFLOW_CTX_EXECUTION_DATE='2021-10-18T00:00:00+00:00' AIRFLOW_CTX_TRY_NUMBER='1' AIRFLOW_CTX_DAG_RUN_ID='scheduled__2021-10-18T00:00:00+00:00'
[2023-10-29T16:24:44.305+0000] {logging_mixin.py:151} INFO - Hello world!
[2023-10-29T16:24:44.307+0000] {python.py:194} INFO - Done. Returned value was: None
[2023-10-29T16:24:44.346+0000] {taskinstance.py:1400} INFO - Marking task as SUCCESS. dag_id=our_dag_with_python_operator_v5, task_id=first_task, execution_date=20211018T000000, start_date=20231029T162443, end_date=20231029T162444
[2023-10-29T16:24:44.419+0000] {local_task_job_runner.py:228} INFO - Task exited with return code 0
[2023-10-29T16:24:44.537+0000] {taskinstance.py:2778} INFO - 0 downstream tasks scheduled from follow-on schedule check
[2023-10-30T14:19:54.290+0000] {taskinstance.py:1159} INFO - Dependencies all met for dep_context=non-requeueable deps ti=<TaskInstance: our_dag_with_python_operator_v5.first_task scheduled__2021-10-18T00:00:00+00:00 [queued]>
[2023-10-30T14:19:54.314+0000] {taskinstance.py:1159} INFO - Dependencies all met for dep_context=requeueable deps ti=<TaskInstance: our_dag_with_python_operator_v5.first_task scheduled__2021-10-18T00:00:00+00:00 [queued]>
[2023-10-30T14:19:54.317+0000] {taskinstance.py:1361} INFO - Starting attempt 1 of 6
[2023-10-30T14:19:54.357+0000] {taskinstance.py:1382} INFO - Executing <Task(PythonOperator): first_task> on 2021-10-18 00:00:00+00:00
[2023-10-30T14:19:54.367+0000] {standard_task_runner.py:57} INFO - Started process 1118 to run task
[2023-10-30T14:19:54.375+0000] {standard_task_runner.py:84} INFO - Running: ['***', 'tasks', 'run', 'our_dag_with_python_operator_v5', 'first_task', 'scheduled__2021-10-18T00:00:00+00:00', '--job-id', '3777', '--raw', '--subdir', 'DAGS_FOLDER/create_dag_with_python_operator.py', '--cfg-path', '/tmp/tmp91ik8eb8']
[2023-10-30T14:19:54.380+0000] {standard_task_runner.py:85} INFO - Job 3777: Subtask first_task
[2023-10-30T14:19:54.470+0000] {task_command.py:416} INFO - Running <TaskInstance: our_dag_with_python_operator_v5.first_task scheduled__2021-10-18T00:00:00+00:00 [running]> on host 9bb87dc64328
[2023-10-30T14:19:54.911+0000] {taskinstance.py:1662} INFO - Exporting env vars: AIRFLOW_CTX_DAG_OWNER='coder3j' AIRFLOW_CTX_DAG_ID='our_dag_with_python_operator_v5' AIRFLOW_CTX_TASK_ID='first_task' AIRFLOW_CTX_EXECUTION_DATE='2021-10-18T00:00:00+00:00' AIRFLOW_CTX_TRY_NUMBER='1' AIRFLOW_CTX_DAG_RUN_ID='scheduled__2021-10-18T00:00:00+00:00'
[2023-10-30T14:19:54.949+0000] {logging_mixin.py:151} INFO - Hello world! name Jerry age: 23
[2023-10-30T14:19:54.954+0000] {python.py:194} INFO - Done. Returned value was: None
[2023-10-30T14:19:54.973+0000] {taskinstance.py:1400} INFO - Marking task as SUCCESS. dag_id=our_dag_with_python_operator_v5, task_id=first_task, execution_date=20211018T000000, start_date=20231030T141954, end_date=20231030T141954
[2023-10-30T14:19:55.059+0000] {local_task_job_runner.py:228} INFO - Task exited with return code 0
[2023-10-30T14:19:55.245+0000] {taskinstance.py:2778} INFO - 0 downstream tasks scheduled from follow-on schedule check
