[2023-10-29T16:25:10.800+0000] {taskinstance.py:1159} INFO - Dependencies all met for dep_context=non-requeueable deps ti=<TaskInstance: our_dag_with_python_operator_v5.first_task scheduled__2021-12-20T00:00:00+00:00 [queued]>
[2023-10-29T16:25:10.829+0000] {taskinstance.py:1159} INFO - Dependencies all met for dep_context=requeueable deps ti=<TaskInstance: our_dag_with_python_operator_v5.first_task scheduled__2021-12-20T00:00:00+00:00 [queued]>
[2023-10-29T16:25:10.834+0000] {taskinstance.py:1361} INFO - Starting attempt 1 of 6
[2023-10-29T16:25:10.905+0000] {taskinstance.py:1382} INFO - Executing <Task(PythonOperator): first_task> on 2021-12-20 00:00:00+00:00
[2023-10-29T16:25:10.917+0000] {standard_task_runner.py:57} INFO - Started process 9250 to run task
[2023-10-29T16:25:10.948+0000] {standard_task_runner.py:84} INFO - Running: ['***', 'tasks', 'run', 'our_dag_with_python_operator_v5', 'first_task', 'scheduled__2021-12-20T00:00:00+00:00', '--job-id', '2548', '--raw', '--subdir', 'DAGS_FOLDER/create_dag_with_python_operator.py', '--cfg-path', '/tmp/tmpdhny3dlm']
[2023-10-29T16:25:10.961+0000] {standard_task_runner.py:85} INFO - Job 2548: Subtask first_task
[2023-10-29T16:25:11.245+0000] {task_command.py:416} INFO - Running <TaskInstance: our_dag_with_python_operator_v5.first_task scheduled__2021-12-20T00:00:00+00:00 [running]> on host 9bb87dc64328
[2023-10-29T16:25:11.466+0000] {taskinstance.py:1662} INFO - Exporting env vars: AIRFLOW_CTX_DAG_OWNER='coder3j' AIRFLOW_CTX_DAG_ID='our_dag_with_python_operator_v5' AIRFLOW_CTX_TASK_ID='first_task' AIRFLOW_CTX_EXECUTION_DATE='2021-12-20T00:00:00+00:00' AIRFLOW_CTX_TRY_NUMBER='1' AIRFLOW_CTX_DAG_RUN_ID='scheduled__2021-12-20T00:00:00+00:00'
[2023-10-29T16:25:11.471+0000] {logging_mixin.py:151} INFO - Hello world!
[2023-10-29T16:25:11.473+0000] {python.py:194} INFO - Done. Returned value was: None
[2023-10-29T16:25:11.496+0000] {taskinstance.py:1400} INFO - Marking task as SUCCESS. dag_id=our_dag_with_python_operator_v5, task_id=first_task, execution_date=20211220T000000, start_date=20231029T162510, end_date=20231029T162511
[2023-10-29T16:25:11.568+0000] {local_task_job_runner.py:228} INFO - Task exited with return code 0
[2023-10-29T16:25:11.609+0000] {taskinstance.py:2778} INFO - 0 downstream tasks scheduled from follow-on schedule check
[2023-10-30T14:20:36.564+0000] {taskinstance.py:1159} INFO - Dependencies all met for dep_context=non-requeueable deps ti=<TaskInstance: our_dag_with_python_operator_v5.first_task scheduled__2021-12-20T00:00:00+00:00 [queued]>
[2023-10-30T14:20:36.570+0000] {taskinstance.py:1159} INFO - Dependencies all met for dep_context=requeueable deps ti=<TaskInstance: our_dag_with_python_operator_v5.first_task scheduled__2021-12-20T00:00:00+00:00 [queued]>
[2023-10-30T14:20:36.570+0000] {taskinstance.py:1361} INFO - Starting attempt 1 of 6
[2023-10-30T14:20:36.580+0000] {taskinstance.py:1382} INFO - Executing <Task(PythonOperator): first_task> on 2021-12-20 00:00:00+00:00
[2023-10-30T14:20:36.589+0000] {standard_task_runner.py:57} INFO - Started process 1381 to run task
[2023-10-30T14:20:36.596+0000] {standard_task_runner.py:84} INFO - Running: ['***', 'tasks', 'run', 'our_dag_with_python_operator_v5', 'first_task', 'scheduled__2021-12-20T00:00:00+00:00', '--job-id', '3898', '--raw', '--subdir', 'DAGS_FOLDER/create_dag_with_python_operator.py', '--cfg-path', '/tmp/tmpg_lqjp9f']
[2023-10-30T14:20:36.599+0000] {standard_task_runner.py:85} INFO - Job 3898: Subtask first_task
[2023-10-30T14:20:36.661+0000] {task_command.py:416} INFO - Running <TaskInstance: our_dag_with_python_operator_v5.first_task scheduled__2021-12-20T00:00:00+00:00 [running]> on host 9bb87dc64328
[2023-10-30T14:20:36.740+0000] {taskinstance.py:1662} INFO - Exporting env vars: AIRFLOW_CTX_DAG_OWNER='coder3j' AIRFLOW_CTX_DAG_ID='our_dag_with_python_operator_v5' AIRFLOW_CTX_TASK_ID='first_task' AIRFLOW_CTX_EXECUTION_DATE='2021-12-20T00:00:00+00:00' AIRFLOW_CTX_TRY_NUMBER='1' AIRFLOW_CTX_DAG_RUN_ID='scheduled__2021-12-20T00:00:00+00:00'
[2023-10-30T14:20:36.753+0000] {logging_mixin.py:151} INFO - Hello world! name Jerry age: 23
[2023-10-30T14:20:36.754+0000] {python.py:194} INFO - Done. Returned value was: None
[2023-10-30T14:20:36.762+0000] {taskinstance.py:1400} INFO - Marking task as SUCCESS. dag_id=our_dag_with_python_operator_v5, task_id=first_task, execution_date=20211220T000000, start_date=20231030T142036, end_date=20231030T142036
[2023-10-30T14:20:36.807+0000] {local_task_job_runner.py:228} INFO - Task exited with return code 0
[2023-10-30T14:20:36.830+0000] {taskinstance.py:2778} INFO - 0 downstream tasks scheduled from follow-on schedule check
