[2023-10-29T16:25:02.527+0000] {taskinstance.py:1159} INFO - Dependencies all met for dep_context=non-requeueable deps ti=<TaskInstance: our_dag_with_python_operator_v5.first_task scheduled__2021-12-01T00:00:00+00:00 [queued]>
[2023-10-29T16:25:02.582+0000] {taskinstance.py:1159} INFO - Dependencies all met for dep_context=requeueable deps ti=<TaskInstance: our_dag_with_python_operator_v5.first_task scheduled__2021-12-01T00:00:00+00:00 [queued]>
[2023-10-29T16:25:02.583+0000] {taskinstance.py:1361} INFO - Starting attempt 1 of 6
[2023-10-29T16:25:02.646+0000] {taskinstance.py:1382} INFO - Executing <Task(PythonOperator): first_task> on 2021-12-01 00:00:00+00:00
[2023-10-29T16:25:02.681+0000] {standard_task_runner.py:57} INFO - Started process 9212 to run task
[2023-10-29T16:25:02.699+0000] {standard_task_runner.py:84} INFO - Running: ['***', 'tasks', 'run', 'our_dag_with_python_operator_v5', 'first_task', 'scheduled__2021-12-01T00:00:00+00:00', '--job-id', '2529', '--raw', '--subdir', 'DAGS_FOLDER/create_dag_with_python_operator.py', '--cfg-path', '/tmp/tmpa007ifjl']
[2023-10-29T16:25:02.703+0000] {standard_task_runner.py:85} INFO - Job 2529: Subtask first_task
[2023-10-29T16:25:02.825+0000] {task_command.py:416} INFO - Running <TaskInstance: our_dag_with_python_operator_v5.first_task scheduled__2021-12-01T00:00:00+00:00 [running]> on host 9bb87dc64328
[2023-10-29T16:25:02.966+0000] {taskinstance.py:1662} INFO - Exporting env vars: AIRFLOW_CTX_DAG_OWNER='coder3j' AIRFLOW_CTX_DAG_ID='our_dag_with_python_operator_v5' AIRFLOW_CTX_TASK_ID='first_task' AIRFLOW_CTX_EXECUTION_DATE='2021-12-01T00:00:00+00:00' AIRFLOW_CTX_TRY_NUMBER='1' AIRFLOW_CTX_DAG_RUN_ID='scheduled__2021-12-01T00:00:00+00:00'
[2023-10-29T16:25:02.968+0000] {logging_mixin.py:151} INFO - Hello world!
[2023-10-29T16:25:02.969+0000] {python.py:194} INFO - Done. Returned value was: None
[2023-10-29T16:25:02.984+0000] {taskinstance.py:1400} INFO - Marking task as SUCCESS. dag_id=our_dag_with_python_operator_v5, task_id=first_task, execution_date=20211201T000000, start_date=20231029T162502, end_date=20231029T162502
[2023-10-29T16:25:03.075+0000] {local_task_job_runner.py:228} INFO - Task exited with return code 0
[2023-10-29T16:25:03.095+0000] {taskinstance.py:2778} INFO - 0 downstream tasks scheduled from follow-on schedule check
[2023-10-30T14:20:23.521+0000] {taskinstance.py:1159} INFO - Dependencies all met for dep_context=non-requeueable deps ti=<TaskInstance: our_dag_with_python_operator_v5.first_task scheduled__2021-12-01T00:00:00+00:00 [queued]>
[2023-10-30T14:20:23.532+0000] {taskinstance.py:1159} INFO - Dependencies all met for dep_context=requeueable deps ti=<TaskInstance: our_dag_with_python_operator_v5.first_task scheduled__2021-12-01T00:00:00+00:00 [queued]>
[2023-10-30T14:20:23.546+0000] {taskinstance.py:1361} INFO - Starting attempt 1 of 6
[2023-10-30T14:20:23.567+0000] {taskinstance.py:1382} INFO - Executing <Task(PythonOperator): first_task> on 2021-12-01 00:00:00+00:00
[2023-10-30T14:20:23.575+0000] {standard_task_runner.py:57} INFO - Started process 1313 to run task
[2023-10-30T14:20:23.583+0000] {standard_task_runner.py:84} INFO - Running: ['***', 'tasks', 'run', 'our_dag_with_python_operator_v5', 'first_task', 'scheduled__2021-12-01T00:00:00+00:00', '--job-id', '3865', '--raw', '--subdir', 'DAGS_FOLDER/create_dag_with_python_operator.py', '--cfg-path', '/tmp/tmpzxixfnph']
[2023-10-30T14:20:23.591+0000] {standard_task_runner.py:85} INFO - Job 3865: Subtask first_task
[2023-10-30T14:20:23.689+0000] {task_command.py:416} INFO - Running <TaskInstance: our_dag_with_python_operator_v5.first_task scheduled__2021-12-01T00:00:00+00:00 [running]> on host 9bb87dc64328
[2023-10-30T14:20:23.840+0000] {taskinstance.py:1662} INFO - Exporting env vars: AIRFLOW_CTX_DAG_OWNER='coder3j' AIRFLOW_CTX_DAG_ID='our_dag_with_python_operator_v5' AIRFLOW_CTX_TASK_ID='first_task' AIRFLOW_CTX_EXECUTION_DATE='2021-12-01T00:00:00+00:00' AIRFLOW_CTX_TRY_NUMBER='1' AIRFLOW_CTX_DAG_RUN_ID='scheduled__2021-12-01T00:00:00+00:00'
[2023-10-30T14:20:23.864+0000] {logging_mixin.py:151} INFO - Hello world! name Jerry age: 23
[2023-10-30T14:20:23.871+0000] {python.py:194} INFO - Done. Returned value was: None
[2023-10-30T14:20:23.885+0000] {taskinstance.py:1400} INFO - Marking task as SUCCESS. dag_id=our_dag_with_python_operator_v5, task_id=first_task, execution_date=20211201T000000, start_date=20231030T142023, end_date=20231030T142023
[2023-10-30T14:20:23.964+0000] {local_task_job_runner.py:228} INFO - Task exited with return code 0
[2023-10-30T14:20:23.983+0000] {taskinstance.py:2778} INFO - 0 downstream tasks scheduled from follow-on schedule check
