[2023-10-29T16:24:49.160+0000] {taskinstance.py:1159} INFO - Dependencies all met for dep_context=non-requeueable deps ti=<TaskInstance: our_dag_with_python_operator_v5.first_task scheduled__2021-10-30T00:00:00+00:00 [queued]>
[2023-10-29T16:24:49.191+0000] {taskinstance.py:1159} INFO - Dependencies all met for dep_context=requeueable deps ti=<TaskInstance: our_dag_with_python_operator_v5.first_task scheduled__2021-10-30T00:00:00+00:00 [queued]>
[2023-10-29T16:24:49.199+0000] {taskinstance.py:1361} INFO - Starting attempt 1 of 6
[2023-10-29T16:24:49.349+0000] {taskinstance.py:1382} INFO - Executing <Task(PythonOperator): first_task> on 2021-10-30 00:00:00+00:00
[2023-10-29T16:24:49.372+0000] {standard_task_runner.py:57} INFO - Started process 9141 to run task
[2023-10-29T16:24:49.408+0000] {standard_task_runner.py:84} INFO - Running: ['***', 'tasks', 'run', 'our_dag_with_python_operator_v5', 'first_task', 'scheduled__2021-10-30T00:00:00+00:00', '--job-id', '2497', '--raw', '--subdir', 'DAGS_FOLDER/create_dag_with_python_operator.py', '--cfg-path', '/tmp/tmptrfw8e5m']
[2023-10-29T16:24:49.421+0000] {standard_task_runner.py:85} INFO - Job 2497: Subtask first_task
[2023-10-29T16:24:49.670+0000] {task_command.py:416} INFO - Running <TaskInstance: our_dag_with_python_operator_v5.first_task scheduled__2021-10-30T00:00:00+00:00 [running]> on host 9bb87dc64328
[2023-10-29T16:24:50.043+0000] {taskinstance.py:1662} INFO - Exporting env vars: AIRFLOW_CTX_DAG_OWNER='coder3j' AIRFLOW_CTX_DAG_ID='our_dag_with_python_operator_v5' AIRFLOW_CTX_TASK_ID='first_task' AIRFLOW_CTX_EXECUTION_DATE='2021-10-30T00:00:00+00:00' AIRFLOW_CTX_TRY_NUMBER='1' AIRFLOW_CTX_DAG_RUN_ID='scheduled__2021-10-30T00:00:00+00:00'
[2023-10-29T16:24:50.050+0000] {logging_mixin.py:151} INFO - Hello world!
[2023-10-29T16:24:50.055+0000] {python.py:194} INFO - Done. Returned value was: None
[2023-10-29T16:24:50.102+0000] {taskinstance.py:1400} INFO - Marking task as SUCCESS. dag_id=our_dag_with_python_operator_v5, task_id=first_task, execution_date=20211030T000000, start_date=20231029T162449, end_date=20231029T162450
[2023-10-29T16:24:50.315+0000] {local_task_job_runner.py:228} INFO - Task exited with return code 0
[2023-10-29T16:24:50.412+0000] {taskinstance.py:2778} INFO - 0 downstream tasks scheduled from follow-on schedule check
[2023-10-30T14:20:03.274+0000] {taskinstance.py:1159} INFO - Dependencies all met for dep_context=non-requeueable deps ti=<TaskInstance: our_dag_with_python_operator_v5.first_task scheduled__2021-10-30T00:00:00+00:00 [queued]>
[2023-10-30T14:20:03.301+0000] {taskinstance.py:1159} INFO - Dependencies all met for dep_context=requeueable deps ti=<TaskInstance: our_dag_with_python_operator_v5.first_task scheduled__2021-10-30T00:00:00+00:00 [queued]>
[2023-10-30T14:20:03.304+0000] {taskinstance.py:1361} INFO - Starting attempt 1 of 6
[2023-10-30T14:20:03.445+0000] {taskinstance.py:1382} INFO - Executing <Task(PythonOperator): first_task> on 2021-10-30 00:00:00+00:00
[2023-10-30T14:20:03.539+0000] {standard_task_runner.py:57} INFO - Started process 1167 to run task
[2023-10-30T14:20:03.607+0000] {standard_task_runner.py:84} INFO - Running: ['***', 'tasks', 'run', 'our_dag_with_python_operator_v5', 'first_task', 'scheduled__2021-10-30T00:00:00+00:00', '--job-id', '3801', '--raw', '--subdir', 'DAGS_FOLDER/create_dag_with_python_operator.py', '--cfg-path', '/tmp/tmp1agfbixw']
[2023-10-30T14:20:03.638+0000] {standard_task_runner.py:85} INFO - Job 3801: Subtask first_task
[2023-10-30T14:20:04.386+0000] {task_command.py:416} INFO - Running <TaskInstance: our_dag_with_python_operator_v5.first_task scheduled__2021-10-30T00:00:00+00:00 [running]> on host 9bb87dc64328
[2023-10-30T14:20:04.622+0000] {taskinstance.py:1662} INFO - Exporting env vars: AIRFLOW_CTX_DAG_OWNER='coder3j' AIRFLOW_CTX_DAG_ID='our_dag_with_python_operator_v5' AIRFLOW_CTX_TASK_ID='first_task' AIRFLOW_CTX_EXECUTION_DATE='2021-10-30T00:00:00+00:00' AIRFLOW_CTX_TRY_NUMBER='1' AIRFLOW_CTX_DAG_RUN_ID='scheduled__2021-10-30T00:00:00+00:00'
[2023-10-30T14:20:04.643+0000] {logging_mixin.py:151} INFO - Hello world! name Jerry age: 23
[2023-10-30T14:20:04.648+0000] {python.py:194} INFO - Done. Returned value was: None
[2023-10-30T14:20:04.663+0000] {taskinstance.py:1400} INFO - Marking task as SUCCESS. dag_id=our_dag_with_python_operator_v5, task_id=first_task, execution_date=20211030T000000, start_date=20231030T142003, end_date=20231030T142004
[2023-10-30T14:20:04.757+0000] {local_task_job_runner.py:228} INFO - Task exited with return code 0
[2023-10-30T14:20:04.964+0000] {taskinstance.py:2778} INFO - 0 downstream tasks scheduled from follow-on schedule check
