[2023-10-29T12:48:27.512+0100] {processor.py:157} INFO - Started process (PID=75746) to work on /Users/aymanehinane/Desktop/Airflow/py_env/lib/python3.11/site-packages/airflow/example_dags/plugins/event_listener.py
[2023-10-29T12:48:27.512+0100] {processor.py:829} INFO - Processing file /Users/aymanehinane/Desktop/Airflow/py_env/lib/python3.11/site-packages/airflow/example_dags/plugins/event_listener.py for tasks to queue
[2023-10-29T12:48:27.512+0100] {logging_mixin.py:151} INFO - [2023-10-29T12:48:27.512+0100] {dagbag.py:539} INFO - Filling up the DagBag from /Users/aymanehinane/Desktop/Airflow/py_env/lib/python3.11/site-packages/airflow/example_dags/plugins/event_listener.py
[2023-10-29T12:48:27.513+0100] {processor.py:841} WARNING - No viable dags retrieved from /Users/aymanehinane/Desktop/Airflow/py_env/lib/python3.11/site-packages/airflow/example_dags/plugins/event_listener.py
[2023-10-29T12:48:27.565+0100] {processor.py:179} INFO - Processing /Users/aymanehinane/Desktop/Airflow/py_env/lib/python3.11/site-packages/airflow/example_dags/plugins/event_listener.py took 0.054 seconds
[2023-10-29T12:49:53.269+0100] {processor.py:157} INFO - Started process (PID=75894) to work on /Users/aymanehinane/Desktop/Airflow/py_env/lib/python3.11/site-packages/airflow/example_dags/plugins/event_listener.py
[2023-10-29T12:49:53.270+0100] {processor.py:829} INFO - Processing file /Users/aymanehinane/Desktop/Airflow/py_env/lib/python3.11/site-packages/airflow/example_dags/plugins/event_listener.py for tasks to queue
[2023-10-29T12:49:53.270+0100] {logging_mixin.py:151} INFO - [2023-10-29T12:49:53.270+0100] {dagbag.py:539} INFO - Filling up the DagBag from /Users/aymanehinane/Desktop/Airflow/py_env/lib/python3.11/site-packages/airflow/example_dags/plugins/event_listener.py
[2023-10-29T12:49:53.271+0100] {processor.py:841} WARNING - No viable dags retrieved from /Users/aymanehinane/Desktop/Airflow/py_env/lib/python3.11/site-packages/airflow/example_dags/plugins/event_listener.py
[2023-10-29T12:49:53.315+0100] {processor.py:179} INFO - Processing /Users/aymanehinane/Desktop/Airflow/py_env/lib/python3.11/site-packages/airflow/example_dags/plugins/event_listener.py took 0.046 seconds
[2023-10-29T12:50:48.451+0100] {processor.py:157} INFO - Started process (PID=76027) to work on /Users/aymanehinane/Desktop/Airflow/py_env/lib/python3.11/site-packages/airflow/example_dags/plugins/event_listener.py
[2023-10-29T12:50:48.453+0100] {processor.py:829} INFO - Processing file /Users/aymanehinane/Desktop/Airflow/py_env/lib/python3.11/site-packages/airflow/example_dags/plugins/event_listener.py for tasks to queue
[2023-10-29T12:50:48.453+0100] {logging_mixin.py:151} INFO - [2023-10-29T12:50:48.453+0100] {dagbag.py:539} INFO - Filling up the DagBag from /Users/aymanehinane/Desktop/Airflow/py_env/lib/python3.11/site-packages/airflow/example_dags/plugins/event_listener.py
[2023-10-29T12:50:48.453+0100] {processor.py:841} WARNING - No viable dags retrieved from /Users/aymanehinane/Desktop/Airflow/py_env/lib/python3.11/site-packages/airflow/example_dags/plugins/event_listener.py
[2023-10-29T12:50:48.497+0100] {processor.py:179} INFO - Processing /Users/aymanehinane/Desktop/Airflow/py_env/lib/python3.11/site-packages/airflow/example_dags/plugins/event_listener.py took 0.046 seconds
[2023-10-29T12:51:37.740+0100] {processor.py:157} INFO - Started process (PID=76105) to work on /Users/aymanehinane/Desktop/Airflow/py_env/lib/python3.11/site-packages/airflow/example_dags/plugins/event_listener.py
[2023-10-29T12:51:37.741+0100] {processor.py:829} INFO - Processing file /Users/aymanehinane/Desktop/Airflow/py_env/lib/python3.11/site-packages/airflow/example_dags/plugins/event_listener.py for tasks to queue
[2023-10-29T12:51:37.741+0100] {logging_mixin.py:151} INFO - [2023-10-29T12:51:37.741+0100] {dagbag.py:539} INFO - Filling up the DagBag from /Users/aymanehinane/Desktop/Airflow/py_env/lib/python3.11/site-packages/airflow/example_dags/plugins/event_listener.py
[2023-10-29T12:51:37.741+0100] {processor.py:841} WARNING - No viable dags retrieved from /Users/aymanehinane/Desktop/Airflow/py_env/lib/python3.11/site-packages/airflow/example_dags/plugins/event_listener.py
[2023-10-29T12:51:37.784+0100] {processor.py:179} INFO - Processing /Users/aymanehinane/Desktop/Airflow/py_env/lib/python3.11/site-packages/airflow/example_dags/plugins/event_listener.py took 0.044 seconds
[2023-10-29T12:52:22.220+0100] {processor.py:157} INFO - Started process (PID=76183) to work on /Users/aymanehinane/Desktop/Airflow/py_env/lib/python3.11/site-packages/airflow/example_dags/plugins/event_listener.py
[2023-10-29T12:52:22.221+0100] {processor.py:829} INFO - Processing file /Users/aymanehinane/Desktop/Airflow/py_env/lib/python3.11/site-packages/airflow/example_dags/plugins/event_listener.py for tasks to queue
[2023-10-29T12:52:22.221+0100] {logging_mixin.py:151} INFO - [2023-10-29T12:52:22.221+0100] {dagbag.py:539} INFO - Filling up the DagBag from /Users/aymanehinane/Desktop/Airflow/py_env/lib/python3.11/site-packages/airflow/example_dags/plugins/event_listener.py
[2023-10-29T12:52:22.222+0100] {processor.py:841} WARNING - No viable dags retrieved from /Users/aymanehinane/Desktop/Airflow/py_env/lib/python3.11/site-packages/airflow/example_dags/plugins/event_listener.py
[2023-10-29T12:52:22.272+0100] {processor.py:179} INFO - Processing /Users/aymanehinane/Desktop/Airflow/py_env/lib/python3.11/site-packages/airflow/example_dags/plugins/event_listener.py took 0.051 seconds
[2023-10-29T12:53:04.746+0100] {processor.py:157} INFO - Started process (PID=76247) to work on /Users/aymanehinane/Desktop/Airflow/py_env/lib/python3.11/site-packages/airflow/example_dags/plugins/event_listener.py
[2023-10-29T12:53:04.747+0100] {processor.py:829} INFO - Processing file /Users/aymanehinane/Desktop/Airflow/py_env/lib/python3.11/site-packages/airflow/example_dags/plugins/event_listener.py for tasks to queue
[2023-10-29T12:53:04.748+0100] {logging_mixin.py:151} INFO - [2023-10-29T12:53:04.748+0100] {dagbag.py:539} INFO - Filling up the DagBag from /Users/aymanehinane/Desktop/Airflow/py_env/lib/python3.11/site-packages/airflow/example_dags/plugins/event_listener.py
[2023-10-29T12:53:04.748+0100] {processor.py:841} WARNING - No viable dags retrieved from /Users/aymanehinane/Desktop/Airflow/py_env/lib/python3.11/site-packages/airflow/example_dags/plugins/event_listener.py
[2023-10-29T12:53:04.791+0100] {processor.py:179} INFO - Processing /Users/aymanehinane/Desktop/Airflow/py_env/lib/python3.11/site-packages/airflow/example_dags/plugins/event_listener.py took 0.045 seconds
[2023-10-29T12:53:44.820+0100] {processor.py:157} INFO - Started process (PID=76310) to work on /Users/aymanehinane/Desktop/Airflow/py_env/lib/python3.11/site-packages/airflow/example_dags/plugins/event_listener.py
[2023-10-29T12:53:44.821+0100] {processor.py:829} INFO - Processing file /Users/aymanehinane/Desktop/Airflow/py_env/lib/python3.11/site-packages/airflow/example_dags/plugins/event_listener.py for tasks to queue
[2023-10-29T12:53:44.821+0100] {logging_mixin.py:151} INFO - [2023-10-29T12:53:44.821+0100] {dagbag.py:539} INFO - Filling up the DagBag from /Users/aymanehinane/Desktop/Airflow/py_env/lib/python3.11/site-packages/airflow/example_dags/plugins/event_listener.py
[2023-10-29T12:53:44.821+0100] {processor.py:841} WARNING - No viable dags retrieved from /Users/aymanehinane/Desktop/Airflow/py_env/lib/python3.11/site-packages/airflow/example_dags/plugins/event_listener.py
[2023-10-29T12:53:44.864+0100] {processor.py:179} INFO - Processing /Users/aymanehinane/Desktop/Airflow/py_env/lib/python3.11/site-packages/airflow/example_dags/plugins/event_listener.py took 0.044 seconds
[2023-10-29T12:54:25.186+0100] {processor.py:157} INFO - Started process (PID=76371) to work on /Users/aymanehinane/Desktop/Airflow/py_env/lib/python3.11/site-packages/airflow/example_dags/plugins/event_listener.py
[2023-10-29T12:54:25.188+0100] {processor.py:829} INFO - Processing file /Users/aymanehinane/Desktop/Airflow/py_env/lib/python3.11/site-packages/airflow/example_dags/plugins/event_listener.py for tasks to queue
[2023-10-29T12:54:25.188+0100] {logging_mixin.py:151} INFO - [2023-10-29T12:54:25.188+0100] {dagbag.py:539} INFO - Filling up the DagBag from /Users/aymanehinane/Desktop/Airflow/py_env/lib/python3.11/site-packages/airflow/example_dags/plugins/event_listener.py
[2023-10-29T12:54:25.188+0100] {processor.py:841} WARNING - No viable dags retrieved from /Users/aymanehinane/Desktop/Airflow/py_env/lib/python3.11/site-packages/airflow/example_dags/plugins/event_listener.py
[2023-10-29T12:54:25.231+0100] {processor.py:179} INFO - Processing /Users/aymanehinane/Desktop/Airflow/py_env/lib/python3.11/site-packages/airflow/example_dags/plugins/event_listener.py took 0.045 seconds
[2023-10-29T12:55:04.771+0100] {processor.py:157} INFO - Started process (PID=76432) to work on /Users/aymanehinane/Desktop/Airflow/py_env/lib/python3.11/site-packages/airflow/example_dags/plugins/event_listener.py
[2023-10-29T12:55:04.772+0100] {processor.py:829} INFO - Processing file /Users/aymanehinane/Desktop/Airflow/py_env/lib/python3.11/site-packages/airflow/example_dags/plugins/event_listener.py for tasks to queue
[2023-10-29T12:55:04.773+0100] {logging_mixin.py:151} INFO - [2023-10-29T12:55:04.773+0100] {dagbag.py:539} INFO - Filling up the DagBag from /Users/aymanehinane/Desktop/Airflow/py_env/lib/python3.11/site-packages/airflow/example_dags/plugins/event_listener.py
[2023-10-29T12:55:04.773+0100] {processor.py:841} WARNING - No viable dags retrieved from /Users/aymanehinane/Desktop/Airflow/py_env/lib/python3.11/site-packages/airflow/example_dags/plugins/event_listener.py
[2023-10-29T12:55:04.823+0100] {processor.py:179} INFO - Processing /Users/aymanehinane/Desktop/Airflow/py_env/lib/python3.11/site-packages/airflow/example_dags/plugins/event_listener.py took 0.052 seconds
[2023-10-29T12:55:44.947+0100] {processor.py:157} INFO - Started process (PID=76494) to work on /Users/aymanehinane/Desktop/Airflow/py_env/lib/python3.11/site-packages/airflow/example_dags/plugins/event_listener.py
[2023-10-29T12:55:44.948+0100] {processor.py:829} INFO - Processing file /Users/aymanehinane/Desktop/Airflow/py_env/lib/python3.11/site-packages/airflow/example_dags/plugins/event_listener.py for tasks to queue
[2023-10-29T12:55:44.948+0100] {logging_mixin.py:151} INFO - [2023-10-29T12:55:44.948+0100] {dagbag.py:539} INFO - Filling up the DagBag from /Users/aymanehinane/Desktop/Airflow/py_env/lib/python3.11/site-packages/airflow/example_dags/plugins/event_listener.py
[2023-10-29T12:55:44.949+0100] {processor.py:841} WARNING - No viable dags retrieved from /Users/aymanehinane/Desktop/Airflow/py_env/lib/python3.11/site-packages/airflow/example_dags/plugins/event_listener.py
[2023-10-29T12:55:44.991+0100] {processor.py:179} INFO - Processing /Users/aymanehinane/Desktop/Airflow/py_env/lib/python3.11/site-packages/airflow/example_dags/plugins/event_listener.py took 0.044 seconds
[2023-10-29T12:56:26.376+0100] {processor.py:157} INFO - Started process (PID=76557) to work on /Users/aymanehinane/Desktop/Airflow/py_env/lib/python3.11/site-packages/airflow/example_dags/plugins/event_listener.py
[2023-10-29T12:56:26.378+0100] {processor.py:829} INFO - Processing file /Users/aymanehinane/Desktop/Airflow/py_env/lib/python3.11/site-packages/airflow/example_dags/plugins/event_listener.py for tasks to queue
[2023-10-29T12:56:26.378+0100] {logging_mixin.py:151} INFO - [2023-10-29T12:56:26.378+0100] {dagbag.py:539} INFO - Filling up the DagBag from /Users/aymanehinane/Desktop/Airflow/py_env/lib/python3.11/site-packages/airflow/example_dags/plugins/event_listener.py
[2023-10-29T12:56:26.378+0100] {processor.py:841} WARNING - No viable dags retrieved from /Users/aymanehinane/Desktop/Airflow/py_env/lib/python3.11/site-packages/airflow/example_dags/plugins/event_listener.py
[2023-10-29T12:56:26.423+0100] {processor.py:179} INFO - Processing /Users/aymanehinane/Desktop/Airflow/py_env/lib/python3.11/site-packages/airflow/example_dags/plugins/event_listener.py took 0.047 seconds
[2023-10-29T12:57:07.060+0100] {processor.py:157} INFO - Started process (PID=76654) to work on /Users/aymanehinane/Desktop/Airflow/py_env/lib/python3.11/site-packages/airflow/example_dags/plugins/event_listener.py
[2023-10-29T12:57:07.062+0100] {processor.py:829} INFO - Processing file /Users/aymanehinane/Desktop/Airflow/py_env/lib/python3.11/site-packages/airflow/example_dags/plugins/event_listener.py for tasks to queue
[2023-10-29T12:57:07.062+0100] {logging_mixin.py:151} INFO - [2023-10-29T12:57:07.062+0100] {dagbag.py:539} INFO - Filling up the DagBag from /Users/aymanehinane/Desktop/Airflow/py_env/lib/python3.11/site-packages/airflow/example_dags/plugins/event_listener.py
[2023-10-29T12:57:07.062+0100] {processor.py:841} WARNING - No viable dags retrieved from /Users/aymanehinane/Desktop/Airflow/py_env/lib/python3.11/site-packages/airflow/example_dags/plugins/event_listener.py
[2023-10-29T12:57:07.106+0100] {processor.py:179} INFO - Processing /Users/aymanehinane/Desktop/Airflow/py_env/lib/python3.11/site-packages/airflow/example_dags/plugins/event_listener.py took 0.046 seconds
[2023-10-29T12:57:46.841+0100] {processor.py:157} INFO - Started process (PID=76743) to work on /Users/aymanehinane/Desktop/Airflow/py_env/lib/python3.11/site-packages/airflow/example_dags/plugins/event_listener.py
[2023-10-29T12:57:46.842+0100] {processor.py:829} INFO - Processing file /Users/aymanehinane/Desktop/Airflow/py_env/lib/python3.11/site-packages/airflow/example_dags/plugins/event_listener.py for tasks to queue
[2023-10-29T12:57:46.842+0100] {logging_mixin.py:151} INFO - [2023-10-29T12:57:46.842+0100] {dagbag.py:539} INFO - Filling up the DagBag from /Users/aymanehinane/Desktop/Airflow/py_env/lib/python3.11/site-packages/airflow/example_dags/plugins/event_listener.py
[2023-10-29T12:57:46.843+0100] {processor.py:841} WARNING - No viable dags retrieved from /Users/aymanehinane/Desktop/Airflow/py_env/lib/python3.11/site-packages/airflow/example_dags/plugins/event_listener.py
[2023-10-29T12:57:46.888+0100] {processor.py:179} INFO - Processing /Users/aymanehinane/Desktop/Airflow/py_env/lib/python3.11/site-packages/airflow/example_dags/plugins/event_listener.py took 0.047 seconds
[2023-10-29T12:58:26.588+0100] {processor.py:157} INFO - Started process (PID=76813) to work on /Users/aymanehinane/Desktop/Airflow/py_env/lib/python3.11/site-packages/airflow/example_dags/plugins/event_listener.py
[2023-10-29T12:58:26.590+0100] {processor.py:829} INFO - Processing file /Users/aymanehinane/Desktop/Airflow/py_env/lib/python3.11/site-packages/airflow/example_dags/plugins/event_listener.py for tasks to queue
[2023-10-29T12:58:26.591+0100] {logging_mixin.py:151} INFO - [2023-10-29T12:58:26.591+0100] {dagbag.py:539} INFO - Filling up the DagBag from /Users/aymanehinane/Desktop/Airflow/py_env/lib/python3.11/site-packages/airflow/example_dags/plugins/event_listener.py
[2023-10-29T12:58:26.591+0100] {processor.py:841} WARNING - No viable dags retrieved from /Users/aymanehinane/Desktop/Airflow/py_env/lib/python3.11/site-packages/airflow/example_dags/plugins/event_listener.py
[2023-10-29T12:58:26.634+0100] {processor.py:179} INFO - Processing /Users/aymanehinane/Desktop/Airflow/py_env/lib/python3.11/site-packages/airflow/example_dags/plugins/event_listener.py took 0.046 seconds
[2023-10-29T12:59:06.614+0100] {processor.py:157} INFO - Started process (PID=76893) to work on /Users/aymanehinane/Desktop/Airflow/py_env/lib/python3.11/site-packages/airflow/example_dags/plugins/event_listener.py
[2023-10-29T12:59:06.621+0100] {processor.py:829} INFO - Processing file /Users/aymanehinane/Desktop/Airflow/py_env/lib/python3.11/site-packages/airflow/example_dags/plugins/event_listener.py for tasks to queue
[2023-10-29T12:59:06.621+0100] {logging_mixin.py:151} INFO - [2023-10-29T12:59:06.621+0100] {dagbag.py:539} INFO - Filling up the DagBag from /Users/aymanehinane/Desktop/Airflow/py_env/lib/python3.11/site-packages/airflow/example_dags/plugins/event_listener.py
[2023-10-29T12:59:06.623+0100] {processor.py:841} WARNING - No viable dags retrieved from /Users/aymanehinane/Desktop/Airflow/py_env/lib/python3.11/site-packages/airflow/example_dags/plugins/event_listener.py
[2023-10-29T12:59:06.677+0100] {processor.py:179} INFO - Processing /Users/aymanehinane/Desktop/Airflow/py_env/lib/python3.11/site-packages/airflow/example_dags/plugins/event_listener.py took 0.064 seconds
[2023-10-29T12:59:46.087+0100] {processor.py:157} INFO - Started process (PID=76960) to work on /Users/aymanehinane/Desktop/Airflow/py_env/lib/python3.11/site-packages/airflow/example_dags/plugins/event_listener.py
[2023-10-29T12:59:46.088+0100] {processor.py:829} INFO - Processing file /Users/aymanehinane/Desktop/Airflow/py_env/lib/python3.11/site-packages/airflow/example_dags/plugins/event_listener.py for tasks to queue
[2023-10-29T12:59:46.089+0100] {logging_mixin.py:151} INFO - [2023-10-29T12:59:46.089+0100] {dagbag.py:539} INFO - Filling up the DagBag from /Users/aymanehinane/Desktop/Airflow/py_env/lib/python3.11/site-packages/airflow/example_dags/plugins/event_listener.py
[2023-10-29T12:59:46.091+0100] {processor.py:841} WARNING - No viable dags retrieved from /Users/aymanehinane/Desktop/Airflow/py_env/lib/python3.11/site-packages/airflow/example_dags/plugins/event_listener.py
[2023-10-29T12:59:46.141+0100] {processor.py:179} INFO - Processing /Users/aymanehinane/Desktop/Airflow/py_env/lib/python3.11/site-packages/airflow/example_dags/plugins/event_listener.py took 0.054 seconds
