[2023-10-29T12:48:24.454+0100] {processor.py:157} INFO - Started process (PID=75735) to work on /Users/aymanehinane/Desktop/Airflow/py_env/lib/python3.11/site-packages/airflow/example_dags/plugins/workday.py
[2023-10-29T12:48:24.454+0100] {processor.py:829} INFO - Processing file /Users/aymanehinane/Desktop/Airflow/py_env/lib/python3.11/site-packages/airflow/example_dags/plugins/workday.py for tasks to queue
[2023-10-29T12:48:24.454+0100] {logging_mixin.py:151} INFO - [2023-10-29T12:48:24.454+0100] {dagbag.py:539} INFO - Filling up the DagBag from /Users/aymanehinane/Desktop/Airflow/py_env/lib/python3.11/site-packages/airflow/example_dags/plugins/workday.py
[2023-10-29T12:48:24.455+0100] {logging_mixin.py:151} INFO - [2023-10-29T12:48:24.455+0100] {workday.py:36} WARNING - Could not import pandas. Holidays will not be considered.
[2023-10-29T12:48:24.455+0100] {processor.py:841} WARNING - No viable dags retrieved from /Users/aymanehinane/Desktop/Airflow/py_env/lib/python3.11/site-packages/airflow/example_dags/plugins/workday.py
[2023-10-29T12:48:24.546+0100] {processor.py:179} INFO - Processing /Users/aymanehinane/Desktop/Airflow/py_env/lib/python3.11/site-packages/airflow/example_dags/plugins/workday.py took 0.093 seconds
[2023-10-29T12:49:49.978+0100] {processor.py:157} INFO - Started process (PID=75890) to work on /Users/aymanehinane/Desktop/Airflow/py_env/lib/python3.11/site-packages/airflow/example_dags/plugins/workday.py
[2023-10-29T12:49:49.979+0100] {processor.py:829} INFO - Processing file /Users/aymanehinane/Desktop/Airflow/py_env/lib/python3.11/site-packages/airflow/example_dags/plugins/workday.py for tasks to queue
[2023-10-29T12:49:49.979+0100] {logging_mixin.py:151} INFO - [2023-10-29T12:49:49.979+0100] {dagbag.py:539} INFO - Filling up the DagBag from /Users/aymanehinane/Desktop/Airflow/py_env/lib/python3.11/site-packages/airflow/example_dags/plugins/workday.py
[2023-10-29T12:49:49.980+0100] {logging_mixin.py:151} INFO - [2023-10-29T12:49:49.980+0100] {workday.py:36} WARNING - Could not import pandas. Holidays will not be considered.
[2023-10-29T12:49:49.980+0100] {processor.py:841} WARNING - No viable dags retrieved from /Users/aymanehinane/Desktop/Airflow/py_env/lib/python3.11/site-packages/airflow/example_dags/plugins/workday.py
[2023-10-29T12:49:50.024+0100] {processor.py:179} INFO - Processing /Users/aymanehinane/Desktop/Airflow/py_env/lib/python3.11/site-packages/airflow/example_dags/plugins/workday.py took 0.047 seconds
[2023-10-29T12:50:46.144+0100] {processor.py:157} INFO - Started process (PID=76025) to work on /Users/aymanehinane/Desktop/Airflow/py_env/lib/python3.11/site-packages/airflow/example_dags/plugins/workday.py
[2023-10-29T12:50:46.144+0100] {processor.py:829} INFO - Processing file /Users/aymanehinane/Desktop/Airflow/py_env/lib/python3.11/site-packages/airflow/example_dags/plugins/workday.py for tasks to queue
[2023-10-29T12:50:46.145+0100] {logging_mixin.py:151} INFO - [2023-10-29T12:50:46.145+0100] {dagbag.py:539} INFO - Filling up the DagBag from /Users/aymanehinane/Desktop/Airflow/py_env/lib/python3.11/site-packages/airflow/example_dags/plugins/workday.py
[2023-10-29T12:50:46.145+0100] {logging_mixin.py:151} INFO - [2023-10-29T12:50:46.145+0100] {workday.py:36} WARNING - Could not import pandas. Holidays will not be considered.
[2023-10-29T12:50:46.145+0100] {processor.py:841} WARNING - No viable dags retrieved from /Users/aymanehinane/Desktop/Airflow/py_env/lib/python3.11/site-packages/airflow/example_dags/plugins/workday.py
[2023-10-29T12:50:46.189+0100] {processor.py:179} INFO - Processing /Users/aymanehinane/Desktop/Airflow/py_env/lib/python3.11/site-packages/airflow/example_dags/plugins/workday.py took 0.046 seconds
[2023-10-29T12:51:36.154+0100] {processor.py:157} INFO - Started process (PID=76103) to work on /Users/aymanehinane/Desktop/Airflow/py_env/lib/python3.11/site-packages/airflow/example_dags/plugins/workday.py
[2023-10-29T12:51:36.155+0100] {processor.py:829} INFO - Processing file /Users/aymanehinane/Desktop/Airflow/py_env/lib/python3.11/site-packages/airflow/example_dags/plugins/workday.py for tasks to queue
[2023-10-29T12:51:36.155+0100] {logging_mixin.py:151} INFO - [2023-10-29T12:51:36.155+0100] {dagbag.py:539} INFO - Filling up the DagBag from /Users/aymanehinane/Desktop/Airflow/py_env/lib/python3.11/site-packages/airflow/example_dags/plugins/workday.py
[2023-10-29T12:51:36.156+0100] {logging_mixin.py:151} INFO - [2023-10-29T12:51:36.156+0100] {workday.py:36} WARNING - Could not import pandas. Holidays will not be considered.
[2023-10-29T12:51:36.156+0100] {processor.py:841} WARNING - No viable dags retrieved from /Users/aymanehinane/Desktop/Airflow/py_env/lib/python3.11/site-packages/airflow/example_dags/plugins/workday.py
[2023-10-29T12:51:36.199+0100] {processor.py:179} INFO - Processing /Users/aymanehinane/Desktop/Airflow/py_env/lib/python3.11/site-packages/airflow/example_dags/plugins/workday.py took 0.046 seconds
[2023-10-29T12:52:18.990+0100] {processor.py:157} INFO - Started process (PID=76176) to work on /Users/aymanehinane/Desktop/Airflow/py_env/lib/python3.11/site-packages/airflow/example_dags/plugins/workday.py
[2023-10-29T12:52:18.991+0100] {processor.py:829} INFO - Processing file /Users/aymanehinane/Desktop/Airflow/py_env/lib/python3.11/site-packages/airflow/example_dags/plugins/workday.py for tasks to queue
[2023-10-29T12:52:18.991+0100] {logging_mixin.py:151} INFO - [2023-10-29T12:52:18.991+0100] {dagbag.py:539} INFO - Filling up the DagBag from /Users/aymanehinane/Desktop/Airflow/py_env/lib/python3.11/site-packages/airflow/example_dags/plugins/workday.py
[2023-10-29T12:52:18.992+0100] {logging_mixin.py:151} INFO - [2023-10-29T12:52:18.992+0100] {workday.py:36} WARNING - Could not import pandas. Holidays will not be considered.
[2023-10-29T12:52:18.992+0100] {processor.py:841} WARNING - No viable dags retrieved from /Users/aymanehinane/Desktop/Airflow/py_env/lib/python3.11/site-packages/airflow/example_dags/plugins/workday.py
[2023-10-29T12:52:19.034+0100] {processor.py:179} INFO - Processing /Users/aymanehinane/Desktop/Airflow/py_env/lib/python3.11/site-packages/airflow/example_dags/plugins/workday.py took 0.045 seconds
[2023-10-29T12:53:02.057+0100] {processor.py:157} INFO - Started process (PID=76243) to work on /Users/aymanehinane/Desktop/Airflow/py_env/lib/python3.11/site-packages/airflow/example_dags/plugins/workday.py
[2023-10-29T12:53:02.059+0100] {processor.py:829} INFO - Processing file /Users/aymanehinane/Desktop/Airflow/py_env/lib/python3.11/site-packages/airflow/example_dags/plugins/workday.py for tasks to queue
[2023-10-29T12:53:02.059+0100] {logging_mixin.py:151} INFO - [2023-10-29T12:53:02.059+0100] {dagbag.py:539} INFO - Filling up the DagBag from /Users/aymanehinane/Desktop/Airflow/py_env/lib/python3.11/site-packages/airflow/example_dags/plugins/workday.py
[2023-10-29T12:53:02.060+0100] {logging_mixin.py:151} INFO - [2023-10-29T12:53:02.060+0100] {workday.py:36} WARNING - Could not import pandas. Holidays will not be considered.
[2023-10-29T12:53:02.060+0100] {processor.py:841} WARNING - No viable dags retrieved from /Users/aymanehinane/Desktop/Airflow/py_env/lib/python3.11/site-packages/airflow/example_dags/plugins/workday.py
[2023-10-29T12:53:02.103+0100] {processor.py:179} INFO - Processing /Users/aymanehinane/Desktop/Airflow/py_env/lib/python3.11/site-packages/airflow/example_dags/plugins/workday.py took 0.045 seconds
[2023-10-29T12:53:41.984+0100] {processor.py:157} INFO - Started process (PID=76306) to work on /Users/aymanehinane/Desktop/Airflow/py_env/lib/python3.11/site-packages/airflow/example_dags/plugins/workday.py
[2023-10-29T12:53:41.985+0100] {processor.py:829} INFO - Processing file /Users/aymanehinane/Desktop/Airflow/py_env/lib/python3.11/site-packages/airflow/example_dags/plugins/workday.py for tasks to queue
[2023-10-29T12:53:41.986+0100] {logging_mixin.py:151} INFO - [2023-10-29T12:53:41.986+0100] {dagbag.py:539} INFO - Filling up the DagBag from /Users/aymanehinane/Desktop/Airflow/py_env/lib/python3.11/site-packages/airflow/example_dags/plugins/workday.py
[2023-10-29T12:53:41.986+0100] {logging_mixin.py:151} INFO - [2023-10-29T12:53:41.986+0100] {workday.py:36} WARNING - Could not import pandas. Holidays will not be considered.
[2023-10-29T12:53:41.987+0100] {processor.py:841} WARNING - No viable dags retrieved from /Users/aymanehinane/Desktop/Airflow/py_env/lib/python3.11/site-packages/airflow/example_dags/plugins/workday.py
[2023-10-29T12:53:42.029+0100] {processor.py:179} INFO - Processing /Users/aymanehinane/Desktop/Airflow/py_env/lib/python3.11/site-packages/airflow/example_dags/plugins/workday.py took 0.046 seconds
[2023-10-29T12:54:22.865+0100] {processor.py:157} INFO - Started process (PID=76367) to work on /Users/aymanehinane/Desktop/Airflow/py_env/lib/python3.11/site-packages/airflow/example_dags/plugins/workday.py
[2023-10-29T12:54:22.865+0100] {processor.py:829} INFO - Processing file /Users/aymanehinane/Desktop/Airflow/py_env/lib/python3.11/site-packages/airflow/example_dags/plugins/workday.py for tasks to queue
[2023-10-29T12:54:22.866+0100] {logging_mixin.py:151} INFO - [2023-10-29T12:54:22.865+0100] {dagbag.py:539} INFO - Filling up the DagBag from /Users/aymanehinane/Desktop/Airflow/py_env/lib/python3.11/site-packages/airflow/example_dags/plugins/workday.py
[2023-10-29T12:54:22.866+0100] {logging_mixin.py:151} INFO - [2023-10-29T12:54:22.866+0100] {workday.py:36} WARNING - Could not import pandas. Holidays will not be considered.
[2023-10-29T12:54:22.866+0100] {processor.py:841} WARNING - No viable dags retrieved from /Users/aymanehinane/Desktop/Airflow/py_env/lib/python3.11/site-packages/airflow/example_dags/plugins/workday.py
[2023-10-29T12:54:22.909+0100] {processor.py:179} INFO - Processing /Users/aymanehinane/Desktop/Airflow/py_env/lib/python3.11/site-packages/airflow/example_dags/plugins/workday.py took 0.045 seconds
[2023-10-29T12:55:01.482+0100] {processor.py:157} INFO - Started process (PID=76428) to work on /Users/aymanehinane/Desktop/Airflow/py_env/lib/python3.11/site-packages/airflow/example_dags/plugins/workday.py
[2023-10-29T12:55:01.483+0100] {processor.py:829} INFO - Processing file /Users/aymanehinane/Desktop/Airflow/py_env/lib/python3.11/site-packages/airflow/example_dags/plugins/workday.py for tasks to queue
[2023-10-29T12:55:01.484+0100] {logging_mixin.py:151} INFO - [2023-10-29T12:55:01.484+0100] {dagbag.py:539} INFO - Filling up the DagBag from /Users/aymanehinane/Desktop/Airflow/py_env/lib/python3.11/site-packages/airflow/example_dags/plugins/workday.py
[2023-10-29T12:55:01.484+0100] {logging_mixin.py:151} INFO - [2023-10-29T12:55:01.484+0100] {workday.py:36} WARNING - Could not import pandas. Holidays will not be considered.
[2023-10-29T12:55:01.484+0100] {processor.py:841} WARNING - No viable dags retrieved from /Users/aymanehinane/Desktop/Airflow/py_env/lib/python3.11/site-packages/airflow/example_dags/plugins/workday.py
[2023-10-29T12:55:01.527+0100] {processor.py:179} INFO - Processing /Users/aymanehinane/Desktop/Airflow/py_env/lib/python3.11/site-packages/airflow/example_dags/plugins/workday.py took 0.045 seconds
[2023-10-29T12:55:42.584+0100] {processor.py:157} INFO - Started process (PID=76490) to work on /Users/aymanehinane/Desktop/Airflow/py_env/lib/python3.11/site-packages/airflow/example_dags/plugins/workday.py
[2023-10-29T12:55:42.585+0100] {processor.py:829} INFO - Processing file /Users/aymanehinane/Desktop/Airflow/py_env/lib/python3.11/site-packages/airflow/example_dags/plugins/workday.py for tasks to queue
[2023-10-29T12:55:42.586+0100] {logging_mixin.py:151} INFO - [2023-10-29T12:55:42.586+0100] {dagbag.py:539} INFO - Filling up the DagBag from /Users/aymanehinane/Desktop/Airflow/py_env/lib/python3.11/site-packages/airflow/example_dags/plugins/workday.py
[2023-10-29T12:55:42.587+0100] {logging_mixin.py:151} INFO - [2023-10-29T12:55:42.587+0100] {workday.py:36} WARNING - Could not import pandas. Holidays will not be considered.
[2023-10-29T12:55:42.587+0100] {processor.py:841} WARNING - No viable dags retrieved from /Users/aymanehinane/Desktop/Airflow/py_env/lib/python3.11/site-packages/airflow/example_dags/plugins/workday.py
[2023-10-29T12:55:42.629+0100] {processor.py:179} INFO - Processing /Users/aymanehinane/Desktop/Airflow/py_env/lib/python3.11/site-packages/airflow/example_dags/plugins/workday.py took 0.046 seconds
[2023-10-29T12:56:23.195+0100] {processor.py:157} INFO - Started process (PID=76551) to work on /Users/aymanehinane/Desktop/Airflow/py_env/lib/python3.11/site-packages/airflow/example_dags/plugins/workday.py
[2023-10-29T12:56:23.195+0100] {processor.py:829} INFO - Processing file /Users/aymanehinane/Desktop/Airflow/py_env/lib/python3.11/site-packages/airflow/example_dags/plugins/workday.py for tasks to queue
[2023-10-29T12:56:23.195+0100] {logging_mixin.py:151} INFO - [2023-10-29T12:56:23.195+0100] {dagbag.py:539} INFO - Filling up the DagBag from /Users/aymanehinane/Desktop/Airflow/py_env/lib/python3.11/site-packages/airflow/example_dags/plugins/workday.py
[2023-10-29T12:56:23.196+0100] {logging_mixin.py:151} INFO - [2023-10-29T12:56:23.196+0100] {workday.py:36} WARNING - Could not import pandas. Holidays will not be considered.
[2023-10-29T12:56:23.196+0100] {processor.py:841} WARNING - No viable dags retrieved from /Users/aymanehinane/Desktop/Airflow/py_env/lib/python3.11/site-packages/airflow/example_dags/plugins/workday.py
[2023-10-29T12:56:23.238+0100] {processor.py:179} INFO - Processing /Users/aymanehinane/Desktop/Airflow/py_env/lib/python3.11/site-packages/airflow/example_dags/plugins/workday.py took 0.044 seconds
[2023-10-29T12:57:04.651+0100] {processor.py:157} INFO - Started process (PID=76648) to work on /Users/aymanehinane/Desktop/Airflow/py_env/lib/python3.11/site-packages/airflow/example_dags/plugins/workday.py
[2023-10-29T12:57:04.653+0100] {processor.py:829} INFO - Processing file /Users/aymanehinane/Desktop/Airflow/py_env/lib/python3.11/site-packages/airflow/example_dags/plugins/workday.py for tasks to queue
[2023-10-29T12:57:04.653+0100] {logging_mixin.py:151} INFO - [2023-10-29T12:57:04.653+0100] {dagbag.py:539} INFO - Filling up the DagBag from /Users/aymanehinane/Desktop/Airflow/py_env/lib/python3.11/site-packages/airflow/example_dags/plugins/workday.py
[2023-10-29T12:57:04.654+0100] {logging_mixin.py:151} INFO - [2023-10-29T12:57:04.654+0100] {workday.py:36} WARNING - Could not import pandas. Holidays will not be considered.
[2023-10-29T12:57:04.654+0100] {processor.py:841} WARNING - No viable dags retrieved from /Users/aymanehinane/Desktop/Airflow/py_env/lib/python3.11/site-packages/airflow/example_dags/plugins/workday.py
[2023-10-29T12:57:04.697+0100] {processor.py:179} INFO - Processing /Users/aymanehinane/Desktop/Airflow/py_env/lib/python3.11/site-packages/airflow/example_dags/plugins/workday.py took 0.045 seconds
[2023-10-29T12:57:44.610+0100] {processor.py:157} INFO - Started process (PID=76737) to work on /Users/aymanehinane/Desktop/Airflow/py_env/lib/python3.11/site-packages/airflow/example_dags/plugins/workday.py
[2023-10-29T12:57:44.610+0100] {processor.py:829} INFO - Processing file /Users/aymanehinane/Desktop/Airflow/py_env/lib/python3.11/site-packages/airflow/example_dags/plugins/workday.py for tasks to queue
[2023-10-29T12:57:44.611+0100] {logging_mixin.py:151} INFO - [2023-10-29T12:57:44.611+0100] {dagbag.py:539} INFO - Filling up the DagBag from /Users/aymanehinane/Desktop/Airflow/py_env/lib/python3.11/site-packages/airflow/example_dags/plugins/workday.py
[2023-10-29T12:57:44.611+0100] {logging_mixin.py:151} INFO - [2023-10-29T12:57:44.611+0100] {workday.py:36} WARNING - Could not import pandas. Holidays will not be considered.
[2023-10-29T12:57:44.612+0100] {processor.py:841} WARNING - No viable dags retrieved from /Users/aymanehinane/Desktop/Airflow/py_env/lib/python3.11/site-packages/airflow/example_dags/plugins/workday.py
[2023-10-29T12:57:44.655+0100] {processor.py:179} INFO - Processing /Users/aymanehinane/Desktop/Airflow/py_env/lib/python3.11/site-packages/airflow/example_dags/plugins/workday.py took 0.045 seconds
[2023-10-29T12:58:23.332+0100] {processor.py:157} INFO - Started process (PID=76805) to work on /Users/aymanehinane/Desktop/Airflow/py_env/lib/python3.11/site-packages/airflow/example_dags/plugins/workday.py
[2023-10-29T12:58:23.333+0100] {processor.py:829} INFO - Processing file /Users/aymanehinane/Desktop/Airflow/py_env/lib/python3.11/site-packages/airflow/example_dags/plugins/workday.py for tasks to queue
[2023-10-29T12:58:23.334+0100] {logging_mixin.py:151} INFO - [2023-10-29T12:58:23.334+0100] {dagbag.py:539} INFO - Filling up the DagBag from /Users/aymanehinane/Desktop/Airflow/py_env/lib/python3.11/site-packages/airflow/example_dags/plugins/workday.py
[2023-10-29T12:58:23.335+0100] {logging_mixin.py:151} INFO - [2023-10-29T12:58:23.335+0100] {workday.py:36} WARNING - Could not import pandas. Holidays will not be considered.
[2023-10-29T12:58:23.335+0100] {processor.py:841} WARNING - No viable dags retrieved from /Users/aymanehinane/Desktop/Airflow/py_env/lib/python3.11/site-packages/airflow/example_dags/plugins/workday.py
[2023-10-29T12:58:23.379+0100] {processor.py:179} INFO - Processing /Users/aymanehinane/Desktop/Airflow/py_env/lib/python3.11/site-packages/airflow/example_dags/plugins/workday.py took 0.048 seconds
[2023-10-29T12:59:03.357+0100] {processor.py:157} INFO - Started process (PID=76887) to work on /Users/aymanehinane/Desktop/Airflow/py_env/lib/python3.11/site-packages/airflow/example_dags/plugins/workday.py
[2023-10-29T12:59:03.357+0100] {processor.py:829} INFO - Processing file /Users/aymanehinane/Desktop/Airflow/py_env/lib/python3.11/site-packages/airflow/example_dags/plugins/workday.py for tasks to queue
[2023-10-29T12:59:03.357+0100] {logging_mixin.py:151} INFO - [2023-10-29T12:59:03.357+0100] {dagbag.py:539} INFO - Filling up the DagBag from /Users/aymanehinane/Desktop/Airflow/py_env/lib/python3.11/site-packages/airflow/example_dags/plugins/workday.py
[2023-10-29T12:59:03.358+0100] {logging_mixin.py:151} INFO - [2023-10-29T12:59:03.358+0100] {workday.py:36} WARNING - Could not import pandas. Holidays will not be considered.
[2023-10-29T12:59:03.358+0100] {processor.py:841} WARNING - No viable dags retrieved from /Users/aymanehinane/Desktop/Airflow/py_env/lib/python3.11/site-packages/airflow/example_dags/plugins/workday.py
[2023-10-29T12:59:03.401+0100] {processor.py:179} INFO - Processing /Users/aymanehinane/Desktop/Airflow/py_env/lib/python3.11/site-packages/airflow/example_dags/plugins/workday.py took 0.044 seconds
[2023-10-29T12:59:43.733+0100] {processor.py:157} INFO - Started process (PID=76951) to work on /Users/aymanehinane/Desktop/Airflow/py_env/lib/python3.11/site-packages/airflow/example_dags/plugins/workday.py
[2023-10-29T12:59:43.735+0100] {processor.py:829} INFO - Processing file /Users/aymanehinane/Desktop/Airflow/py_env/lib/python3.11/site-packages/airflow/example_dags/plugins/workday.py for tasks to queue
[2023-10-29T12:59:43.736+0100] {logging_mixin.py:151} INFO - [2023-10-29T12:59:43.736+0100] {dagbag.py:539} INFO - Filling up the DagBag from /Users/aymanehinane/Desktop/Airflow/py_env/lib/python3.11/site-packages/airflow/example_dags/plugins/workday.py
[2023-10-29T12:59:43.737+0100] {logging_mixin.py:151} INFO - [2023-10-29T12:59:43.736+0100] {workday.py:36} WARNING - Could not import pandas. Holidays will not be considered.
[2023-10-29T12:59:43.737+0100] {processor.py:841} WARNING - No viable dags retrieved from /Users/aymanehinane/Desktop/Airflow/py_env/lib/python3.11/site-packages/airflow/example_dags/plugins/workday.py
[2023-10-29T12:59:43.785+0100] {processor.py:179} INFO - Processing /Users/aymanehinane/Desktop/Airflow/py_env/lib/python3.11/site-packages/airflow/example_dags/plugins/workday.py took 0.053 seconds
