[2023-10-29T16:24:37.431+0000] {taskinstance.py:1159} INFO - Dependencies all met for dep_context=non-requeueable deps ti=<TaskInstance: our_dag_with_python_operator_v5.first_task scheduled__2021-10-14T00:00:00+00:00 [queued]>
[2023-10-29T16:24:37.497+0000] {taskinstance.py:1159} INFO - Dependencies all met for dep_context=requeueable deps ti=<TaskInstance: our_dag_with_python_operator_v5.first_task scheduled__2021-10-14T00:00:00+00:00 [queued]>
[2023-10-29T16:24:37.507+0000] {taskinstance.py:1361} INFO - Starting attempt 1 of 6
[2023-10-29T16:24:37.926+0000] {taskinstance.py:1382} INFO - Executing <Task(PythonOperator): first_task> on 2021-10-14 00:00:00+00:00
[2023-10-29T16:24:38.019+0000] {standard_task_runner.py:57} INFO - Started process 9095 to run task
[2023-10-29T16:24:38.050+0000] {standard_task_runner.py:84} INFO - Running: ['***', 'tasks', 'run', 'our_dag_with_python_operator_v5', 'first_task', 'scheduled__2021-10-14T00:00:00+00:00', '--job-id', '2480', '--raw', '--subdir', 'DAGS_FOLDER/create_dag_with_python_operator.py', '--cfg-path', '/tmp/tmpypgmfg_6']
[2023-10-29T16:24:38.078+0000] {standard_task_runner.py:85} INFO - Job 2480: Subtask first_task
[2023-10-29T16:24:39.127+0000] {task_command.py:416} INFO - Running <TaskInstance: our_dag_with_python_operator_v5.first_task scheduled__2021-10-14T00:00:00+00:00 [running]> on host 9bb87dc64328
[2023-10-29T16:24:39.722+0000] {taskinstance.py:1662} INFO - Exporting env vars: AIRFLOW_CTX_DAG_OWNER='coder3j' AIRFLOW_CTX_DAG_ID='our_dag_with_python_operator_v5' AIRFLOW_CTX_TASK_ID='first_task' AIRFLOW_CTX_EXECUTION_DATE='2021-10-14T00:00:00+00:00' AIRFLOW_CTX_TRY_NUMBER='1' AIRFLOW_CTX_DAG_RUN_ID='scheduled__2021-10-14T00:00:00+00:00'
[2023-10-29T16:24:39.732+0000] {logging_mixin.py:151} INFO - Hello world!
[2023-10-29T16:24:39.735+0000] {python.py:194} INFO - Done. Returned value was: None
[2023-10-29T16:24:39.833+0000] {taskinstance.py:1400} INFO - Marking task as SUCCESS. dag_id=our_dag_with_python_operator_v5, task_id=first_task, execution_date=20211014T000000, start_date=20231029T162437, end_date=20231029T162439
[2023-10-29T16:24:40.003+0000] {local_task_job_runner.py:228} INFO - Task exited with return code 0
[2023-10-29T16:24:40.110+0000] {taskinstance.py:2778} INFO - 0 downstream tasks scheduled from follow-on schedule check
[2023-10-30T14:19:49.341+0000] {taskinstance.py:1159} INFO - Dependencies all met for dep_context=non-requeueable deps ti=<TaskInstance: our_dag_with_python_operator_v5.first_task scheduled__2021-10-14T00:00:00+00:00 [queued]>
[2023-10-30T14:19:49.361+0000] {taskinstance.py:1159} INFO - Dependencies all met for dep_context=requeueable deps ti=<TaskInstance: our_dag_with_python_operator_v5.first_task scheduled__2021-10-14T00:00:00+00:00 [queued]>
[2023-10-30T14:19:49.364+0000] {taskinstance.py:1361} INFO - Starting attempt 1 of 6
[2023-10-30T14:19:49.379+0000] {taskinstance.py:1382} INFO - Executing <Task(PythonOperator): first_task> on 2021-10-14 00:00:00+00:00
[2023-10-30T14:19:49.386+0000] {standard_task_runner.py:57} INFO - Started process 1097 to run task
[2023-10-30T14:19:49.398+0000] {standard_task_runner.py:84} INFO - Running: ['***', 'tasks', 'run', 'our_dag_with_python_operator_v5', 'first_task', 'scheduled__2021-10-14T00:00:00+00:00', '--job-id', '3767', '--raw', '--subdir', 'DAGS_FOLDER/create_dag_with_python_operator.py', '--cfg-path', '/tmp/tmppu7w4dor']
[2023-10-30T14:19:49.406+0000] {standard_task_runner.py:85} INFO - Job 3767: Subtask first_task
[2023-10-30T14:19:49.473+0000] {task_command.py:416} INFO - Running <TaskInstance: our_dag_with_python_operator_v5.first_task scheduled__2021-10-14T00:00:00+00:00 [running]> on host 9bb87dc64328
[2023-10-30T14:19:49.547+0000] {taskinstance.py:1662} INFO - Exporting env vars: AIRFLOW_CTX_DAG_OWNER='coder3j' AIRFLOW_CTX_DAG_ID='our_dag_with_python_operator_v5' AIRFLOW_CTX_TASK_ID='first_task' AIRFLOW_CTX_EXECUTION_DATE='2021-10-14T00:00:00+00:00' AIRFLOW_CTX_TRY_NUMBER='1' AIRFLOW_CTX_DAG_RUN_ID='scheduled__2021-10-14T00:00:00+00:00'
[2023-10-30T14:19:49.568+0000] {logging_mixin.py:151} INFO - Hello world! name Jerry age: 23
[2023-10-30T14:19:49.569+0000] {python.py:194} INFO - Done. Returned value was: None
[2023-10-30T14:19:49.577+0000] {taskinstance.py:1400} INFO - Marking task as SUCCESS. dag_id=our_dag_with_python_operator_v5, task_id=first_task, execution_date=20211014T000000, start_date=20231030T141949, end_date=20231030T141949
[2023-10-30T14:19:49.612+0000] {local_task_job_runner.py:228} INFO - Task exited with return code 0
[2023-10-30T14:19:49.628+0000] {taskinstance.py:2778} INFO - 0 downstream tasks scheduled from follow-on schedule check
