[2023-10-29T12:48:26.226+0100] {processor.py:157} INFO - Started process (PID=75742) to work on /Users/aymanehinane/Desktop/Airflow/py_env/lib/python3.11/site-packages/airflow/example_dags/plugins/listener_plugin.py
[2023-10-29T12:48:26.226+0100] {processor.py:829} INFO - Processing file /Users/aymanehinane/Desktop/Airflow/py_env/lib/python3.11/site-packages/airflow/example_dags/plugins/listener_plugin.py for tasks to queue
[2023-10-29T12:48:26.227+0100] {logging_mixin.py:151} INFO - [2023-10-29T12:48:26.227+0100] {dagbag.py:539} INFO - Filling up the DagBag from /Users/aymanehinane/Desktop/Airflow/py_env/lib/python3.11/site-packages/airflow/example_dags/plugins/listener_plugin.py
[2023-10-29T12:48:26.228+0100] {processor.py:841} WARNING - No viable dags retrieved from /Users/aymanehinane/Desktop/Airflow/py_env/lib/python3.11/site-packages/airflow/example_dags/plugins/listener_plugin.py
[2023-10-29T12:48:26.277+0100] {processor.py:179} INFO - Processing /Users/aymanehinane/Desktop/Airflow/py_env/lib/python3.11/site-packages/airflow/example_dags/plugins/listener_plugin.py took 0.052 seconds
[2023-10-29T12:49:51.618+0100] {processor.py:157} INFO - Started process (PID=75893) to work on /Users/aymanehinane/Desktop/Airflow/py_env/lib/python3.11/site-packages/airflow/example_dags/plugins/listener_plugin.py
[2023-10-29T12:49:51.619+0100] {processor.py:829} INFO - Processing file /Users/aymanehinane/Desktop/Airflow/py_env/lib/python3.11/site-packages/airflow/example_dags/plugins/listener_plugin.py for tasks to queue
[2023-10-29T12:49:51.620+0100] {logging_mixin.py:151} INFO - [2023-10-29T12:49:51.620+0100] {dagbag.py:539} INFO - Filling up the DagBag from /Users/aymanehinane/Desktop/Airflow/py_env/lib/python3.11/site-packages/airflow/example_dags/plugins/listener_plugin.py
[2023-10-29T12:49:51.621+0100] {processor.py:841} WARNING - No viable dags retrieved from /Users/aymanehinane/Desktop/Airflow/py_env/lib/python3.11/site-packages/airflow/example_dags/plugins/listener_plugin.py
[2023-10-29T12:49:51.665+0100] {processor.py:179} INFO - Processing /Users/aymanehinane/Desktop/Airflow/py_env/lib/python3.11/site-packages/airflow/example_dags/plugins/listener_plugin.py took 0.047 seconds
[2023-10-29T12:50:46.808+0100] {processor.py:157} INFO - Started process (PID=76026) to work on /Users/aymanehinane/Desktop/Airflow/py_env/lib/python3.11/site-packages/airflow/example_dags/plugins/listener_plugin.py
[2023-10-29T12:50:46.809+0100] {processor.py:829} INFO - Processing file /Users/aymanehinane/Desktop/Airflow/py_env/lib/python3.11/site-packages/airflow/example_dags/plugins/listener_plugin.py for tasks to queue
[2023-10-29T12:50:46.809+0100] {logging_mixin.py:151} INFO - [2023-10-29T12:50:46.809+0100] {dagbag.py:539} INFO - Filling up the DagBag from /Users/aymanehinane/Desktop/Airflow/py_env/lib/python3.11/site-packages/airflow/example_dags/plugins/listener_plugin.py
[2023-10-29T12:50:46.810+0100] {processor.py:841} WARNING - No viable dags retrieved from /Users/aymanehinane/Desktop/Airflow/py_env/lib/python3.11/site-packages/airflow/example_dags/plugins/listener_plugin.py
[2023-10-29T12:50:46.852+0100] {processor.py:179} INFO - Processing /Users/aymanehinane/Desktop/Airflow/py_env/lib/python3.11/site-packages/airflow/example_dags/plugins/listener_plugin.py took 0.045 seconds
[2023-10-29T12:51:36.809+0100] {processor.py:157} INFO - Started process (PID=76104) to work on /Users/aymanehinane/Desktop/Airflow/py_env/lib/python3.11/site-packages/airflow/example_dags/plugins/listener_plugin.py
[2023-10-29T12:51:36.810+0100] {processor.py:829} INFO - Processing file /Users/aymanehinane/Desktop/Airflow/py_env/lib/python3.11/site-packages/airflow/example_dags/plugins/listener_plugin.py for tasks to queue
[2023-10-29T12:51:36.810+0100] {logging_mixin.py:151} INFO - [2023-10-29T12:51:36.810+0100] {dagbag.py:539} INFO - Filling up the DagBag from /Users/aymanehinane/Desktop/Airflow/py_env/lib/python3.11/site-packages/airflow/example_dags/plugins/listener_plugin.py
[2023-10-29T12:51:36.811+0100] {processor.py:841} WARNING - No viable dags retrieved from /Users/aymanehinane/Desktop/Airflow/py_env/lib/python3.11/site-packages/airflow/example_dags/plugins/listener_plugin.py
[2023-10-29T12:51:36.854+0100] {processor.py:179} INFO - Processing /Users/aymanehinane/Desktop/Airflow/py_env/lib/python3.11/site-packages/airflow/example_dags/plugins/listener_plugin.py took 0.045 seconds
[2023-10-29T12:52:20.601+0100] {processor.py:157} INFO - Started process (PID=76181) to work on /Users/aymanehinane/Desktop/Airflow/py_env/lib/python3.11/site-packages/airflow/example_dags/plugins/listener_plugin.py
[2023-10-29T12:52:20.602+0100] {processor.py:829} INFO - Processing file /Users/aymanehinane/Desktop/Airflow/py_env/lib/python3.11/site-packages/airflow/example_dags/plugins/listener_plugin.py for tasks to queue
[2023-10-29T12:52:20.603+0100] {logging_mixin.py:151} INFO - [2023-10-29T12:52:20.603+0100] {dagbag.py:539} INFO - Filling up the DagBag from /Users/aymanehinane/Desktop/Airflow/py_env/lib/python3.11/site-packages/airflow/example_dags/plugins/listener_plugin.py
[2023-10-29T12:52:20.604+0100] {processor.py:841} WARNING - No viable dags retrieved from /Users/aymanehinane/Desktop/Airflow/py_env/lib/python3.11/site-packages/airflow/example_dags/plugins/listener_plugin.py
[2023-10-29T12:52:20.646+0100] {processor.py:179} INFO - Processing /Users/aymanehinane/Desktop/Airflow/py_env/lib/python3.11/site-packages/airflow/example_dags/plugins/listener_plugin.py took 0.045 seconds
[2023-10-29T12:53:03.123+0100] {processor.py:157} INFO - Started process (PID=76244) to work on /Users/aymanehinane/Desktop/Airflow/py_env/lib/python3.11/site-packages/airflow/example_dags/plugins/listener_plugin.py
[2023-10-29T12:53:03.124+0100] {processor.py:829} INFO - Processing file /Users/aymanehinane/Desktop/Airflow/py_env/lib/python3.11/site-packages/airflow/example_dags/plugins/listener_plugin.py for tasks to queue
[2023-10-29T12:53:03.124+0100] {logging_mixin.py:151} INFO - [2023-10-29T12:53:03.124+0100] {dagbag.py:539} INFO - Filling up the DagBag from /Users/aymanehinane/Desktop/Airflow/py_env/lib/python3.11/site-packages/airflow/example_dags/plugins/listener_plugin.py
[2023-10-29T12:53:03.126+0100] {processor.py:841} WARNING - No viable dags retrieved from /Users/aymanehinane/Desktop/Airflow/py_env/lib/python3.11/site-packages/airflow/example_dags/plugins/listener_plugin.py
[2023-10-29T12:53:03.172+0100] {processor.py:179} INFO - Processing /Users/aymanehinane/Desktop/Airflow/py_env/lib/python3.11/site-packages/airflow/example_dags/plugins/listener_plugin.py took 0.050 seconds
[2023-10-29T12:53:43.603+0100] {processor.py:157} INFO - Started process (PID=76307) to work on /Users/aymanehinane/Desktop/Airflow/py_env/lib/python3.11/site-packages/airflow/example_dags/plugins/listener_plugin.py
[2023-10-29T12:53:43.605+0100] {processor.py:829} INFO - Processing file /Users/aymanehinane/Desktop/Airflow/py_env/lib/python3.11/site-packages/airflow/example_dags/plugins/listener_plugin.py for tasks to queue
[2023-10-29T12:53:43.605+0100] {logging_mixin.py:151} INFO - [2023-10-29T12:53:43.605+0100] {dagbag.py:539} INFO - Filling up the DagBag from /Users/aymanehinane/Desktop/Airflow/py_env/lib/python3.11/site-packages/airflow/example_dags/plugins/listener_plugin.py
[2023-10-29T12:53:43.606+0100] {processor.py:841} WARNING - No viable dags retrieved from /Users/aymanehinane/Desktop/Airflow/py_env/lib/python3.11/site-packages/airflow/example_dags/plugins/listener_plugin.py
[2023-10-29T12:53:43.650+0100] {processor.py:179} INFO - Processing /Users/aymanehinane/Desktop/Airflow/py_env/lib/python3.11/site-packages/airflow/example_dags/plugins/listener_plugin.py took 0.047 seconds
[2023-10-29T12:54:23.561+0100] {processor.py:157} INFO - Started process (PID=76368) to work on /Users/aymanehinane/Desktop/Airflow/py_env/lib/python3.11/site-packages/airflow/example_dags/plugins/listener_plugin.py
[2023-10-29T12:54:23.563+0100] {processor.py:829} INFO - Processing file /Users/aymanehinane/Desktop/Airflow/py_env/lib/python3.11/site-packages/airflow/example_dags/plugins/listener_plugin.py for tasks to queue
[2023-10-29T12:54:23.563+0100] {logging_mixin.py:151} INFO - [2023-10-29T12:54:23.563+0100] {dagbag.py:539} INFO - Filling up the DagBag from /Users/aymanehinane/Desktop/Airflow/py_env/lib/python3.11/site-packages/airflow/example_dags/plugins/listener_plugin.py
[2023-10-29T12:54:23.564+0100] {processor.py:841} WARNING - No viable dags retrieved from /Users/aymanehinane/Desktop/Airflow/py_env/lib/python3.11/site-packages/airflow/example_dags/plugins/listener_plugin.py
[2023-10-29T12:54:23.607+0100] {processor.py:179} INFO - Processing /Users/aymanehinane/Desktop/Airflow/py_env/lib/python3.11/site-packages/airflow/example_dags/plugins/listener_plugin.py took 0.046 seconds
[2023-10-29T12:55:03.125+0100] {processor.py:157} INFO - Started process (PID=76429) to work on /Users/aymanehinane/Desktop/Airflow/py_env/lib/python3.11/site-packages/airflow/example_dags/plugins/listener_plugin.py
[2023-10-29T12:55:03.126+0100] {processor.py:829} INFO - Processing file /Users/aymanehinane/Desktop/Airflow/py_env/lib/python3.11/site-packages/airflow/example_dags/plugins/listener_plugin.py for tasks to queue
[2023-10-29T12:55:03.126+0100] {logging_mixin.py:151} INFO - [2023-10-29T12:55:03.126+0100] {dagbag.py:539} INFO - Filling up the DagBag from /Users/aymanehinane/Desktop/Airflow/py_env/lib/python3.11/site-packages/airflow/example_dags/plugins/listener_plugin.py
[2023-10-29T12:55:03.127+0100] {processor.py:841} WARNING - No viable dags retrieved from /Users/aymanehinane/Desktop/Airflow/py_env/lib/python3.11/site-packages/airflow/example_dags/plugins/listener_plugin.py
[2023-10-29T12:55:03.170+0100] {processor.py:179} INFO - Processing /Users/aymanehinane/Desktop/Airflow/py_env/lib/python3.11/site-packages/airflow/example_dags/plugins/listener_plugin.py took 0.045 seconds
[2023-10-29T12:55:44.198+0100] {processor.py:157} INFO - Started process (PID=76491) to work on /Users/aymanehinane/Desktop/Airflow/py_env/lib/python3.11/site-packages/airflow/example_dags/plugins/listener_plugin.py
[2023-10-29T12:55:44.199+0100] {processor.py:829} INFO - Processing file /Users/aymanehinane/Desktop/Airflow/py_env/lib/python3.11/site-packages/airflow/example_dags/plugins/listener_plugin.py for tasks to queue
[2023-10-29T12:55:44.199+0100] {logging_mixin.py:151} INFO - [2023-10-29T12:55:44.199+0100] {dagbag.py:539} INFO - Filling up the DagBag from /Users/aymanehinane/Desktop/Airflow/py_env/lib/python3.11/site-packages/airflow/example_dags/plugins/listener_plugin.py
[2023-10-29T12:55:44.201+0100] {processor.py:841} WARNING - No viable dags retrieved from /Users/aymanehinane/Desktop/Airflow/py_env/lib/python3.11/site-packages/airflow/example_dags/plugins/listener_plugin.py
[2023-10-29T12:55:44.244+0100] {processor.py:179} INFO - Processing /Users/aymanehinane/Desktop/Airflow/py_env/lib/python3.11/site-packages/airflow/example_dags/plugins/listener_plugin.py took 0.046 seconds
[2023-10-29T12:56:24.821+0100] {processor.py:157} INFO - Started process (PID=76554) to work on /Users/aymanehinane/Desktop/Airflow/py_env/lib/python3.11/site-packages/airflow/example_dags/plugins/listener_plugin.py
[2023-10-29T12:56:24.822+0100] {processor.py:829} INFO - Processing file /Users/aymanehinane/Desktop/Airflow/py_env/lib/python3.11/site-packages/airflow/example_dags/plugins/listener_plugin.py for tasks to queue
[2023-10-29T12:56:24.822+0100] {logging_mixin.py:151} INFO - [2023-10-29T12:56:24.822+0100] {dagbag.py:539} INFO - Filling up the DagBag from /Users/aymanehinane/Desktop/Airflow/py_env/lib/python3.11/site-packages/airflow/example_dags/plugins/listener_plugin.py
[2023-10-29T12:56:24.823+0100] {processor.py:841} WARNING - No viable dags retrieved from /Users/aymanehinane/Desktop/Airflow/py_env/lib/python3.11/site-packages/airflow/example_dags/plugins/listener_plugin.py
[2023-10-29T12:56:24.866+0100] {processor.py:179} INFO - Processing /Users/aymanehinane/Desktop/Airflow/py_env/lib/python3.11/site-packages/airflow/example_dags/plugins/listener_plugin.py took 0.045 seconds
[2023-10-29T12:57:06.255+0100] {processor.py:157} INFO - Started process (PID=76653) to work on /Users/aymanehinane/Desktop/Airflow/py_env/lib/python3.11/site-packages/airflow/example_dags/plugins/listener_plugin.py
[2023-10-29T12:57:06.257+0100] {processor.py:829} INFO - Processing file /Users/aymanehinane/Desktop/Airflow/py_env/lib/python3.11/site-packages/airflow/example_dags/plugins/listener_plugin.py for tasks to queue
[2023-10-29T12:57:06.257+0100] {logging_mixin.py:151} INFO - [2023-10-29T12:57:06.257+0100] {dagbag.py:539} INFO - Filling up the DagBag from /Users/aymanehinane/Desktop/Airflow/py_env/lib/python3.11/site-packages/airflow/example_dags/plugins/listener_plugin.py
[2023-10-29T12:57:06.259+0100] {processor.py:841} WARNING - No viable dags retrieved from /Users/aymanehinane/Desktop/Airflow/py_env/lib/python3.11/site-packages/airflow/example_dags/plugins/listener_plugin.py
[2023-10-29T12:57:06.303+0100] {processor.py:179} INFO - Processing /Users/aymanehinane/Desktop/Airflow/py_env/lib/python3.11/site-packages/airflow/example_dags/plugins/listener_plugin.py took 0.048 seconds
[2023-10-29T12:57:45.228+0100] {processor.py:157} INFO - Started process (PID=76740) to work on /Users/aymanehinane/Desktop/Airflow/py_env/lib/python3.11/site-packages/airflow/example_dags/plugins/listener_plugin.py
[2023-10-29T12:57:45.229+0100] {processor.py:829} INFO - Processing file /Users/aymanehinane/Desktop/Airflow/py_env/lib/python3.11/site-packages/airflow/example_dags/plugins/listener_plugin.py for tasks to queue
[2023-10-29T12:57:45.229+0100] {logging_mixin.py:151} INFO - [2023-10-29T12:57:45.229+0100] {dagbag.py:539} INFO - Filling up the DagBag from /Users/aymanehinane/Desktop/Airflow/py_env/lib/python3.11/site-packages/airflow/example_dags/plugins/listener_plugin.py
[2023-10-29T12:57:45.230+0100] {processor.py:841} WARNING - No viable dags retrieved from /Users/aymanehinane/Desktop/Airflow/py_env/lib/python3.11/site-packages/airflow/example_dags/plugins/listener_plugin.py
[2023-10-29T12:57:45.273+0100] {processor.py:179} INFO - Processing /Users/aymanehinane/Desktop/Airflow/py_env/lib/python3.11/site-packages/airflow/example_dags/plugins/listener_plugin.py took 0.045 seconds
[2023-10-29T12:58:24.945+0100] {processor.py:157} INFO - Started process (PID=76810) to work on /Users/aymanehinane/Desktop/Airflow/py_env/lib/python3.11/site-packages/airflow/example_dags/plugins/listener_plugin.py
[2023-10-29T12:58:24.947+0100] {processor.py:829} INFO - Processing file /Users/aymanehinane/Desktop/Airflow/py_env/lib/python3.11/site-packages/airflow/example_dags/plugins/listener_plugin.py for tasks to queue
[2023-10-29T12:58:24.947+0100] {logging_mixin.py:151} INFO - [2023-10-29T12:58:24.947+0100] {dagbag.py:539} INFO - Filling up the DagBag from /Users/aymanehinane/Desktop/Airflow/py_env/lib/python3.11/site-packages/airflow/example_dags/plugins/listener_plugin.py
[2023-10-29T12:58:24.948+0100] {processor.py:841} WARNING - No viable dags retrieved from /Users/aymanehinane/Desktop/Airflow/py_env/lib/python3.11/site-packages/airflow/example_dags/plugins/listener_plugin.py
[2023-10-29T12:58:24.990+0100] {processor.py:179} INFO - Processing /Users/aymanehinane/Desktop/Airflow/py_env/lib/python3.11/site-packages/airflow/example_dags/plugins/listener_plugin.py took 0.045 seconds
[2023-10-29T12:59:04.989+0100] {processor.py:157} INFO - Started process (PID=76890) to work on /Users/aymanehinane/Desktop/Airflow/py_env/lib/python3.11/site-packages/airflow/example_dags/plugins/listener_plugin.py
[2023-10-29T12:59:04.990+0100] {processor.py:829} INFO - Processing file /Users/aymanehinane/Desktop/Airflow/py_env/lib/python3.11/site-packages/airflow/example_dags/plugins/listener_plugin.py for tasks to queue
[2023-10-29T12:59:04.990+0100] {logging_mixin.py:151} INFO - [2023-10-29T12:59:04.990+0100] {dagbag.py:539} INFO - Filling up the DagBag from /Users/aymanehinane/Desktop/Airflow/py_env/lib/python3.11/site-packages/airflow/example_dags/plugins/listener_plugin.py
[2023-10-29T12:59:04.991+0100] {processor.py:841} WARNING - No viable dags retrieved from /Users/aymanehinane/Desktop/Airflow/py_env/lib/python3.11/site-packages/airflow/example_dags/plugins/listener_plugin.py
[2023-10-29T12:59:05.034+0100] {processor.py:179} INFO - Processing /Users/aymanehinane/Desktop/Airflow/py_env/lib/python3.11/site-packages/airflow/example_dags/plugins/listener_plugin.py took 0.045 seconds
[2023-10-29T12:59:45.394+0100] {processor.py:157} INFO - Started process (PID=76954) to work on /Users/aymanehinane/Desktop/Airflow/py_env/lib/python3.11/site-packages/airflow/example_dags/plugins/listener_plugin.py
[2023-10-29T12:59:45.396+0100] {processor.py:829} INFO - Processing file /Users/aymanehinane/Desktop/Airflow/py_env/lib/python3.11/site-packages/airflow/example_dags/plugins/listener_plugin.py for tasks to queue
[2023-10-29T12:59:45.396+0100] {logging_mixin.py:151} INFO - [2023-10-29T12:59:45.396+0100] {dagbag.py:539} INFO - Filling up the DagBag from /Users/aymanehinane/Desktop/Airflow/py_env/lib/python3.11/site-packages/airflow/example_dags/plugins/listener_plugin.py
[2023-10-29T12:59:45.397+0100] {processor.py:841} WARNING - No viable dags retrieved from /Users/aymanehinane/Desktop/Airflow/py_env/lib/python3.11/site-packages/airflow/example_dags/plugins/listener_plugin.py
[2023-10-29T12:59:45.442+0100] {processor.py:179} INFO - Processing /Users/aymanehinane/Desktop/Airflow/py_env/lib/python3.11/site-packages/airflow/example_dags/plugins/listener_plugin.py took 0.049 seconds
