[2023-10-29T16:24:37.975+0000] {taskinstance.py:1159} INFO - Dependencies all met for dep_context=non-requeueable deps ti=<TaskInstance: our_dag_with_python_operator_v5.first_task scheduled__2021-10-13T00:00:00+00:00 [queued]>
[2023-10-29T16:24:38.125+0000] {taskinstance.py:1159} INFO - Dependencies all met for dep_context=requeueable deps ti=<TaskInstance: our_dag_with_python_operator_v5.first_task scheduled__2021-10-13T00:00:00+00:00 [queued]>
[2023-10-29T16:24:38.152+0000] {taskinstance.py:1361} INFO - Starting attempt 1 of 6
[2023-10-29T16:24:38.644+0000] {taskinstance.py:1382} INFO - Executing <Task(PythonOperator): first_task> on 2021-10-13 00:00:00+00:00
[2023-10-29T16:24:38.809+0000] {standard_task_runner.py:57} INFO - Started process 9097 to run task
[2023-10-29T16:24:39.043+0000] {standard_task_runner.py:84} INFO - Running: ['***', 'tasks', 'run', 'our_dag_with_python_operator_v5', 'first_task', 'scheduled__2021-10-13T00:00:00+00:00', '--job-id', '2479', '--raw', '--subdir', 'DAGS_FOLDER/create_dag_with_python_operator.py', '--cfg-path', '/tmp/tmpo5m8e62g']
[2023-10-29T16:24:39.263+0000] {standard_task_runner.py:85} INFO - Job 2479: Subtask first_task
[2023-10-29T16:24:40.006+0000] {task_command.py:416} INFO - Running <TaskInstance: our_dag_with_python_operator_v5.first_task scheduled__2021-10-13T00:00:00+00:00 [running]> on host 9bb87dc64328
[2023-10-29T16:24:40.227+0000] {taskinstance.py:1662} INFO - Exporting env vars: AIRFLOW_CTX_DAG_OWNER='coder3j' AIRFLOW_CTX_DAG_ID='our_dag_with_python_operator_v5' AIRFLOW_CTX_TASK_ID='first_task' AIRFLOW_CTX_EXECUTION_DATE='2021-10-13T00:00:00+00:00' AIRFLOW_CTX_TRY_NUMBER='1' AIRFLOW_CTX_DAG_RUN_ID='scheduled__2021-10-13T00:00:00+00:00'
[2023-10-29T16:24:40.229+0000] {logging_mixin.py:151} INFO - Hello world!
[2023-10-29T16:24:40.230+0000] {python.py:194} INFO - Done. Returned value was: None
[2023-10-29T16:24:40.267+0000] {taskinstance.py:1400} INFO - Marking task as SUCCESS. dag_id=our_dag_with_python_operator_v5, task_id=first_task, execution_date=20211013T000000, start_date=20231029T162437, end_date=20231029T162440
[2023-10-29T16:24:40.391+0000] {local_task_job_runner.py:228} INFO - Task exited with return code 0
[2023-10-29T16:24:40.490+0000] {taskinstance.py:2778} INFO - 0 downstream tasks scheduled from follow-on schedule check
[2023-10-30T14:19:49.344+0000] {taskinstance.py:1159} INFO - Dependencies all met for dep_context=non-requeueable deps ti=<TaskInstance: our_dag_with_python_operator_v5.first_task scheduled__2021-10-13T00:00:00+00:00 [queued]>
[2023-10-30T14:19:49.355+0000] {taskinstance.py:1159} INFO - Dependencies all met for dep_context=requeueable deps ti=<TaskInstance: our_dag_with_python_operator_v5.first_task scheduled__2021-10-13T00:00:00+00:00 [queued]>
[2023-10-30T14:19:49.358+0000] {taskinstance.py:1361} INFO - Starting attempt 1 of 6
[2023-10-30T14:19:49.374+0000] {taskinstance.py:1382} INFO - Executing <Task(PythonOperator): first_task> on 2021-10-13 00:00:00+00:00
[2023-10-30T14:19:49.387+0000] {standard_task_runner.py:57} INFO - Started process 1098 to run task
[2023-10-30T14:19:49.396+0000] {standard_task_runner.py:84} INFO - Running: ['***', 'tasks', 'run', 'our_dag_with_python_operator_v5', 'first_task', 'scheduled__2021-10-13T00:00:00+00:00', '--job-id', '3766', '--raw', '--subdir', 'DAGS_FOLDER/create_dag_with_python_operator.py', '--cfg-path', '/tmp/tmpr16zb229']
[2023-10-30T14:19:49.403+0000] {standard_task_runner.py:85} INFO - Job 3766: Subtask first_task
[2023-10-30T14:19:49.468+0000] {task_command.py:416} INFO - Running <TaskInstance: our_dag_with_python_operator_v5.first_task scheduled__2021-10-13T00:00:00+00:00 [running]> on host 9bb87dc64328
[2023-10-30T14:19:49.547+0000] {taskinstance.py:1662} INFO - Exporting env vars: AIRFLOW_CTX_DAG_OWNER='coder3j' AIRFLOW_CTX_DAG_ID='our_dag_with_python_operator_v5' AIRFLOW_CTX_TASK_ID='first_task' AIRFLOW_CTX_EXECUTION_DATE='2021-10-13T00:00:00+00:00' AIRFLOW_CTX_TRY_NUMBER='1' AIRFLOW_CTX_DAG_RUN_ID='scheduled__2021-10-13T00:00:00+00:00'
[2023-10-30T14:19:49.562+0000] {logging_mixin.py:151} INFO - Hello world! name Jerry age: 23
[2023-10-30T14:19:49.563+0000] {python.py:194} INFO - Done. Returned value was: None
[2023-10-30T14:19:49.574+0000] {taskinstance.py:1400} INFO - Marking task as SUCCESS. dag_id=our_dag_with_python_operator_v5, task_id=first_task, execution_date=20211013T000000, start_date=20231030T141949, end_date=20231030T141949
[2023-10-30T14:19:49.612+0000] {local_task_job_runner.py:228} INFO - Task exited with return code 0
[2023-10-30T14:19:49.628+0000] {taskinstance.py:2778} INFO - 0 downstream tasks scheduled from follow-on schedule check
