[2023-10-29T12:49:30.475+0100] {processor.py:157} INFO - Started process (PID=75855) to work on /Users/aymanehinane/Desktop/Airflow/py_env/lib/python3.11/site-packages/airflow/example_dags/example_dag_decorator.py
[2023-10-29T12:49:30.476+0100] {processor.py:829} INFO - Processing file /Users/aymanehinane/Desktop/Airflow/py_env/lib/python3.11/site-packages/airflow/example_dags/example_dag_decorator.py for tasks to queue
[2023-10-29T12:49:30.476+0100] {logging_mixin.py:151} INFO - [2023-10-29T12:49:30.476+0100] {dagbag.py:539} INFO - Filling up the DagBag from /Users/aymanehinane/Desktop/Airflow/py_env/lib/python3.11/site-packages/airflow/example_dags/example_dag_decorator.py
[2023-10-29T12:49:30.603+0100] {processor.py:839} INFO - DAG(s) dict_keys(['example_dag_decorator']) retrieved from /Users/aymanehinane/Desktop/Airflow/py_env/lib/python3.11/site-packages/airflow/example_dags/example_dag_decorator.py
[2023-10-29T12:49:30.895+0100] {logging_mixin.py:151} INFO - [2023-10-29T12:49:30.895+0100] {manager.py:499} INFO - Created Permission View: %s
[2023-10-29T12:49:30.899+0100] {logging_mixin.py:151} INFO - [2023-10-29T12:49:30.899+0100] {manager.py:499} INFO - Created Permission View: %s
[2023-10-29T12:49:30.901+0100] {logging_mixin.py:151} INFO - [2023-10-29T12:49:30.901+0100] {manager.py:499} INFO - Created Permission View: %s
[2023-10-29T12:49:30.901+0100] {logging_mixin.py:151} INFO - [2023-10-29T12:49:30.901+0100] {security.py:708} INFO - Not syncing DAG-level permissions for DAG 'DAG:example_dag_decorator' as access control is unset.
[2023-10-29T12:49:30.901+0100] {logging_mixin.py:151} INFO - [2023-10-29T12:49:30.901+0100] {dag.py:2915} INFO - Sync 1 DAGs
[2023-10-29T12:49:30.905+0100] {logging_mixin.py:151} INFO - [2023-10-29T12:49:30.905+0100] {dag.py:2937} INFO - Creating ORM DAG for example_dag_decorator
[2023-10-29T12:49:30.906+0100] {logging_mixin.py:151} INFO - [2023-10-29T12:49:30.905+0100] {dag.py:3696} INFO - Setting next_dagrun for example_dag_decorator to None, run_after=None
[2023-10-29T12:49:30.912+0100] {processor.py:179} INFO - Processing /Users/aymanehinane/Desktop/Airflow/py_env/lib/python3.11/site-packages/airflow/example_dags/example_dag_decorator.py took 0.437 seconds
[2023-10-29T12:51:19.673+0100] {processor.py:157} INFO - Started process (PID=76076) to work on /Users/aymanehinane/Desktop/Airflow/py_env/lib/python3.11/site-packages/airflow/example_dags/example_dag_decorator.py
[2023-10-29T12:51:19.673+0100] {processor.py:829} INFO - Processing file /Users/aymanehinane/Desktop/Airflow/py_env/lib/python3.11/site-packages/airflow/example_dags/example_dag_decorator.py for tasks to queue
[2023-10-29T12:51:19.674+0100] {logging_mixin.py:151} INFO - [2023-10-29T12:51:19.674+0100] {dagbag.py:539} INFO - Filling up the DagBag from /Users/aymanehinane/Desktop/Airflow/py_env/lib/python3.11/site-packages/airflow/example_dags/example_dag_decorator.py
[2023-10-29T12:51:19.794+0100] {processor.py:839} INFO - DAG(s) dict_keys(['example_dag_decorator']) retrieved from /Users/aymanehinane/Desktop/Airflow/py_env/lib/python3.11/site-packages/airflow/example_dags/example_dag_decorator.py
[2023-10-29T12:51:20.192+0100] {logging_mixin.py:151} INFO - [2023-10-29T12:51:20.192+0100] {security.py:708} INFO - Not syncing DAG-level permissions for DAG 'DAG:example_dag_decorator' as access control is unset.
[2023-10-29T12:51:20.192+0100] {logging_mixin.py:151} INFO - [2023-10-29T12:51:20.192+0100] {dag.py:2915} INFO - Sync 1 DAGs
[2023-10-29T12:51:20.195+0100] {logging_mixin.py:151} INFO - [2023-10-29T12:51:20.195+0100] {dag.py:3696} INFO - Setting next_dagrun for example_dag_decorator to None, run_after=None
[2023-10-29T12:51:20.202+0100] {processor.py:179} INFO - Processing /Users/aymanehinane/Desktop/Airflow/py_env/lib/python3.11/site-packages/airflow/example_dags/example_dag_decorator.py took 0.529 seconds
[2023-10-29T12:52:46.934+0100] {processor.py:157} INFO - Started process (PID=76220) to work on /Users/aymanehinane/Desktop/Airflow/py_env/lib/python3.11/site-packages/airflow/example_dags/example_dag_decorator.py
[2023-10-29T12:52:46.935+0100] {processor.py:829} INFO - Processing file /Users/aymanehinane/Desktop/Airflow/py_env/lib/python3.11/site-packages/airflow/example_dags/example_dag_decorator.py for tasks to queue
[2023-10-29T12:52:46.935+0100] {logging_mixin.py:151} INFO - [2023-10-29T12:52:46.935+0100] {dagbag.py:539} INFO - Filling up the DagBag from /Users/aymanehinane/Desktop/Airflow/py_env/lib/python3.11/site-packages/airflow/example_dags/example_dag_decorator.py
[2023-10-29T12:52:47.049+0100] {processor.py:839} INFO - DAG(s) dict_keys(['example_dag_decorator']) retrieved from /Users/aymanehinane/Desktop/Airflow/py_env/lib/python3.11/site-packages/airflow/example_dags/example_dag_decorator.py
[2023-10-29T12:52:47.409+0100] {logging_mixin.py:151} INFO - [2023-10-29T12:52:47.409+0100] {security.py:708} INFO - Not syncing DAG-level permissions for DAG 'DAG:example_dag_decorator' as access control is unset.
[2023-10-29T12:52:47.409+0100] {logging_mixin.py:151} INFO - [2023-10-29T12:52:47.409+0100] {dag.py:2915} INFO - Sync 1 DAGs
[2023-10-29T12:52:47.412+0100] {logging_mixin.py:151} INFO - [2023-10-29T12:52:47.412+0100] {dag.py:3696} INFO - Setting next_dagrun for example_dag_decorator to None, run_after=None
[2023-10-29T12:52:47.418+0100] {processor.py:179} INFO - Processing /Users/aymanehinane/Desktop/Airflow/py_env/lib/python3.11/site-packages/airflow/example_dags/example_dag_decorator.py took 0.484 seconds
[2023-10-29T12:54:05.753+0100] {processor.py:157} INFO - Started process (PID=76345) to work on /Users/aymanehinane/Desktop/Airflow/py_env/lib/python3.11/site-packages/airflow/example_dags/example_dag_decorator.py
[2023-10-29T12:54:05.754+0100] {processor.py:829} INFO - Processing file /Users/aymanehinane/Desktop/Airflow/py_env/lib/python3.11/site-packages/airflow/example_dags/example_dag_decorator.py for tasks to queue
[2023-10-29T12:54:05.754+0100] {logging_mixin.py:151} INFO - [2023-10-29T12:54:05.754+0100] {dagbag.py:539} INFO - Filling up the DagBag from /Users/aymanehinane/Desktop/Airflow/py_env/lib/python3.11/site-packages/airflow/example_dags/example_dag_decorator.py
[2023-10-29T12:54:05.871+0100] {processor.py:839} INFO - DAG(s) dict_keys(['example_dag_decorator']) retrieved from /Users/aymanehinane/Desktop/Airflow/py_env/lib/python3.11/site-packages/airflow/example_dags/example_dag_decorator.py
[2023-10-29T12:54:06.229+0100] {logging_mixin.py:151} INFO - [2023-10-29T12:54:06.229+0100] {security.py:708} INFO - Not syncing DAG-level permissions for DAG 'DAG:example_dag_decorator' as access control is unset.
[2023-10-29T12:54:06.229+0100] {logging_mixin.py:151} INFO - [2023-10-29T12:54:06.229+0100] {dag.py:2915} INFO - Sync 1 DAGs
[2023-10-29T12:54:06.232+0100] {logging_mixin.py:151} INFO - [2023-10-29T12:54:06.232+0100] {dag.py:3696} INFO - Setting next_dagrun for example_dag_decorator to None, run_after=None
[2023-10-29T12:54:06.238+0100] {processor.py:179} INFO - Processing /Users/aymanehinane/Desktop/Airflow/py_env/lib/python3.11/site-packages/airflow/example_dags/example_dag_decorator.py took 0.486 seconds
[2023-10-29T12:55:25.268+0100] {processor.py:157} INFO - Started process (PID=76462) to work on /Users/aymanehinane/Desktop/Airflow/py_env/lib/python3.11/site-packages/airflow/example_dags/example_dag_decorator.py
[2023-10-29T12:55:25.269+0100] {processor.py:829} INFO - Processing file /Users/aymanehinane/Desktop/Airflow/py_env/lib/python3.11/site-packages/airflow/example_dags/example_dag_decorator.py for tasks to queue
[2023-10-29T12:55:25.270+0100] {logging_mixin.py:151} INFO - [2023-10-29T12:55:25.270+0100] {dagbag.py:539} INFO - Filling up the DagBag from /Users/aymanehinane/Desktop/Airflow/py_env/lib/python3.11/site-packages/airflow/example_dags/example_dag_decorator.py
[2023-10-29T12:55:25.377+0100] {processor.py:839} INFO - DAG(s) dict_keys(['example_dag_decorator']) retrieved from /Users/aymanehinane/Desktop/Airflow/py_env/lib/python3.11/site-packages/airflow/example_dags/example_dag_decorator.py
[2023-10-29T12:55:25.725+0100] {logging_mixin.py:151} INFO - [2023-10-29T12:55:25.725+0100] {security.py:708} INFO - Not syncing DAG-level permissions for DAG 'DAG:example_dag_decorator' as access control is unset.
[2023-10-29T12:55:25.726+0100] {logging_mixin.py:151} INFO - [2023-10-29T12:55:25.726+0100] {dag.py:2915} INFO - Sync 1 DAGs
[2023-10-29T12:55:25.728+0100] {logging_mixin.py:151} INFO - [2023-10-29T12:55:25.728+0100] {dag.py:3696} INFO - Setting next_dagrun for example_dag_decorator to None, run_after=None
[2023-10-29T12:55:25.735+0100] {processor.py:179} INFO - Processing /Users/aymanehinane/Desktop/Airflow/py_env/lib/python3.11/site-packages/airflow/example_dags/example_dag_decorator.py took 0.467 seconds
[2023-10-29T12:56:48.563+0100] {processor.py:157} INFO - Started process (PID=76593) to work on /Users/aymanehinane/Desktop/Airflow/py_env/lib/python3.11/site-packages/airflow/example_dags/example_dag_decorator.py
[2023-10-29T12:56:48.565+0100] {processor.py:829} INFO - Processing file /Users/aymanehinane/Desktop/Airflow/py_env/lib/python3.11/site-packages/airflow/example_dags/example_dag_decorator.py for tasks to queue
[2023-10-29T12:56:48.565+0100] {logging_mixin.py:151} INFO - [2023-10-29T12:56:48.565+0100] {dagbag.py:539} INFO - Filling up the DagBag from /Users/aymanehinane/Desktop/Airflow/py_env/lib/python3.11/site-packages/airflow/example_dags/example_dag_decorator.py
[2023-10-29T12:56:48.675+0100] {processor.py:839} INFO - DAG(s) dict_keys(['example_dag_decorator']) retrieved from /Users/aymanehinane/Desktop/Airflow/py_env/lib/python3.11/site-packages/airflow/example_dags/example_dag_decorator.py
[2023-10-29T12:56:49.028+0100] {logging_mixin.py:151} INFO - [2023-10-29T12:56:49.028+0100] {security.py:708} INFO - Not syncing DAG-level permissions for DAG 'DAG:example_dag_decorator' as access control is unset.
[2023-10-29T12:56:49.028+0100] {logging_mixin.py:151} INFO - [2023-10-29T12:56:49.028+0100] {dag.py:2915} INFO - Sync 1 DAGs
[2023-10-29T12:56:49.031+0100] {logging_mixin.py:151} INFO - [2023-10-29T12:56:49.031+0100] {dag.py:3696} INFO - Setting next_dagrun for example_dag_decorator to None, run_after=None
[2023-10-29T12:56:49.038+0100] {processor.py:179} INFO - Processing /Users/aymanehinane/Desktop/Airflow/py_env/lib/python3.11/site-packages/airflow/example_dags/example_dag_decorator.py took 0.475 seconds
[2023-10-29T12:58:07.133+0100] {processor.py:157} INFO - Started process (PID=76779) to work on /Users/aymanehinane/Desktop/Airflow/py_env/lib/python3.11/site-packages/airflow/example_dags/example_dag_decorator.py
[2023-10-29T12:58:07.133+0100] {processor.py:829} INFO - Processing file /Users/aymanehinane/Desktop/Airflow/py_env/lib/python3.11/site-packages/airflow/example_dags/example_dag_decorator.py for tasks to queue
[2023-10-29T12:58:07.134+0100] {logging_mixin.py:151} INFO - [2023-10-29T12:58:07.134+0100] {dagbag.py:539} INFO - Filling up the DagBag from /Users/aymanehinane/Desktop/Airflow/py_env/lib/python3.11/site-packages/airflow/example_dags/example_dag_decorator.py
[2023-10-29T12:58:07.242+0100] {processor.py:839} INFO - DAG(s) dict_keys(['example_dag_decorator']) retrieved from /Users/aymanehinane/Desktop/Airflow/py_env/lib/python3.11/site-packages/airflow/example_dags/example_dag_decorator.py
[2023-10-29T12:58:07.602+0100] {logging_mixin.py:151} INFO - [2023-10-29T12:58:07.601+0100] {security.py:708} INFO - Not syncing DAG-level permissions for DAG 'DAG:example_dag_decorator' as access control is unset.
[2023-10-29T12:58:07.602+0100] {logging_mixin.py:151} INFO - [2023-10-29T12:58:07.602+0100] {dag.py:2915} INFO - Sync 1 DAGs
[2023-10-29T12:58:07.606+0100] {logging_mixin.py:151} INFO - [2023-10-29T12:58:07.606+0100] {dag.py:3696} INFO - Setting next_dagrun for example_dag_decorator to None, run_after=None
[2023-10-29T12:58:07.614+0100] {processor.py:179} INFO - Processing /Users/aymanehinane/Desktop/Airflow/py_env/lib/python3.11/site-packages/airflow/example_dags/example_dag_decorator.py took 0.481 seconds
[2023-10-29T12:59:27.667+0100] {processor.py:157} INFO - Started process (PID=76923) to work on /Users/aymanehinane/Desktop/Airflow/py_env/lib/python3.11/site-packages/airflow/example_dags/example_dag_decorator.py
[2023-10-29T12:59:27.668+0100] {processor.py:829} INFO - Processing file /Users/aymanehinane/Desktop/Airflow/py_env/lib/python3.11/site-packages/airflow/example_dags/example_dag_decorator.py for tasks to queue
[2023-10-29T12:59:27.668+0100] {logging_mixin.py:151} INFO - [2023-10-29T12:59:27.668+0100] {dagbag.py:539} INFO - Filling up the DagBag from /Users/aymanehinane/Desktop/Airflow/py_env/lib/python3.11/site-packages/airflow/example_dags/example_dag_decorator.py
[2023-10-29T12:59:27.785+0100] {processor.py:839} INFO - DAG(s) dict_keys(['example_dag_decorator']) retrieved from /Users/aymanehinane/Desktop/Airflow/py_env/lib/python3.11/site-packages/airflow/example_dags/example_dag_decorator.py
[2023-10-29T12:59:28.214+0100] {logging_mixin.py:151} INFO - [2023-10-29T12:59:28.214+0100] {security.py:708} INFO - Not syncing DAG-level permissions for DAG 'DAG:example_dag_decorator' as access control is unset.
[2023-10-29T12:59:28.215+0100] {logging_mixin.py:151} INFO - [2023-10-29T12:59:28.214+0100] {dag.py:2915} INFO - Sync 1 DAGs
[2023-10-29T12:59:28.218+0100] {logging_mixin.py:151} INFO - [2023-10-29T12:59:28.217+0100] {dag.py:3696} INFO - Setting next_dagrun for example_dag_decorator to None, run_after=None
[2023-10-29T12:59:28.225+0100] {processor.py:179} INFO - Processing /Users/aymanehinane/Desktop/Airflow/py_env/lib/python3.11/site-packages/airflow/example_dags/example_dag_decorator.py took 0.559 seconds
