[2023-10-29T12:49:21.409+0100] {processor.py:157} INFO - Started process (PID=75842) to work on /Users/aymanehinane/Desktop/Airflow/py_env/lib/python3.11/site-packages/airflow/example_dags/example_kubernetes_executor.py
[2023-10-29T12:49:21.410+0100] {processor.py:829} INFO - Processing file /Users/aymanehinane/Desktop/Airflow/py_env/lib/python3.11/site-packages/airflow/example_dags/example_kubernetes_executor.py for tasks to queue
[2023-10-29T12:49:21.410+0100] {logging_mixin.py:151} INFO - [2023-10-29T12:49:21.410+0100] {dagbag.py:539} INFO - Filling up the DagBag from /Users/aymanehinane/Desktop/Airflow/py_env/lib/python3.11/site-packages/airflow/example_dags/example_kubernetes_executor.py
[2023-10-29T12:49:21.434+0100] {logging_mixin.py:151} INFO - [2023-10-29T12:49:21.434+0100] {example_kubernetes_executor.py:38} WARNING - The example_kubernetes_executor example DAG requires the kubernetes provider. Please install it with: pip install apache-airflow[cncf.kubernetes]
[2023-10-29T12:49:21.434+0100] {processor.py:841} WARNING - No viable dags retrieved from /Users/aymanehinane/Desktop/Airflow/py_env/lib/python3.11/site-packages/airflow/example_dags/example_kubernetes_executor.py
[2023-10-29T12:49:21.473+0100] {processor.py:179} INFO - Processing /Users/aymanehinane/Desktop/Airflow/py_env/lib/python3.11/site-packages/airflow/example_dags/example_kubernetes_executor.py took 0.063 seconds
[2023-10-29T12:51:10.916+0100] {processor.py:157} INFO - Started process (PID=76065) to work on /Users/aymanehinane/Desktop/Airflow/py_env/lib/python3.11/site-packages/airflow/example_dags/example_kubernetes_executor.py
[2023-10-29T12:51:10.917+0100] {processor.py:829} INFO - Processing file /Users/aymanehinane/Desktop/Airflow/py_env/lib/python3.11/site-packages/airflow/example_dags/example_kubernetes_executor.py for tasks to queue
[2023-10-29T12:51:10.917+0100] {logging_mixin.py:151} INFO - [2023-10-29T12:51:10.917+0100] {dagbag.py:539} INFO - Filling up the DagBag from /Users/aymanehinane/Desktop/Airflow/py_env/lib/python3.11/site-packages/airflow/example_dags/example_kubernetes_executor.py
[2023-10-29T12:51:10.935+0100] {logging_mixin.py:151} INFO - [2023-10-29T12:51:10.935+0100] {example_kubernetes_executor.py:38} WARNING - The example_kubernetes_executor example DAG requires the kubernetes provider. Please install it with: pip install apache-airflow[cncf.kubernetes]
[2023-10-29T12:51:10.935+0100] {processor.py:841} WARNING - No viable dags retrieved from /Users/aymanehinane/Desktop/Airflow/py_env/lib/python3.11/site-packages/airflow/example_dags/example_kubernetes_executor.py
[2023-10-29T12:51:10.971+0100] {processor.py:179} INFO - Processing /Users/aymanehinane/Desktop/Airflow/py_env/lib/python3.11/site-packages/airflow/example_dags/example_kubernetes_executor.py took 0.055 seconds
[2023-10-29T12:52:39.482+0100] {processor.py:157} INFO - Started process (PID=76207) to work on /Users/aymanehinane/Desktop/Airflow/py_env/lib/python3.11/site-packages/airflow/example_dags/example_kubernetes_executor.py
[2023-10-29T12:52:39.483+0100] {processor.py:829} INFO - Processing file /Users/aymanehinane/Desktop/Airflow/py_env/lib/python3.11/site-packages/airflow/example_dags/example_kubernetes_executor.py for tasks to queue
[2023-10-29T12:52:39.483+0100] {logging_mixin.py:151} INFO - [2023-10-29T12:52:39.483+0100] {dagbag.py:539} INFO - Filling up the DagBag from /Users/aymanehinane/Desktop/Airflow/py_env/lib/python3.11/site-packages/airflow/example_dags/example_kubernetes_executor.py
[2023-10-29T12:52:39.501+0100] {logging_mixin.py:151} INFO - [2023-10-29T12:52:39.501+0100] {example_kubernetes_executor.py:38} WARNING - The example_kubernetes_executor example DAG requires the kubernetes provider. Please install it with: pip install apache-airflow[cncf.kubernetes]
[2023-10-29T12:52:39.501+0100] {processor.py:841} WARNING - No viable dags retrieved from /Users/aymanehinane/Desktop/Airflow/py_env/lib/python3.11/site-packages/airflow/example_dags/example_kubernetes_executor.py
[2023-10-29T12:52:39.536+0100] {processor.py:179} INFO - Processing /Users/aymanehinane/Desktop/Airflow/py_env/lib/python3.11/site-packages/airflow/example_dags/example_kubernetes_executor.py took 0.054 seconds
[2023-10-29T12:53:57.609+0100] {processor.py:157} INFO - Started process (PID=76330) to work on /Users/aymanehinane/Desktop/Airflow/py_env/lib/python3.11/site-packages/airflow/example_dags/example_kubernetes_executor.py
[2023-10-29T12:53:57.609+0100] {processor.py:829} INFO - Processing file /Users/aymanehinane/Desktop/Airflow/py_env/lib/python3.11/site-packages/airflow/example_dags/example_kubernetes_executor.py for tasks to queue
[2023-10-29T12:53:57.610+0100] {logging_mixin.py:151} INFO - [2023-10-29T12:53:57.610+0100] {dagbag.py:539} INFO - Filling up the DagBag from /Users/aymanehinane/Desktop/Airflow/py_env/lib/python3.11/site-packages/airflow/example_dags/example_kubernetes_executor.py
[2023-10-29T12:53:57.628+0100] {logging_mixin.py:151} INFO - [2023-10-29T12:53:57.627+0100] {example_kubernetes_executor.py:38} WARNING - The example_kubernetes_executor example DAG requires the kubernetes provider. Please install it with: pip install apache-airflow[cncf.kubernetes]
[2023-10-29T12:53:57.628+0100] {processor.py:841} WARNING - No viable dags retrieved from /Users/aymanehinane/Desktop/Airflow/py_env/lib/python3.11/site-packages/airflow/example_dags/example_kubernetes_executor.py
[2023-10-29T12:53:57.663+0100] {processor.py:179} INFO - Processing /Users/aymanehinane/Desktop/Airflow/py_env/lib/python3.11/site-packages/airflow/example_dags/example_kubernetes_executor.py took 0.054 seconds
[2023-10-29T12:55:17.166+0100] {processor.py:157} INFO - Started process (PID=76451) to work on /Users/aymanehinane/Desktop/Airflow/py_env/lib/python3.11/site-packages/airflow/example_dags/example_kubernetes_executor.py
[2023-10-29T12:55:17.169+0100] {processor.py:829} INFO - Processing file /Users/aymanehinane/Desktop/Airflow/py_env/lib/python3.11/site-packages/airflow/example_dags/example_kubernetes_executor.py for tasks to queue
[2023-10-29T12:55:17.169+0100] {logging_mixin.py:151} INFO - [2023-10-29T12:55:17.169+0100] {dagbag.py:539} INFO - Filling up the DagBag from /Users/aymanehinane/Desktop/Airflow/py_env/lib/python3.11/site-packages/airflow/example_dags/example_kubernetes_executor.py
[2023-10-29T12:55:17.189+0100] {logging_mixin.py:151} INFO - [2023-10-29T12:55:17.189+0100] {example_kubernetes_executor.py:38} WARNING - The example_kubernetes_executor example DAG requires the kubernetes provider. Please install it with: pip install apache-airflow[cncf.kubernetes]
[2023-10-29T12:55:17.189+0100] {processor.py:841} WARNING - No viable dags retrieved from /Users/aymanehinane/Desktop/Airflow/py_env/lib/python3.11/site-packages/airflow/example_dags/example_kubernetes_executor.py
[2023-10-29T12:55:17.224+0100] {processor.py:179} INFO - Processing /Users/aymanehinane/Desktop/Airflow/py_env/lib/python3.11/site-packages/airflow/example_dags/example_kubernetes_executor.py took 0.059 seconds
[2023-10-29T12:56:41.233+0100] {processor.py:157} INFO - Started process (PID=76582) to work on /Users/aymanehinane/Desktop/Airflow/py_env/lib/python3.11/site-packages/airflow/example_dags/example_kubernetes_executor.py
[2023-10-29T12:56:41.234+0100] {processor.py:829} INFO - Processing file /Users/aymanehinane/Desktop/Airflow/py_env/lib/python3.11/site-packages/airflow/example_dags/example_kubernetes_executor.py for tasks to queue
[2023-10-29T12:56:41.234+0100] {logging_mixin.py:151} INFO - [2023-10-29T12:56:41.234+0100] {dagbag.py:539} INFO - Filling up the DagBag from /Users/aymanehinane/Desktop/Airflow/py_env/lib/python3.11/site-packages/airflow/example_dags/example_kubernetes_executor.py
[2023-10-29T12:56:41.253+0100] {logging_mixin.py:151} INFO - [2023-10-29T12:56:41.253+0100] {example_kubernetes_executor.py:38} WARNING - The example_kubernetes_executor example DAG requires the kubernetes provider. Please install it with: pip install apache-airflow[cncf.kubernetes]
[2023-10-29T12:56:41.253+0100] {processor.py:841} WARNING - No viable dags retrieved from /Users/aymanehinane/Desktop/Airflow/py_env/lib/python3.11/site-packages/airflow/example_dags/example_kubernetes_executor.py
[2023-10-29T12:56:41.289+0100] {processor.py:179} INFO - Processing /Users/aymanehinane/Desktop/Airflow/py_env/lib/python3.11/site-packages/airflow/example_dags/example_kubernetes_executor.py took 0.056 seconds
[2023-10-29T12:58:00.872+0100] {processor.py:157} INFO - Started process (PID=76766) to work on /Users/aymanehinane/Desktop/Airflow/py_env/lib/python3.11/site-packages/airflow/example_dags/example_kubernetes_executor.py
[2023-10-29T12:58:00.872+0100] {processor.py:829} INFO - Processing file /Users/aymanehinane/Desktop/Airflow/py_env/lib/python3.11/site-packages/airflow/example_dags/example_kubernetes_executor.py for tasks to queue
[2023-10-29T12:58:00.873+0100] {logging_mixin.py:151} INFO - [2023-10-29T12:58:00.873+0100] {dagbag.py:539} INFO - Filling up the DagBag from /Users/aymanehinane/Desktop/Airflow/py_env/lib/python3.11/site-packages/airflow/example_dags/example_kubernetes_executor.py
[2023-10-29T12:58:00.891+0100] {logging_mixin.py:151} INFO - [2023-10-29T12:58:00.890+0100] {example_kubernetes_executor.py:38} WARNING - The example_kubernetes_executor example DAG requires the kubernetes provider. Please install it with: pip install apache-airflow[cncf.kubernetes]
[2023-10-29T12:58:00.891+0100] {processor.py:841} WARNING - No viable dags retrieved from /Users/aymanehinane/Desktop/Airflow/py_env/lib/python3.11/site-packages/airflow/example_dags/example_kubernetes_executor.py
[2023-10-29T12:58:00.926+0100] {processor.py:179} INFO - Processing /Users/aymanehinane/Desktop/Airflow/py_env/lib/python3.11/site-packages/airflow/example_dags/example_kubernetes_executor.py took 0.054 seconds
[2023-10-29T12:59:19.986+0100] {processor.py:157} INFO - Started process (PID=76912) to work on /Users/aymanehinane/Desktop/Airflow/py_env/lib/python3.11/site-packages/airflow/example_dags/example_kubernetes_executor.py
[2023-10-29T12:59:19.992+0100] {processor.py:829} INFO - Processing file /Users/aymanehinane/Desktop/Airflow/py_env/lib/python3.11/site-packages/airflow/example_dags/example_kubernetes_executor.py for tasks to queue
[2023-10-29T12:59:19.992+0100] {logging_mixin.py:151} INFO - [2023-10-29T12:59:19.992+0100] {dagbag.py:539} INFO - Filling up the DagBag from /Users/aymanehinane/Desktop/Airflow/py_env/lib/python3.11/site-packages/airflow/example_dags/example_kubernetes_executor.py
[2023-10-29T12:59:20.010+0100] {logging_mixin.py:151} INFO - [2023-10-29T12:59:20.009+0100] {example_kubernetes_executor.py:38} WARNING - The example_kubernetes_executor example DAG requires the kubernetes provider. Please install it with: pip install apache-airflow[cncf.kubernetes]
[2023-10-29T12:59:20.010+0100] {processor.py:841} WARNING - No viable dags retrieved from /Users/aymanehinane/Desktop/Airflow/py_env/lib/python3.11/site-packages/airflow/example_dags/example_kubernetes_executor.py
[2023-10-29T12:59:20.044+0100] {processor.py:179} INFO - Processing /Users/aymanehinane/Desktop/Airflow/py_env/lib/python3.11/site-packages/airflow/example_dags/example_kubernetes_executor.py took 0.058 seconds
