[2023-10-29T12:49:13.439+0100] {processor.py:157} INFO - Started process (PID=75830) to work on /Users/aymanehinane/Desktop/Airflow/py_env/lib/python3.11/site-packages/airflow/example_dags/example_nested_branch_dag.py
[2023-10-29T12:49:13.440+0100] {processor.py:829} INFO - Processing file /Users/aymanehinane/Desktop/Airflow/py_env/lib/python3.11/site-packages/airflow/example_dags/example_nested_branch_dag.py for tasks to queue
[2023-10-29T12:49:13.440+0100] {logging_mixin.py:151} INFO - [2023-10-29T12:49:13.440+0100] {dagbag.py:539} INFO - Filling up the DagBag from /Users/aymanehinane/Desktop/Airflow/py_env/lib/python3.11/site-packages/airflow/example_dags/example_nested_branch_dag.py
[2023-10-29T12:49:13.463+0100] {processor.py:839} INFO - DAG(s) dict_keys(['example_nested_branch_dag']) retrieved from /Users/aymanehinane/Desktop/Airflow/py_env/lib/python3.11/site-packages/airflow/example_dags/example_nested_branch_dag.py
[2023-10-29T12:49:13.748+0100] {logging_mixin.py:151} INFO - [2023-10-29T12:49:13.747+0100] {manager.py:499} INFO - Created Permission View: %s
[2023-10-29T12:49:13.751+0100] {logging_mixin.py:151} INFO - [2023-10-29T12:49:13.751+0100] {manager.py:499} INFO - Created Permission View: %s
[2023-10-29T12:49:13.753+0100] {logging_mixin.py:151} INFO - [2023-10-29T12:49:13.753+0100] {manager.py:499} INFO - Created Permission View: %s
[2023-10-29T12:49:13.753+0100] {logging_mixin.py:151} INFO - [2023-10-29T12:49:13.753+0100] {security.py:708} INFO - Not syncing DAG-level permissions for DAG 'DAG:example_nested_branch_dag' as access control is unset.
[2023-10-29T12:49:13.753+0100] {logging_mixin.py:151} INFO - [2023-10-29T12:49:13.753+0100] {dag.py:2915} INFO - Sync 1 DAGs
[2023-10-29T12:49:13.759+0100] {logging_mixin.py:151} INFO - [2023-10-29T12:49:13.759+0100] {dag.py:2937} INFO - Creating ORM DAG for example_nested_branch_dag
[2023-10-29T12:49:13.763+0100] {logging_mixin.py:151} INFO - [2023-10-29T12:49:13.763+0100] {dag.py:3696} INFO - Setting next_dagrun for example_nested_branch_dag to 2023-10-28T00:00:00+00:00, run_after=2023-10-29T00:00:00+00:00
[2023-10-29T12:49:13.771+0100] {processor.py:179} INFO - Processing /Users/aymanehinane/Desktop/Airflow/py_env/lib/python3.11/site-packages/airflow/example_dags/example_nested_branch_dag.py took 0.331 seconds
[2023-10-29T12:50:39.865+0100] {processor.py:157} INFO - Started process (PID=76013) to work on /Users/aymanehinane/Desktop/Airflow/py_env/lib/python3.11/site-packages/airflow/example_dags/example_nested_branch_dag.py
[2023-10-29T12:50:39.866+0100] {processor.py:829} INFO - Processing file /Users/aymanehinane/Desktop/Airflow/py_env/lib/python3.11/site-packages/airflow/example_dags/example_nested_branch_dag.py for tasks to queue
[2023-10-29T12:50:39.866+0100] {logging_mixin.py:151} INFO - [2023-10-29T12:50:39.866+0100] {dagbag.py:539} INFO - Filling up the DagBag from /Users/aymanehinane/Desktop/Airflow/py_env/lib/python3.11/site-packages/airflow/example_dags/example_nested_branch_dag.py
[2023-10-29T12:50:39.889+0100] {processor.py:839} INFO - DAG(s) dict_keys(['example_nested_branch_dag']) retrieved from /Users/aymanehinane/Desktop/Airflow/py_env/lib/python3.11/site-packages/airflow/example_dags/example_nested_branch_dag.py
[2023-10-29T12:50:39.946+0100] {logging_mixin.py:151} INFO - [2023-10-29T12:50:39.945+0100] {dag.py:2915} INFO - Sync 1 DAGs
[2023-10-29T12:50:39.952+0100] {logging_mixin.py:151} INFO - [2023-10-29T12:50:39.952+0100] {dag.py:3696} INFO - Setting next_dagrun for example_nested_branch_dag to 2023-10-28T00:00:00+00:00, run_after=2023-10-29T00:00:00+00:00
[2023-10-29T12:50:39.959+0100] {processor.py:179} INFO - Processing /Users/aymanehinane/Desktop/Airflow/py_env/lib/python3.11/site-packages/airflow/example_dags/example_nested_branch_dag.py took 0.095 seconds
[2023-10-29T12:52:13.359+0100] {processor.py:157} INFO - Started process (PID=76165) to work on /Users/aymanehinane/Desktop/Airflow/py_env/lib/python3.11/site-packages/airflow/example_dags/example_nested_branch_dag.py
[2023-10-29T12:52:13.360+0100] {processor.py:829} INFO - Processing file /Users/aymanehinane/Desktop/Airflow/py_env/lib/python3.11/site-packages/airflow/example_dags/example_nested_branch_dag.py for tasks to queue
[2023-10-29T12:52:13.360+0100] {logging_mixin.py:151} INFO - [2023-10-29T12:52:13.360+0100] {dagbag.py:539} INFO - Filling up the DagBag from /Users/aymanehinane/Desktop/Airflow/py_env/lib/python3.11/site-packages/airflow/example_dags/example_nested_branch_dag.py
[2023-10-29T12:52:13.381+0100] {processor.py:839} INFO - DAG(s) dict_keys(['example_nested_branch_dag']) retrieved from /Users/aymanehinane/Desktop/Airflow/py_env/lib/python3.11/site-packages/airflow/example_dags/example_nested_branch_dag.py
[2023-10-29T12:52:13.436+0100] {logging_mixin.py:151} INFO - [2023-10-29T12:52:13.436+0100] {dag.py:2915} INFO - Sync 1 DAGs
[2023-10-29T12:52:13.442+0100] {logging_mixin.py:151} INFO - [2023-10-29T12:52:13.442+0100] {dag.py:3696} INFO - Setting next_dagrun for example_nested_branch_dag to 2023-10-28T00:00:00+00:00, run_after=2023-10-29T00:00:00+00:00
[2023-10-29T12:52:13.449+0100] {processor.py:179} INFO - Processing /Users/aymanehinane/Desktop/Airflow/py_env/lib/python3.11/site-packages/airflow/example_dags/example_nested_branch_dag.py took 0.089 seconds
[2023-10-29T12:53:36.428+0100] {processor.py:157} INFO - Started process (PID=76298) to work on /Users/aymanehinane/Desktop/Airflow/py_env/lib/python3.11/site-packages/airflow/example_dags/example_nested_branch_dag.py
[2023-10-29T12:53:36.429+0100] {processor.py:829} INFO - Processing file /Users/aymanehinane/Desktop/Airflow/py_env/lib/python3.11/site-packages/airflow/example_dags/example_nested_branch_dag.py for tasks to queue
[2023-10-29T12:53:36.429+0100] {logging_mixin.py:151} INFO - [2023-10-29T12:53:36.429+0100] {dagbag.py:539} INFO - Filling up the DagBag from /Users/aymanehinane/Desktop/Airflow/py_env/lib/python3.11/site-packages/airflow/example_dags/example_nested_branch_dag.py
[2023-10-29T12:53:36.451+0100] {processor.py:839} INFO - DAG(s) dict_keys(['example_nested_branch_dag']) retrieved from /Users/aymanehinane/Desktop/Airflow/py_env/lib/python3.11/site-packages/airflow/example_dags/example_nested_branch_dag.py
[2023-10-29T12:53:36.506+0100] {logging_mixin.py:151} INFO - [2023-10-29T12:53:36.506+0100] {dag.py:2915} INFO - Sync 1 DAGs
[2023-10-29T12:53:36.512+0100] {logging_mixin.py:151} INFO - [2023-10-29T12:53:36.512+0100] {dag.py:3696} INFO - Setting next_dagrun for example_nested_branch_dag to 2023-10-28T00:00:00+00:00, run_after=2023-10-29T00:00:00+00:00
[2023-10-29T12:53:36.518+0100] {processor.py:179} INFO - Processing /Users/aymanehinane/Desktop/Airflow/py_env/lib/python3.11/site-packages/airflow/example_dags/example_nested_branch_dag.py took 0.091 seconds
[2023-10-29T12:54:56.210+0100] {processor.py:157} INFO - Started process (PID=76419) to work on /Users/aymanehinane/Desktop/Airflow/py_env/lib/python3.11/site-packages/airflow/example_dags/example_nested_branch_dag.py
[2023-10-29T12:54:56.211+0100] {processor.py:829} INFO - Processing file /Users/aymanehinane/Desktop/Airflow/py_env/lib/python3.11/site-packages/airflow/example_dags/example_nested_branch_dag.py for tasks to queue
[2023-10-29T12:54:56.212+0100] {logging_mixin.py:151} INFO - [2023-10-29T12:54:56.212+0100] {dagbag.py:539} INFO - Filling up the DagBag from /Users/aymanehinane/Desktop/Airflow/py_env/lib/python3.11/site-packages/airflow/example_dags/example_nested_branch_dag.py
[2023-10-29T12:54:56.233+0100] {processor.py:839} INFO - DAG(s) dict_keys(['example_nested_branch_dag']) retrieved from /Users/aymanehinane/Desktop/Airflow/py_env/lib/python3.11/site-packages/airflow/example_dags/example_nested_branch_dag.py
[2023-10-29T12:54:56.288+0100] {logging_mixin.py:151} INFO - [2023-10-29T12:54:56.288+0100] {dag.py:2915} INFO - Sync 1 DAGs
[2023-10-29T12:54:56.294+0100] {logging_mixin.py:151} INFO - [2023-10-29T12:54:56.294+0100] {dag.py:3696} INFO - Setting next_dagrun for example_nested_branch_dag to 2023-10-28T00:00:00+00:00, run_after=2023-10-29T00:00:00+00:00
[2023-10-29T12:54:56.300+0100] {processor.py:179} INFO - Processing /Users/aymanehinane/Desktop/Airflow/py_env/lib/python3.11/site-packages/airflow/example_dags/example_nested_branch_dag.py took 0.090 seconds
[2023-10-29T12:56:17.562+0100] {processor.py:157} INFO - Started process (PID=76543) to work on /Users/aymanehinane/Desktop/Airflow/py_env/lib/python3.11/site-packages/airflow/example_dags/example_nested_branch_dag.py
[2023-10-29T12:56:17.564+0100] {processor.py:829} INFO - Processing file /Users/aymanehinane/Desktop/Airflow/py_env/lib/python3.11/site-packages/airflow/example_dags/example_nested_branch_dag.py for tasks to queue
[2023-10-29T12:56:17.564+0100] {logging_mixin.py:151} INFO - [2023-10-29T12:56:17.564+0100] {dagbag.py:539} INFO - Filling up the DagBag from /Users/aymanehinane/Desktop/Airflow/py_env/lib/python3.11/site-packages/airflow/example_dags/example_nested_branch_dag.py
[2023-10-29T12:56:17.584+0100] {processor.py:839} INFO - DAG(s) dict_keys(['example_nested_branch_dag']) retrieved from /Users/aymanehinane/Desktop/Airflow/py_env/lib/python3.11/site-packages/airflow/example_dags/example_nested_branch_dag.py
[2023-10-29T12:56:17.639+0100] {logging_mixin.py:151} INFO - [2023-10-29T12:56:17.639+0100] {dag.py:2915} INFO - Sync 1 DAGs
[2023-10-29T12:56:17.645+0100] {logging_mixin.py:151} INFO - [2023-10-29T12:56:17.645+0100] {dag.py:3696} INFO - Setting next_dagrun for example_nested_branch_dag to 2023-10-28T00:00:00+00:00, run_after=2023-10-29T00:00:00+00:00
[2023-10-29T12:56:17.652+0100] {processor.py:179} INFO - Processing /Users/aymanehinane/Desktop/Airflow/py_env/lib/python3.11/site-packages/airflow/example_dags/example_nested_branch_dag.py took 0.090 seconds
[2023-10-29T12:57:38.330+0100] {processor.py:157} INFO - Started process (PID=76727) to work on /Users/aymanehinane/Desktop/Airflow/py_env/lib/python3.11/site-packages/airflow/example_dags/example_nested_branch_dag.py
[2023-10-29T12:57:38.332+0100] {processor.py:829} INFO - Processing file /Users/aymanehinane/Desktop/Airflow/py_env/lib/python3.11/site-packages/airflow/example_dags/example_nested_branch_dag.py for tasks to queue
[2023-10-29T12:57:38.332+0100] {logging_mixin.py:151} INFO - [2023-10-29T12:57:38.332+0100] {dagbag.py:539} INFO - Filling up the DagBag from /Users/aymanehinane/Desktop/Airflow/py_env/lib/python3.11/site-packages/airflow/example_dags/example_nested_branch_dag.py
[2023-10-29T12:57:38.361+0100] {processor.py:839} INFO - DAG(s) dict_keys(['example_nested_branch_dag']) retrieved from /Users/aymanehinane/Desktop/Airflow/py_env/lib/python3.11/site-packages/airflow/example_dags/example_nested_branch_dag.py
[2023-10-29T12:57:38.416+0100] {logging_mixin.py:151} INFO - [2023-10-29T12:57:38.416+0100] {dag.py:2915} INFO - Sync 1 DAGs
[2023-10-29T12:57:38.423+0100] {logging_mixin.py:151} INFO - [2023-10-29T12:57:38.423+0100] {dag.py:3696} INFO - Setting next_dagrun for example_nested_branch_dag to 2023-10-28T00:00:00+00:00, run_after=2023-10-29T00:00:00+00:00
[2023-10-29T12:57:38.429+0100] {processor.py:179} INFO - Processing /Users/aymanehinane/Desktop/Airflow/py_env/lib/python3.11/site-packages/airflow/example_dags/example_nested_branch_dag.py took 0.099 seconds
[2023-10-29T12:58:57.837+0100] {processor.py:157} INFO - Started process (PID=76876) to work on /Users/aymanehinane/Desktop/Airflow/py_env/lib/python3.11/site-packages/airflow/example_dags/example_nested_branch_dag.py
[2023-10-29T12:58:57.838+0100] {processor.py:829} INFO - Processing file /Users/aymanehinane/Desktop/Airflow/py_env/lib/python3.11/site-packages/airflow/example_dags/example_nested_branch_dag.py for tasks to queue
[2023-10-29T12:58:57.838+0100] {logging_mixin.py:151} INFO - [2023-10-29T12:58:57.838+0100] {dagbag.py:539} INFO - Filling up the DagBag from /Users/aymanehinane/Desktop/Airflow/py_env/lib/python3.11/site-packages/airflow/example_dags/example_nested_branch_dag.py
[2023-10-29T12:58:57.860+0100] {processor.py:839} INFO - DAG(s) dict_keys(['example_nested_branch_dag']) retrieved from /Users/aymanehinane/Desktop/Airflow/py_env/lib/python3.11/site-packages/airflow/example_dags/example_nested_branch_dag.py
[2023-10-29T12:58:57.914+0100] {logging_mixin.py:151} INFO - [2023-10-29T12:58:57.914+0100] {dag.py:2915} INFO - Sync 1 DAGs
[2023-10-29T12:58:57.921+0100] {logging_mixin.py:151} INFO - [2023-10-29T12:58:57.921+0100] {dag.py:3696} INFO - Setting next_dagrun for example_nested_branch_dag to 2023-10-28T00:00:00+00:00, run_after=2023-10-29T00:00:00+00:00
[2023-10-29T12:58:57.927+0100] {processor.py:179} INFO - Processing /Users/aymanehinane/Desktop/Airflow/py_env/lib/python3.11/site-packages/airflow/example_dags/example_nested_branch_dag.py took 0.091 seconds
