[2023-10-29T12:48:36.244+0100] {processor.py:157} INFO - Started process (PID=75771) to work on /Users/aymanehinane/Desktop/Airflow/py_env/lib/python3.11/site-packages/airflow/example_dags/example_xcomargs.py
[2023-10-29T12:48:36.244+0100] {processor.py:829} INFO - Processing file /Users/aymanehinane/Desktop/Airflow/py_env/lib/python3.11/site-packages/airflow/example_dags/example_xcomargs.py for tasks to queue
[2023-10-29T12:48:36.244+0100] {logging_mixin.py:151} INFO - [2023-10-29T12:48:36.244+0100] {dagbag.py:539} INFO - Filling up the DagBag from /Users/aymanehinane/Desktop/Airflow/py_env/lib/python3.11/site-packages/airflow/example_dags/example_xcomargs.py
[2023-10-29T12:48:36.266+0100] {processor.py:839} INFO - DAG(s) dict_keys(['example_xcom_args_with_operators', 'example_xcom_args']) retrieved from /Users/aymanehinane/Desktop/Airflow/py_env/lib/python3.11/site-packages/airflow/example_dags/example_xcomargs.py
[2023-10-29T12:48:36.543+0100] {logging_mixin.py:151} INFO - [2023-10-29T12:48:36.543+0100] {manager.py:499} INFO - Created Permission View: %s
[2023-10-29T12:48:36.546+0100] {logging_mixin.py:151} INFO - [2023-10-29T12:48:36.546+0100] {manager.py:499} INFO - Created Permission View: %s
[2023-10-29T12:48:36.548+0100] {logging_mixin.py:151} INFO - [2023-10-29T12:48:36.548+0100] {manager.py:499} INFO - Created Permission View: %s
[2023-10-29T12:48:36.548+0100] {logging_mixin.py:151} INFO - [2023-10-29T12:48:36.548+0100] {security.py:708} INFO - Not syncing DAG-level permissions for DAG 'DAG:example_xcom_args_with_operators' as access control is unset.
[2023-10-29T12:48:36.552+0100] {logging_mixin.py:151} INFO - [2023-10-29T12:48:36.552+0100] {manager.py:499} INFO - Created Permission View: %s
[2023-10-29T12:48:36.554+0100] {logging_mixin.py:151} INFO - [2023-10-29T12:48:36.554+0100] {manager.py:499} INFO - Created Permission View: %s
[2023-10-29T12:48:36.556+0100] {logging_mixin.py:151} INFO - [2023-10-29T12:48:36.556+0100] {manager.py:499} INFO - Created Permission View: %s
[2023-10-29T12:48:36.556+0100] {logging_mixin.py:151} INFO - [2023-10-29T12:48:36.556+0100] {security.py:708} INFO - Not syncing DAG-level permissions for DAG 'DAG:example_xcom_args' as access control is unset.
[2023-10-29T12:48:36.556+0100] {logging_mixin.py:151} INFO - [2023-10-29T12:48:36.556+0100] {dag.py:2915} INFO - Sync 2 DAGs
[2023-10-29T12:48:36.560+0100] {logging_mixin.py:151} INFO - [2023-10-29T12:48:36.560+0100] {dag.py:2937} INFO - Creating ORM DAG for example_xcom_args
[2023-10-29T12:48:36.560+0100] {logging_mixin.py:151} INFO - [2023-10-29T12:48:36.560+0100] {dag.py:2937} INFO - Creating ORM DAG for example_xcom_args_with_operators
[2023-10-29T12:48:36.560+0100] {logging_mixin.py:151} INFO - [2023-10-29T12:48:36.560+0100] {dag.py:3696} INFO - Setting next_dagrun for example_xcom_args to None, run_after=None
[2023-10-29T12:48:36.560+0100] {logging_mixin.py:151} INFO - [2023-10-29T12:48:36.560+0100] {dag.py:3696} INFO - Setting next_dagrun for example_xcom_args_with_operators to None, run_after=None
[2023-10-29T12:48:36.567+0100] {processor.py:179} INFO - Processing /Users/aymanehinane/Desktop/Airflow/py_env/lib/python3.11/site-packages/airflow/example_dags/example_xcomargs.py took 0.324 seconds
[2023-10-29T12:49:59.160+0100] {processor.py:157} INFO - Started process (PID=75923) to work on /Users/aymanehinane/Desktop/Airflow/py_env/lib/python3.11/site-packages/airflow/example_dags/example_xcomargs.py
[2023-10-29T12:49:59.162+0100] {processor.py:829} INFO - Processing file /Users/aymanehinane/Desktop/Airflow/py_env/lib/python3.11/site-packages/airflow/example_dags/example_xcomargs.py for tasks to queue
[2023-10-29T12:49:59.162+0100] {logging_mixin.py:151} INFO - [2023-10-29T12:49:59.162+0100] {dagbag.py:539} INFO - Filling up the DagBag from /Users/aymanehinane/Desktop/Airflow/py_env/lib/python3.11/site-packages/airflow/example_dags/example_xcomargs.py
[2023-10-29T12:49:59.185+0100] {processor.py:839} INFO - DAG(s) dict_keys(['example_xcom_args_with_operators', 'example_xcom_args']) retrieved from /Users/aymanehinane/Desktop/Airflow/py_env/lib/python3.11/site-packages/airflow/example_dags/example_xcomargs.py
[2023-10-29T12:49:59.255+0100] {logging_mixin.py:151} INFO - [2023-10-29T12:49:59.255+0100] {dag.py:2915} INFO - Sync 2 DAGs
[2023-10-29T12:49:59.258+0100] {logging_mixin.py:151} INFO - [2023-10-29T12:49:59.258+0100] {dag.py:3696} INFO - Setting next_dagrun for example_xcom_args to None, run_after=None
[2023-10-29T12:49:59.259+0100] {logging_mixin.py:151} INFO - [2023-10-29T12:49:59.259+0100] {dag.py:3696} INFO - Setting next_dagrun for example_xcom_args_with_operators to None, run_after=None
[2023-10-29T12:49:59.265+0100] {processor.py:179} INFO - Processing /Users/aymanehinane/Desktop/Airflow/py_env/lib/python3.11/site-packages/airflow/example_dags/example_xcomargs.py took 0.105 seconds
[2023-10-29T12:50:55.809+0100] {processor.py:157} INFO - Started process (PID=76040) to work on /Users/aymanehinane/Desktop/Airflow/py_env/lib/python3.11/site-packages/airflow/example_dags/example_xcomargs.py
[2023-10-29T12:50:55.810+0100] {processor.py:829} INFO - Processing file /Users/aymanehinane/Desktop/Airflow/py_env/lib/python3.11/site-packages/airflow/example_dags/example_xcomargs.py for tasks to queue
[2023-10-29T12:50:55.811+0100] {logging_mixin.py:151} INFO - [2023-10-29T12:50:55.811+0100] {dagbag.py:539} INFO - Filling up the DagBag from /Users/aymanehinane/Desktop/Airflow/py_env/lib/python3.11/site-packages/airflow/example_dags/example_xcomargs.py
[2023-10-29T12:50:55.831+0100] {processor.py:839} INFO - DAG(s) dict_keys(['example_xcom_args', 'example_xcom_args_with_operators']) retrieved from /Users/aymanehinane/Desktop/Airflow/py_env/lib/python3.11/site-packages/airflow/example_dags/example_xcomargs.py
[2023-10-29T12:50:55.887+0100] {logging_mixin.py:151} INFO - [2023-10-29T12:50:55.887+0100] {dag.py:2915} INFO - Sync 2 DAGs
[2023-10-29T12:50:55.891+0100] {logging_mixin.py:151} INFO - [2023-10-29T12:50:55.891+0100] {dag.py:3696} INFO - Setting next_dagrun for example_xcom_args to None, run_after=None
[2023-10-29T12:50:55.892+0100] {logging_mixin.py:151} INFO - [2023-10-29T12:50:55.892+0100] {dag.py:3696} INFO - Setting next_dagrun for example_xcom_args_with_operators to None, run_after=None
[2023-10-29T12:50:55.898+0100] {processor.py:179} INFO - Processing /Users/aymanehinane/Desktop/Airflow/py_env/lib/python3.11/site-packages/airflow/example_dags/example_xcomargs.py took 0.089 seconds
[2023-10-29T12:51:45.890+0100] {processor.py:157} INFO - Started process (PID=76120) to work on /Users/aymanehinane/Desktop/Airflow/py_env/lib/python3.11/site-packages/airflow/example_dags/example_xcomargs.py
[2023-10-29T12:51:45.891+0100] {processor.py:829} INFO - Processing file /Users/aymanehinane/Desktop/Airflow/py_env/lib/python3.11/site-packages/airflow/example_dags/example_xcomargs.py for tasks to queue
[2023-10-29T12:51:45.891+0100] {logging_mixin.py:151} INFO - [2023-10-29T12:51:45.891+0100] {dagbag.py:539} INFO - Filling up the DagBag from /Users/aymanehinane/Desktop/Airflow/py_env/lib/python3.11/site-packages/airflow/example_dags/example_xcomargs.py
[2023-10-29T12:51:45.912+0100] {processor.py:839} INFO - DAG(s) dict_keys(['example_xcom_args', 'example_xcom_args_with_operators']) retrieved from /Users/aymanehinane/Desktop/Airflow/py_env/lib/python3.11/site-packages/airflow/example_dags/example_xcomargs.py
[2023-10-29T12:51:45.970+0100] {logging_mixin.py:151} INFO - [2023-10-29T12:51:45.970+0100] {dag.py:2915} INFO - Sync 2 DAGs
[2023-10-29T12:51:45.973+0100] {logging_mixin.py:151} INFO - [2023-10-29T12:51:45.973+0100] {dag.py:3696} INFO - Setting next_dagrun for example_xcom_args to None, run_after=None
[2023-10-29T12:51:45.974+0100] {logging_mixin.py:151} INFO - [2023-10-29T12:51:45.974+0100] {dag.py:3696} INFO - Setting next_dagrun for example_xcom_args_with_operators to None, run_after=None
[2023-10-29T12:51:45.980+0100] {processor.py:179} INFO - Processing /Users/aymanehinane/Desktop/Airflow/py_env/lib/python3.11/site-packages/airflow/example_dags/example_xcomargs.py took 0.091 seconds
[2023-10-29T12:52:29.523+0100] {processor.py:157} INFO - Started process (PID=76195) to work on /Users/aymanehinane/Desktop/Airflow/py_env/lib/python3.11/site-packages/airflow/example_dags/example_xcomargs.py
[2023-10-29T12:52:29.524+0100] {processor.py:829} INFO - Processing file /Users/aymanehinane/Desktop/Airflow/py_env/lib/python3.11/site-packages/airflow/example_dags/example_xcomargs.py for tasks to queue
[2023-10-29T12:52:29.524+0100] {logging_mixin.py:151} INFO - [2023-10-29T12:52:29.524+0100] {dagbag.py:539} INFO - Filling up the DagBag from /Users/aymanehinane/Desktop/Airflow/py_env/lib/python3.11/site-packages/airflow/example_dags/example_xcomargs.py
[2023-10-29T12:52:29.545+0100] {processor.py:839} INFO - DAG(s) dict_keys(['example_xcom_args_with_operators', 'example_xcom_args']) retrieved from /Users/aymanehinane/Desktop/Airflow/py_env/lib/python3.11/site-packages/airflow/example_dags/example_xcomargs.py
[2023-10-29T12:52:29.601+0100] {logging_mixin.py:151} INFO - [2023-10-29T12:52:29.601+0100] {dag.py:2915} INFO - Sync 2 DAGs
[2023-10-29T12:52:29.604+0100] {logging_mixin.py:151} INFO - [2023-10-29T12:52:29.604+0100] {dag.py:3696} INFO - Setting next_dagrun for example_xcom_args to None, run_after=None
[2023-10-29T12:52:29.605+0100] {logging_mixin.py:151} INFO - [2023-10-29T12:52:29.605+0100] {dag.py:3696} INFO - Setting next_dagrun for example_xcom_args_with_operators to None, run_after=None
[2023-10-29T12:52:29.611+0100] {processor.py:179} INFO - Processing /Users/aymanehinane/Desktop/Airflow/py_env/lib/python3.11/site-packages/airflow/example_dags/example_xcomargs.py took 0.088 seconds
[2023-10-29T12:53:12.465+0100] {processor.py:157} INFO - Started process (PID=76258) to work on /Users/aymanehinane/Desktop/Airflow/py_env/lib/python3.11/site-packages/airflow/example_dags/example_xcomargs.py
[2023-10-29T12:53:12.466+0100] {processor.py:829} INFO - Processing file /Users/aymanehinane/Desktop/Airflow/py_env/lib/python3.11/site-packages/airflow/example_dags/example_xcomargs.py for tasks to queue
[2023-10-29T12:53:12.466+0100] {logging_mixin.py:151} INFO - [2023-10-29T12:53:12.466+0100] {dagbag.py:539} INFO - Filling up the DagBag from /Users/aymanehinane/Desktop/Airflow/py_env/lib/python3.11/site-packages/airflow/example_dags/example_xcomargs.py
[2023-10-29T12:53:12.489+0100] {processor.py:839} INFO - DAG(s) dict_keys(['example_xcom_args_with_operators', 'example_xcom_args']) retrieved from /Users/aymanehinane/Desktop/Airflow/py_env/lib/python3.11/site-packages/airflow/example_dags/example_xcomargs.py
[2023-10-29T12:53:12.555+0100] {logging_mixin.py:151} INFO - [2023-10-29T12:53:12.555+0100] {dag.py:2915} INFO - Sync 2 DAGs
[2023-10-29T12:53:12.559+0100] {logging_mixin.py:151} INFO - [2023-10-29T12:53:12.559+0100] {dag.py:3696} INFO - Setting next_dagrun for example_xcom_args to None, run_after=None
[2023-10-29T12:53:12.560+0100] {logging_mixin.py:151} INFO - [2023-10-29T12:53:12.560+0100] {dag.py:3696} INFO - Setting next_dagrun for example_xcom_args_with_operators to None, run_after=None
[2023-10-29T12:53:12.567+0100] {processor.py:179} INFO - Processing /Users/aymanehinane/Desktop/Airflow/py_env/lib/python3.11/site-packages/airflow/example_dags/example_xcomargs.py took 0.102 seconds
[2023-10-29T12:54:32.529+0100] {processor.py:157} INFO - Started process (PID=76383) to work on /Users/aymanehinane/Desktop/Airflow/py_env/lib/python3.11/site-packages/airflow/example_dags/example_xcomargs.py
[2023-10-29T12:54:32.530+0100] {processor.py:829} INFO - Processing file /Users/aymanehinane/Desktop/Airflow/py_env/lib/python3.11/site-packages/airflow/example_dags/example_xcomargs.py for tasks to queue
[2023-10-29T12:54:32.530+0100] {logging_mixin.py:151} INFO - [2023-10-29T12:54:32.530+0100] {dagbag.py:539} INFO - Filling up the DagBag from /Users/aymanehinane/Desktop/Airflow/py_env/lib/python3.11/site-packages/airflow/example_dags/example_xcomargs.py
[2023-10-29T12:54:32.551+0100] {processor.py:839} INFO - DAG(s) dict_keys(['example_xcom_args_with_operators', 'example_xcom_args']) retrieved from /Users/aymanehinane/Desktop/Airflow/py_env/lib/python3.11/site-packages/airflow/example_dags/example_xcomargs.py
[2023-10-29T12:54:32.606+0100] {logging_mixin.py:151} INFO - [2023-10-29T12:54:32.606+0100] {dag.py:2915} INFO - Sync 2 DAGs
[2023-10-29T12:54:32.610+0100] {logging_mixin.py:151} INFO - [2023-10-29T12:54:32.610+0100] {dag.py:3696} INFO - Setting next_dagrun for example_xcom_args to None, run_after=None
[2023-10-29T12:54:32.611+0100] {logging_mixin.py:151} INFO - [2023-10-29T12:54:32.611+0100] {dag.py:3696} INFO - Setting next_dagrun for example_xcom_args_with_operators to None, run_after=None
[2023-10-29T12:54:32.618+0100] {processor.py:179} INFO - Processing /Users/aymanehinane/Desktop/Airflow/py_env/lib/python3.11/site-packages/airflow/example_dags/example_xcomargs.py took 0.090 seconds
[2023-10-29T12:55:51.596+0100] {processor.py:157} INFO - Started process (PID=76505) to work on /Users/aymanehinane/Desktop/Airflow/py_env/lib/python3.11/site-packages/airflow/example_dags/example_xcomargs.py
[2023-10-29T12:55:51.598+0100] {processor.py:829} INFO - Processing file /Users/aymanehinane/Desktop/Airflow/py_env/lib/python3.11/site-packages/airflow/example_dags/example_xcomargs.py for tasks to queue
[2023-10-29T12:55:51.598+0100] {logging_mixin.py:151} INFO - [2023-10-29T12:55:51.598+0100] {dagbag.py:539} INFO - Filling up the DagBag from /Users/aymanehinane/Desktop/Airflow/py_env/lib/python3.11/site-packages/airflow/example_dags/example_xcomargs.py
[2023-10-29T12:55:51.619+0100] {processor.py:839} INFO - DAG(s) dict_keys(['example_xcom_args', 'example_xcom_args_with_operators']) retrieved from /Users/aymanehinane/Desktop/Airflow/py_env/lib/python3.11/site-packages/airflow/example_dags/example_xcomargs.py
[2023-10-29T12:55:51.675+0100] {logging_mixin.py:151} INFO - [2023-10-29T12:55:51.675+0100] {dag.py:2915} INFO - Sync 2 DAGs
[2023-10-29T12:55:51.679+0100] {logging_mixin.py:151} INFO - [2023-10-29T12:55:51.678+0100] {dag.py:3696} INFO - Setting next_dagrun for example_xcom_args to None, run_after=None
[2023-10-29T12:55:51.679+0100] {logging_mixin.py:151} INFO - [2023-10-29T12:55:51.679+0100] {dag.py:3696} INFO - Setting next_dagrun for example_xcom_args_with_operators to None, run_after=None
[2023-10-29T12:55:51.685+0100] {processor.py:179} INFO - Processing /Users/aymanehinane/Desktop/Airflow/py_env/lib/python3.11/site-packages/airflow/example_dags/example_xcomargs.py took 0.089 seconds
[2023-10-29T12:56:33.252+0100] {processor.py:157} INFO - Started process (PID=76569) to work on /Users/aymanehinane/Desktop/Airflow/py_env/lib/python3.11/site-packages/airflow/example_dags/example_xcomargs.py
[2023-10-29T12:56:33.253+0100] {processor.py:829} INFO - Processing file /Users/aymanehinane/Desktop/Airflow/py_env/lib/python3.11/site-packages/airflow/example_dags/example_xcomargs.py for tasks to queue
[2023-10-29T12:56:33.254+0100] {logging_mixin.py:151} INFO - [2023-10-29T12:56:33.254+0100] {dagbag.py:539} INFO - Filling up the DagBag from /Users/aymanehinane/Desktop/Airflow/py_env/lib/python3.11/site-packages/airflow/example_dags/example_xcomargs.py
[2023-10-29T12:56:33.276+0100] {processor.py:839} INFO - DAG(s) dict_keys(['example_xcom_args', 'example_xcom_args_with_operators']) retrieved from /Users/aymanehinane/Desktop/Airflow/py_env/lib/python3.11/site-packages/airflow/example_dags/example_xcomargs.py
[2023-10-29T12:56:33.333+0100] {logging_mixin.py:151} INFO - [2023-10-29T12:56:33.333+0100] {dag.py:2915} INFO - Sync 2 DAGs
[2023-10-29T12:56:33.337+0100] {logging_mixin.py:151} INFO - [2023-10-29T12:56:33.337+0100] {dag.py:3696} INFO - Setting next_dagrun for example_xcom_args to None, run_after=None
[2023-10-29T12:56:33.338+0100] {logging_mixin.py:151} INFO - [2023-10-29T12:56:33.338+0100] {dag.py:3696} INFO - Setting next_dagrun for example_xcom_args_with_operators to None, run_after=None
[2023-10-29T12:56:33.344+0100] {processor.py:179} INFO - Processing /Users/aymanehinane/Desktop/Airflow/py_env/lib/python3.11/site-packages/airflow/example_dags/example_xcomargs.py took 0.092 seconds
[2023-10-29T12:57:52.533+0100] {processor.py:157} INFO - Started process (PID=76752) to work on /Users/aymanehinane/Desktop/Airflow/py_env/lib/python3.11/site-packages/airflow/example_dags/example_xcomargs.py
[2023-10-29T12:57:52.534+0100] {processor.py:829} INFO - Processing file /Users/aymanehinane/Desktop/Airflow/py_env/lib/python3.11/site-packages/airflow/example_dags/example_xcomargs.py for tasks to queue
[2023-10-29T12:57:52.534+0100] {logging_mixin.py:151} INFO - [2023-10-29T12:57:52.534+0100] {dagbag.py:539} INFO - Filling up the DagBag from /Users/aymanehinane/Desktop/Airflow/py_env/lib/python3.11/site-packages/airflow/example_dags/example_xcomargs.py
[2023-10-29T12:57:52.556+0100] {processor.py:839} INFO - DAG(s) dict_keys(['example_xcom_args_with_operators', 'example_xcom_args']) retrieved from /Users/aymanehinane/Desktop/Airflow/py_env/lib/python3.11/site-packages/airflow/example_dags/example_xcomargs.py
[2023-10-29T12:57:52.612+0100] {logging_mixin.py:151} INFO - [2023-10-29T12:57:52.612+0100] {dag.py:2915} INFO - Sync 2 DAGs
[2023-10-29T12:57:52.616+0100] {logging_mixin.py:151} INFO - [2023-10-29T12:57:52.616+0100] {dag.py:3696} INFO - Setting next_dagrun for example_xcom_args to None, run_after=None
[2023-10-29T12:57:52.617+0100] {logging_mixin.py:151} INFO - [2023-10-29T12:57:52.616+0100] {dag.py:3696} INFO - Setting next_dagrun for example_xcom_args_with_operators to None, run_after=None
[2023-10-29T12:57:52.622+0100] {processor.py:179} INFO - Processing /Users/aymanehinane/Desktop/Airflow/py_env/lib/python3.11/site-packages/airflow/example_dags/example_xcomargs.py took 0.089 seconds
[2023-10-29T12:59:11.915+0100] {processor.py:157} INFO - Started process (PID=76901) to work on /Users/aymanehinane/Desktop/Airflow/py_env/lib/python3.11/site-packages/airflow/example_dags/example_xcomargs.py
[2023-10-29T12:59:11.916+0100] {processor.py:829} INFO - Processing file /Users/aymanehinane/Desktop/Airflow/py_env/lib/python3.11/site-packages/airflow/example_dags/example_xcomargs.py for tasks to queue
[2023-10-29T12:59:11.917+0100] {logging_mixin.py:151} INFO - [2023-10-29T12:59:11.917+0100] {dagbag.py:539} INFO - Filling up the DagBag from /Users/aymanehinane/Desktop/Airflow/py_env/lib/python3.11/site-packages/airflow/example_dags/example_xcomargs.py
[2023-10-29T12:59:11.969+0100] {processor.py:839} INFO - DAG(s) dict_keys(['example_xcom_args_with_operators', 'example_xcom_args']) retrieved from /Users/aymanehinane/Desktop/Airflow/py_env/lib/python3.11/site-packages/airflow/example_dags/example_xcomargs.py
[2023-10-29T12:59:12.073+0100] {logging_mixin.py:151} INFO - [2023-10-29T12:59:12.073+0100] {dag.py:2915} INFO - Sync 2 DAGs
[2023-10-29T12:59:12.077+0100] {logging_mixin.py:151} INFO - [2023-10-29T12:59:12.077+0100] {dag.py:3696} INFO - Setting next_dagrun for example_xcom_args to None, run_after=None
[2023-10-29T12:59:12.078+0100] {logging_mixin.py:151} INFO - [2023-10-29T12:59:12.078+0100] {dag.py:3696} INFO - Setting next_dagrun for example_xcom_args_with_operators to None, run_after=None
[2023-10-29T12:59:12.084+0100] {processor.py:179} INFO - Processing /Users/aymanehinane/Desktop/Airflow/py_env/lib/python3.11/site-packages/airflow/example_dags/example_xcomargs.py took 0.171 seconds
