[2023-10-29T12:48:59.441+0100] {processor.py:157} INFO - Started process (PID=75811) to work on /Users/aymanehinane/Desktop/Airflow/py_env/lib/python3.11/site-packages/airflow/example_dags/example_setup_teardown.py
[2023-10-29T12:48:59.442+0100] {processor.py:829} INFO - Processing file /Users/aymanehinane/Desktop/Airflow/py_env/lib/python3.11/site-packages/airflow/example_dags/example_setup_teardown.py for tasks to queue
[2023-10-29T12:48:59.442+0100] {logging_mixin.py:151} INFO - [2023-10-29T12:48:59.442+0100] {dagbag.py:539} INFO - Filling up the DagBag from /Users/aymanehinane/Desktop/Airflow/py_env/lib/python3.11/site-packages/airflow/example_dags/example_setup_teardown.py
[2023-10-29T12:48:59.454+0100] {processor.py:839} INFO - DAG(s) dict_keys(['example_setup_teardown']) retrieved from /Users/aymanehinane/Desktop/Airflow/py_env/lib/python3.11/site-packages/airflow/example_dags/example_setup_teardown.py
[2023-10-29T12:48:59.744+0100] {logging_mixin.py:151} INFO - [2023-10-29T12:48:59.744+0100] {manager.py:499} INFO - Created Permission View: %s
[2023-10-29T12:48:59.747+0100] {logging_mixin.py:151} INFO - [2023-10-29T12:48:59.747+0100] {manager.py:499} INFO - Created Permission View: %s
[2023-10-29T12:48:59.749+0100] {logging_mixin.py:151} INFO - [2023-10-29T12:48:59.749+0100] {manager.py:499} INFO - Created Permission View: %s
[2023-10-29T12:48:59.749+0100] {logging_mixin.py:151} INFO - [2023-10-29T12:48:59.749+0100] {security.py:708} INFO - Not syncing DAG-level permissions for DAG 'DAG:example_setup_teardown' as access control is unset.
[2023-10-29T12:48:59.749+0100] {logging_mixin.py:151} INFO - [2023-10-29T12:48:59.749+0100] {dag.py:2915} INFO - Sync 1 DAGs
[2023-10-29T12:48:59.753+0100] {logging_mixin.py:151} INFO - [2023-10-29T12:48:59.753+0100] {dag.py:2937} INFO - Creating ORM DAG for example_setup_teardown
[2023-10-29T12:48:59.755+0100] {logging_mixin.py:151} INFO - [2023-10-29T12:48:59.755+0100] {dag.py:3696} INFO - Setting next_dagrun for example_setup_teardown to 2023-10-28T11:48:59.755528+00:00, run_after=2023-10-29T11:48:59.755528+00:00
[2023-10-29T12:48:59.761+0100] {processor.py:179} INFO - Processing /Users/aymanehinane/Desktop/Airflow/py_env/lib/python3.11/site-packages/airflow/example_dags/example_setup_teardown.py took 0.320 seconds
[2023-10-29T12:50:21.911+0100] {processor.py:157} INFO - Started process (PID=75961) to work on /Users/aymanehinane/Desktop/Airflow/py_env/lib/python3.11/site-packages/airflow/example_dags/example_setup_teardown.py
[2023-10-29T12:50:21.912+0100] {processor.py:829} INFO - Processing file /Users/aymanehinane/Desktop/Airflow/py_env/lib/python3.11/site-packages/airflow/example_dags/example_setup_teardown.py for tasks to queue
[2023-10-29T12:50:21.913+0100] {logging_mixin.py:151} INFO - [2023-10-29T12:50:21.913+0100] {dagbag.py:539} INFO - Filling up the DagBag from /Users/aymanehinane/Desktop/Airflow/py_env/lib/python3.11/site-packages/airflow/example_dags/example_setup_teardown.py
[2023-10-29T12:50:21.925+0100] {processor.py:839} INFO - DAG(s) dict_keys(['example_setup_teardown']) retrieved from /Users/aymanehinane/Desktop/Airflow/py_env/lib/python3.11/site-packages/airflow/example_dags/example_setup_teardown.py
[2023-10-29T12:50:21.989+0100] {logging_mixin.py:151} INFO - [2023-10-29T12:50:21.989+0100] {dag.py:2915} INFO - Sync 1 DAGs
[2023-10-29T12:50:21.996+0100] {logging_mixin.py:151} INFO - [2023-10-29T12:50:21.996+0100] {dag.py:3696} INFO - Setting next_dagrun for example_setup_teardown to 2023-10-28T11:50:21.996214+00:00, run_after=2023-10-29T11:50:21.996214+00:00
[2023-10-29T12:50:22.003+0100] {processor.py:179} INFO - Processing /Users/aymanehinane/Desktop/Airflow/py_env/lib/python3.11/site-packages/airflow/example_dags/example_setup_teardown.py took 0.092 seconds
[2023-10-29T12:52:01.623+0100] {processor.py:157} INFO - Started process (PID=76149) to work on /Users/aymanehinane/Desktop/Airflow/py_env/lib/python3.11/site-packages/airflow/example_dags/example_setup_teardown.py
[2023-10-29T12:52:01.624+0100] {processor.py:829} INFO - Processing file /Users/aymanehinane/Desktop/Airflow/py_env/lib/python3.11/site-packages/airflow/example_dags/example_setup_teardown.py for tasks to queue
[2023-10-29T12:52:01.624+0100] {logging_mixin.py:151} INFO - [2023-10-29T12:52:01.624+0100] {dagbag.py:539} INFO - Filling up the DagBag from /Users/aymanehinane/Desktop/Airflow/py_env/lib/python3.11/site-packages/airflow/example_dags/example_setup_teardown.py
[2023-10-29T12:52:01.635+0100] {processor.py:839} INFO - DAG(s) dict_keys(['example_setup_teardown']) retrieved from /Users/aymanehinane/Desktop/Airflow/py_env/lib/python3.11/site-packages/airflow/example_dags/example_setup_teardown.py
[2023-10-29T12:52:01.692+0100] {logging_mixin.py:151} INFO - [2023-10-29T12:52:01.692+0100] {dag.py:2915} INFO - Sync 1 DAGs
[2023-10-29T12:52:01.697+0100] {logging_mixin.py:151} INFO - [2023-10-29T12:52:01.697+0100] {dag.py:3696} INFO - Setting next_dagrun for example_setup_teardown to 2023-10-28T11:52:01.697856+00:00, run_after=2023-10-29T11:52:01.697856+00:00
[2023-10-29T12:52:01.704+0100] {processor.py:179} INFO - Processing /Users/aymanehinane/Desktop/Airflow/py_env/lib/python3.11/site-packages/airflow/example_dags/example_setup_teardown.py took 0.082 seconds
[2023-10-29T12:53:26.529+0100] {processor.py:157} INFO - Started process (PID=76283) to work on /Users/aymanehinane/Desktop/Airflow/py_env/lib/python3.11/site-packages/airflow/example_dags/example_setup_teardown.py
[2023-10-29T12:53:26.530+0100] {processor.py:829} INFO - Processing file /Users/aymanehinane/Desktop/Airflow/py_env/lib/python3.11/site-packages/airflow/example_dags/example_setup_teardown.py for tasks to queue
[2023-10-29T12:53:26.530+0100] {logging_mixin.py:151} INFO - [2023-10-29T12:53:26.530+0100] {dagbag.py:539} INFO - Filling up the DagBag from /Users/aymanehinane/Desktop/Airflow/py_env/lib/python3.11/site-packages/airflow/example_dags/example_setup_teardown.py
[2023-10-29T12:53:26.541+0100] {processor.py:839} INFO - DAG(s) dict_keys(['example_setup_teardown']) retrieved from /Users/aymanehinane/Desktop/Airflow/py_env/lib/python3.11/site-packages/airflow/example_dags/example_setup_teardown.py
[2023-10-29T12:53:26.597+0100] {logging_mixin.py:151} INFO - [2023-10-29T12:53:26.597+0100] {dag.py:2915} INFO - Sync 1 DAGs
[2023-10-29T12:53:26.602+0100] {logging_mixin.py:151} INFO - [2023-10-29T12:53:26.602+0100] {dag.py:3696} INFO - Setting next_dagrun for example_setup_teardown to 2023-10-28T11:53:26.602480+00:00, run_after=2023-10-29T11:53:26.602480+00:00
[2023-10-29T12:53:26.609+0100] {processor.py:179} INFO - Processing /Users/aymanehinane/Desktop/Airflow/py_env/lib/python3.11/site-packages/airflow/example_dags/example_setup_teardown.py took 0.080 seconds
[2023-10-29T12:54:45.502+0100] {processor.py:157} INFO - Started process (PID=76403) to work on /Users/aymanehinane/Desktop/Airflow/py_env/lib/python3.11/site-packages/airflow/example_dags/example_setup_teardown.py
[2023-10-29T12:54:45.503+0100] {processor.py:829} INFO - Processing file /Users/aymanehinane/Desktop/Airflow/py_env/lib/python3.11/site-packages/airflow/example_dags/example_setup_teardown.py for tasks to queue
[2023-10-29T12:54:45.503+0100] {logging_mixin.py:151} INFO - [2023-10-29T12:54:45.503+0100] {dagbag.py:539} INFO - Filling up the DagBag from /Users/aymanehinane/Desktop/Airflow/py_env/lib/python3.11/site-packages/airflow/example_dags/example_setup_teardown.py
[2023-10-29T12:54:45.514+0100] {processor.py:839} INFO - DAG(s) dict_keys(['example_setup_teardown']) retrieved from /Users/aymanehinane/Desktop/Airflow/py_env/lib/python3.11/site-packages/airflow/example_dags/example_setup_teardown.py
[2023-10-29T12:54:45.571+0100] {logging_mixin.py:151} INFO - [2023-10-29T12:54:45.571+0100] {dag.py:2915} INFO - Sync 1 DAGs
[2023-10-29T12:54:45.576+0100] {logging_mixin.py:151} INFO - [2023-10-29T12:54:45.576+0100] {dag.py:3696} INFO - Setting next_dagrun for example_setup_teardown to 2023-10-28T11:54:45.576320+00:00, run_after=2023-10-29T11:54:45.576320+00:00
[2023-10-29T12:54:45.583+0100] {processor.py:179} INFO - Processing /Users/aymanehinane/Desktop/Airflow/py_env/lib/python3.11/site-packages/airflow/example_dags/example_setup_teardown.py took 0.082 seconds
[2023-10-29T12:56:06.880+0100] {processor.py:157} INFO - Started process (PID=76528) to work on /Users/aymanehinane/Desktop/Airflow/py_env/lib/python3.11/site-packages/airflow/example_dags/example_setup_teardown.py
[2023-10-29T12:56:06.882+0100] {processor.py:829} INFO - Processing file /Users/aymanehinane/Desktop/Airflow/py_env/lib/python3.11/site-packages/airflow/example_dags/example_setup_teardown.py for tasks to queue
[2023-10-29T12:56:06.882+0100] {logging_mixin.py:151} INFO - [2023-10-29T12:56:06.882+0100] {dagbag.py:539} INFO - Filling up the DagBag from /Users/aymanehinane/Desktop/Airflow/py_env/lib/python3.11/site-packages/airflow/example_dags/example_setup_teardown.py
[2023-10-29T12:56:06.892+0100] {processor.py:839} INFO - DAG(s) dict_keys(['example_setup_teardown']) retrieved from /Users/aymanehinane/Desktop/Airflow/py_env/lib/python3.11/site-packages/airflow/example_dags/example_setup_teardown.py
[2023-10-29T12:56:06.949+0100] {logging_mixin.py:151} INFO - [2023-10-29T12:56:06.949+0100] {dag.py:2915} INFO - Sync 1 DAGs
[2023-10-29T12:56:06.954+0100] {logging_mixin.py:151} INFO - [2023-10-29T12:56:06.954+0100] {dag.py:3696} INFO - Setting next_dagrun for example_setup_teardown to 2023-10-28T11:56:06.954243+00:00, run_after=2023-10-29T11:56:06.954243+00:00
[2023-10-29T12:56:06.960+0100] {processor.py:179} INFO - Processing /Users/aymanehinane/Desktop/Airflow/py_env/lib/python3.11/site-packages/airflow/example_dags/example_setup_teardown.py took 0.080 seconds
[2023-10-29T12:57:27.064+0100] {processor.py:157} INFO - Started process (PID=76697) to work on /Users/aymanehinane/Desktop/Airflow/py_env/lib/python3.11/site-packages/airflow/example_dags/example_setup_teardown.py
[2023-10-29T12:57:27.065+0100] {processor.py:829} INFO - Processing file /Users/aymanehinane/Desktop/Airflow/py_env/lib/python3.11/site-packages/airflow/example_dags/example_setup_teardown.py for tasks to queue
[2023-10-29T12:57:27.065+0100] {logging_mixin.py:151} INFO - [2023-10-29T12:57:27.065+0100] {dagbag.py:539} INFO - Filling up the DagBag from /Users/aymanehinane/Desktop/Airflow/py_env/lib/python3.11/site-packages/airflow/example_dags/example_setup_teardown.py
[2023-10-29T12:57:27.076+0100] {processor.py:839} INFO - DAG(s) dict_keys(['example_setup_teardown']) retrieved from /Users/aymanehinane/Desktop/Airflow/py_env/lib/python3.11/site-packages/airflow/example_dags/example_setup_teardown.py
[2023-10-29T12:57:27.276+0100] {logging_mixin.py:151} INFO - [2023-10-29T12:57:27.274+0100] {dag.py:2915} INFO - Sync 1 DAGs
[2023-10-29T12:57:27.286+0100] {logging_mixin.py:151} INFO - [2023-10-29T12:57:27.286+0100] {dag.py:3696} INFO - Setting next_dagrun for example_setup_teardown to 2023-10-28T11:57:27.286724+00:00, run_after=2023-10-29T11:57:27.286724+00:00
[2023-10-29T12:57:27.294+0100] {processor.py:179} INFO - Processing /Users/aymanehinane/Desktop/Airflow/py_env/lib/python3.11/site-packages/airflow/example_dags/example_setup_teardown.py took 0.230 seconds
[2023-10-29T12:58:47.023+0100] {processor.py:157} INFO - Started process (PID=76852) to work on /Users/aymanehinane/Desktop/Airflow/py_env/lib/python3.11/site-packages/airflow/example_dags/example_setup_teardown.py
[2023-10-29T12:58:47.024+0100] {processor.py:829} INFO - Processing file /Users/aymanehinane/Desktop/Airflow/py_env/lib/python3.11/site-packages/airflow/example_dags/example_setup_teardown.py for tasks to queue
[2023-10-29T12:58:47.024+0100] {logging_mixin.py:151} INFO - [2023-10-29T12:58:47.024+0100] {dagbag.py:539} INFO - Filling up the DagBag from /Users/aymanehinane/Desktop/Airflow/py_env/lib/python3.11/site-packages/airflow/example_dags/example_setup_teardown.py
[2023-10-29T12:58:47.034+0100] {processor.py:839} INFO - DAG(s) dict_keys(['example_setup_teardown']) retrieved from /Users/aymanehinane/Desktop/Airflow/py_env/lib/python3.11/site-packages/airflow/example_dags/example_setup_teardown.py
[2023-10-29T12:58:47.091+0100] {logging_mixin.py:151} INFO - [2023-10-29T12:58:47.091+0100] {dag.py:2915} INFO - Sync 1 DAGs
[2023-10-29T12:58:47.096+0100] {logging_mixin.py:151} INFO - [2023-10-29T12:58:47.096+0100] {dag.py:3696} INFO - Setting next_dagrun for example_setup_teardown to 2023-10-28T11:58:47.096779+00:00, run_after=2023-10-29T11:58:47.096779+00:00
[2023-10-29T12:58:47.104+0100] {processor.py:179} INFO - Processing /Users/aymanehinane/Desktop/Airflow/py_env/lib/python3.11/site-packages/airflow/example_dags/example_setup_teardown.py took 0.081 seconds
