[2023-10-29T12:48:38.213+0100] {processor.py:157} INFO - Started process (PID=75775) to work on /Users/aymanehinane/Desktop/Airflow/py_env/lib/python3.11/site-packages/airflow/example_dags/example_trigger_target_dag.py
[2023-10-29T12:48:38.213+0100] {processor.py:829} INFO - Processing file /Users/aymanehinane/Desktop/Airflow/py_env/lib/python3.11/site-packages/airflow/example_dags/example_trigger_target_dag.py for tasks to queue
[2023-10-29T12:48:38.214+0100] {logging_mixin.py:151} INFO - [2023-10-29T12:48:38.214+0100] {dagbag.py:539} INFO - Filling up the DagBag from /Users/aymanehinane/Desktop/Airflow/py_env/lib/python3.11/site-packages/airflow/example_dags/example_trigger_target_dag.py
[2023-10-29T12:48:38.234+0100] {processor.py:839} INFO - DAG(s) dict_keys(['example_trigger_target_dag']) retrieved from /Users/aymanehinane/Desktop/Airflow/py_env/lib/python3.11/site-packages/airflow/example_dags/example_trigger_target_dag.py
[2023-10-29T12:48:38.515+0100] {logging_mixin.py:151} INFO - [2023-10-29T12:48:38.515+0100] {manager.py:499} INFO - Created Permission View: %s
[2023-10-29T12:48:38.518+0100] {logging_mixin.py:151} INFO - [2023-10-29T12:48:38.518+0100] {manager.py:499} INFO - Created Permission View: %s
[2023-10-29T12:48:38.520+0100] {logging_mixin.py:151} INFO - [2023-10-29T12:48:38.520+0100] {manager.py:499} INFO - Created Permission View: %s
[2023-10-29T12:48:38.520+0100] {logging_mixin.py:151} INFO - [2023-10-29T12:48:38.520+0100] {security.py:708} INFO - Not syncing DAG-level permissions for DAG 'DAG:example_trigger_target_dag' as access control is unset.
[2023-10-29T12:48:38.520+0100] {logging_mixin.py:151} INFO - [2023-10-29T12:48:38.520+0100] {dag.py:2915} INFO - Sync 1 DAGs
[2023-10-29T12:48:38.524+0100] {logging_mixin.py:151} INFO - [2023-10-29T12:48:38.524+0100] {dag.py:2937} INFO - Creating ORM DAG for example_trigger_target_dag
[2023-10-29T12:48:38.525+0100] {logging_mixin.py:151} INFO - [2023-10-29T12:48:38.525+0100] {dag.py:3696} INFO - Setting next_dagrun for example_trigger_target_dag to None, run_after=None
[2023-10-29T12:48:38.533+0100] {processor.py:179} INFO - Processing /Users/aymanehinane/Desktop/Airflow/py_env/lib/python3.11/site-packages/airflow/example_dags/example_trigger_target_dag.py took 0.320 seconds
[2023-10-29T12:50:02.566+0100] {processor.py:157} INFO - Started process (PID=75929) to work on /Users/aymanehinane/Desktop/Airflow/py_env/lib/python3.11/site-packages/airflow/example_dags/example_trigger_target_dag.py
[2023-10-29T12:50:02.567+0100] {processor.py:829} INFO - Processing file /Users/aymanehinane/Desktop/Airflow/py_env/lib/python3.11/site-packages/airflow/example_dags/example_trigger_target_dag.py for tasks to queue
[2023-10-29T12:50:02.567+0100] {logging_mixin.py:151} INFO - [2023-10-29T12:50:02.567+0100] {dagbag.py:539} INFO - Filling up the DagBag from /Users/aymanehinane/Desktop/Airflow/py_env/lib/python3.11/site-packages/airflow/example_dags/example_trigger_target_dag.py
[2023-10-29T12:50:02.590+0100] {processor.py:839} INFO - DAG(s) dict_keys(['example_trigger_target_dag']) retrieved from /Users/aymanehinane/Desktop/Airflow/py_env/lib/python3.11/site-packages/airflow/example_dags/example_trigger_target_dag.py
[2023-10-29T12:50:02.648+0100] {logging_mixin.py:151} INFO - [2023-10-29T12:50:02.648+0100] {dag.py:2915} INFO - Sync 1 DAGs
[2023-10-29T12:50:02.652+0100] {logging_mixin.py:151} INFO - [2023-10-29T12:50:02.652+0100] {dag.py:3696} INFO - Setting next_dagrun for example_trigger_target_dag to None, run_after=None
[2023-10-29T12:50:02.659+0100] {processor.py:179} INFO - Processing /Users/aymanehinane/Desktop/Airflow/py_env/lib/python3.11/site-packages/airflow/example_dags/example_trigger_target_dag.py took 0.093 seconds
[2023-10-29T12:50:58.229+0100] {processor.py:157} INFO - Started process (PID=76042) to work on /Users/aymanehinane/Desktop/Airflow/py_env/lib/python3.11/site-packages/airflow/example_dags/example_trigger_target_dag.py
[2023-10-29T12:50:58.230+0100] {processor.py:829} INFO - Processing file /Users/aymanehinane/Desktop/Airflow/py_env/lib/python3.11/site-packages/airflow/example_dags/example_trigger_target_dag.py for tasks to queue
[2023-10-29T12:50:58.230+0100] {logging_mixin.py:151} INFO - [2023-10-29T12:50:58.230+0100] {dagbag.py:539} INFO - Filling up the DagBag from /Users/aymanehinane/Desktop/Airflow/py_env/lib/python3.11/site-packages/airflow/example_dags/example_trigger_target_dag.py
[2023-10-29T12:50:58.253+0100] {processor.py:839} INFO - DAG(s) dict_keys(['example_trigger_target_dag']) retrieved from /Users/aymanehinane/Desktop/Airflow/py_env/lib/python3.11/site-packages/airflow/example_dags/example_trigger_target_dag.py
[2023-10-29T12:50:58.311+0100] {logging_mixin.py:151} INFO - [2023-10-29T12:50:58.311+0100] {dag.py:2915} INFO - Sync 1 DAGs
[2023-10-29T12:50:58.315+0100] {logging_mixin.py:151} INFO - [2023-10-29T12:50:58.315+0100] {dag.py:3696} INFO - Setting next_dagrun for example_trigger_target_dag to None, run_after=None
[2023-10-29T12:50:58.323+0100] {processor.py:179} INFO - Processing /Users/aymanehinane/Desktop/Airflow/py_env/lib/python3.11/site-packages/airflow/example_dags/example_trigger_target_dag.py took 0.094 seconds
[2023-10-29T12:51:49.241+0100] {processor.py:157} INFO - Started process (PID=76122) to work on /Users/aymanehinane/Desktop/Airflow/py_env/lib/python3.11/site-packages/airflow/example_dags/example_trigger_target_dag.py
[2023-10-29T12:51:49.241+0100] {processor.py:829} INFO - Processing file /Users/aymanehinane/Desktop/Airflow/py_env/lib/python3.11/site-packages/airflow/example_dags/example_trigger_target_dag.py for tasks to queue
[2023-10-29T12:51:49.242+0100] {logging_mixin.py:151} INFO - [2023-10-29T12:51:49.242+0100] {dagbag.py:539} INFO - Filling up the DagBag from /Users/aymanehinane/Desktop/Airflow/py_env/lib/python3.11/site-packages/airflow/example_dags/example_trigger_target_dag.py
[2023-10-29T12:51:49.262+0100] {processor.py:839} INFO - DAG(s) dict_keys(['example_trigger_target_dag']) retrieved from /Users/aymanehinane/Desktop/Airflow/py_env/lib/python3.11/site-packages/airflow/example_dags/example_trigger_target_dag.py
[2023-10-29T12:51:49.316+0100] {logging_mixin.py:151} INFO - [2023-10-29T12:51:49.315+0100] {dag.py:2915} INFO - Sync 1 DAGs
[2023-10-29T12:51:49.319+0100] {logging_mixin.py:151} INFO - [2023-10-29T12:51:49.319+0100] {dag.py:3696} INFO - Setting next_dagrun for example_trigger_target_dag to None, run_after=None
[2023-10-29T12:51:49.325+0100] {processor.py:179} INFO - Processing /Users/aymanehinane/Desktop/Airflow/py_env/lib/python3.11/site-packages/airflow/example_dags/example_trigger_target_dag.py took 0.085 seconds
[2023-10-29T12:53:13.339+0100] {processor.py:157} INFO - Started process (PID=76259) to work on /Users/aymanehinane/Desktop/Airflow/py_env/lib/python3.11/site-packages/airflow/example_dags/example_trigger_target_dag.py
[2023-10-29T12:53:13.340+0100] {processor.py:829} INFO - Processing file /Users/aymanehinane/Desktop/Airflow/py_env/lib/python3.11/site-packages/airflow/example_dags/example_trigger_target_dag.py for tasks to queue
[2023-10-29T12:53:13.340+0100] {logging_mixin.py:151} INFO - [2023-10-29T12:53:13.340+0100] {dagbag.py:539} INFO - Filling up the DagBag from /Users/aymanehinane/Desktop/Airflow/py_env/lib/python3.11/site-packages/airflow/example_dags/example_trigger_target_dag.py
[2023-10-29T12:53:13.360+0100] {processor.py:839} INFO - DAG(s) dict_keys(['example_trigger_target_dag']) retrieved from /Users/aymanehinane/Desktop/Airflow/py_env/lib/python3.11/site-packages/airflow/example_dags/example_trigger_target_dag.py
[2023-10-29T12:53:13.414+0100] {logging_mixin.py:151} INFO - [2023-10-29T12:53:13.414+0100] {dag.py:2915} INFO - Sync 1 DAGs
[2023-10-29T12:53:13.417+0100] {logging_mixin.py:151} INFO - [2023-10-29T12:53:13.417+0100] {dag.py:3696} INFO - Setting next_dagrun for example_trigger_target_dag to None, run_after=None
[2023-10-29T12:53:13.424+0100] {processor.py:179} INFO - Processing /Users/aymanehinane/Desktop/Airflow/py_env/lib/python3.11/site-packages/airflow/example_dags/example_trigger_target_dag.py took 0.085 seconds
[2023-10-29T12:54:34.215+0100] {processor.py:157} INFO - Started process (PID=76384) to work on /Users/aymanehinane/Desktop/Airflow/py_env/lib/python3.11/site-packages/airflow/example_dags/example_trigger_target_dag.py
[2023-10-29T12:54:34.217+0100] {processor.py:829} INFO - Processing file /Users/aymanehinane/Desktop/Airflow/py_env/lib/python3.11/site-packages/airflow/example_dags/example_trigger_target_dag.py for tasks to queue
[2023-10-29T12:54:34.217+0100] {logging_mixin.py:151} INFO - [2023-10-29T12:54:34.217+0100] {dagbag.py:539} INFO - Filling up the DagBag from /Users/aymanehinane/Desktop/Airflow/py_env/lib/python3.11/site-packages/airflow/example_dags/example_trigger_target_dag.py
[2023-10-29T12:54:34.237+0100] {processor.py:839} INFO - DAG(s) dict_keys(['example_trigger_target_dag']) retrieved from /Users/aymanehinane/Desktop/Airflow/py_env/lib/python3.11/site-packages/airflow/example_dags/example_trigger_target_dag.py
[2023-10-29T12:54:34.292+0100] {logging_mixin.py:151} INFO - [2023-10-29T12:54:34.292+0100] {dag.py:2915} INFO - Sync 1 DAGs
[2023-10-29T12:54:34.295+0100] {logging_mixin.py:151} INFO - [2023-10-29T12:54:34.295+0100] {dag.py:3696} INFO - Setting next_dagrun for example_trigger_target_dag to None, run_after=None
[2023-10-29T12:54:34.302+0100] {processor.py:179} INFO - Processing /Users/aymanehinane/Desktop/Airflow/py_env/lib/python3.11/site-packages/airflow/example_dags/example_trigger_target_dag.py took 0.087 seconds
[2023-10-29T12:55:54.938+0100] {processor.py:157} INFO - Started process (PID=76509) to work on /Users/aymanehinane/Desktop/Airflow/py_env/lib/python3.11/site-packages/airflow/example_dags/example_trigger_target_dag.py
[2023-10-29T12:55:54.939+0100] {processor.py:829} INFO - Processing file /Users/aymanehinane/Desktop/Airflow/py_env/lib/python3.11/site-packages/airflow/example_dags/example_trigger_target_dag.py for tasks to queue
[2023-10-29T12:55:54.940+0100] {logging_mixin.py:151} INFO - [2023-10-29T12:55:54.940+0100] {dagbag.py:539} INFO - Filling up the DagBag from /Users/aymanehinane/Desktop/Airflow/py_env/lib/python3.11/site-packages/airflow/example_dags/example_trigger_target_dag.py
[2023-10-29T12:55:54.960+0100] {processor.py:839} INFO - DAG(s) dict_keys(['example_trigger_target_dag']) retrieved from /Users/aymanehinane/Desktop/Airflow/py_env/lib/python3.11/site-packages/airflow/example_dags/example_trigger_target_dag.py
[2023-10-29T12:55:55.015+0100] {logging_mixin.py:151} INFO - [2023-10-29T12:55:55.015+0100] {dag.py:2915} INFO - Sync 1 DAGs
[2023-10-29T12:55:55.018+0100] {logging_mixin.py:151} INFO - [2023-10-29T12:55:55.018+0100] {dag.py:3696} INFO - Setting next_dagrun for example_trigger_target_dag to None, run_after=None
[2023-10-29T12:55:55.025+0100] {processor.py:179} INFO - Processing /Users/aymanehinane/Desktop/Airflow/py_env/lib/python3.11/site-packages/airflow/example_dags/example_trigger_target_dag.py took 0.087 seconds
[2023-10-29T12:57:16.979+0100] {processor.py:157} INFO - Started process (PID=76673) to work on /Users/aymanehinane/Desktop/Airflow/py_env/lib/python3.11/site-packages/airflow/example_dags/example_trigger_target_dag.py
[2023-10-29T12:57:16.980+0100] {processor.py:829} INFO - Processing file /Users/aymanehinane/Desktop/Airflow/py_env/lib/python3.11/site-packages/airflow/example_dags/example_trigger_target_dag.py for tasks to queue
[2023-10-29T12:57:16.980+0100] {logging_mixin.py:151} INFO - [2023-10-29T12:57:16.980+0100] {dagbag.py:539} INFO - Filling up the DagBag from /Users/aymanehinane/Desktop/Airflow/py_env/lib/python3.11/site-packages/airflow/example_dags/example_trigger_target_dag.py
[2023-10-29T12:57:17.001+0100] {processor.py:839} INFO - DAG(s) dict_keys(['example_trigger_target_dag']) retrieved from /Users/aymanehinane/Desktop/Airflow/py_env/lib/python3.11/site-packages/airflow/example_dags/example_trigger_target_dag.py
[2023-10-29T12:57:17.061+0100] {logging_mixin.py:151} INFO - [2023-10-29T12:57:17.061+0100] {dag.py:2915} INFO - Sync 1 DAGs
[2023-10-29T12:57:17.064+0100] {logging_mixin.py:151} INFO - [2023-10-29T12:57:17.064+0100] {dag.py:3696} INFO - Setting next_dagrun for example_trigger_target_dag to None, run_after=None
[2023-10-29T12:57:17.071+0100] {processor.py:179} INFO - Processing /Users/aymanehinane/Desktop/Airflow/py_env/lib/python3.11/site-packages/airflow/example_dags/example_trigger_target_dag.py took 0.092 seconds
[2023-10-29T12:58:35.690+0100] {processor.py:157} INFO - Started process (PID=76832) to work on /Users/aymanehinane/Desktop/Airflow/py_env/lib/python3.11/site-packages/airflow/example_dags/example_trigger_target_dag.py
[2023-10-29T12:58:35.691+0100] {processor.py:829} INFO - Processing file /Users/aymanehinane/Desktop/Airflow/py_env/lib/python3.11/site-packages/airflow/example_dags/example_trigger_target_dag.py for tasks to queue
[2023-10-29T12:58:35.691+0100] {logging_mixin.py:151} INFO - [2023-10-29T12:58:35.691+0100] {dagbag.py:539} INFO - Filling up the DagBag from /Users/aymanehinane/Desktop/Airflow/py_env/lib/python3.11/site-packages/airflow/example_dags/example_trigger_target_dag.py
[2023-10-29T12:58:35.711+0100] {processor.py:839} INFO - DAG(s) dict_keys(['example_trigger_target_dag']) retrieved from /Users/aymanehinane/Desktop/Airflow/py_env/lib/python3.11/site-packages/airflow/example_dags/example_trigger_target_dag.py
[2023-10-29T12:58:35.775+0100] {logging_mixin.py:151} INFO - [2023-10-29T12:58:35.774+0100] {dag.py:2915} INFO - Sync 1 DAGs
[2023-10-29T12:58:35.778+0100] {logging_mixin.py:151} INFO - [2023-10-29T12:58:35.778+0100] {dag.py:3696} INFO - Setting next_dagrun for example_trigger_target_dag to None, run_after=None
[2023-10-29T12:58:35.785+0100] {processor.py:179} INFO - Processing /Users/aymanehinane/Desktop/Airflow/py_env/lib/python3.11/site-packages/airflow/example_dags/example_trigger_target_dag.py took 0.096 seconds
[2023-10-29T12:59:54.401+0100] {processor.py:157} INFO - Started process (PID=76970) to work on /Users/aymanehinane/Desktop/Airflow/py_env/lib/python3.11/site-packages/airflow/example_dags/example_trigger_target_dag.py
[2023-10-29T12:59:54.403+0100] {processor.py:829} INFO - Processing file /Users/aymanehinane/Desktop/Airflow/py_env/lib/python3.11/site-packages/airflow/example_dags/example_trigger_target_dag.py for tasks to queue
[2023-10-29T12:59:54.403+0100] {logging_mixin.py:151} INFO - [2023-10-29T12:59:54.403+0100] {dagbag.py:539} INFO - Filling up the DagBag from /Users/aymanehinane/Desktop/Airflow/py_env/lib/python3.11/site-packages/airflow/example_dags/example_trigger_target_dag.py
[2023-10-29T12:59:54.424+0100] {processor.py:839} INFO - DAG(s) dict_keys(['example_trigger_target_dag']) retrieved from /Users/aymanehinane/Desktop/Airflow/py_env/lib/python3.11/site-packages/airflow/example_dags/example_trigger_target_dag.py
[2023-10-29T12:59:54.478+0100] {logging_mixin.py:151} INFO - [2023-10-29T12:59:54.478+0100] {dag.py:2915} INFO - Sync 1 DAGs
[2023-10-29T12:59:54.481+0100] {logging_mixin.py:151} INFO - [2023-10-29T12:59:54.481+0100] {dag.py:3696} INFO - Setting next_dagrun for example_trigger_target_dag to None, run_after=None
[2023-10-29T12:59:54.490+0100] {processor.py:179} INFO - Processing /Users/aymanehinane/Desktop/Airflow/py_env/lib/python3.11/site-packages/airflow/example_dags/example_trigger_target_dag.py took 0.088 seconds
