[2023-10-29T12:48:55.289+0100] {processor.py:157} INFO - Started process (PID=75807) to work on /Users/aymanehinane/Desktop/Airflow/py_env/lib/python3.11/site-packages/airflow/example_dags/example_short_circuit_decorator.py
[2023-10-29T12:48:55.289+0100] {processor.py:829} INFO - Processing file /Users/aymanehinane/Desktop/Airflow/py_env/lib/python3.11/site-packages/airflow/example_dags/example_short_circuit_decorator.py for tasks to queue
[2023-10-29T12:48:55.290+0100] {logging_mixin.py:151} INFO - [2023-10-29T12:48:55.290+0100] {dagbag.py:539} INFO - Filling up the DagBag from /Users/aymanehinane/Desktop/Airflow/py_env/lib/python3.11/site-packages/airflow/example_dags/example_short_circuit_decorator.py
[2023-10-29T12:48:55.312+0100] {processor.py:839} INFO - DAG(s) dict_keys(['example_short_circuit_decorator']) retrieved from /Users/aymanehinane/Desktop/Airflow/py_env/lib/python3.11/site-packages/airflow/example_dags/example_short_circuit_decorator.py
[2023-10-29T12:48:55.766+0100] {logging_mixin.py:151} INFO - [2023-10-29T12:48:55.766+0100] {manager.py:499} INFO - Created Permission View: %s
[2023-10-29T12:48:55.769+0100] {logging_mixin.py:151} INFO - [2023-10-29T12:48:55.769+0100] {manager.py:499} INFO - Created Permission View: %s
[2023-10-29T12:48:55.771+0100] {logging_mixin.py:151} INFO - [2023-10-29T12:48:55.771+0100] {manager.py:499} INFO - Created Permission View: %s
[2023-10-29T12:48:55.771+0100] {logging_mixin.py:151} INFO - [2023-10-29T12:48:55.771+0100] {security.py:708} INFO - Not syncing DAG-level permissions for DAG 'DAG:example_short_circuit_decorator' as access control is unset.
[2023-10-29T12:48:55.771+0100] {logging_mixin.py:151} INFO - [2023-10-29T12:48:55.771+0100] {dag.py:2915} INFO - Sync 1 DAGs
[2023-10-29T12:48:55.774+0100] {logging_mixin.py:151} INFO - [2023-10-29T12:48:55.774+0100] {dag.py:2937} INFO - Creating ORM DAG for example_short_circuit_decorator
[2023-10-29T12:48:55.777+0100] {logging_mixin.py:151} INFO - [2023-10-29T12:48:55.777+0100] {dag.py:3696} INFO - Setting next_dagrun for example_short_circuit_decorator to 2023-10-28T11:48:55.777283+00:00, run_after=2023-10-29T11:48:55.777283+00:00
[2023-10-29T12:48:55.783+0100] {processor.py:179} INFO - Processing /Users/aymanehinane/Desktop/Airflow/py_env/lib/python3.11/site-packages/airflow/example_dags/example_short_circuit_decorator.py took 0.495 seconds
[2023-10-29T12:50:18.436+0100] {processor.py:157} INFO - Started process (PID=75955) to work on /Users/aymanehinane/Desktop/Airflow/py_env/lib/python3.11/site-packages/airflow/example_dags/example_short_circuit_decorator.py
[2023-10-29T12:50:18.437+0100] {processor.py:829} INFO - Processing file /Users/aymanehinane/Desktop/Airflow/py_env/lib/python3.11/site-packages/airflow/example_dags/example_short_circuit_decorator.py for tasks to queue
[2023-10-29T12:50:18.437+0100] {logging_mixin.py:151} INFO - [2023-10-29T12:50:18.437+0100] {dagbag.py:539} INFO - Filling up the DagBag from /Users/aymanehinane/Desktop/Airflow/py_env/lib/python3.11/site-packages/airflow/example_dags/example_short_circuit_decorator.py
[2023-10-29T12:50:18.460+0100] {processor.py:839} INFO - DAG(s) dict_keys(['example_short_circuit_decorator']) retrieved from /Users/aymanehinane/Desktop/Airflow/py_env/lib/python3.11/site-packages/airflow/example_dags/example_short_circuit_decorator.py
[2023-10-29T12:50:18.519+0100] {logging_mixin.py:151} INFO - [2023-10-29T12:50:18.519+0100] {dag.py:2915} INFO - Sync 1 DAGs
[2023-10-29T12:50:18.525+0100] {logging_mixin.py:151} INFO - [2023-10-29T12:50:18.524+0100] {dag.py:3696} INFO - Setting next_dagrun for example_short_circuit_decorator to 2023-10-28T11:50:18.524911+00:00, run_after=2023-10-29T11:50:18.524911+00:00
[2023-10-29T12:50:18.532+0100] {processor.py:179} INFO - Processing /Users/aymanehinane/Desktop/Airflow/py_env/lib/python3.11/site-packages/airflow/example_dags/example_short_circuit_decorator.py took 0.097 seconds
[2023-10-29T12:51:58.256+0100] {processor.py:157} INFO - Started process (PID=76139) to work on /Users/aymanehinane/Desktop/Airflow/py_env/lib/python3.11/site-packages/airflow/example_dags/example_short_circuit_decorator.py
[2023-10-29T12:51:58.257+0100] {processor.py:829} INFO - Processing file /Users/aymanehinane/Desktop/Airflow/py_env/lib/python3.11/site-packages/airflow/example_dags/example_short_circuit_decorator.py for tasks to queue
[2023-10-29T12:51:58.257+0100] {logging_mixin.py:151} INFO - [2023-10-29T12:51:58.257+0100] {dagbag.py:539} INFO - Filling up the DagBag from /Users/aymanehinane/Desktop/Airflow/py_env/lib/python3.11/site-packages/airflow/example_dags/example_short_circuit_decorator.py
[2023-10-29T12:51:58.277+0100] {processor.py:839} INFO - DAG(s) dict_keys(['example_short_circuit_decorator']) retrieved from /Users/aymanehinane/Desktop/Airflow/py_env/lib/python3.11/site-packages/airflow/example_dags/example_short_circuit_decorator.py
[2023-10-29T12:51:58.332+0100] {logging_mixin.py:151} INFO - [2023-10-29T12:51:58.332+0100] {dag.py:2915} INFO - Sync 1 DAGs
[2023-10-29T12:51:58.338+0100] {logging_mixin.py:151} INFO - [2023-10-29T12:51:58.338+0100] {dag.py:3696} INFO - Setting next_dagrun for example_short_circuit_decorator to 2023-10-28T11:51:58.338408+00:00, run_after=2023-10-29T11:51:58.338408+00:00
[2023-10-29T12:51:58.345+0100] {processor.py:179} INFO - Processing /Users/aymanehinane/Desktop/Airflow/py_env/lib/python3.11/site-packages/airflow/example_dags/example_short_circuit_decorator.py took 0.089 seconds
[2023-10-29T12:53:23.441+0100] {processor.py:157} INFO - Started process (PID=76276) to work on /Users/aymanehinane/Desktop/Airflow/py_env/lib/python3.11/site-packages/airflow/example_dags/example_short_circuit_decorator.py
[2023-10-29T12:53:23.442+0100] {processor.py:829} INFO - Processing file /Users/aymanehinane/Desktop/Airflow/py_env/lib/python3.11/site-packages/airflow/example_dags/example_short_circuit_decorator.py for tasks to queue
[2023-10-29T12:53:23.442+0100] {logging_mixin.py:151} INFO - [2023-10-29T12:53:23.442+0100] {dagbag.py:539} INFO - Filling up the DagBag from /Users/aymanehinane/Desktop/Airflow/py_env/lib/python3.11/site-packages/airflow/example_dags/example_short_circuit_decorator.py
[2023-10-29T12:53:23.462+0100] {processor.py:839} INFO - DAG(s) dict_keys(['example_short_circuit_decorator']) retrieved from /Users/aymanehinane/Desktop/Airflow/py_env/lib/python3.11/site-packages/airflow/example_dags/example_short_circuit_decorator.py
[2023-10-29T12:53:23.518+0100] {logging_mixin.py:151} INFO - [2023-10-29T12:53:23.518+0100] {dag.py:2915} INFO - Sync 1 DAGs
[2023-10-29T12:53:23.524+0100] {logging_mixin.py:151} INFO - [2023-10-29T12:53:23.523+0100] {dag.py:3696} INFO - Setting next_dagrun for example_short_circuit_decorator to 2023-10-28T11:53:23.523910+00:00, run_after=2023-10-29T11:53:23.523910+00:00
[2023-10-29T12:53:23.530+0100] {processor.py:179} INFO - Processing /Users/aymanehinane/Desktop/Airflow/py_env/lib/python3.11/site-packages/airflow/example_dags/example_short_circuit_decorator.py took 0.089 seconds
[2023-10-29T12:54:43.209+0100] {processor.py:157} INFO - Started process (PID=76398) to work on /Users/aymanehinane/Desktop/Airflow/py_env/lib/python3.11/site-packages/airflow/example_dags/example_short_circuit_decorator.py
[2023-10-29T12:54:43.210+0100] {processor.py:829} INFO - Processing file /Users/aymanehinane/Desktop/Airflow/py_env/lib/python3.11/site-packages/airflow/example_dags/example_short_circuit_decorator.py for tasks to queue
[2023-10-29T12:54:43.210+0100] {logging_mixin.py:151} INFO - [2023-10-29T12:54:43.210+0100] {dagbag.py:539} INFO - Filling up the DagBag from /Users/aymanehinane/Desktop/Airflow/py_env/lib/python3.11/site-packages/airflow/example_dags/example_short_circuit_decorator.py
[2023-10-29T12:54:43.231+0100] {processor.py:839} INFO - DAG(s) dict_keys(['example_short_circuit_decorator']) retrieved from /Users/aymanehinane/Desktop/Airflow/py_env/lib/python3.11/site-packages/airflow/example_dags/example_short_circuit_decorator.py
[2023-10-29T12:54:43.286+0100] {logging_mixin.py:151} INFO - [2023-10-29T12:54:43.286+0100] {dag.py:2915} INFO - Sync 1 DAGs
[2023-10-29T12:54:43.292+0100] {logging_mixin.py:151} INFO - [2023-10-29T12:54:43.291+0100] {dag.py:3696} INFO - Setting next_dagrun for example_short_circuit_decorator to 2023-10-28T11:54:43.291905+00:00, run_after=2023-10-29T11:54:43.291905+00:00
[2023-10-29T12:54:43.299+0100] {processor.py:179} INFO - Processing /Users/aymanehinane/Desktop/Airflow/py_env/lib/python3.11/site-packages/airflow/example_dags/example_short_circuit_decorator.py took 0.090 seconds
[2023-10-29T12:56:03.900+0100] {processor.py:157} INFO - Started process (PID=76522) to work on /Users/aymanehinane/Desktop/Airflow/py_env/lib/python3.11/site-packages/airflow/example_dags/example_short_circuit_decorator.py
[2023-10-29T12:56:03.902+0100] {processor.py:829} INFO - Processing file /Users/aymanehinane/Desktop/Airflow/py_env/lib/python3.11/site-packages/airflow/example_dags/example_short_circuit_decorator.py for tasks to queue
[2023-10-29T12:56:03.902+0100] {logging_mixin.py:151} INFO - [2023-10-29T12:56:03.902+0100] {dagbag.py:539} INFO - Filling up the DagBag from /Users/aymanehinane/Desktop/Airflow/py_env/lib/python3.11/site-packages/airflow/example_dags/example_short_circuit_decorator.py
[2023-10-29T12:56:03.922+0100] {processor.py:839} INFO - DAG(s) dict_keys(['example_short_circuit_decorator']) retrieved from /Users/aymanehinane/Desktop/Airflow/py_env/lib/python3.11/site-packages/airflow/example_dags/example_short_circuit_decorator.py
[2023-10-29T12:56:03.978+0100] {logging_mixin.py:151} INFO - [2023-10-29T12:56:03.977+0100] {dag.py:2915} INFO - Sync 1 DAGs
[2023-10-29T12:56:03.983+0100] {logging_mixin.py:151} INFO - [2023-10-29T12:56:03.983+0100] {dag.py:3696} INFO - Setting next_dagrun for example_short_circuit_decorator to 2023-10-28T11:56:03.983703+00:00, run_after=2023-10-29T11:56:03.983703+00:00
[2023-10-29T12:56:03.990+0100] {processor.py:179} INFO - Processing /Users/aymanehinane/Desktop/Airflow/py_env/lib/python3.11/site-packages/airflow/example_dags/example_short_circuit_decorator.py took 0.090 seconds
[2023-10-29T12:57:25.139+0100] {processor.py:157} INFO - Started process (PID=76692) to work on /Users/aymanehinane/Desktop/Airflow/py_env/lib/python3.11/site-packages/airflow/example_dags/example_short_circuit_decorator.py
[2023-10-29T12:57:25.140+0100] {processor.py:829} INFO - Processing file /Users/aymanehinane/Desktop/Airflow/py_env/lib/python3.11/site-packages/airflow/example_dags/example_short_circuit_decorator.py for tasks to queue
[2023-10-29T12:57:25.140+0100] {logging_mixin.py:151} INFO - [2023-10-29T12:57:25.140+0100] {dagbag.py:539} INFO - Filling up the DagBag from /Users/aymanehinane/Desktop/Airflow/py_env/lib/python3.11/site-packages/airflow/example_dags/example_short_circuit_decorator.py
[2023-10-29T12:57:25.161+0100] {processor.py:839} INFO - DAG(s) dict_keys(['example_short_circuit_decorator']) retrieved from /Users/aymanehinane/Desktop/Airflow/py_env/lib/python3.11/site-packages/airflow/example_dags/example_short_circuit_decorator.py
[2023-10-29T12:57:25.252+0100] {logging_mixin.py:151} INFO - [2023-10-29T12:57:25.252+0100] {dag.py:2915} INFO - Sync 1 DAGs
[2023-10-29T12:57:25.258+0100] {logging_mixin.py:151} INFO - [2023-10-29T12:57:25.258+0100] {dag.py:3696} INFO - Setting next_dagrun for example_short_circuit_decorator to 2023-10-28T11:57:25.258352+00:00, run_after=2023-10-29T11:57:25.258352+00:00
[2023-10-29T12:57:25.265+0100] {processor.py:179} INFO - Processing /Users/aymanehinane/Desktop/Airflow/py_env/lib/python3.11/site-packages/airflow/example_dags/example_short_circuit_decorator.py took 0.126 seconds
[2023-10-29T12:58:44.668+0100] {processor.py:157} INFO - Started process (PID=76848) to work on /Users/aymanehinane/Desktop/Airflow/py_env/lib/python3.11/site-packages/airflow/example_dags/example_short_circuit_decorator.py
[2023-10-29T12:58:44.669+0100] {processor.py:829} INFO - Processing file /Users/aymanehinane/Desktop/Airflow/py_env/lib/python3.11/site-packages/airflow/example_dags/example_short_circuit_decorator.py for tasks to queue
[2023-10-29T12:58:44.669+0100] {logging_mixin.py:151} INFO - [2023-10-29T12:58:44.669+0100] {dagbag.py:539} INFO - Filling up the DagBag from /Users/aymanehinane/Desktop/Airflow/py_env/lib/python3.11/site-packages/airflow/example_dags/example_short_circuit_decorator.py
[2023-10-29T12:58:44.690+0100] {processor.py:839} INFO - DAG(s) dict_keys(['example_short_circuit_decorator']) retrieved from /Users/aymanehinane/Desktop/Airflow/py_env/lib/python3.11/site-packages/airflow/example_dags/example_short_circuit_decorator.py
[2023-10-29T12:58:44.746+0100] {logging_mixin.py:151} INFO - [2023-10-29T12:58:44.746+0100] {dag.py:2915} INFO - Sync 1 DAGs
[2023-10-29T12:58:44.752+0100] {logging_mixin.py:151} INFO - [2023-10-29T12:58:44.752+0100] {dag.py:3696} INFO - Setting next_dagrun for example_short_circuit_decorator to 2023-10-28T11:58:44.752738+00:00, run_after=2023-10-29T11:58:44.752738+00:00
[2023-10-29T12:58:44.761+0100] {processor.py:179} INFO - Processing /Users/aymanehinane/Desktop/Airflow/py_env/lib/python3.11/site-packages/airflow/example_dags/example_short_circuit_decorator.py took 0.093 seconds
