[2023-10-29T12:48:57.466+0100] {processor.py:157} INFO - Started process (PID=75810) to work on /Users/aymanehinane/Desktop/Airflow/py_env/lib/python3.11/site-packages/airflow/example_dags/example_setup_teardown_taskflow.py
[2023-10-29T12:48:57.467+0100] {processor.py:829} INFO - Processing file /Users/aymanehinane/Desktop/Airflow/py_env/lib/python3.11/site-packages/airflow/example_dags/example_setup_teardown_taskflow.py for tasks to queue
[2023-10-29T12:48:57.467+0100] {logging_mixin.py:151} INFO - [2023-10-29T12:48:57.467+0100] {dagbag.py:539} INFO - Filling up the DagBag from /Users/aymanehinane/Desktop/Airflow/py_env/lib/python3.11/site-packages/airflow/example_dags/example_setup_teardown_taskflow.py
[2023-10-29T12:48:57.489+0100] {processor.py:839} INFO - DAG(s) dict_keys(['example_setup_teardown_taskflow']) retrieved from /Users/aymanehinane/Desktop/Airflow/py_env/lib/python3.11/site-packages/airflow/example_dags/example_setup_teardown_taskflow.py
[2023-10-29T12:48:57.780+0100] {logging_mixin.py:151} INFO - [2023-10-29T12:48:57.780+0100] {manager.py:499} INFO - Created Permission View: %s
[2023-10-29T12:48:57.783+0100] {logging_mixin.py:151} INFO - [2023-10-29T12:48:57.782+0100] {manager.py:499} INFO - Created Permission View: %s
[2023-10-29T12:48:57.784+0100] {logging_mixin.py:151} INFO - [2023-10-29T12:48:57.784+0100] {manager.py:499} INFO - Created Permission View: %s
[2023-10-29T12:48:57.785+0100] {logging_mixin.py:151} INFO - [2023-10-29T12:48:57.784+0100] {security.py:708} INFO - Not syncing DAG-level permissions for DAG 'DAG:example_setup_teardown_taskflow' as access control is unset.
[2023-10-29T12:48:57.785+0100] {logging_mixin.py:151} INFO - [2023-10-29T12:48:57.785+0100] {dag.py:2915} INFO - Sync 1 DAGs
[2023-10-29T12:48:57.788+0100] {logging_mixin.py:151} INFO - [2023-10-29T12:48:57.788+0100] {dag.py:2937} INFO - Creating ORM DAG for example_setup_teardown_taskflow
[2023-10-29T12:48:57.790+0100] {logging_mixin.py:151} INFO - [2023-10-29T12:48:57.790+0100] {dag.py:3696} INFO - Setting next_dagrun for example_setup_teardown_taskflow to 2023-10-28T11:48:57.790809+00:00, run_after=2023-10-29T11:48:57.790809+00:00
[2023-10-29T12:48:57.797+0100] {processor.py:179} INFO - Processing /Users/aymanehinane/Desktop/Airflow/py_env/lib/python3.11/site-packages/airflow/example_dags/example_setup_teardown_taskflow.py took 0.330 seconds
[2023-10-29T12:50:20.203+0100] {processor.py:157} INFO - Started process (PID=75958) to work on /Users/aymanehinane/Desktop/Airflow/py_env/lib/python3.11/site-packages/airflow/example_dags/example_setup_teardown_taskflow.py
[2023-10-29T12:50:20.204+0100] {processor.py:829} INFO - Processing file /Users/aymanehinane/Desktop/Airflow/py_env/lib/python3.11/site-packages/airflow/example_dags/example_setup_teardown_taskflow.py for tasks to queue
[2023-10-29T12:50:20.204+0100] {logging_mixin.py:151} INFO - [2023-10-29T12:50:20.204+0100] {dagbag.py:539} INFO - Filling up the DagBag from /Users/aymanehinane/Desktop/Airflow/py_env/lib/python3.11/site-packages/airflow/example_dags/example_setup_teardown_taskflow.py
[2023-10-29T12:50:20.224+0100] {processor.py:839} INFO - DAG(s) dict_keys(['example_setup_teardown_taskflow']) retrieved from /Users/aymanehinane/Desktop/Airflow/py_env/lib/python3.11/site-packages/airflow/example_dags/example_setup_teardown_taskflow.py
[2023-10-29T12:50:20.283+0100] {logging_mixin.py:151} INFO - [2023-10-29T12:50:20.283+0100] {dag.py:2915} INFO - Sync 1 DAGs
[2023-10-29T12:50:20.289+0100] {logging_mixin.py:151} INFO - [2023-10-29T12:50:20.289+0100] {dag.py:3696} INFO - Setting next_dagrun for example_setup_teardown_taskflow to 2023-10-28T11:50:20.288989+00:00, run_after=2023-10-29T11:50:20.288989+00:00
[2023-10-29T12:50:20.295+0100] {processor.py:179} INFO - Processing /Users/aymanehinane/Desktop/Airflow/py_env/lib/python3.11/site-packages/airflow/example_dags/example_setup_teardown_taskflow.py took 0.093 seconds
[2023-10-29T12:51:59.942+0100] {processor.py:157} INFO - Started process (PID=76144) to work on /Users/aymanehinane/Desktop/Airflow/py_env/lib/python3.11/site-packages/airflow/example_dags/example_setup_teardown_taskflow.py
[2023-10-29T12:51:59.943+0100] {processor.py:829} INFO - Processing file /Users/aymanehinane/Desktop/Airflow/py_env/lib/python3.11/site-packages/airflow/example_dags/example_setup_teardown_taskflow.py for tasks to queue
[2023-10-29T12:51:59.943+0100] {logging_mixin.py:151} INFO - [2023-10-29T12:51:59.943+0100] {dagbag.py:539} INFO - Filling up the DagBag from /Users/aymanehinane/Desktop/Airflow/py_env/lib/python3.11/site-packages/airflow/example_dags/example_setup_teardown_taskflow.py
[2023-10-29T12:51:59.963+0100] {processor.py:839} INFO - DAG(s) dict_keys(['example_setup_teardown_taskflow']) retrieved from /Users/aymanehinane/Desktop/Airflow/py_env/lib/python3.11/site-packages/airflow/example_dags/example_setup_teardown_taskflow.py
[2023-10-29T12:52:00.018+0100] {logging_mixin.py:151} INFO - [2023-10-29T12:52:00.018+0100] {dag.py:2915} INFO - Sync 1 DAGs
[2023-10-29T12:52:00.024+0100] {logging_mixin.py:151} INFO - [2023-10-29T12:52:00.024+0100] {dag.py:3696} INFO - Setting next_dagrun for example_setup_teardown_taskflow to 2023-10-28T11:52:00.024534+00:00, run_after=2023-10-29T11:52:00.024534+00:00
[2023-10-29T12:52:00.031+0100] {processor.py:179} INFO - Processing /Users/aymanehinane/Desktop/Airflow/py_env/lib/python3.11/site-packages/airflow/example_dags/example_setup_teardown_taskflow.py took 0.090 seconds
[2023-10-29T12:53:25.109+0100] {processor.py:157} INFO - Started process (PID=76279) to work on /Users/aymanehinane/Desktop/Airflow/py_env/lib/python3.11/site-packages/airflow/example_dags/example_setup_teardown_taskflow.py
[2023-10-29T12:53:25.110+0100] {processor.py:829} INFO - Processing file /Users/aymanehinane/Desktop/Airflow/py_env/lib/python3.11/site-packages/airflow/example_dags/example_setup_teardown_taskflow.py for tasks to queue
[2023-10-29T12:53:25.110+0100] {logging_mixin.py:151} INFO - [2023-10-29T12:53:25.110+0100] {dagbag.py:539} INFO - Filling up the DagBag from /Users/aymanehinane/Desktop/Airflow/py_env/lib/python3.11/site-packages/airflow/example_dags/example_setup_teardown_taskflow.py
[2023-10-29T12:53:25.130+0100] {processor.py:839} INFO - DAG(s) dict_keys(['example_setup_teardown_taskflow']) retrieved from /Users/aymanehinane/Desktop/Airflow/py_env/lib/python3.11/site-packages/airflow/example_dags/example_setup_teardown_taskflow.py
[2023-10-29T12:53:25.186+0100] {logging_mixin.py:151} INFO - [2023-10-29T12:53:25.186+0100] {dag.py:2915} INFO - Sync 1 DAGs
[2023-10-29T12:53:25.191+0100] {logging_mixin.py:151} INFO - [2023-10-29T12:53:25.191+0100] {dag.py:3696} INFO - Setting next_dagrun for example_setup_teardown_taskflow to 2023-10-28T11:53:25.191739+00:00, run_after=2023-10-29T11:53:25.191739+00:00
[2023-10-29T12:53:25.199+0100] {processor.py:179} INFO - Processing /Users/aymanehinane/Desktop/Airflow/py_env/lib/python3.11/site-packages/airflow/example_dags/example_setup_teardown_taskflow.py took 0.090 seconds
[2023-10-29T12:54:44.183+0100] {processor.py:157} INFO - Started process (PID=76399) to work on /Users/aymanehinane/Desktop/Airflow/py_env/lib/python3.11/site-packages/airflow/example_dags/example_setup_teardown_taskflow.py
[2023-10-29T12:54:44.184+0100] {processor.py:829} INFO - Processing file /Users/aymanehinane/Desktop/Airflow/py_env/lib/python3.11/site-packages/airflow/example_dags/example_setup_teardown_taskflow.py for tasks to queue
[2023-10-29T12:54:44.184+0100] {logging_mixin.py:151} INFO - [2023-10-29T12:54:44.184+0100] {dagbag.py:539} INFO - Filling up the DagBag from /Users/aymanehinane/Desktop/Airflow/py_env/lib/python3.11/site-packages/airflow/example_dags/example_setup_teardown_taskflow.py
[2023-10-29T12:54:44.205+0100] {processor.py:839} INFO - DAG(s) dict_keys(['example_setup_teardown_taskflow']) retrieved from /Users/aymanehinane/Desktop/Airflow/py_env/lib/python3.11/site-packages/airflow/example_dags/example_setup_teardown_taskflow.py
[2023-10-29T12:54:44.260+0100] {logging_mixin.py:151} INFO - [2023-10-29T12:54:44.260+0100] {dag.py:2915} INFO - Sync 1 DAGs
[2023-10-29T12:54:44.265+0100] {logging_mixin.py:151} INFO - [2023-10-29T12:54:44.265+0100] {dag.py:3696} INFO - Setting next_dagrun for example_setup_teardown_taskflow to 2023-10-28T11:54:44.265862+00:00, run_after=2023-10-29T11:54:44.265862+00:00
[2023-10-29T12:54:44.272+0100] {processor.py:179} INFO - Processing /Users/aymanehinane/Desktop/Airflow/py_env/lib/python3.11/site-packages/airflow/example_dags/example_setup_teardown_taskflow.py took 0.090 seconds
[2023-10-29T12:56:05.590+0100] {processor.py:157} INFO - Started process (PID=76527) to work on /Users/aymanehinane/Desktop/Airflow/py_env/lib/python3.11/site-packages/airflow/example_dags/example_setup_teardown_taskflow.py
[2023-10-29T12:56:05.591+0100] {processor.py:829} INFO - Processing file /Users/aymanehinane/Desktop/Airflow/py_env/lib/python3.11/site-packages/airflow/example_dags/example_setup_teardown_taskflow.py for tasks to queue
[2023-10-29T12:56:05.591+0100] {logging_mixin.py:151} INFO - [2023-10-29T12:56:05.591+0100] {dagbag.py:539} INFO - Filling up the DagBag from /Users/aymanehinane/Desktop/Airflow/py_env/lib/python3.11/site-packages/airflow/example_dags/example_setup_teardown_taskflow.py
[2023-10-29T12:56:05.611+0100] {processor.py:839} INFO - DAG(s) dict_keys(['example_setup_teardown_taskflow']) retrieved from /Users/aymanehinane/Desktop/Airflow/py_env/lib/python3.11/site-packages/airflow/example_dags/example_setup_teardown_taskflow.py
[2023-10-29T12:56:05.667+0100] {logging_mixin.py:151} INFO - [2023-10-29T12:56:05.667+0100] {dag.py:2915} INFO - Sync 1 DAGs
[2023-10-29T12:56:05.673+0100] {logging_mixin.py:151} INFO - [2023-10-29T12:56:05.673+0100] {dag.py:3696} INFO - Setting next_dagrun for example_setup_teardown_taskflow to 2023-10-28T11:56:05.673059+00:00, run_after=2023-10-29T11:56:05.673059+00:00
[2023-10-29T12:56:05.680+0100] {processor.py:179} INFO - Processing /Users/aymanehinane/Desktop/Airflow/py_env/lib/python3.11/site-packages/airflow/example_dags/example_setup_teardown_taskflow.py took 0.090 seconds
[2023-10-29T12:57:25.956+0100] {processor.py:157} INFO - Started process (PID=76695) to work on /Users/aymanehinane/Desktop/Airflow/py_env/lib/python3.11/site-packages/airflow/example_dags/example_setup_teardown_taskflow.py
[2023-10-29T12:57:25.957+0100] {processor.py:829} INFO - Processing file /Users/aymanehinane/Desktop/Airflow/py_env/lib/python3.11/site-packages/airflow/example_dags/example_setup_teardown_taskflow.py for tasks to queue
[2023-10-29T12:57:25.957+0100] {logging_mixin.py:151} INFO - [2023-10-29T12:57:25.957+0100] {dagbag.py:539} INFO - Filling up the DagBag from /Users/aymanehinane/Desktop/Airflow/py_env/lib/python3.11/site-packages/airflow/example_dags/example_setup_teardown_taskflow.py
[2023-10-29T12:57:25.978+0100] {processor.py:839} INFO - DAG(s) dict_keys(['example_setup_teardown_taskflow']) retrieved from /Users/aymanehinane/Desktop/Airflow/py_env/lib/python3.11/site-packages/airflow/example_dags/example_setup_teardown_taskflow.py
[2023-10-29T12:57:26.032+0100] {logging_mixin.py:151} INFO - [2023-10-29T12:57:26.032+0100] {dag.py:2915} INFO - Sync 1 DAGs
[2023-10-29T12:57:26.038+0100] {logging_mixin.py:151} INFO - [2023-10-29T12:57:26.038+0100] {dag.py:3696} INFO - Setting next_dagrun for example_setup_teardown_taskflow to 2023-10-28T11:57:26.038592+00:00, run_after=2023-10-29T11:57:26.038592+00:00
[2023-10-29T12:57:26.045+0100] {processor.py:179} INFO - Processing /Users/aymanehinane/Desktop/Airflow/py_env/lib/python3.11/site-packages/airflow/example_dags/example_setup_teardown_taskflow.py took 0.089 seconds
[2023-10-29T12:58:45.354+0100] {processor.py:157} INFO - Started process (PID=76849) to work on /Users/aymanehinane/Desktop/Airflow/py_env/lib/python3.11/site-packages/airflow/example_dags/example_setup_teardown_taskflow.py
[2023-10-29T12:58:45.356+0100] {processor.py:829} INFO - Processing file /Users/aymanehinane/Desktop/Airflow/py_env/lib/python3.11/site-packages/airflow/example_dags/example_setup_teardown_taskflow.py for tasks to queue
[2023-10-29T12:58:45.356+0100] {logging_mixin.py:151} INFO - [2023-10-29T12:58:45.356+0100] {dagbag.py:539} INFO - Filling up the DagBag from /Users/aymanehinane/Desktop/Airflow/py_env/lib/python3.11/site-packages/airflow/example_dags/example_setup_teardown_taskflow.py
[2023-10-29T12:58:45.377+0100] {processor.py:839} INFO - DAG(s) dict_keys(['example_setup_teardown_taskflow']) retrieved from /Users/aymanehinane/Desktop/Airflow/py_env/lib/python3.11/site-packages/airflow/example_dags/example_setup_teardown_taskflow.py
[2023-10-29T12:58:45.436+0100] {logging_mixin.py:151} INFO - [2023-10-29T12:58:45.436+0100] {dag.py:2915} INFO - Sync 1 DAGs
[2023-10-29T12:58:45.442+0100] {logging_mixin.py:151} INFO - [2023-10-29T12:58:45.442+0100] {dag.py:3696} INFO - Setting next_dagrun for example_setup_teardown_taskflow to 2023-10-28T11:58:45.442592+00:00, run_after=2023-10-29T11:58:45.442592+00:00
[2023-10-29T12:58:45.449+0100] {processor.py:179} INFO - Processing /Users/aymanehinane/Desktop/Airflow/py_env/lib/python3.11/site-packages/airflow/example_dags/example_setup_teardown_taskflow.py took 0.095 seconds
