[2023-10-29T12:49:05.361+0100] {processor.py:157} INFO - Started process (PID=75820) to work on /Users/aymanehinane/Desktop/Airflow/py_env/lib/python3.11/site-packages/airflow/example_dags/example_python_operator.py
[2023-10-29T12:49:05.362+0100] {processor.py:829} INFO - Processing file /Users/aymanehinane/Desktop/Airflow/py_env/lib/python3.11/site-packages/airflow/example_dags/example_python_operator.py for tasks to queue
[2023-10-29T12:49:05.362+0100] {logging_mixin.py:151} INFO - [2023-10-29T12:49:05.362+0100] {dagbag.py:539} INFO - Filling up the DagBag from /Users/aymanehinane/Desktop/Airflow/py_env/lib/python3.11/site-packages/airflow/example_dags/example_python_operator.py
[2023-10-29T12:49:05.383+0100] {logging_mixin.py:151} INFO - [2023-10-29T12:49:05.383+0100] {example_python_operator.py:89} WARNING - The virtalenv_python example task requires virtualenv, please install it.
[2023-10-29T12:49:05.385+0100] {processor.py:839} INFO - DAG(s) dict_keys(['example_python_operator']) retrieved from /Users/aymanehinane/Desktop/Airflow/py_env/lib/python3.11/site-packages/airflow/example_dags/example_python_operator.py
[2023-10-29T12:49:05.677+0100] {logging_mixin.py:151} INFO - [2023-10-29T12:49:05.677+0100] {manager.py:499} INFO - Created Permission View: %s
[2023-10-29T12:49:05.680+0100] {logging_mixin.py:151} INFO - [2023-10-29T12:49:05.680+0100] {manager.py:499} INFO - Created Permission View: %s
[2023-10-29T12:49:05.682+0100] {logging_mixin.py:151} INFO - [2023-10-29T12:49:05.682+0100] {manager.py:499} INFO - Created Permission View: %s
[2023-10-29T12:49:05.683+0100] {logging_mixin.py:151} INFO - [2023-10-29T12:49:05.682+0100] {security.py:708} INFO - Not syncing DAG-level permissions for DAG 'DAG:example_python_operator' as access control is unset.
[2023-10-29T12:49:05.683+0100] {logging_mixin.py:151} INFO - [2023-10-29T12:49:05.683+0100] {dag.py:2915} INFO - Sync 1 DAGs
[2023-10-29T12:49:05.686+0100] {logging_mixin.py:151} INFO - [2023-10-29T12:49:05.686+0100] {dag.py:2937} INFO - Creating ORM DAG for example_python_operator
[2023-10-29T12:49:05.686+0100] {logging_mixin.py:151} INFO - [2023-10-29T12:49:05.686+0100] {dag.py:3696} INFO - Setting next_dagrun for example_python_operator to None, run_after=None
[2023-10-29T12:49:05.692+0100] {processor.py:179} INFO - Processing /Users/aymanehinane/Desktop/Airflow/py_env/lib/python3.11/site-packages/airflow/example_dags/example_python_operator.py took 0.331 seconds
[2023-10-29T12:50:25.870+0100] {processor.py:157} INFO - Started process (PID=75968) to work on /Users/aymanehinane/Desktop/Airflow/py_env/lib/python3.11/site-packages/airflow/example_dags/example_python_operator.py
[2023-10-29T12:50:25.871+0100] {processor.py:829} INFO - Processing file /Users/aymanehinane/Desktop/Airflow/py_env/lib/python3.11/site-packages/airflow/example_dags/example_python_operator.py for tasks to queue
[2023-10-29T12:50:25.872+0100] {logging_mixin.py:151} INFO - [2023-10-29T12:50:25.872+0100] {dagbag.py:539} INFO - Filling up the DagBag from /Users/aymanehinane/Desktop/Airflow/py_env/lib/python3.11/site-packages/airflow/example_dags/example_python_operator.py
[2023-10-29T12:50:25.892+0100] {logging_mixin.py:151} INFO - [2023-10-29T12:50:25.892+0100] {example_python_operator.py:89} WARNING - The virtalenv_python example task requires virtualenv, please install it.
[2023-10-29T12:50:25.895+0100] {processor.py:839} INFO - DAG(s) dict_keys(['example_python_operator']) retrieved from /Users/aymanehinane/Desktop/Airflow/py_env/lib/python3.11/site-packages/airflow/example_dags/example_python_operator.py
[2023-10-29T12:50:25.956+0100] {logging_mixin.py:151} INFO - [2023-10-29T12:50:25.956+0100] {dag.py:2915} INFO - Sync 1 DAGs
[2023-10-29T12:50:25.960+0100] {logging_mixin.py:151} INFO - [2023-10-29T12:50:25.960+0100] {dag.py:3696} INFO - Setting next_dagrun for example_python_operator to None, run_after=None
[2023-10-29T12:50:25.967+0100] {processor.py:179} INFO - Processing /Users/aymanehinane/Desktop/Airflow/py_env/lib/python3.11/site-packages/airflow/example_dags/example_python_operator.py took 0.097 seconds
[2023-10-29T12:52:06.640+0100] {processor.py:157} INFO - Started process (PID=76157) to work on /Users/aymanehinane/Desktop/Airflow/py_env/lib/python3.11/site-packages/airflow/example_dags/example_python_operator.py
[2023-10-29T12:52:06.641+0100] {processor.py:829} INFO - Processing file /Users/aymanehinane/Desktop/Airflow/py_env/lib/python3.11/site-packages/airflow/example_dags/example_python_operator.py for tasks to queue
[2023-10-29T12:52:06.641+0100] {logging_mixin.py:151} INFO - [2023-10-29T12:52:06.641+0100] {dagbag.py:539} INFO - Filling up the DagBag from /Users/aymanehinane/Desktop/Airflow/py_env/lib/python3.11/site-packages/airflow/example_dags/example_python_operator.py
[2023-10-29T12:52:06.659+0100] {logging_mixin.py:151} INFO - [2023-10-29T12:52:06.659+0100] {example_python_operator.py:89} WARNING - The virtalenv_python example task requires virtualenv, please install it.
[2023-10-29T12:52:06.661+0100] {processor.py:839} INFO - DAG(s) dict_keys(['example_python_operator']) retrieved from /Users/aymanehinane/Desktop/Airflow/py_env/lib/python3.11/site-packages/airflow/example_dags/example_python_operator.py
[2023-10-29T12:52:06.725+0100] {logging_mixin.py:151} INFO - [2023-10-29T12:52:06.725+0100] {dag.py:2915} INFO - Sync 1 DAGs
[2023-10-29T12:52:06.728+0100] {logging_mixin.py:151} INFO - [2023-10-29T12:52:06.728+0100] {dag.py:3696} INFO - Setting next_dagrun for example_python_operator to None, run_after=None
[2023-10-29T12:52:06.735+0100] {processor.py:179} INFO - Processing /Users/aymanehinane/Desktop/Airflow/py_env/lib/python3.11/site-packages/airflow/example_dags/example_python_operator.py took 0.095 seconds
[2023-10-29T12:53:30.827+0100] {processor.py:157} INFO - Started process (PID=76290) to work on /Users/aymanehinane/Desktop/Airflow/py_env/lib/python3.11/site-packages/airflow/example_dags/example_python_operator.py
[2023-10-29T12:53:30.828+0100] {processor.py:829} INFO - Processing file /Users/aymanehinane/Desktop/Airflow/py_env/lib/python3.11/site-packages/airflow/example_dags/example_python_operator.py for tasks to queue
[2023-10-29T12:53:30.828+0100] {logging_mixin.py:151} INFO - [2023-10-29T12:53:30.828+0100] {dagbag.py:539} INFO - Filling up the DagBag from /Users/aymanehinane/Desktop/Airflow/py_env/lib/python3.11/site-packages/airflow/example_dags/example_python_operator.py
[2023-10-29T12:53:30.847+0100] {logging_mixin.py:151} INFO - [2023-10-29T12:53:30.847+0100] {example_python_operator.py:89} WARNING - The virtalenv_python example task requires virtualenv, please install it.
[2023-10-29T12:53:30.849+0100] {processor.py:839} INFO - DAG(s) dict_keys(['example_python_operator']) retrieved from /Users/aymanehinane/Desktop/Airflow/py_env/lib/python3.11/site-packages/airflow/example_dags/example_python_operator.py
[2023-10-29T12:53:30.904+0100] {logging_mixin.py:151} INFO - [2023-10-29T12:53:30.903+0100] {dag.py:2915} INFO - Sync 1 DAGs
[2023-10-29T12:53:30.907+0100] {logging_mixin.py:151} INFO - [2023-10-29T12:53:30.907+0100] {dag.py:3696} INFO - Setting next_dagrun for example_python_operator to None, run_after=None
[2023-10-29T12:53:30.914+0100] {processor.py:179} INFO - Processing /Users/aymanehinane/Desktop/Airflow/py_env/lib/python3.11/site-packages/airflow/example_dags/example_python_operator.py took 0.087 seconds
[2023-10-29T12:54:49.852+0100] {processor.py:157} INFO - Started process (PID=76409) to work on /Users/aymanehinane/Desktop/Airflow/py_env/lib/python3.11/site-packages/airflow/example_dags/example_python_operator.py
[2023-10-29T12:54:49.852+0100] {processor.py:829} INFO - Processing file /Users/aymanehinane/Desktop/Airflow/py_env/lib/python3.11/site-packages/airflow/example_dags/example_python_operator.py for tasks to queue
[2023-10-29T12:54:49.853+0100] {logging_mixin.py:151} INFO - [2023-10-29T12:54:49.853+0100] {dagbag.py:539} INFO - Filling up the DagBag from /Users/aymanehinane/Desktop/Airflow/py_env/lib/python3.11/site-packages/airflow/example_dags/example_python_operator.py
[2023-10-29T12:54:49.871+0100] {logging_mixin.py:151} INFO - [2023-10-29T12:54:49.871+0100] {example_python_operator.py:89} WARNING - The virtalenv_python example task requires virtualenv, please install it.
[2023-10-29T12:54:49.873+0100] {processor.py:839} INFO - DAG(s) dict_keys(['example_python_operator']) retrieved from /Users/aymanehinane/Desktop/Airflow/py_env/lib/python3.11/site-packages/airflow/example_dags/example_python_operator.py
[2023-10-29T12:54:49.929+0100] {logging_mixin.py:151} INFO - [2023-10-29T12:54:49.929+0100] {dag.py:2915} INFO - Sync 1 DAGs
[2023-10-29T12:54:49.932+0100] {logging_mixin.py:151} INFO - [2023-10-29T12:54:49.932+0100] {dag.py:3696} INFO - Setting next_dagrun for example_python_operator to None, run_after=None
[2023-10-29T12:54:49.939+0100] {processor.py:179} INFO - Processing /Users/aymanehinane/Desktop/Airflow/py_env/lib/python3.11/site-packages/airflow/example_dags/example_python_operator.py took 0.087 seconds
[2023-10-29T12:56:11.878+0100] {processor.py:157} INFO - Started process (PID=76535) to work on /Users/aymanehinane/Desktop/Airflow/py_env/lib/python3.11/site-packages/airflow/example_dags/example_python_operator.py
[2023-10-29T12:56:11.879+0100] {processor.py:829} INFO - Processing file /Users/aymanehinane/Desktop/Airflow/py_env/lib/python3.11/site-packages/airflow/example_dags/example_python_operator.py for tasks to queue
[2023-10-29T12:56:11.879+0100] {logging_mixin.py:151} INFO - [2023-10-29T12:56:11.879+0100] {dagbag.py:539} INFO - Filling up the DagBag from /Users/aymanehinane/Desktop/Airflow/py_env/lib/python3.11/site-packages/airflow/example_dags/example_python_operator.py
[2023-10-29T12:56:11.898+0100] {logging_mixin.py:151} INFO - [2023-10-29T12:56:11.898+0100] {example_python_operator.py:89} WARNING - The virtalenv_python example task requires virtualenv, please install it.
[2023-10-29T12:56:11.900+0100] {processor.py:839} INFO - DAG(s) dict_keys(['example_python_operator']) retrieved from /Users/aymanehinane/Desktop/Airflow/py_env/lib/python3.11/site-packages/airflow/example_dags/example_python_operator.py
[2023-10-29T12:56:11.961+0100] {logging_mixin.py:151} INFO - [2023-10-29T12:56:11.960+0100] {dag.py:2915} INFO - Sync 1 DAGs
[2023-10-29T12:56:11.964+0100] {logging_mixin.py:151} INFO - [2023-10-29T12:56:11.964+0100] {dag.py:3696} INFO - Setting next_dagrun for example_python_operator to None, run_after=None
[2023-10-29T12:56:11.970+0100] {processor.py:179} INFO - Processing /Users/aymanehinane/Desktop/Airflow/py_env/lib/python3.11/site-packages/airflow/example_dags/example_python_operator.py took 0.093 seconds
[2023-10-29T12:57:32.277+0100] {processor.py:157} INFO - Started process (PID=76711) to work on /Users/aymanehinane/Desktop/Airflow/py_env/lib/python3.11/site-packages/airflow/example_dags/example_python_operator.py
[2023-10-29T12:57:32.278+0100] {processor.py:829} INFO - Processing file /Users/aymanehinane/Desktop/Airflow/py_env/lib/python3.11/site-packages/airflow/example_dags/example_python_operator.py for tasks to queue
[2023-10-29T12:57:32.278+0100] {logging_mixin.py:151} INFO - [2023-10-29T12:57:32.278+0100] {dagbag.py:539} INFO - Filling up the DagBag from /Users/aymanehinane/Desktop/Airflow/py_env/lib/python3.11/site-packages/airflow/example_dags/example_python_operator.py
[2023-10-29T12:57:32.302+0100] {logging_mixin.py:151} INFO - [2023-10-29T12:57:32.302+0100] {example_python_operator.py:89} WARNING - The virtalenv_python example task requires virtualenv, please install it.
[2023-10-29T12:57:32.305+0100] {processor.py:839} INFO - DAG(s) dict_keys(['example_python_operator']) retrieved from /Users/aymanehinane/Desktop/Airflow/py_env/lib/python3.11/site-packages/airflow/example_dags/example_python_operator.py
[2023-10-29T12:57:32.359+0100] {logging_mixin.py:151} INFO - [2023-10-29T12:57:32.359+0100] {dag.py:2915} INFO - Sync 1 DAGs
[2023-10-29T12:57:32.362+0100] {logging_mixin.py:151} INFO - [2023-10-29T12:57:32.362+0100] {dag.py:3696} INFO - Setting next_dagrun for example_python_operator to None, run_after=None
[2023-10-29T12:57:32.369+0100] {processor.py:179} INFO - Processing /Users/aymanehinane/Desktop/Airflow/py_env/lib/python3.11/site-packages/airflow/example_dags/example_python_operator.py took 0.092 seconds
[2023-10-29T12:58:52.078+0100] {processor.py:157} INFO - Started process (PID=76862) to work on /Users/aymanehinane/Desktop/Airflow/py_env/lib/python3.11/site-packages/airflow/example_dags/example_python_operator.py
[2023-10-29T12:58:52.079+0100] {processor.py:829} INFO - Processing file /Users/aymanehinane/Desktop/Airflow/py_env/lib/python3.11/site-packages/airflow/example_dags/example_python_operator.py for tasks to queue
[2023-10-29T12:58:52.079+0100] {logging_mixin.py:151} INFO - [2023-10-29T12:58:52.079+0100] {dagbag.py:539} INFO - Filling up the DagBag from /Users/aymanehinane/Desktop/Airflow/py_env/lib/python3.11/site-packages/airflow/example_dags/example_python_operator.py
[2023-10-29T12:58:52.105+0100] {logging_mixin.py:151} INFO - [2023-10-29T12:58:52.105+0100] {example_python_operator.py:89} WARNING - The virtalenv_python example task requires virtualenv, please install it.
[2023-10-29T12:58:52.108+0100] {processor.py:839} INFO - DAG(s) dict_keys(['example_python_operator']) retrieved from /Users/aymanehinane/Desktop/Airflow/py_env/lib/python3.11/site-packages/airflow/example_dags/example_python_operator.py
[2023-10-29T12:58:52.164+0100] {logging_mixin.py:151} INFO - [2023-10-29T12:58:52.163+0100] {dag.py:2915} INFO - Sync 1 DAGs
[2023-10-29T12:58:52.167+0100] {logging_mixin.py:151} INFO - [2023-10-29T12:58:52.167+0100] {dag.py:3696} INFO - Setting next_dagrun for example_python_operator to None, run_after=None
[2023-10-29T12:58:52.173+0100] {processor.py:179} INFO - Processing /Users/aymanehinane/Desktop/Airflow/py_env/lib/python3.11/site-packages/airflow/example_dags/example_python_operator.py took 0.095 seconds
