[2023-10-29T12:48:45.279+0100] {processor.py:157} INFO - Started process (PID=75786) to work on /Users/aymanehinane/Desktop/Airflow/py_env/lib/python3.11/site-packages/airflow/example_dags/example_task_group.py
[2023-10-29T12:48:45.280+0100] {processor.py:829} INFO - Processing file /Users/aymanehinane/Desktop/Airflow/py_env/lib/python3.11/site-packages/airflow/example_dags/example_task_group.py for tasks to queue
[2023-10-29T12:48:45.280+0100] {logging_mixin.py:151} INFO - [2023-10-29T12:48:45.280+0100] {dagbag.py:539} INFO - Filling up the DagBag from /Users/aymanehinane/Desktop/Airflow/py_env/lib/python3.11/site-packages/airflow/example_dags/example_task_group.py
[2023-10-29T12:48:45.292+0100] {processor.py:839} INFO - DAG(s) dict_keys(['example_task_group']) retrieved from /Users/aymanehinane/Desktop/Airflow/py_env/lib/python3.11/site-packages/airflow/example_dags/example_task_group.py
[2023-10-29T12:48:45.622+0100] {logging_mixin.py:151} INFO - [2023-10-29T12:48:45.622+0100] {manager.py:499} INFO - Created Permission View: %s
[2023-10-29T12:48:45.626+0100] {logging_mixin.py:151} INFO - [2023-10-29T12:48:45.626+0100] {manager.py:499} INFO - Created Permission View: %s
[2023-10-29T12:48:45.628+0100] {logging_mixin.py:151} INFO - [2023-10-29T12:48:45.628+0100] {manager.py:499} INFO - Created Permission View: %s
[2023-10-29T12:48:45.628+0100] {logging_mixin.py:151} INFO - [2023-10-29T12:48:45.628+0100] {security.py:708} INFO - Not syncing DAG-level permissions for DAG 'DAG:example_task_group' as access control is unset.
[2023-10-29T12:48:45.628+0100] {logging_mixin.py:151} INFO - [2023-10-29T12:48:45.628+0100] {dag.py:2915} INFO - Sync 1 DAGs
[2023-10-29T12:48:45.631+0100] {logging_mixin.py:151} INFO - [2023-10-29T12:48:45.631+0100] {dag.py:2937} INFO - Creating ORM DAG for example_task_group
[2023-10-29T12:48:45.634+0100] {logging_mixin.py:151} INFO - [2023-10-29T12:48:45.634+0100] {dag.py:3696} INFO - Setting next_dagrun for example_task_group to 2023-10-28T11:48:45.634364+00:00, run_after=2023-10-29T11:48:45.634364+00:00
[2023-10-29T12:48:45.640+0100] {processor.py:179} INFO - Processing /Users/aymanehinane/Desktop/Airflow/py_env/lib/python3.11/site-packages/airflow/example_dags/example_task_group.py took 0.361 seconds
[2023-10-29T12:50:09.871+0100] {processor.py:157} INFO - Started process (PID=75943) to work on /Users/aymanehinane/Desktop/Airflow/py_env/lib/python3.11/site-packages/airflow/example_dags/example_task_group.py
[2023-10-29T12:50:09.872+0100] {processor.py:829} INFO - Processing file /Users/aymanehinane/Desktop/Airflow/py_env/lib/python3.11/site-packages/airflow/example_dags/example_task_group.py for tasks to queue
[2023-10-29T12:50:09.872+0100] {logging_mixin.py:151} INFO - [2023-10-29T12:50:09.872+0100] {dagbag.py:539} INFO - Filling up the DagBag from /Users/aymanehinane/Desktop/Airflow/py_env/lib/python3.11/site-packages/airflow/example_dags/example_task_group.py
[2023-10-29T12:50:09.883+0100] {processor.py:839} INFO - DAG(s) dict_keys(['example_task_group']) retrieved from /Users/aymanehinane/Desktop/Airflow/py_env/lib/python3.11/site-packages/airflow/example_dags/example_task_group.py
[2023-10-29T12:50:09.940+0100] {logging_mixin.py:151} INFO - [2023-10-29T12:50:09.940+0100] {dag.py:2915} INFO - Sync 1 DAGs
[2023-10-29T12:50:09.945+0100] {logging_mixin.py:151} INFO - [2023-10-29T12:50:09.945+0100] {dag.py:3696} INFO - Setting next_dagrun for example_task_group to 2023-10-28T11:50:09.945830+00:00, run_after=2023-10-29T11:50:09.945830+00:00
[2023-10-29T12:50:09.952+0100] {processor.py:179} INFO - Processing /Users/aymanehinane/Desktop/Airflow/py_env/lib/python3.11/site-packages/airflow/example_dags/example_task_group.py took 0.081 seconds
[2023-10-29T12:51:05.250+0100] {processor.py:157} INFO - Started process (PID=76054) to work on /Users/aymanehinane/Desktop/Airflow/py_env/lib/python3.11/site-packages/airflow/example_dags/example_task_group.py
[2023-10-29T12:51:05.252+0100] {processor.py:829} INFO - Processing file /Users/aymanehinane/Desktop/Airflow/py_env/lib/python3.11/site-packages/airflow/example_dags/example_task_group.py for tasks to queue
[2023-10-29T12:51:05.252+0100] {logging_mixin.py:151} INFO - [2023-10-29T12:51:05.252+0100] {dagbag.py:539} INFO - Filling up the DagBag from /Users/aymanehinane/Desktop/Airflow/py_env/lib/python3.11/site-packages/airflow/example_dags/example_task_group.py
[2023-10-29T12:51:05.263+0100] {processor.py:839} INFO - DAG(s) dict_keys(['example_task_group']) retrieved from /Users/aymanehinane/Desktop/Airflow/py_env/lib/python3.11/site-packages/airflow/example_dags/example_task_group.py
[2023-10-29T12:51:05.324+0100] {logging_mixin.py:151} INFO - [2023-10-29T12:51:05.323+0100] {dag.py:2915} INFO - Sync 1 DAGs
[2023-10-29T12:51:05.329+0100] {logging_mixin.py:151} INFO - [2023-10-29T12:51:05.329+0100] {dag.py:3696} INFO - Setting next_dagrun for example_task_group to 2023-10-28T11:51:05.329264+00:00, run_after=2023-10-29T11:51:05.329264+00:00
[2023-10-29T12:51:05.336+0100] {processor.py:179} INFO - Processing /Users/aymanehinane/Desktop/Airflow/py_env/lib/python3.11/site-packages/airflow/example_dags/example_task_group.py took 0.086 seconds
[2023-10-29T12:52:32.905+0100] {processor.py:157} INFO - Started process (PID=76199) to work on /Users/aymanehinane/Desktop/Airflow/py_env/lib/python3.11/site-packages/airflow/example_dags/example_task_group.py
[2023-10-29T12:52:32.906+0100] {processor.py:829} INFO - Processing file /Users/aymanehinane/Desktop/Airflow/py_env/lib/python3.11/site-packages/airflow/example_dags/example_task_group.py for tasks to queue
[2023-10-29T12:52:32.907+0100] {logging_mixin.py:151} INFO - [2023-10-29T12:52:32.907+0100] {dagbag.py:539} INFO - Filling up the DagBag from /Users/aymanehinane/Desktop/Airflow/py_env/lib/python3.11/site-packages/airflow/example_dags/example_task_group.py
[2023-10-29T12:52:32.921+0100] {processor.py:839} INFO - DAG(s) dict_keys(['example_task_group']) retrieved from /Users/aymanehinane/Desktop/Airflow/py_env/lib/python3.11/site-packages/airflow/example_dags/example_task_group.py
[2023-10-29T12:52:32.981+0100] {logging_mixin.py:151} INFO - [2023-10-29T12:52:32.981+0100] {dag.py:2915} INFO - Sync 1 DAGs
[2023-10-29T12:52:32.986+0100] {logging_mixin.py:151} INFO - [2023-10-29T12:52:32.986+0100] {dag.py:3696} INFO - Setting next_dagrun for example_task_group to 2023-10-28T11:52:32.986345+00:00, run_after=2023-10-29T11:52:32.986345+00:00
[2023-10-29T12:52:32.993+0100] {processor.py:179} INFO - Processing /Users/aymanehinane/Desktop/Airflow/py_env/lib/python3.11/site-packages/airflow/example_dags/example_task_group.py took 0.088 seconds
[2023-10-29T12:53:52.691+0100] {processor.py:157} INFO - Started process (PID=76321) to work on /Users/aymanehinane/Desktop/Airflow/py_env/lib/python3.11/site-packages/airflow/example_dags/example_task_group.py
[2023-10-29T12:53:52.692+0100] {processor.py:829} INFO - Processing file /Users/aymanehinane/Desktop/Airflow/py_env/lib/python3.11/site-packages/airflow/example_dags/example_task_group.py for tasks to queue
[2023-10-29T12:53:52.692+0100] {logging_mixin.py:151} INFO - [2023-10-29T12:53:52.692+0100] {dagbag.py:539} INFO - Filling up the DagBag from /Users/aymanehinane/Desktop/Airflow/py_env/lib/python3.11/site-packages/airflow/example_dags/example_task_group.py
[2023-10-29T12:53:52.702+0100] {processor.py:839} INFO - DAG(s) dict_keys(['example_task_group']) retrieved from /Users/aymanehinane/Desktop/Airflow/py_env/lib/python3.11/site-packages/airflow/example_dags/example_task_group.py
[2023-10-29T12:53:52.759+0100] {logging_mixin.py:151} INFO - [2023-10-29T12:53:52.759+0100] {dag.py:2915} INFO - Sync 1 DAGs
[2023-10-29T12:53:52.764+0100] {logging_mixin.py:151} INFO - [2023-10-29T12:53:52.764+0100] {dag.py:3696} INFO - Setting next_dagrun for example_task_group to 2023-10-28T11:53:52.764389+00:00, run_after=2023-10-29T11:53:52.764389+00:00
[2023-10-29T12:53:52.771+0100] {processor.py:179} INFO - Processing /Users/aymanehinane/Desktop/Airflow/py_env/lib/python3.11/site-packages/airflow/example_dags/example_task_group.py took 0.081 seconds
[2023-10-29T12:55:11.215+0100] {processor.py:157} INFO - Started process (PID=76443) to work on /Users/aymanehinane/Desktop/Airflow/py_env/lib/python3.11/site-packages/airflow/example_dags/example_task_group.py
[2023-10-29T12:55:11.218+0100] {processor.py:829} INFO - Processing file /Users/aymanehinane/Desktop/Airflow/py_env/lib/python3.11/site-packages/airflow/example_dags/example_task_group.py for tasks to queue
[2023-10-29T12:55:11.219+0100] {logging_mixin.py:151} INFO - [2023-10-29T12:55:11.219+0100] {dagbag.py:539} INFO - Filling up the DagBag from /Users/aymanehinane/Desktop/Airflow/py_env/lib/python3.11/site-packages/airflow/example_dags/example_task_group.py
[2023-10-29T12:55:11.229+0100] {processor.py:839} INFO - DAG(s) dict_keys(['example_task_group']) retrieved from /Users/aymanehinane/Desktop/Airflow/py_env/lib/python3.11/site-packages/airflow/example_dags/example_task_group.py
[2023-10-29T12:55:11.286+0100] {logging_mixin.py:151} INFO - [2023-10-29T12:55:11.286+0100] {dag.py:2915} INFO - Sync 1 DAGs
[2023-10-29T12:55:11.291+0100] {logging_mixin.py:151} INFO - [2023-10-29T12:55:11.291+0100] {dag.py:3696} INFO - Setting next_dagrun for example_task_group to 2023-10-28T11:55:11.291411+00:00, run_after=2023-10-29T11:55:11.291411+00:00
[2023-10-29T12:55:11.298+0100] {processor.py:179} INFO - Processing /Users/aymanehinane/Desktop/Airflow/py_env/lib/python3.11/site-packages/airflow/example_dags/example_task_group.py took 0.083 seconds
[2023-10-29T12:56:34.481+0100] {processor.py:157} INFO - Started process (PID=76570) to work on /Users/aymanehinane/Desktop/Airflow/py_env/lib/python3.11/site-packages/airflow/example_dags/example_task_group.py
[2023-10-29T12:56:34.482+0100] {processor.py:829} INFO - Processing file /Users/aymanehinane/Desktop/Airflow/py_env/lib/python3.11/site-packages/airflow/example_dags/example_task_group.py for tasks to queue
[2023-10-29T12:56:34.482+0100] {logging_mixin.py:151} INFO - [2023-10-29T12:56:34.482+0100] {dagbag.py:539} INFO - Filling up the DagBag from /Users/aymanehinane/Desktop/Airflow/py_env/lib/python3.11/site-packages/airflow/example_dags/example_task_group.py
[2023-10-29T12:56:34.493+0100] {processor.py:839} INFO - DAG(s) dict_keys(['example_task_group']) retrieved from /Users/aymanehinane/Desktop/Airflow/py_env/lib/python3.11/site-packages/airflow/example_dags/example_task_group.py
[2023-10-29T12:56:34.549+0100] {logging_mixin.py:151} INFO - [2023-10-29T12:56:34.549+0100] {dag.py:2915} INFO - Sync 1 DAGs
[2023-10-29T12:56:34.554+0100] {logging_mixin.py:151} INFO - [2023-10-29T12:56:34.554+0100] {dag.py:3696} INFO - Setting next_dagrun for example_task_group to 2023-10-28T11:56:34.554596+00:00, run_after=2023-10-29T11:56:34.554596+00:00
[2023-10-29T12:56:34.562+0100] {processor.py:179} INFO - Processing /Users/aymanehinane/Desktop/Airflow/py_env/lib/python3.11/site-packages/airflow/example_dags/example_task_group.py took 0.081 seconds
[2023-10-29T12:57:54.205+0100] {processor.py:157} INFO - Started process (PID=76753) to work on /Users/aymanehinane/Desktop/Airflow/py_env/lib/python3.11/site-packages/airflow/example_dags/example_task_group.py
[2023-10-29T12:57:54.206+0100] {processor.py:829} INFO - Processing file /Users/aymanehinane/Desktop/Airflow/py_env/lib/python3.11/site-packages/airflow/example_dags/example_task_group.py for tasks to queue
[2023-10-29T12:57:54.206+0100] {logging_mixin.py:151} INFO - [2023-10-29T12:57:54.206+0100] {dagbag.py:539} INFO - Filling up the DagBag from /Users/aymanehinane/Desktop/Airflow/py_env/lib/python3.11/site-packages/airflow/example_dags/example_task_group.py
[2023-10-29T12:57:54.216+0100] {processor.py:839} INFO - DAG(s) dict_keys(['example_task_group']) retrieved from /Users/aymanehinane/Desktop/Airflow/py_env/lib/python3.11/site-packages/airflow/example_dags/example_task_group.py
[2023-10-29T12:57:54.273+0100] {logging_mixin.py:151} INFO - [2023-10-29T12:57:54.273+0100] {dag.py:2915} INFO - Sync 1 DAGs
[2023-10-29T12:57:54.278+0100] {logging_mixin.py:151} INFO - [2023-10-29T12:57:54.278+0100] {dag.py:3696} INFO - Setting next_dagrun for example_task_group to 2023-10-28T11:57:54.278421+00:00, run_after=2023-10-29T11:57:54.278421+00:00
[2023-10-29T12:57:54.285+0100] {processor.py:179} INFO - Processing /Users/aymanehinane/Desktop/Airflow/py_env/lib/python3.11/site-packages/airflow/example_dags/example_task_group.py took 0.080 seconds
[2023-10-29T12:59:13.052+0100] {processor.py:157} INFO - Started process (PID=76902) to work on /Users/aymanehinane/Desktop/Airflow/py_env/lib/python3.11/site-packages/airflow/example_dags/example_task_group.py
[2023-10-29T12:59:13.053+0100] {processor.py:829} INFO - Processing file /Users/aymanehinane/Desktop/Airflow/py_env/lib/python3.11/site-packages/airflow/example_dags/example_task_group.py for tasks to queue
[2023-10-29T12:59:13.053+0100] {logging_mixin.py:151} INFO - [2023-10-29T12:59:13.053+0100] {dagbag.py:539} INFO - Filling up the DagBag from /Users/aymanehinane/Desktop/Airflow/py_env/lib/python3.11/site-packages/airflow/example_dags/example_task_group.py
[2023-10-29T12:59:13.064+0100] {processor.py:839} INFO - DAG(s) dict_keys(['example_task_group']) retrieved from /Users/aymanehinane/Desktop/Airflow/py_env/lib/python3.11/site-packages/airflow/example_dags/example_task_group.py
[2023-10-29T12:59:13.131+0100] {logging_mixin.py:151} INFO - [2023-10-29T12:59:13.130+0100] {dag.py:2915} INFO - Sync 1 DAGs
[2023-10-29T12:59:13.136+0100] {logging_mixin.py:151} INFO - [2023-10-29T12:59:13.136+0100] {dag.py:3696} INFO - Setting next_dagrun for example_task_group to 2023-10-28T11:59:13.136174+00:00, run_after=2023-10-29T11:59:13.136174+00:00
[2023-10-29T12:59:13.142+0100] {processor.py:179} INFO - Processing /Users/aymanehinane/Desktop/Airflow/py_env/lib/python3.11/site-packages/airflow/example_dags/example_task_group.py took 0.090 seconds
