[2023-10-29T12:49:03.374+0100] {processor.py:157} INFO - Started process (PID=75817) to work on /Users/aymanehinane/Desktop/Airflow/py_env/lib/python3.11/site-packages/airflow/example_dags/example_sensor_decorator.py
[2023-10-29T12:49:03.375+0100] {processor.py:829} INFO - Processing file /Users/aymanehinane/Desktop/Airflow/py_env/lib/python3.11/site-packages/airflow/example_dags/example_sensor_decorator.py for tasks to queue
[2023-10-29T12:49:03.375+0100] {logging_mixin.py:151} INFO - [2023-10-29T12:49:03.375+0100] {dagbag.py:539} INFO - Filling up the DagBag from /Users/aymanehinane/Desktop/Airflow/py_env/lib/python3.11/site-packages/airflow/example_dags/example_sensor_decorator.py
[2023-10-29T12:49:03.396+0100] {processor.py:839} INFO - DAG(s) dict_keys(['example_sensor_decorator']) retrieved from /Users/aymanehinane/Desktop/Airflow/py_env/lib/python3.11/site-packages/airflow/example_dags/example_sensor_decorator.py
[2023-10-29T12:49:03.684+0100] {logging_mixin.py:151} INFO - [2023-10-29T12:49:03.684+0100] {manager.py:499} INFO - Created Permission View: %s
[2023-10-29T12:49:03.687+0100] {logging_mixin.py:151} INFO - [2023-10-29T12:49:03.687+0100] {manager.py:499} INFO - Created Permission View: %s
[2023-10-29T12:49:03.689+0100] {logging_mixin.py:151} INFO - [2023-10-29T12:49:03.689+0100] {manager.py:499} INFO - Created Permission View: %s
[2023-10-29T12:49:03.689+0100] {logging_mixin.py:151} INFO - [2023-10-29T12:49:03.689+0100] {security.py:708} INFO - Not syncing DAG-level permissions for DAG 'DAG:example_sensor_decorator' as access control is unset.
[2023-10-29T12:49:03.689+0100] {logging_mixin.py:151} INFO - [2023-10-29T12:49:03.689+0100] {dag.py:2915} INFO - Sync 1 DAGs
[2023-10-29T12:49:03.693+0100] {logging_mixin.py:151} INFO - [2023-10-29T12:49:03.693+0100] {dag.py:2937} INFO - Creating ORM DAG for example_sensor_decorator
[2023-10-29T12:49:03.693+0100] {logging_mixin.py:151} INFO - [2023-10-29T12:49:03.693+0100] {dag.py:3696} INFO - Setting next_dagrun for example_sensor_decorator to None, run_after=None
[2023-10-29T12:49:03.699+0100] {processor.py:179} INFO - Processing /Users/aymanehinane/Desktop/Airflow/py_env/lib/python3.11/site-packages/airflow/example_dags/example_sensor_decorator.py took 0.325 seconds
[2023-10-29T12:50:25.164+0100] {processor.py:157} INFO - Started process (PID=75965) to work on /Users/aymanehinane/Desktop/Airflow/py_env/lib/python3.11/site-packages/airflow/example_dags/example_sensor_decorator.py
[2023-10-29T12:50:25.164+0100] {processor.py:829} INFO - Processing file /Users/aymanehinane/Desktop/Airflow/py_env/lib/python3.11/site-packages/airflow/example_dags/example_sensor_decorator.py for tasks to queue
[2023-10-29T12:50:25.165+0100] {logging_mixin.py:151} INFO - [2023-10-29T12:50:25.164+0100] {dagbag.py:539} INFO - Filling up the DagBag from /Users/aymanehinane/Desktop/Airflow/py_env/lib/python3.11/site-packages/airflow/example_dags/example_sensor_decorator.py
[2023-10-29T12:50:25.186+0100] {processor.py:839} INFO - DAG(s) dict_keys(['example_sensor_decorator']) retrieved from /Users/aymanehinane/Desktop/Airflow/py_env/lib/python3.11/site-packages/airflow/example_dags/example_sensor_decorator.py
[2023-10-29T12:50:25.246+0100] {logging_mixin.py:151} INFO - [2023-10-29T12:50:25.246+0100] {dag.py:2915} INFO - Sync 1 DAGs
[2023-10-29T12:50:25.250+0100] {logging_mixin.py:151} INFO - [2023-10-29T12:50:25.250+0100] {dag.py:3696} INFO - Setting next_dagrun for example_sensor_decorator to None, run_after=None
[2023-10-29T12:50:25.257+0100] {processor.py:179} INFO - Processing /Users/aymanehinane/Desktop/Airflow/py_env/lib/python3.11/site-packages/airflow/example_dags/example_sensor_decorator.py took 0.093 seconds
[2023-10-29T12:52:04.954+0100] {processor.py:157} INFO - Started process (PID=76154) to work on /Users/aymanehinane/Desktop/Airflow/py_env/lib/python3.11/site-packages/airflow/example_dags/example_sensor_decorator.py
[2023-10-29T12:52:04.955+0100] {processor.py:829} INFO - Processing file /Users/aymanehinane/Desktop/Airflow/py_env/lib/python3.11/site-packages/airflow/example_dags/example_sensor_decorator.py for tasks to queue
[2023-10-29T12:52:04.955+0100] {logging_mixin.py:151} INFO - [2023-10-29T12:52:04.955+0100] {dagbag.py:539} INFO - Filling up the DagBag from /Users/aymanehinane/Desktop/Airflow/py_env/lib/python3.11/site-packages/airflow/example_dags/example_sensor_decorator.py
[2023-10-29T12:52:04.975+0100] {processor.py:839} INFO - DAG(s) dict_keys(['example_sensor_decorator']) retrieved from /Users/aymanehinane/Desktop/Airflow/py_env/lib/python3.11/site-packages/airflow/example_dags/example_sensor_decorator.py
[2023-10-29T12:52:05.032+0100] {logging_mixin.py:151} INFO - [2023-10-29T12:52:05.032+0100] {dag.py:2915} INFO - Sync 1 DAGs
[2023-10-29T12:52:05.035+0100] {logging_mixin.py:151} INFO - [2023-10-29T12:52:05.035+0100] {dag.py:3696} INFO - Setting next_dagrun for example_sensor_decorator to None, run_after=None
[2023-10-29T12:52:05.042+0100] {processor.py:179} INFO - Processing /Users/aymanehinane/Desktop/Airflow/py_env/lib/python3.11/site-packages/airflow/example_dags/example_sensor_decorator.py took 0.088 seconds
[2023-10-29T12:53:29.137+0100] {processor.py:157} INFO - Started process (PID=76285) to work on /Users/aymanehinane/Desktop/Airflow/py_env/lib/python3.11/site-packages/airflow/example_dags/example_sensor_decorator.py
[2023-10-29T12:53:29.138+0100] {processor.py:829} INFO - Processing file /Users/aymanehinane/Desktop/Airflow/py_env/lib/python3.11/site-packages/airflow/example_dags/example_sensor_decorator.py for tasks to queue
[2023-10-29T12:53:29.138+0100] {logging_mixin.py:151} INFO - [2023-10-29T12:53:29.138+0100] {dagbag.py:539} INFO - Filling up the DagBag from /Users/aymanehinane/Desktop/Airflow/py_env/lib/python3.11/site-packages/airflow/example_dags/example_sensor_decorator.py
[2023-10-29T12:53:29.158+0100] {processor.py:839} INFO - DAG(s) dict_keys(['example_sensor_decorator']) retrieved from /Users/aymanehinane/Desktop/Airflow/py_env/lib/python3.11/site-packages/airflow/example_dags/example_sensor_decorator.py
[2023-10-29T12:53:29.216+0100] {logging_mixin.py:151} INFO - [2023-10-29T12:53:29.216+0100] {dag.py:2915} INFO - Sync 1 DAGs
[2023-10-29T12:53:29.220+0100] {logging_mixin.py:151} INFO - [2023-10-29T12:53:29.220+0100] {dag.py:3696} INFO - Setting next_dagrun for example_sensor_decorator to None, run_after=None
[2023-10-29T12:53:29.226+0100] {processor.py:179} INFO - Processing /Users/aymanehinane/Desktop/Airflow/py_env/lib/python3.11/site-packages/airflow/example_dags/example_sensor_decorator.py took 0.090 seconds
[2023-10-29T12:54:48.174+0100] {processor.py:157} INFO - Started process (PID=76406) to work on /Users/aymanehinane/Desktop/Airflow/py_env/lib/python3.11/site-packages/airflow/example_dags/example_sensor_decorator.py
[2023-10-29T12:54:48.176+0100] {processor.py:829} INFO - Processing file /Users/aymanehinane/Desktop/Airflow/py_env/lib/python3.11/site-packages/airflow/example_dags/example_sensor_decorator.py for tasks to queue
[2023-10-29T12:54:48.176+0100] {logging_mixin.py:151} INFO - [2023-10-29T12:54:48.176+0100] {dagbag.py:539} INFO - Filling up the DagBag from /Users/aymanehinane/Desktop/Airflow/py_env/lib/python3.11/site-packages/airflow/example_dags/example_sensor_decorator.py
[2023-10-29T12:54:48.197+0100] {processor.py:839} INFO - DAG(s) dict_keys(['example_sensor_decorator']) retrieved from /Users/aymanehinane/Desktop/Airflow/py_env/lib/python3.11/site-packages/airflow/example_dags/example_sensor_decorator.py
[2023-10-29T12:54:48.257+0100] {logging_mixin.py:151} INFO - [2023-10-29T12:54:48.257+0100] {dag.py:2915} INFO - Sync 1 DAGs
[2023-10-29T12:54:48.260+0100] {logging_mixin.py:151} INFO - [2023-10-29T12:54:48.260+0100] {dag.py:3696} INFO - Setting next_dagrun for example_sensor_decorator to None, run_after=None
[2023-10-29T12:54:48.266+0100] {processor.py:179} INFO - Processing /Users/aymanehinane/Desktop/Airflow/py_env/lib/python3.11/site-packages/airflow/example_dags/example_sensor_decorator.py took 0.093 seconds
[2023-10-29T12:56:10.218+0100] {processor.py:157} INFO - Started process (PID=76532) to work on /Users/aymanehinane/Desktop/Airflow/py_env/lib/python3.11/site-packages/airflow/example_dags/example_sensor_decorator.py
[2023-10-29T12:56:10.219+0100] {processor.py:829} INFO - Processing file /Users/aymanehinane/Desktop/Airflow/py_env/lib/python3.11/site-packages/airflow/example_dags/example_sensor_decorator.py for tasks to queue
[2023-10-29T12:56:10.219+0100] {logging_mixin.py:151} INFO - [2023-10-29T12:56:10.219+0100] {dagbag.py:539} INFO - Filling up the DagBag from /Users/aymanehinane/Desktop/Airflow/py_env/lib/python3.11/site-packages/airflow/example_dags/example_sensor_decorator.py
[2023-10-29T12:56:10.239+0100] {processor.py:839} INFO - DAG(s) dict_keys(['example_sensor_decorator']) retrieved from /Users/aymanehinane/Desktop/Airflow/py_env/lib/python3.11/site-packages/airflow/example_dags/example_sensor_decorator.py
[2023-10-29T12:56:10.296+0100] {logging_mixin.py:151} INFO - [2023-10-29T12:56:10.296+0100] {dag.py:2915} INFO - Sync 1 DAGs
[2023-10-29T12:56:10.300+0100] {logging_mixin.py:151} INFO - [2023-10-29T12:56:10.300+0100] {dag.py:3696} INFO - Setting next_dagrun for example_sensor_decorator to None, run_after=None
[2023-10-29T12:56:10.307+0100] {processor.py:179} INFO - Processing /Users/aymanehinane/Desktop/Airflow/py_env/lib/python3.11/site-packages/airflow/example_dags/example_sensor_decorator.py took 0.089 seconds
[2023-10-29T12:57:30.601+0100] {processor.py:157} INFO - Started process (PID=76708) to work on /Users/aymanehinane/Desktop/Airflow/py_env/lib/python3.11/site-packages/airflow/example_dags/example_sensor_decorator.py
[2023-10-29T12:57:30.602+0100] {processor.py:829} INFO - Processing file /Users/aymanehinane/Desktop/Airflow/py_env/lib/python3.11/site-packages/airflow/example_dags/example_sensor_decorator.py for tasks to queue
[2023-10-29T12:57:30.602+0100] {logging_mixin.py:151} INFO - [2023-10-29T12:57:30.602+0100] {dagbag.py:539} INFO - Filling up the DagBag from /Users/aymanehinane/Desktop/Airflow/py_env/lib/python3.11/site-packages/airflow/example_dags/example_sensor_decorator.py
[2023-10-29T12:57:30.624+0100] {processor.py:839} INFO - DAG(s) dict_keys(['example_sensor_decorator']) retrieved from /Users/aymanehinane/Desktop/Airflow/py_env/lib/python3.11/site-packages/airflow/example_dags/example_sensor_decorator.py
[2023-10-29T12:57:30.684+0100] {logging_mixin.py:151} INFO - [2023-10-29T12:57:30.684+0100] {dag.py:2915} INFO - Sync 1 DAGs
[2023-10-29T12:57:30.688+0100] {logging_mixin.py:151} INFO - [2023-10-29T12:57:30.688+0100] {dag.py:3696} INFO - Setting next_dagrun for example_sensor_decorator to None, run_after=None
[2023-10-29T12:57:30.695+0100] {processor.py:179} INFO - Processing /Users/aymanehinane/Desktop/Airflow/py_env/lib/python3.11/site-packages/airflow/example_dags/example_sensor_decorator.py took 0.094 seconds
[2023-10-29T12:58:50.389+0100] {processor.py:157} INFO - Started process (PID=76859) to work on /Users/aymanehinane/Desktop/Airflow/py_env/lib/python3.11/site-packages/airflow/example_dags/example_sensor_decorator.py
[2023-10-29T12:58:50.389+0100] {processor.py:829} INFO - Processing file /Users/aymanehinane/Desktop/Airflow/py_env/lib/python3.11/site-packages/airflow/example_dags/example_sensor_decorator.py for tasks to queue
[2023-10-29T12:58:50.389+0100] {logging_mixin.py:151} INFO - [2023-10-29T12:58:50.389+0100] {dagbag.py:539} INFO - Filling up the DagBag from /Users/aymanehinane/Desktop/Airflow/py_env/lib/python3.11/site-packages/airflow/example_dags/example_sensor_decorator.py
[2023-10-29T12:58:50.411+0100] {processor.py:839} INFO - DAG(s) dict_keys(['example_sensor_decorator']) retrieved from /Users/aymanehinane/Desktop/Airflow/py_env/lib/python3.11/site-packages/airflow/example_dags/example_sensor_decorator.py
[2023-10-29T12:58:50.469+0100] {logging_mixin.py:151} INFO - [2023-10-29T12:58:50.469+0100] {dag.py:2915} INFO - Sync 1 DAGs
[2023-10-29T12:58:50.473+0100] {logging_mixin.py:151} INFO - [2023-10-29T12:58:50.473+0100] {dag.py:3696} INFO - Setting next_dagrun for example_sensor_decorator to None, run_after=None
[2023-10-29T12:58:50.479+0100] {processor.py:179} INFO - Processing /Users/aymanehinane/Desktop/Airflow/py_env/lib/python3.11/site-packages/airflow/example_dags/example_sensor_decorator.py took 0.091 seconds
