[2023-10-29T12:49:40.477+0100] {processor.py:157} INFO - Started process (PID=75874) to work on /Users/aymanehinane/Desktop/Airflow/py_env/lib/python3.11/site-packages/airflow/example_dags/example_branch_labels.py
[2023-10-29T12:49:40.478+0100] {processor.py:829} INFO - Processing file /Users/aymanehinane/Desktop/Airflow/py_env/lib/python3.11/site-packages/airflow/example_dags/example_branch_labels.py for tasks to queue
[2023-10-29T12:49:40.478+0100] {logging_mixin.py:151} INFO - [2023-10-29T12:49:40.478+0100] {dagbag.py:539} INFO - Filling up the DagBag from /Users/aymanehinane/Desktop/Airflow/py_env/lib/python3.11/site-packages/airflow/example_dags/example_branch_labels.py
[2023-10-29T12:49:40.508+0100] {processor.py:839} INFO - DAG(s) dict_keys(['example_branch_labels']) retrieved from /Users/aymanehinane/Desktop/Airflow/py_env/lib/python3.11/site-packages/airflow/example_dags/example_branch_labels.py
[2023-10-29T12:49:40.819+0100] {logging_mixin.py:151} INFO - [2023-10-29T12:49:40.819+0100] {manager.py:499} INFO - Created Permission View: %s
[2023-10-29T12:49:40.822+0100] {logging_mixin.py:151} INFO - [2023-10-29T12:49:40.822+0100] {manager.py:499} INFO - Created Permission View: %s
[2023-10-29T12:49:40.824+0100] {logging_mixin.py:151} INFO - [2023-10-29T12:49:40.824+0100] {manager.py:499} INFO - Created Permission View: %s
[2023-10-29T12:49:40.824+0100] {logging_mixin.py:151} INFO - [2023-10-29T12:49:40.824+0100] {security.py:708} INFO - Not syncing DAG-level permissions for DAG 'DAG:example_branch_labels' as access control is unset.
[2023-10-29T12:49:40.824+0100] {logging_mixin.py:151} INFO - [2023-10-29T12:49:40.824+0100] {dag.py:2915} INFO - Sync 1 DAGs
[2023-10-29T12:49:40.828+0100] {logging_mixin.py:151} INFO - [2023-10-29T12:49:40.828+0100] {dag.py:2937} INFO - Creating ORM DAG for example_branch_labels
[2023-10-29T12:49:40.831+0100] {logging_mixin.py:151} INFO - [2023-10-29T12:49:40.831+0100] {dag.py:3696} INFO - Setting next_dagrun for example_branch_labels to 2023-10-28T00:00:00+00:00, run_after=2023-10-29T00:00:00+00:00
[2023-10-29T12:49:40.836+0100] {processor.py:179} INFO - Processing /Users/aymanehinane/Desktop/Airflow/py_env/lib/python3.11/site-packages/airflow/example_dags/example_branch_labels.py took 0.360 seconds
[2023-10-29T12:51:28.635+0100] {processor.py:157} INFO - Started process (PID=76087) to work on /Users/aymanehinane/Desktop/Airflow/py_env/lib/python3.11/site-packages/airflow/example_dags/example_branch_labels.py
[2023-10-29T12:51:28.636+0100] {processor.py:829} INFO - Processing file /Users/aymanehinane/Desktop/Airflow/py_env/lib/python3.11/site-packages/airflow/example_dags/example_branch_labels.py for tasks to queue
[2023-10-29T12:51:28.636+0100] {logging_mixin.py:151} INFO - [2023-10-29T12:51:28.636+0100] {dagbag.py:539} INFO - Filling up the DagBag from /Users/aymanehinane/Desktop/Airflow/py_env/lib/python3.11/site-packages/airflow/example_dags/example_branch_labels.py
[2023-10-29T12:51:28.647+0100] {processor.py:839} INFO - DAG(s) dict_keys(['example_branch_labels']) retrieved from /Users/aymanehinane/Desktop/Airflow/py_env/lib/python3.11/site-packages/airflow/example_dags/example_branch_labels.py
[2023-10-29T12:51:28.703+0100] {logging_mixin.py:151} INFO - [2023-10-29T12:51:28.703+0100] {dag.py:2915} INFO - Sync 1 DAGs
[2023-10-29T12:51:28.709+0100] {logging_mixin.py:151} INFO - [2023-10-29T12:51:28.709+0100] {dag.py:3696} INFO - Setting next_dagrun for example_branch_labels to 2023-10-28T00:00:00+00:00, run_after=2023-10-29T00:00:00+00:00
[2023-10-29T12:51:28.715+0100] {processor.py:179} INFO - Processing /Users/aymanehinane/Desktop/Airflow/py_env/lib/python3.11/site-packages/airflow/example_dags/example_branch_labels.py took 0.081 seconds
[2023-10-29T12:52:55.099+0100] {processor.py:157} INFO - Started process (PID=76231) to work on /Users/aymanehinane/Desktop/Airflow/py_env/lib/python3.11/site-packages/airflow/example_dags/example_branch_labels.py
[2023-10-29T12:52:55.100+0100] {processor.py:829} INFO - Processing file /Users/aymanehinane/Desktop/Airflow/py_env/lib/python3.11/site-packages/airflow/example_dags/example_branch_labels.py for tasks to queue
[2023-10-29T12:52:55.100+0100] {logging_mixin.py:151} INFO - [2023-10-29T12:52:55.100+0100] {dagbag.py:539} INFO - Filling up the DagBag from /Users/aymanehinane/Desktop/Airflow/py_env/lib/python3.11/site-packages/airflow/example_dags/example_branch_labels.py
[2023-10-29T12:52:55.111+0100] {processor.py:839} INFO - DAG(s) dict_keys(['example_branch_labels']) retrieved from /Users/aymanehinane/Desktop/Airflow/py_env/lib/python3.11/site-packages/airflow/example_dags/example_branch_labels.py
[2023-10-29T12:52:55.170+0100] {logging_mixin.py:151} INFO - [2023-10-29T12:52:55.170+0100] {dag.py:2915} INFO - Sync 1 DAGs
[2023-10-29T12:52:55.176+0100] {logging_mixin.py:151} INFO - [2023-10-29T12:52:55.176+0100] {dag.py:3696} INFO - Setting next_dagrun for example_branch_labels to 2023-10-28T00:00:00+00:00, run_after=2023-10-29T00:00:00+00:00
[2023-10-29T12:52:55.182+0100] {processor.py:179} INFO - Processing /Users/aymanehinane/Desktop/Airflow/py_env/lib/python3.11/site-packages/airflow/example_dags/example_branch_labels.py took 0.084 seconds
[2023-10-29T12:54:14.578+0100] {processor.py:157} INFO - Started process (PID=76356) to work on /Users/aymanehinane/Desktop/Airflow/py_env/lib/python3.11/site-packages/airflow/example_dags/example_branch_labels.py
[2023-10-29T12:54:14.579+0100] {processor.py:829} INFO - Processing file /Users/aymanehinane/Desktop/Airflow/py_env/lib/python3.11/site-packages/airflow/example_dags/example_branch_labels.py for tasks to queue
[2023-10-29T12:54:14.579+0100] {logging_mixin.py:151} INFO - [2023-10-29T12:54:14.579+0100] {dagbag.py:539} INFO - Filling up the DagBag from /Users/aymanehinane/Desktop/Airflow/py_env/lib/python3.11/site-packages/airflow/example_dags/example_branch_labels.py
[2023-10-29T12:54:14.590+0100] {processor.py:839} INFO - DAG(s) dict_keys(['example_branch_labels']) retrieved from /Users/aymanehinane/Desktop/Airflow/py_env/lib/python3.11/site-packages/airflow/example_dags/example_branch_labels.py
[2023-10-29T12:54:14.648+0100] {logging_mixin.py:151} INFO - [2023-10-29T12:54:14.648+0100] {dag.py:2915} INFO - Sync 1 DAGs
[2023-10-29T12:54:14.653+0100] {logging_mixin.py:151} INFO - [2023-10-29T12:54:14.653+0100] {dag.py:3696} INFO - Setting next_dagrun for example_branch_labels to 2023-10-28T00:00:00+00:00, run_after=2023-10-29T00:00:00+00:00
[2023-10-29T12:54:14.660+0100] {processor.py:179} INFO - Processing /Users/aymanehinane/Desktop/Airflow/py_env/lib/python3.11/site-packages/airflow/example_dags/example_branch_labels.py took 0.082 seconds
[2023-10-29T12:55:34.290+0100] {processor.py:157} INFO - Started process (PID=76474) to work on /Users/aymanehinane/Desktop/Airflow/py_env/lib/python3.11/site-packages/airflow/example_dags/example_branch_labels.py
[2023-10-29T12:55:34.291+0100] {processor.py:829} INFO - Processing file /Users/aymanehinane/Desktop/Airflow/py_env/lib/python3.11/site-packages/airflow/example_dags/example_branch_labels.py for tasks to queue
[2023-10-29T12:55:34.291+0100] {logging_mixin.py:151} INFO - [2023-10-29T12:55:34.291+0100] {dagbag.py:539} INFO - Filling up the DagBag from /Users/aymanehinane/Desktop/Airflow/py_env/lib/python3.11/site-packages/airflow/example_dags/example_branch_labels.py
[2023-10-29T12:55:34.302+0100] {processor.py:839} INFO - DAG(s) dict_keys(['example_branch_labels']) retrieved from /Users/aymanehinane/Desktop/Airflow/py_env/lib/python3.11/site-packages/airflow/example_dags/example_branch_labels.py
[2023-10-29T12:55:34.358+0100] {logging_mixin.py:151} INFO - [2023-10-29T12:55:34.358+0100] {dag.py:2915} INFO - Sync 1 DAGs
[2023-10-29T12:55:34.363+0100] {logging_mixin.py:151} INFO - [2023-10-29T12:55:34.363+0100] {dag.py:3696} INFO - Setting next_dagrun for example_branch_labels to 2023-10-28T00:00:00+00:00, run_after=2023-10-29T00:00:00+00:00
[2023-10-29T12:55:34.370+0100] {processor.py:179} INFO - Processing /Users/aymanehinane/Desktop/Airflow/py_env/lib/python3.11/site-packages/airflow/example_dags/example_branch_labels.py took 0.080 seconds
[2023-10-29T12:56:56.366+0100] {processor.py:157} INFO - Started process (PID=76630) to work on /Users/aymanehinane/Desktop/Airflow/py_env/lib/python3.11/site-packages/airflow/example_dags/example_branch_labels.py
[2023-10-29T12:56:56.368+0100] {processor.py:829} INFO - Processing file /Users/aymanehinane/Desktop/Airflow/py_env/lib/python3.11/site-packages/airflow/example_dags/example_branch_labels.py for tasks to queue
[2023-10-29T12:56:56.368+0100] {logging_mixin.py:151} INFO - [2023-10-29T12:56:56.368+0100] {dagbag.py:539} INFO - Filling up the DagBag from /Users/aymanehinane/Desktop/Airflow/py_env/lib/python3.11/site-packages/airflow/example_dags/example_branch_labels.py
[2023-10-29T12:56:56.379+0100] {processor.py:839} INFO - DAG(s) dict_keys(['example_branch_labels']) retrieved from /Users/aymanehinane/Desktop/Airflow/py_env/lib/python3.11/site-packages/airflow/example_dags/example_branch_labels.py
[2023-10-29T12:56:56.439+0100] {logging_mixin.py:151} INFO - [2023-10-29T12:56:56.439+0100] {dag.py:2915} INFO - Sync 1 DAGs
[2023-10-29T12:56:56.445+0100] {logging_mixin.py:151} INFO - [2023-10-29T12:56:56.445+0100] {dag.py:3696} INFO - Setting next_dagrun for example_branch_labels to 2023-10-28T00:00:00+00:00, run_after=2023-10-29T00:00:00+00:00
[2023-10-29T12:56:56.453+0100] {processor.py:179} INFO - Processing /Users/aymanehinane/Desktop/Airflow/py_env/lib/python3.11/site-packages/airflow/example_dags/example_branch_labels.py took 0.087 seconds
[2023-10-29T12:58:16.007+0100] {processor.py:157} INFO - Started process (PID=76794) to work on /Users/aymanehinane/Desktop/Airflow/py_env/lib/python3.11/site-packages/airflow/example_dags/example_branch_labels.py
[2023-10-29T12:58:16.007+0100] {processor.py:829} INFO - Processing file /Users/aymanehinane/Desktop/Airflow/py_env/lib/python3.11/site-packages/airflow/example_dags/example_branch_labels.py for tasks to queue
[2023-10-29T12:58:16.007+0100] {logging_mixin.py:151} INFO - [2023-10-29T12:58:16.007+0100] {dagbag.py:539} INFO - Filling up the DagBag from /Users/aymanehinane/Desktop/Airflow/py_env/lib/python3.11/site-packages/airflow/example_dags/example_branch_labels.py
[2023-10-29T12:58:16.018+0100] {processor.py:839} INFO - DAG(s) dict_keys(['example_branch_labels']) retrieved from /Users/aymanehinane/Desktop/Airflow/py_env/lib/python3.11/site-packages/airflow/example_dags/example_branch_labels.py
[2023-10-29T12:58:16.074+0100] {logging_mixin.py:151} INFO - [2023-10-29T12:58:16.074+0100] {dag.py:2915} INFO - Sync 1 DAGs
[2023-10-29T12:58:16.079+0100] {logging_mixin.py:151} INFO - [2023-10-29T12:58:16.079+0100] {dag.py:3696} INFO - Setting next_dagrun for example_branch_labels to 2023-10-28T00:00:00+00:00, run_after=2023-10-29T00:00:00+00:00
[2023-10-29T12:58:16.086+0100] {processor.py:179} INFO - Processing /Users/aymanehinane/Desktop/Airflow/py_env/lib/python3.11/site-packages/airflow/example_dags/example_branch_labels.py took 0.080 seconds
[2023-10-29T12:59:36.471+0100] {processor.py:157} INFO - Started process (PID=76940) to work on /Users/aymanehinane/Desktop/Airflow/py_env/lib/python3.11/site-packages/airflow/example_dags/example_branch_labels.py
[2023-10-29T12:59:36.473+0100] {processor.py:829} INFO - Processing file /Users/aymanehinane/Desktop/Airflow/py_env/lib/python3.11/site-packages/airflow/example_dags/example_branch_labels.py for tasks to queue
[2023-10-29T12:59:36.473+0100] {logging_mixin.py:151} INFO - [2023-10-29T12:59:36.473+0100] {dagbag.py:539} INFO - Filling up the DagBag from /Users/aymanehinane/Desktop/Airflow/py_env/lib/python3.11/site-packages/airflow/example_dags/example_branch_labels.py
[2023-10-29T12:59:36.483+0100] {processor.py:839} INFO - DAG(s) dict_keys(['example_branch_labels']) retrieved from /Users/aymanehinane/Desktop/Airflow/py_env/lib/python3.11/site-packages/airflow/example_dags/example_branch_labels.py
[2023-10-29T12:59:36.540+0100] {logging_mixin.py:151} INFO - [2023-10-29T12:59:36.540+0100] {dag.py:2915} INFO - Sync 1 DAGs
[2023-10-29T12:59:36.546+0100] {logging_mixin.py:151} INFO - [2023-10-29T12:59:36.545+0100] {dag.py:3696} INFO - Setting next_dagrun for example_branch_labels to 2023-10-28T00:00:00+00:00, run_after=2023-10-29T00:00:00+00:00
[2023-10-29T12:59:36.552+0100] {processor.py:179} INFO - Processing /Users/aymanehinane/Desktop/Airflow/py_env/lib/python3.11/site-packages/airflow/example_dags/example_branch_labels.py took 0.081 seconds
