[2023-10-29T12:49:19.168+0100] {processor.py:157} INFO - Started process (PID=75837) to work on /Users/aymanehinane/Desktop/Airflow/py_env/lib/python3.11/site-packages/airflow/example_dags/example_latest_only.py
[2023-10-29T12:49:19.168+0100] {processor.py:829} INFO - Processing file /Users/aymanehinane/Desktop/Airflow/py_env/lib/python3.11/site-packages/airflow/example_dags/example_latest_only.py for tasks to queue
[2023-10-29T12:49:19.169+0100] {logging_mixin.py:151} INFO - [2023-10-29T12:49:19.169+0100] {dagbag.py:539} INFO - Filling up the DagBag from /Users/aymanehinane/Desktop/Airflow/py_env/lib/python3.11/site-packages/airflow/example_dags/example_latest_only.py
[2023-10-29T12:49:19.181+0100] {processor.py:839} INFO - DAG(s) dict_keys(['latest_only']) retrieved from /Users/aymanehinane/Desktop/Airflow/py_env/lib/python3.11/site-packages/airflow/example_dags/example_latest_only.py
[2023-10-29T12:49:19.645+0100] {logging_mixin.py:151} INFO - [2023-10-29T12:49:19.645+0100] {manager.py:499} INFO - Created Permission View: %s
[2023-10-29T12:49:19.649+0100] {logging_mixin.py:151} INFO - [2023-10-29T12:49:19.649+0100] {manager.py:499} INFO - Created Permission View: %s
[2023-10-29T12:49:19.652+0100] {logging_mixin.py:151} INFO - [2023-10-29T12:49:19.652+0100] {manager.py:499} INFO - Created Permission View: %s
[2023-10-29T12:49:19.652+0100] {logging_mixin.py:151} INFO - [2023-10-29T12:49:19.652+0100] {security.py:708} INFO - Not syncing DAG-level permissions for DAG 'DAG:latest_only' as access control is unset.
[2023-10-29T12:49:19.652+0100] {logging_mixin.py:151} INFO - [2023-10-29T12:49:19.652+0100] {dag.py:2915} INFO - Sync 1 DAGs
[2023-10-29T12:49:19.655+0100] {logging_mixin.py:151} INFO - [2023-10-29T12:49:19.655+0100] {dag.py:2937} INFO - Creating ORM DAG for latest_only
[2023-10-29T12:49:19.658+0100] {logging_mixin.py:151} INFO - [2023-10-29T12:49:19.658+0100] {dag.py:3696} INFO - Setting next_dagrun for latest_only to 2023-10-29T07:49:19.658033+00:00, run_after=2023-10-29T11:49:19.658033+00:00
[2023-10-29T12:49:19.663+0100] {processor.py:179} INFO - Processing /Users/aymanehinane/Desktop/Airflow/py_env/lib/python3.11/site-packages/airflow/example_dags/example_latest_only.py took 0.496 seconds
[2023-10-29T12:51:09.254+0100] {processor.py:157} INFO - Started process (PID=76060) to work on /Users/aymanehinane/Desktop/Airflow/py_env/lib/python3.11/site-packages/airflow/example_dags/example_latest_only.py
[2023-10-29T12:51:09.255+0100] {processor.py:829} INFO - Processing file /Users/aymanehinane/Desktop/Airflow/py_env/lib/python3.11/site-packages/airflow/example_dags/example_latest_only.py for tasks to queue
[2023-10-29T12:51:09.255+0100] {logging_mixin.py:151} INFO - [2023-10-29T12:51:09.255+0100] {dagbag.py:539} INFO - Filling up the DagBag from /Users/aymanehinane/Desktop/Airflow/py_env/lib/python3.11/site-packages/airflow/example_dags/example_latest_only.py
[2023-10-29T12:51:09.265+0100] {processor.py:839} INFO - DAG(s) dict_keys(['latest_only']) retrieved from /Users/aymanehinane/Desktop/Airflow/py_env/lib/python3.11/site-packages/airflow/example_dags/example_latest_only.py
[2023-10-29T12:51:09.322+0100] {logging_mixin.py:151} INFO - [2023-10-29T12:51:09.322+0100] {dag.py:2915} INFO - Sync 1 DAGs
[2023-10-29T12:51:09.327+0100] {logging_mixin.py:151} INFO - [2023-10-29T12:51:09.327+0100] {dag.py:3696} INFO - Setting next_dagrun for latest_only to 2023-10-29T07:51:09.327733+00:00, run_after=2023-10-29T11:51:09.327733+00:00
[2023-10-29T12:51:09.334+0100] {processor.py:179} INFO - Processing /Users/aymanehinane/Desktop/Airflow/py_env/lib/python3.11/site-packages/airflow/example_dags/example_latest_only.py took 0.081 seconds
[2023-10-29T12:52:37.959+0100] {processor.py:157} INFO - Started process (PID=76206) to work on /Users/aymanehinane/Desktop/Airflow/py_env/lib/python3.11/site-packages/airflow/example_dags/example_latest_only.py
[2023-10-29T12:52:37.960+0100] {processor.py:829} INFO - Processing file /Users/aymanehinane/Desktop/Airflow/py_env/lib/python3.11/site-packages/airflow/example_dags/example_latest_only.py for tasks to queue
[2023-10-29T12:52:37.960+0100] {logging_mixin.py:151} INFO - [2023-10-29T12:52:37.960+0100] {dagbag.py:539} INFO - Filling up the DagBag from /Users/aymanehinane/Desktop/Airflow/py_env/lib/python3.11/site-packages/airflow/example_dags/example_latest_only.py
[2023-10-29T12:52:37.970+0100] {processor.py:839} INFO - DAG(s) dict_keys(['latest_only']) retrieved from /Users/aymanehinane/Desktop/Airflow/py_env/lib/python3.11/site-packages/airflow/example_dags/example_latest_only.py
[2023-10-29T12:52:38.026+0100] {logging_mixin.py:151} INFO - [2023-10-29T12:52:38.026+0100] {dag.py:2915} INFO - Sync 1 DAGs
[2023-10-29T12:52:38.032+0100] {logging_mixin.py:151} INFO - [2023-10-29T12:52:38.031+0100] {dag.py:3696} INFO - Setting next_dagrun for latest_only to 2023-10-29T07:52:38.031933+00:00, run_after=2023-10-29T11:52:38.031933+00:00
[2023-10-29T12:52:38.038+0100] {processor.py:179} INFO - Processing /Users/aymanehinane/Desktop/Airflow/py_env/lib/python3.11/site-packages/airflow/example_dags/example_latest_only.py took 0.079 seconds
[2023-10-29T12:53:56.713+0100] {processor.py:157} INFO - Started process (PID=76329) to work on /Users/aymanehinane/Desktop/Airflow/py_env/lib/python3.11/site-packages/airflow/example_dags/example_latest_only.py
[2023-10-29T12:53:56.715+0100] {processor.py:829} INFO - Processing file /Users/aymanehinane/Desktop/Airflow/py_env/lib/python3.11/site-packages/airflow/example_dags/example_latest_only.py for tasks to queue
[2023-10-29T12:53:56.715+0100] {logging_mixin.py:151} INFO - [2023-10-29T12:53:56.715+0100] {dagbag.py:539} INFO - Filling up the DagBag from /Users/aymanehinane/Desktop/Airflow/py_env/lib/python3.11/site-packages/airflow/example_dags/example_latest_only.py
[2023-10-29T12:53:56.725+0100] {processor.py:839} INFO - DAG(s) dict_keys(['latest_only']) retrieved from /Users/aymanehinane/Desktop/Airflow/py_env/lib/python3.11/site-packages/airflow/example_dags/example_latest_only.py
[2023-10-29T12:53:56.781+0100] {logging_mixin.py:151} INFO - [2023-10-29T12:53:56.781+0100] {dag.py:2915} INFO - Sync 1 DAGs
[2023-10-29T12:53:56.786+0100] {logging_mixin.py:151} INFO - [2023-10-29T12:53:56.786+0100] {dag.py:3696} INFO - Setting next_dagrun for latest_only to 2023-10-29T07:53:56.786863+00:00, run_after=2023-10-29T11:53:56.786863+00:00
[2023-10-29T12:53:56.793+0100] {processor.py:179} INFO - Processing /Users/aymanehinane/Desktop/Airflow/py_env/lib/python3.11/site-packages/airflow/example_dags/example_latest_only.py took 0.080 seconds
[2023-10-29T12:55:15.474+0100] {processor.py:157} INFO - Started process (PID=76448) to work on /Users/aymanehinane/Desktop/Airflow/py_env/lib/python3.11/site-packages/airflow/example_dags/example_latest_only.py
[2023-10-29T12:55:15.475+0100] {processor.py:829} INFO - Processing file /Users/aymanehinane/Desktop/Airflow/py_env/lib/python3.11/site-packages/airflow/example_dags/example_latest_only.py for tasks to queue
[2023-10-29T12:55:15.475+0100] {logging_mixin.py:151} INFO - [2023-10-29T12:55:15.475+0100] {dagbag.py:539} INFO - Filling up the DagBag from /Users/aymanehinane/Desktop/Airflow/py_env/lib/python3.11/site-packages/airflow/example_dags/example_latest_only.py
[2023-10-29T12:55:15.486+0100] {processor.py:839} INFO - DAG(s) dict_keys(['latest_only']) retrieved from /Users/aymanehinane/Desktop/Airflow/py_env/lib/python3.11/site-packages/airflow/example_dags/example_latest_only.py
[2023-10-29T12:55:15.542+0100] {logging_mixin.py:151} INFO - [2023-10-29T12:55:15.542+0100] {dag.py:2915} INFO - Sync 1 DAGs
[2023-10-29T12:55:15.547+0100] {logging_mixin.py:151} INFO - [2023-10-29T12:55:15.547+0100] {dag.py:3696} INFO - Setting next_dagrun for latest_only to 2023-10-29T07:55:15.547765+00:00, run_after=2023-10-29T11:55:15.547765+00:00
[2023-10-29T12:55:15.554+0100] {processor.py:179} INFO - Processing /Users/aymanehinane/Desktop/Airflow/py_env/lib/python3.11/site-packages/airflow/example_dags/example_latest_only.py took 0.081 seconds
[2023-10-29T12:56:39.553+0100] {processor.py:157} INFO - Started process (PID=76579) to work on /Users/aymanehinane/Desktop/Airflow/py_env/lib/python3.11/site-packages/airflow/example_dags/example_latest_only.py
[2023-10-29T12:56:39.553+0100] {processor.py:829} INFO - Processing file /Users/aymanehinane/Desktop/Airflow/py_env/lib/python3.11/site-packages/airflow/example_dags/example_latest_only.py for tasks to queue
[2023-10-29T12:56:39.554+0100] {logging_mixin.py:151} INFO - [2023-10-29T12:56:39.554+0100] {dagbag.py:539} INFO - Filling up the DagBag from /Users/aymanehinane/Desktop/Airflow/py_env/lib/python3.11/site-packages/airflow/example_dags/example_latest_only.py
[2023-10-29T12:56:39.564+0100] {processor.py:839} INFO - DAG(s) dict_keys(['latest_only']) retrieved from /Users/aymanehinane/Desktop/Airflow/py_env/lib/python3.11/site-packages/airflow/example_dags/example_latest_only.py
[2023-10-29T12:56:39.627+0100] {logging_mixin.py:151} INFO - [2023-10-29T12:56:39.627+0100] {dag.py:2915} INFO - Sync 1 DAGs
[2023-10-29T12:56:39.633+0100] {logging_mixin.py:151} INFO - [2023-10-29T12:56:39.633+0100] {dag.py:3696} INFO - Setting next_dagrun for latest_only to 2023-10-29T07:56:39.633146+00:00, run_after=2023-10-29T11:56:39.633146+00:00
[2023-10-29T12:56:39.639+0100] {processor.py:179} INFO - Processing /Users/aymanehinane/Desktop/Airflow/py_env/lib/python3.11/site-packages/airflow/example_dags/example_latest_only.py took 0.087 seconds
[2023-10-29T12:57:59.175+0100] {processor.py:157} INFO - Started process (PID=76761) to work on /Users/aymanehinane/Desktop/Airflow/py_env/lib/python3.11/site-packages/airflow/example_dags/example_latest_only.py
[2023-10-29T12:57:59.176+0100] {processor.py:829} INFO - Processing file /Users/aymanehinane/Desktop/Airflow/py_env/lib/python3.11/site-packages/airflow/example_dags/example_latest_only.py for tasks to queue
[2023-10-29T12:57:59.177+0100] {logging_mixin.py:151} INFO - [2023-10-29T12:57:59.177+0100] {dagbag.py:539} INFO - Filling up the DagBag from /Users/aymanehinane/Desktop/Airflow/py_env/lib/python3.11/site-packages/airflow/example_dags/example_latest_only.py
[2023-10-29T12:57:59.187+0100] {processor.py:839} INFO - DAG(s) dict_keys(['latest_only']) retrieved from /Users/aymanehinane/Desktop/Airflow/py_env/lib/python3.11/site-packages/airflow/example_dags/example_latest_only.py
[2023-10-29T12:57:59.248+0100] {logging_mixin.py:151} INFO - [2023-10-29T12:57:59.247+0100] {dag.py:2915} INFO - Sync 1 DAGs
[2023-10-29T12:57:59.253+0100] {logging_mixin.py:151} INFO - [2023-10-29T12:57:59.253+0100] {dag.py:3696} INFO - Setting next_dagrun for latest_only to 2023-10-29T07:57:59.253457+00:00, run_after=2023-10-29T11:57:59.253457+00:00
[2023-10-29T12:57:59.260+0100] {processor.py:179} INFO - Processing /Users/aymanehinane/Desktop/Airflow/py_env/lib/python3.11/site-packages/airflow/example_dags/example_latest_only.py took 0.085 seconds
[2023-10-29T12:59:18.213+0100] {processor.py:157} INFO - Started process (PID=76909) to work on /Users/aymanehinane/Desktop/Airflow/py_env/lib/python3.11/site-packages/airflow/example_dags/example_latest_only.py
[2023-10-29T12:59:18.215+0100] {processor.py:829} INFO - Processing file /Users/aymanehinane/Desktop/Airflow/py_env/lib/python3.11/site-packages/airflow/example_dags/example_latest_only.py for tasks to queue
[2023-10-29T12:59:18.216+0100] {logging_mixin.py:151} INFO - [2023-10-29T12:59:18.215+0100] {dagbag.py:539} INFO - Filling up the DagBag from /Users/aymanehinane/Desktop/Airflow/py_env/lib/python3.11/site-packages/airflow/example_dags/example_latest_only.py
[2023-10-29T12:59:18.226+0100] {processor.py:839} INFO - DAG(s) dict_keys(['latest_only']) retrieved from /Users/aymanehinane/Desktop/Airflow/py_env/lib/python3.11/site-packages/airflow/example_dags/example_latest_only.py
[2023-10-29T12:59:18.289+0100] {logging_mixin.py:151} INFO - [2023-10-29T12:59:18.289+0100] {dag.py:2915} INFO - Sync 1 DAGs
[2023-10-29T12:59:18.295+0100] {logging_mixin.py:151} INFO - [2023-10-29T12:59:18.294+0100] {dag.py:3696} INFO - Setting next_dagrun for latest_only to 2023-10-29T07:59:18.294894+00:00, run_after=2023-10-29T11:59:18.294894+00:00
[2023-10-29T12:59:18.303+0100] {processor.py:179} INFO - Processing /Users/aymanehinane/Desktop/Airflow/py_env/lib/python3.11/site-packages/airflow/example_dags/example_latest_only.py took 0.090 seconds
