[2023-10-29T12:48:30.899+0100] {processor.py:157} INFO - Started process (PID=75756) to work on /Users/aymanehinane/Desktop/Airflow/py_env/lib/python3.11/site-packages/airflow/example_dags/tutorial_taskflow_api.py
[2023-10-29T12:48:30.900+0100] {processor.py:829} INFO - Processing file /Users/aymanehinane/Desktop/Airflow/py_env/lib/python3.11/site-packages/airflow/example_dags/tutorial_taskflow_api.py for tasks to queue
[2023-10-29T12:48:30.900+0100] {logging_mixin.py:151} INFO - [2023-10-29T12:48:30.900+0100] {dagbag.py:539} INFO - Filling up the DagBag from /Users/aymanehinane/Desktop/Airflow/py_env/lib/python3.11/site-packages/airflow/example_dags/tutorial_taskflow_api.py
[2023-10-29T12:48:30.922+0100] {processor.py:839} INFO - DAG(s) dict_keys(['tutorial_taskflow_api']) retrieved from /Users/aymanehinane/Desktop/Airflow/py_env/lib/python3.11/site-packages/airflow/example_dags/tutorial_taskflow_api.py
[2023-10-29T12:48:31.292+0100] {logging_mixin.py:151} INFO - [2023-10-29T12:48:31.292+0100] {manager.py:499} INFO - Created Permission View: %s
[2023-10-29T12:48:31.295+0100] {logging_mixin.py:151} INFO - [2023-10-29T12:48:31.295+0100] {manager.py:499} INFO - Created Permission View: %s
[2023-10-29T12:48:31.297+0100] {logging_mixin.py:151} INFO - [2023-10-29T12:48:31.297+0100] {manager.py:499} INFO - Created Permission View: %s
[2023-10-29T12:48:31.297+0100] {logging_mixin.py:151} INFO - [2023-10-29T12:48:31.297+0100] {security.py:708} INFO - Not syncing DAG-level permissions for DAG 'DAG:tutorial_taskflow_api' as access control is unset.
[2023-10-29T12:48:31.297+0100] {logging_mixin.py:151} INFO - [2023-10-29T12:48:31.297+0100] {dag.py:2915} INFO - Sync 1 DAGs
[2023-10-29T12:48:31.300+0100] {logging_mixin.py:151} INFO - [2023-10-29T12:48:31.300+0100] {dag.py:2937} INFO - Creating ORM DAG for tutorial_taskflow_api
[2023-10-29T12:48:31.300+0100] {logging_mixin.py:151} INFO - [2023-10-29T12:48:31.300+0100] {dag.py:3696} INFO - Setting next_dagrun for tutorial_taskflow_api to None, run_after=None
[2023-10-29T12:48:31.307+0100] {processor.py:179} INFO - Processing /Users/aymanehinane/Desktop/Airflow/py_env/lib/python3.11/site-packages/airflow/example_dags/tutorial_taskflow_api.py took 0.408 seconds
[2023-10-29T12:49:55.663+0100] {processor.py:157} INFO - Started process (PID=75903) to work on /Users/aymanehinane/Desktop/Airflow/py_env/lib/python3.11/site-packages/airflow/example_dags/tutorial_taskflow_api.py
[2023-10-29T12:49:55.665+0100] {processor.py:829} INFO - Processing file /Users/aymanehinane/Desktop/Airflow/py_env/lib/python3.11/site-packages/airflow/example_dags/tutorial_taskflow_api.py for tasks to queue
[2023-10-29T12:49:55.665+0100] {logging_mixin.py:151} INFO - [2023-10-29T12:49:55.665+0100] {dagbag.py:539} INFO - Filling up the DagBag from /Users/aymanehinane/Desktop/Airflow/py_env/lib/python3.11/site-packages/airflow/example_dags/tutorial_taskflow_api.py
[2023-10-29T12:49:55.694+0100] {processor.py:839} INFO - DAG(s) dict_keys(['tutorial_taskflow_api']) retrieved from /Users/aymanehinane/Desktop/Airflow/py_env/lib/python3.11/site-packages/airflow/example_dags/tutorial_taskflow_api.py
[2023-10-29T12:49:55.773+0100] {logging_mixin.py:151} INFO - [2023-10-29T12:49:55.773+0100] {dag.py:2915} INFO - Sync 1 DAGs
[2023-10-29T12:49:55.778+0100] {logging_mixin.py:151} INFO - [2023-10-29T12:49:55.778+0100] {dag.py:3696} INFO - Setting next_dagrun for tutorial_taskflow_api to None, run_after=None
[2023-10-29T12:49:55.787+0100] {processor.py:179} INFO - Processing /Users/aymanehinane/Desktop/Airflow/py_env/lib/python3.11/site-packages/airflow/example_dags/tutorial_taskflow_api.py took 0.125 seconds
[2023-10-29T12:50:51.171+0100] {processor.py:157} INFO - Started process (PID=76033) to work on /Users/aymanehinane/Desktop/Airflow/py_env/lib/python3.11/site-packages/airflow/example_dags/tutorial_taskflow_api.py
[2023-10-29T12:50:51.172+0100] {processor.py:829} INFO - Processing file /Users/aymanehinane/Desktop/Airflow/py_env/lib/python3.11/site-packages/airflow/example_dags/tutorial_taskflow_api.py for tasks to queue
[2023-10-29T12:50:51.172+0100] {logging_mixin.py:151} INFO - [2023-10-29T12:50:51.172+0100] {dagbag.py:539} INFO - Filling up the DagBag from /Users/aymanehinane/Desktop/Airflow/py_env/lib/python3.11/site-packages/airflow/example_dags/tutorial_taskflow_api.py
[2023-10-29T12:50:51.192+0100] {processor.py:839} INFO - DAG(s) dict_keys(['tutorial_taskflow_api']) retrieved from /Users/aymanehinane/Desktop/Airflow/py_env/lib/python3.11/site-packages/airflow/example_dags/tutorial_taskflow_api.py
[2023-10-29T12:50:51.247+0100] {logging_mixin.py:151} INFO - [2023-10-29T12:50:51.247+0100] {dag.py:2915} INFO - Sync 1 DAGs
[2023-10-29T12:50:51.250+0100] {logging_mixin.py:151} INFO - [2023-10-29T12:50:51.250+0100] {dag.py:3696} INFO - Setting next_dagrun for tutorial_taskflow_api to None, run_after=None
[2023-10-29T12:50:51.257+0100] {processor.py:179} INFO - Processing /Users/aymanehinane/Desktop/Airflow/py_env/lib/python3.11/site-packages/airflow/example_dags/tutorial_taskflow_api.py took 0.087 seconds
[2023-10-29T12:51:40.934+0100] {processor.py:157} INFO - Started process (PID=76111) to work on /Users/aymanehinane/Desktop/Airflow/py_env/lib/python3.11/site-packages/airflow/example_dags/tutorial_taskflow_api.py
[2023-10-29T12:51:40.935+0100] {processor.py:829} INFO - Processing file /Users/aymanehinane/Desktop/Airflow/py_env/lib/python3.11/site-packages/airflow/example_dags/tutorial_taskflow_api.py for tasks to queue
[2023-10-29T12:51:40.935+0100] {logging_mixin.py:151} INFO - [2023-10-29T12:51:40.935+0100] {dagbag.py:539} INFO - Filling up the DagBag from /Users/aymanehinane/Desktop/Airflow/py_env/lib/python3.11/site-packages/airflow/example_dags/tutorial_taskflow_api.py
[2023-10-29T12:51:40.957+0100] {processor.py:839} INFO - DAG(s) dict_keys(['tutorial_taskflow_api']) retrieved from /Users/aymanehinane/Desktop/Airflow/py_env/lib/python3.11/site-packages/airflow/example_dags/tutorial_taskflow_api.py
[2023-10-29T12:51:41.014+0100] {logging_mixin.py:151} INFO - [2023-10-29T12:51:41.014+0100] {dag.py:2915} INFO - Sync 1 DAGs
[2023-10-29T12:51:41.017+0100] {logging_mixin.py:151} INFO - [2023-10-29T12:51:41.017+0100] {dag.py:3696} INFO - Setting next_dagrun for tutorial_taskflow_api to None, run_after=None
[2023-10-29T12:51:41.024+0100] {processor.py:179} INFO - Processing /Users/aymanehinane/Desktop/Airflow/py_env/lib/python3.11/site-packages/airflow/example_dags/tutorial_taskflow_api.py took 0.090 seconds
[2023-10-29T12:52:24.438+0100] {processor.py:157} INFO - Started process (PID=76185) to work on /Users/aymanehinane/Desktop/Airflow/py_env/lib/python3.11/site-packages/airflow/example_dags/tutorial_taskflow_api.py
[2023-10-29T12:52:24.439+0100] {processor.py:829} INFO - Processing file /Users/aymanehinane/Desktop/Airflow/py_env/lib/python3.11/site-packages/airflow/example_dags/tutorial_taskflow_api.py for tasks to queue
[2023-10-29T12:52:24.439+0100] {logging_mixin.py:151} INFO - [2023-10-29T12:52:24.439+0100] {dagbag.py:539} INFO - Filling up the DagBag from /Users/aymanehinane/Desktop/Airflow/py_env/lib/python3.11/site-packages/airflow/example_dags/tutorial_taskflow_api.py
[2023-10-29T12:52:24.459+0100] {processor.py:839} INFO - DAG(s) dict_keys(['tutorial_taskflow_api']) retrieved from /Users/aymanehinane/Desktop/Airflow/py_env/lib/python3.11/site-packages/airflow/example_dags/tutorial_taskflow_api.py
[2023-10-29T12:52:24.513+0100] {logging_mixin.py:151} INFO - [2023-10-29T12:52:24.513+0100] {dag.py:2915} INFO - Sync 1 DAGs
[2023-10-29T12:52:24.517+0100] {logging_mixin.py:151} INFO - [2023-10-29T12:52:24.517+0100] {dag.py:3696} INFO - Setting next_dagrun for tutorial_taskflow_api to None, run_after=None
[2023-10-29T12:52:24.523+0100] {processor.py:179} INFO - Processing /Users/aymanehinane/Desktop/Airflow/py_env/lib/python3.11/site-packages/airflow/example_dags/tutorial_taskflow_api.py took 0.086 seconds
[2023-10-29T12:53:07.689+0100] {processor.py:157} INFO - Started process (PID=76251) to work on /Users/aymanehinane/Desktop/Airflow/py_env/lib/python3.11/site-packages/airflow/example_dags/tutorial_taskflow_api.py
[2023-10-29T12:53:07.690+0100] {processor.py:829} INFO - Processing file /Users/aymanehinane/Desktop/Airflow/py_env/lib/python3.11/site-packages/airflow/example_dags/tutorial_taskflow_api.py for tasks to queue
[2023-10-29T12:53:07.690+0100] {logging_mixin.py:151} INFO - [2023-10-29T12:53:07.690+0100] {dagbag.py:539} INFO - Filling up the DagBag from /Users/aymanehinane/Desktop/Airflow/py_env/lib/python3.11/site-packages/airflow/example_dags/tutorial_taskflow_api.py
[2023-10-29T12:53:07.710+0100] {processor.py:839} INFO - DAG(s) dict_keys(['tutorial_taskflow_api']) retrieved from /Users/aymanehinane/Desktop/Airflow/py_env/lib/python3.11/site-packages/airflow/example_dags/tutorial_taskflow_api.py
[2023-10-29T12:53:07.765+0100] {logging_mixin.py:151} INFO - [2023-10-29T12:53:07.765+0100] {dag.py:2915} INFO - Sync 1 DAGs
[2023-10-29T12:53:07.769+0100] {logging_mixin.py:151} INFO - [2023-10-29T12:53:07.769+0100] {dag.py:3696} INFO - Setting next_dagrun for tutorial_taskflow_api to None, run_after=None
[2023-10-29T12:53:07.775+0100] {processor.py:179} INFO - Processing /Users/aymanehinane/Desktop/Airflow/py_env/lib/python3.11/site-packages/airflow/example_dags/tutorial_taskflow_api.py took 0.087 seconds
[2023-10-29T12:53:47.623+0100] {processor.py:157} INFO - Started process (PID=76314) to work on /Users/aymanehinane/Desktop/Airflow/py_env/lib/python3.11/site-packages/airflow/example_dags/tutorial_taskflow_api.py
[2023-10-29T12:53:47.624+0100] {processor.py:829} INFO - Processing file /Users/aymanehinane/Desktop/Airflow/py_env/lib/python3.11/site-packages/airflow/example_dags/tutorial_taskflow_api.py for tasks to queue
[2023-10-29T12:53:47.624+0100] {logging_mixin.py:151} INFO - [2023-10-29T12:53:47.624+0100] {dagbag.py:539} INFO - Filling up the DagBag from /Users/aymanehinane/Desktop/Airflow/py_env/lib/python3.11/site-packages/airflow/example_dags/tutorial_taskflow_api.py
[2023-10-29T12:53:47.644+0100] {processor.py:839} INFO - DAG(s) dict_keys(['tutorial_taskflow_api']) retrieved from /Users/aymanehinane/Desktop/Airflow/py_env/lib/python3.11/site-packages/airflow/example_dags/tutorial_taskflow_api.py
[2023-10-29T12:53:47.712+0100] {logging_mixin.py:151} INFO - [2023-10-29T12:53:47.712+0100] {dag.py:2915} INFO - Sync 1 DAGs
[2023-10-29T12:53:47.716+0100] {logging_mixin.py:151} INFO - [2023-10-29T12:53:47.716+0100] {dag.py:3696} INFO - Setting next_dagrun for tutorial_taskflow_api to None, run_after=None
[2023-10-29T12:53:47.723+0100] {processor.py:179} INFO - Processing /Users/aymanehinane/Desktop/Airflow/py_env/lib/python3.11/site-packages/airflow/example_dags/tutorial_taskflow_api.py took 0.100 seconds
[2023-10-29T12:54:28.494+0100] {processor.py:157} INFO - Started process (PID=76376) to work on /Users/aymanehinane/Desktop/Airflow/py_env/lib/python3.11/site-packages/airflow/example_dags/tutorial_taskflow_api.py
[2023-10-29T12:54:28.494+0100] {processor.py:829} INFO - Processing file /Users/aymanehinane/Desktop/Airflow/py_env/lib/python3.11/site-packages/airflow/example_dags/tutorial_taskflow_api.py for tasks to queue
[2023-10-29T12:54:28.495+0100] {logging_mixin.py:151} INFO - [2023-10-29T12:54:28.495+0100] {dagbag.py:539} INFO - Filling up the DagBag from /Users/aymanehinane/Desktop/Airflow/py_env/lib/python3.11/site-packages/airflow/example_dags/tutorial_taskflow_api.py
[2023-10-29T12:54:28.517+0100] {processor.py:839} INFO - DAG(s) dict_keys(['tutorial_taskflow_api']) retrieved from /Users/aymanehinane/Desktop/Airflow/py_env/lib/python3.11/site-packages/airflow/example_dags/tutorial_taskflow_api.py
[2023-10-29T12:54:28.574+0100] {logging_mixin.py:151} INFO - [2023-10-29T12:54:28.574+0100] {dag.py:2915} INFO - Sync 1 DAGs
[2023-10-29T12:54:28.577+0100] {logging_mixin.py:151} INFO - [2023-10-29T12:54:28.577+0100] {dag.py:3696} INFO - Setting next_dagrun for tutorial_taskflow_api to None, run_after=None
[2023-10-29T12:54:28.584+0100] {processor.py:179} INFO - Processing /Users/aymanehinane/Desktop/Airflow/py_env/lib/python3.11/site-packages/airflow/example_dags/tutorial_taskflow_api.py took 0.090 seconds
[2023-10-29T12:55:07.066+0100] {processor.py:157} INFO - Started process (PID=76436) to work on /Users/aymanehinane/Desktop/Airflow/py_env/lib/python3.11/site-packages/airflow/example_dags/tutorial_taskflow_api.py
[2023-10-29T12:55:07.067+0100] {processor.py:829} INFO - Processing file /Users/aymanehinane/Desktop/Airflow/py_env/lib/python3.11/site-packages/airflow/example_dags/tutorial_taskflow_api.py for tasks to queue
[2023-10-29T12:55:07.067+0100] {logging_mixin.py:151} INFO - [2023-10-29T12:55:07.067+0100] {dagbag.py:539} INFO - Filling up the DagBag from /Users/aymanehinane/Desktop/Airflow/py_env/lib/python3.11/site-packages/airflow/example_dags/tutorial_taskflow_api.py
[2023-10-29T12:55:07.087+0100] {processor.py:839} INFO - DAG(s) dict_keys(['tutorial_taskflow_api']) retrieved from /Users/aymanehinane/Desktop/Airflow/py_env/lib/python3.11/site-packages/airflow/example_dags/tutorial_taskflow_api.py
[2023-10-29T12:55:07.143+0100] {logging_mixin.py:151} INFO - [2023-10-29T12:55:07.143+0100] {dag.py:2915} INFO - Sync 1 DAGs
[2023-10-29T12:55:07.148+0100] {logging_mixin.py:151} INFO - [2023-10-29T12:55:07.148+0100] {dag.py:3696} INFO - Setting next_dagrun for tutorial_taskflow_api to None, run_after=None
[2023-10-29T12:55:07.158+0100] {processor.py:179} INFO - Processing /Users/aymanehinane/Desktop/Airflow/py_env/lib/python3.11/site-packages/airflow/example_dags/tutorial_taskflow_api.py took 0.092 seconds
[2023-10-29T12:55:48.220+0100] {processor.py:157} INFO - Started process (PID=76498) to work on /Users/aymanehinane/Desktop/Airflow/py_env/lib/python3.11/site-packages/airflow/example_dags/tutorial_taskflow_api.py
[2023-10-29T12:55:48.221+0100] {processor.py:829} INFO - Processing file /Users/aymanehinane/Desktop/Airflow/py_env/lib/python3.11/site-packages/airflow/example_dags/tutorial_taskflow_api.py for tasks to queue
[2023-10-29T12:55:48.221+0100] {logging_mixin.py:151} INFO - [2023-10-29T12:55:48.221+0100] {dagbag.py:539} INFO - Filling up the DagBag from /Users/aymanehinane/Desktop/Airflow/py_env/lib/python3.11/site-packages/airflow/example_dags/tutorial_taskflow_api.py
[2023-10-29T12:55:48.241+0100] {processor.py:839} INFO - DAG(s) dict_keys(['tutorial_taskflow_api']) retrieved from /Users/aymanehinane/Desktop/Airflow/py_env/lib/python3.11/site-packages/airflow/example_dags/tutorial_taskflow_api.py
[2023-10-29T12:55:48.295+0100] {logging_mixin.py:151} INFO - [2023-10-29T12:55:48.295+0100] {dag.py:2915} INFO - Sync 1 DAGs
[2023-10-29T12:55:48.299+0100] {logging_mixin.py:151} INFO - [2023-10-29T12:55:48.299+0100] {dag.py:3696} INFO - Setting next_dagrun for tutorial_taskflow_api to None, run_after=None
[2023-10-29T12:55:48.306+0100] {processor.py:179} INFO - Processing /Users/aymanehinane/Desktop/Airflow/py_env/lib/python3.11/site-packages/airflow/example_dags/tutorial_taskflow_api.py took 0.087 seconds
[2023-10-29T12:56:28.801+0100] {processor.py:157} INFO - Started process (PID=76560) to work on /Users/aymanehinane/Desktop/Airflow/py_env/lib/python3.11/site-packages/airflow/example_dags/tutorial_taskflow_api.py
[2023-10-29T12:56:28.802+0100] {processor.py:829} INFO - Processing file /Users/aymanehinane/Desktop/Airflow/py_env/lib/python3.11/site-packages/airflow/example_dags/tutorial_taskflow_api.py for tasks to queue
[2023-10-29T12:56:28.802+0100] {logging_mixin.py:151} INFO - [2023-10-29T12:56:28.802+0100] {dagbag.py:539} INFO - Filling up the DagBag from /Users/aymanehinane/Desktop/Airflow/py_env/lib/python3.11/site-packages/airflow/example_dags/tutorial_taskflow_api.py
[2023-10-29T12:56:28.822+0100] {processor.py:839} INFO - DAG(s) dict_keys(['tutorial_taskflow_api']) retrieved from /Users/aymanehinane/Desktop/Airflow/py_env/lib/python3.11/site-packages/airflow/example_dags/tutorial_taskflow_api.py
[2023-10-29T12:56:28.877+0100] {logging_mixin.py:151} INFO - [2023-10-29T12:56:28.877+0100] {dag.py:2915} INFO - Sync 1 DAGs
[2023-10-29T12:56:28.881+0100] {logging_mixin.py:151} INFO - [2023-10-29T12:56:28.880+0100] {dag.py:3696} INFO - Setting next_dagrun for tutorial_taskflow_api to None, run_after=None
[2023-10-29T12:56:28.887+0100] {processor.py:179} INFO - Processing /Users/aymanehinane/Desktop/Airflow/py_env/lib/python3.11/site-packages/airflow/example_dags/tutorial_taskflow_api.py took 0.087 seconds
[2023-10-29T12:57:10.367+0100] {processor.py:157} INFO - Started process (PID=76663) to work on /Users/aymanehinane/Desktop/Airflow/py_env/lib/python3.11/site-packages/airflow/example_dags/tutorial_taskflow_api.py
[2023-10-29T12:57:10.368+0100] {processor.py:829} INFO - Processing file /Users/aymanehinane/Desktop/Airflow/py_env/lib/python3.11/site-packages/airflow/example_dags/tutorial_taskflow_api.py for tasks to queue
[2023-10-29T12:57:10.368+0100] {logging_mixin.py:151} INFO - [2023-10-29T12:57:10.368+0100] {dagbag.py:539} INFO - Filling up the DagBag from /Users/aymanehinane/Desktop/Airflow/py_env/lib/python3.11/site-packages/airflow/example_dags/tutorial_taskflow_api.py
[2023-10-29T12:57:10.390+0100] {processor.py:839} INFO - DAG(s) dict_keys(['tutorial_taskflow_api']) retrieved from /Users/aymanehinane/Desktop/Airflow/py_env/lib/python3.11/site-packages/airflow/example_dags/tutorial_taskflow_api.py
[2023-10-29T12:57:10.452+0100] {logging_mixin.py:151} INFO - [2023-10-29T12:57:10.452+0100] {dag.py:2915} INFO - Sync 1 DAGs
[2023-10-29T12:57:10.460+0100] {logging_mixin.py:151} INFO - [2023-10-29T12:57:10.459+0100] {dag.py:3696} INFO - Setting next_dagrun for tutorial_taskflow_api to None, run_after=None
[2023-10-29T12:57:10.468+0100] {processor.py:179} INFO - Processing /Users/aymanehinane/Desktop/Airflow/py_env/lib/python3.11/site-packages/airflow/example_dags/tutorial_taskflow_api.py took 0.102 seconds
[2023-10-29T12:57:50.085+0100] {processor.py:157} INFO - Started process (PID=76748) to work on /Users/aymanehinane/Desktop/Airflow/py_env/lib/python3.11/site-packages/airflow/example_dags/tutorial_taskflow_api.py
[2023-10-29T12:57:50.086+0100] {processor.py:829} INFO - Processing file /Users/aymanehinane/Desktop/Airflow/py_env/lib/python3.11/site-packages/airflow/example_dags/tutorial_taskflow_api.py for tasks to queue
[2023-10-29T12:57:50.086+0100] {logging_mixin.py:151} INFO - [2023-10-29T12:57:50.086+0100] {dagbag.py:539} INFO - Filling up the DagBag from /Users/aymanehinane/Desktop/Airflow/py_env/lib/python3.11/site-packages/airflow/example_dags/tutorial_taskflow_api.py
[2023-10-29T12:57:50.107+0100] {processor.py:839} INFO - DAG(s) dict_keys(['tutorial_taskflow_api']) retrieved from /Users/aymanehinane/Desktop/Airflow/py_env/lib/python3.11/site-packages/airflow/example_dags/tutorial_taskflow_api.py
[2023-10-29T12:57:50.162+0100] {logging_mixin.py:151} INFO - [2023-10-29T12:57:50.162+0100] {dag.py:2915} INFO - Sync 1 DAGs
[2023-10-29T12:57:50.166+0100] {logging_mixin.py:151} INFO - [2023-10-29T12:57:50.166+0100] {dag.py:3696} INFO - Setting next_dagrun for tutorial_taskflow_api to None, run_after=None
[2023-10-29T12:57:50.172+0100] {processor.py:179} INFO - Processing /Users/aymanehinane/Desktop/Airflow/py_env/lib/python3.11/site-packages/airflow/example_dags/tutorial_taskflow_api.py took 0.087 seconds
[2023-10-29T12:58:28.969+0100] {processor.py:157} INFO - Started process (PID=76818) to work on /Users/aymanehinane/Desktop/Airflow/py_env/lib/python3.11/site-packages/airflow/example_dags/tutorial_taskflow_api.py
[2023-10-29T12:58:28.970+0100] {processor.py:829} INFO - Processing file /Users/aymanehinane/Desktop/Airflow/py_env/lib/python3.11/site-packages/airflow/example_dags/tutorial_taskflow_api.py for tasks to queue
[2023-10-29T12:58:28.970+0100] {logging_mixin.py:151} INFO - [2023-10-29T12:58:28.970+0100] {dagbag.py:539} INFO - Filling up the DagBag from /Users/aymanehinane/Desktop/Airflow/py_env/lib/python3.11/site-packages/airflow/example_dags/tutorial_taskflow_api.py
[2023-10-29T12:58:28.990+0100] {processor.py:839} INFO - DAG(s) dict_keys(['tutorial_taskflow_api']) retrieved from /Users/aymanehinane/Desktop/Airflow/py_env/lib/python3.11/site-packages/airflow/example_dags/tutorial_taskflow_api.py
[2023-10-29T12:58:29.048+0100] {logging_mixin.py:151} INFO - [2023-10-29T12:58:29.048+0100] {dag.py:2915} INFO - Sync 1 DAGs
[2023-10-29T12:58:29.052+0100] {logging_mixin.py:151} INFO - [2023-10-29T12:58:29.052+0100] {dag.py:3696} INFO - Setting next_dagrun for tutorial_taskflow_api to None, run_after=None
[2023-10-29T12:58:29.060+0100] {processor.py:179} INFO - Processing /Users/aymanehinane/Desktop/Airflow/py_env/lib/python3.11/site-packages/airflow/example_dags/tutorial_taskflow_api.py took 0.091 seconds
[2023-10-29T12:59:08.698+0100] {processor.py:157} INFO - Started process (PID=76895) to work on /Users/aymanehinane/Desktop/Airflow/py_env/lib/python3.11/site-packages/airflow/example_dags/tutorial_taskflow_api.py
[2023-10-29T12:59:08.699+0100] {processor.py:829} INFO - Processing file /Users/aymanehinane/Desktop/Airflow/py_env/lib/python3.11/site-packages/airflow/example_dags/tutorial_taskflow_api.py for tasks to queue
[2023-10-29T12:59:08.699+0100] {logging_mixin.py:151} INFO - [2023-10-29T12:59:08.699+0100] {dagbag.py:539} INFO - Filling up the DagBag from /Users/aymanehinane/Desktop/Airflow/py_env/lib/python3.11/site-packages/airflow/example_dags/tutorial_taskflow_api.py
[2023-10-29T12:59:08.720+0100] {processor.py:839} INFO - DAG(s) dict_keys(['tutorial_taskflow_api']) retrieved from /Users/aymanehinane/Desktop/Airflow/py_env/lib/python3.11/site-packages/airflow/example_dags/tutorial_taskflow_api.py
[2023-10-29T12:59:08.776+0100] {logging_mixin.py:151} INFO - [2023-10-29T12:59:08.776+0100] {dag.py:2915} INFO - Sync 1 DAGs
[2023-10-29T12:59:08.780+0100] {logging_mixin.py:151} INFO - [2023-10-29T12:59:08.780+0100] {dag.py:3696} INFO - Setting next_dagrun for tutorial_taskflow_api to None, run_after=None
[2023-10-29T12:59:08.786+0100] {processor.py:179} INFO - Processing /Users/aymanehinane/Desktop/Airflow/py_env/lib/python3.11/site-packages/airflow/example_dags/tutorial_taskflow_api.py took 0.089 seconds
[2023-10-29T12:59:49.356+0100] {processor.py:157} INFO - Started process (PID=76962) to work on /Users/aymanehinane/Desktop/Airflow/py_env/lib/python3.11/site-packages/airflow/example_dags/tutorial_taskflow_api.py
[2023-10-29T12:59:49.357+0100] {processor.py:829} INFO - Processing file /Users/aymanehinane/Desktop/Airflow/py_env/lib/python3.11/site-packages/airflow/example_dags/tutorial_taskflow_api.py for tasks to queue
[2023-10-29T12:59:49.357+0100] {logging_mixin.py:151} INFO - [2023-10-29T12:59:49.357+0100] {dagbag.py:539} INFO - Filling up the DagBag from /Users/aymanehinane/Desktop/Airflow/py_env/lib/python3.11/site-packages/airflow/example_dags/tutorial_taskflow_api.py
[2023-10-29T12:59:49.379+0100] {processor.py:839} INFO - DAG(s) dict_keys(['tutorial_taskflow_api']) retrieved from /Users/aymanehinane/Desktop/Airflow/py_env/lib/python3.11/site-packages/airflow/example_dags/tutorial_taskflow_api.py
[2023-10-29T12:59:49.438+0100] {logging_mixin.py:151} INFO - [2023-10-29T12:59:49.438+0100] {dag.py:2915} INFO - Sync 1 DAGs
[2023-10-29T12:59:49.442+0100] {logging_mixin.py:151} INFO - [2023-10-29T12:59:49.442+0100] {dag.py:3696} INFO - Setting next_dagrun for tutorial_taskflow_api to None, run_after=None
[2023-10-29T12:59:49.448+0100] {processor.py:179} INFO - Processing /Users/aymanehinane/Desktop/Airflow/py_env/lib/python3.11/site-packages/airflow/example_dags/tutorial_taskflow_api.py took 0.093 seconds
