[2023-10-29T16:24:35.842+0000] {taskinstance.py:1159} INFO - Dependencies all met for dep_context=non-requeueable deps ti=<TaskInstance: our_dag_with_python_operator_v5.first_task scheduled__2021-10-07T00:00:00+00:00 [queued]>
[2023-10-29T16:24:35.863+0000] {taskinstance.py:1159} INFO - Dependencies all met for dep_context=requeueable deps ti=<TaskInstance: our_dag_with_python_operator_v5.first_task scheduled__2021-10-07T00:00:00+00:00 [queued]>
[2023-10-29T16:24:35.864+0000] {taskinstance.py:1361} INFO - Starting attempt 1 of 6
[2023-10-29T16:24:35.912+0000] {taskinstance.py:1382} INFO - Executing <Task(PythonOperator): first_task> on 2021-10-07 00:00:00+00:00
[2023-10-29T16:24:35.933+0000] {standard_task_runner.py:57} INFO - Started process 9084 to run task
[2023-10-29T16:24:35.989+0000] {standard_task_runner.py:84} INFO - Running: ['***', 'tasks', 'run', 'our_dag_with_python_operator_v5', 'first_task', 'scheduled__2021-10-07T00:00:00+00:00', '--job-id', '2472', '--raw', '--subdir', 'DAGS_FOLDER/create_dag_with_python_operator.py', '--cfg-path', '/tmp/tmp42b9e06q']
[2023-10-29T16:24:36.015+0000] {standard_task_runner.py:85} INFO - Job 2472: Subtask first_task
[2023-10-29T16:24:36.523+0000] {task_command.py:416} INFO - Running <TaskInstance: our_dag_with_python_operator_v5.first_task scheduled__2021-10-07T00:00:00+00:00 [running]> on host 9bb87dc64328
[2023-10-29T16:24:36.979+0000] {taskinstance.py:1662} INFO - Exporting env vars: AIRFLOW_CTX_DAG_OWNER='coder3j' AIRFLOW_CTX_DAG_ID='our_dag_with_python_operator_v5' AIRFLOW_CTX_TASK_ID='first_task' AIRFLOW_CTX_EXECUTION_DATE='2021-10-07T00:00:00+00:00' AIRFLOW_CTX_TRY_NUMBER='1' AIRFLOW_CTX_DAG_RUN_ID='scheduled__2021-10-07T00:00:00+00:00'
[2023-10-29T16:24:36.983+0000] {logging_mixin.py:151} INFO - Hello world!
[2023-10-29T16:24:36.987+0000] {python.py:194} INFO - Done. Returned value was: None
[2023-10-29T16:24:37.176+0000] {taskinstance.py:1400} INFO - Marking task as SUCCESS. dag_id=our_dag_with_python_operator_v5, task_id=first_task, execution_date=20211007T000000, start_date=20231029T162435, end_date=20231029T162437
[2023-10-29T16:24:38.110+0000] {local_task_job_runner.py:228} INFO - Task exited with return code 0
[2023-10-29T16:24:38.709+0000] {taskinstance.py:2778} INFO - 0 downstream tasks scheduled from follow-on schedule check
[2023-10-30T14:19:47.350+0000] {taskinstance.py:1159} INFO - Dependencies all met for dep_context=non-requeueable deps ti=<TaskInstance: our_dag_with_python_operator_v5.first_task scheduled__2021-10-07T00:00:00+00:00 [queued]>
[2023-10-30T14:19:47.380+0000] {taskinstance.py:1159} INFO - Dependencies all met for dep_context=requeueable deps ti=<TaskInstance: our_dag_with_python_operator_v5.first_task scheduled__2021-10-07T00:00:00+00:00 [queued]>
[2023-10-30T14:19:47.380+0000] {taskinstance.py:1361} INFO - Starting attempt 1 of 6
[2023-10-30T14:19:47.554+0000] {taskinstance.py:1382} INFO - Executing <Task(PythonOperator): first_task> on 2021-10-07 00:00:00+00:00
[2023-10-30T14:19:47.569+0000] {standard_task_runner.py:57} INFO - Started process 1077 to run task
[2023-10-30T14:19:47.587+0000] {standard_task_runner.py:84} INFO - Running: ['***', 'tasks', 'run', 'our_dag_with_python_operator_v5', 'first_task', 'scheduled__2021-10-07T00:00:00+00:00', '--job-id', '3753', '--raw', '--subdir', 'DAGS_FOLDER/create_dag_with_python_operator.py', '--cfg-path', '/tmp/tmp2tgq47wo']
[2023-10-30T14:19:47.605+0000] {standard_task_runner.py:85} INFO - Job 3753: Subtask first_task
[2023-10-30T14:19:47.766+0000] {task_command.py:416} INFO - Running <TaskInstance: our_dag_with_python_operator_v5.first_task scheduled__2021-10-07T00:00:00+00:00 [running]> on host 9bb87dc64328
[2023-10-30T14:19:48.010+0000] {taskinstance.py:1662} INFO - Exporting env vars: AIRFLOW_CTX_DAG_OWNER='coder3j' AIRFLOW_CTX_DAG_ID='our_dag_with_python_operator_v5' AIRFLOW_CTX_TASK_ID='first_task' AIRFLOW_CTX_EXECUTION_DATE='2021-10-07T00:00:00+00:00' AIRFLOW_CTX_TRY_NUMBER='1' AIRFLOW_CTX_DAG_RUN_ID='scheduled__2021-10-07T00:00:00+00:00'
[2023-10-30T14:19:48.109+0000] {logging_mixin.py:151} INFO - Hello world! name Jerry age: 23
[2023-10-30T14:19:48.111+0000] {python.py:194} INFO - Done. Returned value was: None
[2023-10-30T14:19:48.161+0000] {taskinstance.py:1400} INFO - Marking task as SUCCESS. dag_id=our_dag_with_python_operator_v5, task_id=first_task, execution_date=20211007T000000, start_date=20231030T141947, end_date=20231030T141948
[2023-10-30T14:19:48.270+0000] {local_task_job_runner.py:228} INFO - Task exited with return code 0
[2023-10-30T14:19:48.612+0000] {taskinstance.py:2778} INFO - 0 downstream tasks scheduled from follow-on schedule check
