[2023-10-29T16:25:02.336+0000] {taskinstance.py:1159} INFO - Dependencies all met for dep_context=non-requeueable deps ti=<TaskInstance: our_dag_with_python_operator_v5.first_task scheduled__2021-11-30T00:00:00+00:00 [queued]>
[2023-10-29T16:25:02.350+0000] {taskinstance.py:1159} INFO - Dependencies all met for dep_context=requeueable deps ti=<TaskInstance: our_dag_with_python_operator_v5.first_task scheduled__2021-11-30T00:00:00+00:00 [queued]>
[2023-10-29T16:25:02.351+0000] {taskinstance.py:1361} INFO - Starting attempt 1 of 6
[2023-10-29T16:25:02.412+0000] {taskinstance.py:1382} INFO - Executing <Task(PythonOperator): first_task> on 2021-11-30 00:00:00+00:00
[2023-10-29T16:25:02.424+0000] {standard_task_runner.py:57} INFO - Started process 9209 to run task
[2023-10-29T16:25:02.451+0000] {standard_task_runner.py:84} INFO - Running: ['***', 'tasks', 'run', 'our_dag_with_python_operator_v5', 'first_task', 'scheduled__2021-11-30T00:00:00+00:00', '--job-id', '2528', '--raw', '--subdir', 'DAGS_FOLDER/create_dag_with_python_operator.py', '--cfg-path', '/tmp/tmppzm5vi_d']
[2023-10-29T16:25:02.510+0000] {standard_task_runner.py:85} INFO - Job 2528: Subtask first_task
[2023-10-29T16:25:02.673+0000] {task_command.py:416} INFO - Running <TaskInstance: our_dag_with_python_operator_v5.first_task scheduled__2021-11-30T00:00:00+00:00 [running]> on host 9bb87dc64328
[2023-10-29T16:25:02.879+0000] {taskinstance.py:1662} INFO - Exporting env vars: AIRFLOW_CTX_DAG_OWNER='coder3j' AIRFLOW_CTX_DAG_ID='our_dag_with_python_operator_v5' AIRFLOW_CTX_TASK_ID='first_task' AIRFLOW_CTX_EXECUTION_DATE='2021-11-30T00:00:00+00:00' AIRFLOW_CTX_TRY_NUMBER='1' AIRFLOW_CTX_DAG_RUN_ID='scheduled__2021-11-30T00:00:00+00:00'
[2023-10-29T16:25:02.881+0000] {logging_mixin.py:151} INFO - Hello world!
[2023-10-29T16:25:02.882+0000] {python.py:194} INFO - Done. Returned value was: None
[2023-10-29T16:25:02.905+0000] {taskinstance.py:1400} INFO - Marking task as SUCCESS. dag_id=our_dag_with_python_operator_v5, task_id=first_task, execution_date=20211130T000000, start_date=20231029T162502, end_date=20231029T162502
[2023-10-29T16:25:02.964+0000] {local_task_job_runner.py:228} INFO - Task exited with return code 0
[2023-10-29T16:25:02.988+0000] {taskinstance.py:2778} INFO - 0 downstream tasks scheduled from follow-on schedule check
[2023-10-30T14:20:23.485+0000] {taskinstance.py:1159} INFO - Dependencies all met for dep_context=non-requeueable deps ti=<TaskInstance: our_dag_with_python_operator_v5.first_task scheduled__2021-11-30T00:00:00+00:00 [queued]>
[2023-10-30T14:20:23.494+0000] {taskinstance.py:1159} INFO - Dependencies all met for dep_context=requeueable deps ti=<TaskInstance: our_dag_with_python_operator_v5.first_task scheduled__2021-11-30T00:00:00+00:00 [queued]>
[2023-10-30T14:20:23.497+0000] {taskinstance.py:1361} INFO - Starting attempt 1 of 6
[2023-10-30T14:20:23.510+0000] {taskinstance.py:1382} INFO - Executing <Task(PythonOperator): first_task> on 2021-11-30 00:00:00+00:00
[2023-10-30T14:20:23.517+0000] {standard_task_runner.py:57} INFO - Started process 1309 to run task
[2023-10-30T14:20:23.521+0000] {standard_task_runner.py:84} INFO - Running: ['***', 'tasks', 'run', 'our_dag_with_python_operator_v5', 'first_task', 'scheduled__2021-11-30T00:00:00+00:00', '--job-id', '3863', '--raw', '--subdir', 'DAGS_FOLDER/create_dag_with_python_operator.py', '--cfg-path', '/tmp/tmpdqf705er']
[2023-10-30T14:20:23.578+0000] {standard_task_runner.py:85} INFO - Job 3863: Subtask first_task
[2023-10-30T14:20:23.683+0000] {task_command.py:416} INFO - Running <TaskInstance: our_dag_with_python_operator_v5.first_task scheduled__2021-11-30T00:00:00+00:00 [running]> on host 9bb87dc64328
[2023-10-30T14:20:23.859+0000] {taskinstance.py:1662} INFO - Exporting env vars: AIRFLOW_CTX_DAG_OWNER='coder3j' AIRFLOW_CTX_DAG_ID='our_dag_with_python_operator_v5' AIRFLOW_CTX_TASK_ID='first_task' AIRFLOW_CTX_EXECUTION_DATE='2021-11-30T00:00:00+00:00' AIRFLOW_CTX_TRY_NUMBER='1' AIRFLOW_CTX_DAG_RUN_ID='scheduled__2021-11-30T00:00:00+00:00'
[2023-10-30T14:20:23.878+0000] {logging_mixin.py:151} INFO - Hello world! name Jerry age: 23
[2023-10-30T14:20:23.879+0000] {python.py:194} INFO - Done. Returned value was: None
[2023-10-30T14:20:23.892+0000] {taskinstance.py:1400} INFO - Marking task as SUCCESS. dag_id=our_dag_with_python_operator_v5, task_id=first_task, execution_date=20211130T000000, start_date=20231030T142023, end_date=20231030T142023
[2023-10-30T14:20:23.981+0000] {local_task_job_runner.py:228} INFO - Task exited with return code 0
[2023-10-30T14:20:24.000+0000] {taskinstance.py:2778} INFO - 0 downstream tasks scheduled from follow-on schedule check
