[2023-10-29T16:24:36.723+0000] {taskinstance.py:1159} INFO - Dependencies all met for dep_context=non-requeueable deps ti=<TaskInstance: our_dag_with_python_operator_v5.first_task scheduled__2021-10-10T00:00:00+00:00 [queued]>
[2023-10-29T16:24:36.772+0000] {taskinstance.py:1159} INFO - Dependencies all met for dep_context=requeueable deps ti=<TaskInstance: our_dag_with_python_operator_v5.first_task scheduled__2021-10-10T00:00:00+00:00 [queued]>
[2023-10-29T16:24:36.778+0000] {taskinstance.py:1361} INFO - Starting attempt 1 of 6
[2023-10-29T16:24:36.878+0000] {taskinstance.py:1382} INFO - Executing <Task(PythonOperator): first_task> on 2021-10-10 00:00:00+00:00
[2023-10-29T16:24:37.000+0000] {standard_task_runner.py:57} INFO - Started process 9092 to run task
[2023-10-29T16:24:37.276+0000] {standard_task_runner.py:84} INFO - Running: ['***', 'tasks', 'run', 'our_dag_with_python_operator_v5', 'first_task', 'scheduled__2021-10-10T00:00:00+00:00', '--job-id', '2476', '--raw', '--subdir', 'DAGS_FOLDER/create_dag_with_python_operator.py', '--cfg-path', '/tmp/tmpzrf9es3j']
[2023-10-29T16:24:37.379+0000] {standard_task_runner.py:85} INFO - Job 2476: Subtask first_task
[2023-10-29T16:24:38.305+0000] {task_command.py:416} INFO - Running <TaskInstance: our_dag_with_python_operator_v5.first_task scheduled__2021-10-10T00:00:00+00:00 [running]> on host 9bb87dc64328
[2023-10-29T16:24:39.546+0000] {taskinstance.py:1662} INFO - Exporting env vars: AIRFLOW_CTX_DAG_OWNER='coder3j' AIRFLOW_CTX_DAG_ID='our_dag_with_python_operator_v5' AIRFLOW_CTX_TASK_ID='first_task' AIRFLOW_CTX_EXECUTION_DATE='2021-10-10T00:00:00+00:00' AIRFLOW_CTX_TRY_NUMBER='1' AIRFLOW_CTX_DAG_RUN_ID='scheduled__2021-10-10T00:00:00+00:00'
[2023-10-29T16:24:39.578+0000] {logging_mixin.py:151} INFO - Hello world!
[2023-10-29T16:24:39.586+0000] {python.py:194} INFO - Done. Returned value was: None
[2023-10-29T16:24:39.646+0000] {taskinstance.py:1400} INFO - Marking task as SUCCESS. dag_id=our_dag_with_python_operator_v5, task_id=first_task, execution_date=20211010T000000, start_date=20231029T162436, end_date=20231029T162439
[2023-10-29T16:24:39.895+0000] {local_task_job_runner.py:228} INFO - Task exited with return code 0
[2023-10-29T16:24:40.133+0000] {taskinstance.py:2778} INFO - 0 downstream tasks scheduled from follow-on schedule check
[2023-10-30T14:19:48.322+0000] {taskinstance.py:1159} INFO - Dependencies all met for dep_context=non-requeueable deps ti=<TaskInstance: our_dag_with_python_operator_v5.first_task scheduled__2021-10-10T00:00:00+00:00 [queued]>
[2023-10-30T14:19:48.345+0000] {taskinstance.py:1159} INFO - Dependencies all met for dep_context=requeueable deps ti=<TaskInstance: our_dag_with_python_operator_v5.first_task scheduled__2021-10-10T00:00:00+00:00 [queued]>
[2023-10-30T14:19:48.346+0000] {taskinstance.py:1361} INFO - Starting attempt 1 of 6
[2023-10-30T14:19:48.378+0000] {taskinstance.py:1382} INFO - Executing <Task(PythonOperator): first_task> on 2021-10-10 00:00:00+00:00
[2023-10-30T14:19:48.400+0000] {standard_task_runner.py:57} INFO - Started process 1087 to run task
[2023-10-30T14:19:48.418+0000] {standard_task_runner.py:84} INFO - Running: ['***', 'tasks', 'run', 'our_dag_with_python_operator_v5', 'first_task', 'scheduled__2021-10-10T00:00:00+00:00', '--job-id', '3761', '--raw', '--subdir', 'DAGS_FOLDER/create_dag_with_python_operator.py', '--cfg-path', '/tmp/tmpkc7h3tf1']
[2023-10-30T14:19:48.425+0000] {standard_task_runner.py:85} INFO - Job 3761: Subtask first_task
[2023-10-30T14:19:48.545+0000] {task_command.py:416} INFO - Running <TaskInstance: our_dag_with_python_operator_v5.first_task scheduled__2021-10-10T00:00:00+00:00 [running]> on host 9bb87dc64328
[2023-10-30T14:19:48.729+0000] {taskinstance.py:1662} INFO - Exporting env vars: AIRFLOW_CTX_DAG_OWNER='coder3j' AIRFLOW_CTX_DAG_ID='our_dag_with_python_operator_v5' AIRFLOW_CTX_TASK_ID='first_task' AIRFLOW_CTX_EXECUTION_DATE='2021-10-10T00:00:00+00:00' AIRFLOW_CTX_TRY_NUMBER='1' AIRFLOW_CTX_DAG_RUN_ID='scheduled__2021-10-10T00:00:00+00:00'
[2023-10-30T14:19:48.772+0000] {logging_mixin.py:151} INFO - Hello world! name Jerry age: 23
[2023-10-30T14:19:48.780+0000] {python.py:194} INFO - Done. Returned value was: None
[2023-10-30T14:19:48.800+0000] {taskinstance.py:1400} INFO - Marking task as SUCCESS. dag_id=our_dag_with_python_operator_v5, task_id=first_task, execution_date=20211010T000000, start_date=20231030T141948, end_date=20231030T141948
[2023-10-30T14:19:48.840+0000] {local_task_job_runner.py:228} INFO - Task exited with return code 0
[2023-10-30T14:19:48.909+0000] {taskinstance.py:2778} INFO - 0 downstream tasks scheduled from follow-on schedule check
